n,k,i,p,m,r,t,T
1024,16,1,1503446,450,7,64243315,64305851
1024,16,1,16242553,375,6,68780098,68844184
1024,16,1,2816123,225,4,79449959,79562301
1024,16,1,2898991,600,9,80331101,80396418
1024,16,1,3529961,825,12,95216715,95279109
1024,16,1,4113924,825,12,73618961,73676736
1024,16,1,5052702,750,11,75408075,75549464
1024,16,1,6548755,450,7,71555749,71620246
1024,16,1,7332191,675,10,82281313,82358674
1024,16,1,972367,675,10,74705774,74774269
2048,16,1,1135236,975,14,79764691,79829356
2048,16,1,1956207,675,10,65476584,65542289
2048,16,1,2143907,525,8,95881405,95955051
2048,16,1,265783,600,9,78648015,78713841
2048,16,1,272585,975,14,76119263,76195624
2048,16,1,3671848,525,8,80736250,80814853
2048,16,1,4275042,450,7,80842613,80957859
2048,16,1,5869382,525,8,71217608,71284101
2048,16,1,623872,900,13,69092225,69151860
2048,16,1,634964,300,5,69323398,69439511
4096,16,1,1066620,600,9,87658585,87737368
4096,16,1,1891903,900,13,74916998,74979638
4096,16,1,192713,525,8,76397942,76475802
4096,16,1,229197,675,10,72592675,72687497
4096,16,1,3479283,750,11,72034859,72104235
4096,16,1,381445,600,9,102082847,102152121
4096,16,1,486519,750,11,94883819,94948683
4096,16,1,525675,1050,15,72733255,72804973
4096,16,1,64355,675,10,82875859,82946670
4096,16,1,646483,675,10,84495423,84616633
8192,16,1,100297,525,8,68254814,68390879
8192,16,1,200554,825,12,90589500,90675685
8192,16,1,281522,525,8,66671639,66776615
8192,16,1,355896,375,6,87551068,87628936
8192,16,1,435678,225,4,76609032,76689772
8192,16,1,517557,750,11,80507560,80627976
8192,16,1,585651,825,12,80278008,80347285
8192,16,1,79420,975,14,89123248,89220789
8192,16,1,89981,1050,15,82146367,82224033
8192,16,1,958,600,9,84588145,84663254
16384,16,1,155238,675,10,64175662,64272605
16384,16,1,18993,1275,18,79769730,79876298
16384,16,1,196078,450,7,75109333,75206587
16384,16,1,24117,1050,15,78421959,78521161
16384,16,1,288983,600,9,86039853,86137379
16384,16,1,322412,525,8,88794744,88898349
16384,16,1,364318,675,10,82079603,82176404
16384,16,1,43089,900,13,63674527,63775195
16384,16,1,551135,975,14,101370482,101509409
16384,16,1,704283,675,10,72456173,72560304
32768,16,1,169534,675,10,79649414,79790187
32768,16,1,175583,675,10,91287721,91424484
32768,16,1,183496,900,13,73438402,73713713
32768,16,1,194397,375,6,85215415,85357396
32768,16,1,237706,1050,15,68655390,68805879
32768,16,1,25859,750,11,80116557,80278391
32768,16,1,36375,675,10,89335369,89621496
32768,16,1,65842,1050,15,79344765,79487366
32768,16,1,69432,675,10,97654828,97803318
32768,16,1,77400,1200,17,68023583,68169231
65536,16,1,104863,750,11,90474727,90730890
65536,16,1,117994,900,13,70666272,70893370
65536,16,1,141741,900,13,88206609,88431737
65536,16,1,182135,375,6,63712878,63946895
65536,16,1,291270,825,12,94147804,94369773
65536,16,1,32194,750,11,68582575,68806083
65536,16,1,45119,1125,16,85343389,85572380
65536,16,1,4769,525,8,76937221,77165479
65536,16,1,62295,975,14,68038592,68263928
65536,16,1,8823,675,10,86521239,86768254
131072,16,1,12100,825,12,63464014,63880065
131072,16,1,34585,750,11,80113160,80525839
131072,16,1,36578,900,13,72814439,73240561
131072,16,1,4662,1350,19,90319897,90748996
131072,16,1,5511,900,13,85617446,86018246
131072,16,1,57480,825,12,85996553,86399730
131072,16,1,58040,1125,16,101544269,101968864
131072,16,1,76993,1200,17,78346680,78760070
131072,16,1,81093,525,8,71490439,71897419
131072,16,1,8773,1200,17,76567515,76972109
262144,16,1,14702,900,13,70381014,71145216
262144,16,1,15270,1050,15,80521657,81265827
262144,16,1,16292,600,9,70114376,70907581
262144,16,1,17400,1275,18,75531713,76286551
262144,16,1,27608,825,12,58738510,59490315
262144,16,1,31423,675,10,83317839,84108651
262144,16,1,44834,975,14,71076210,71824964
262144,16,1,55198,975,14,85759800,86505984
262144,16,1,61134,750,11,85331040,86078116
262144,16,1,7671,1125,16,82360207,83106527
524288,16,1,1120,1125,16,79326570,80786675
524288,16,1,11593,975,14,82598642,84023950
524288,16,1,1228,600,9,92749170,94214431
524288,16,1,1244,1275,18,92301793,95229106
524288,16,1,1283,1275,18,71741920,73189240
524288,16,1,1635,1125,16,88883354,90348298
524288,16,1,2360,1575,22,69230477,70661913
524288,16,1,3952,1500,21,88739126,90167122
524288,16,1,5533,900,13,94953956,96406562
524288,16,1,6785,1350,19,72361645,73794898
1048576,16,1,1250,1275,18,80606366,83421079
1048576,16,1,1354,975,14,100186178,103035032
1048576,16,1,1823,900,13,84225041,87446385
1048576,16,1,1836,1350,19,85344644,88170254
1048576,16,1,19072,975,14,79586558,82374908
1048576,16,1,358,975,14,87409849,90198706
1048576,16,1,4533,900,13,97390379,100307649
1048576,16,1,51,900,13,86386136,89188696
1048576,16,1,611,1425,20,81000052,83836273
1048576,16,1,9475,975,14,86062151,88892987
2097152,16,1,1430,1050,15,102209041,107780358
2097152,16,1,1873,675,10,75471689,81115290
2097152,16,1,2000,1050,15,77713752,83262045
2097152,16,1,2318,1050,15,117728363,123246510
2097152,16,1,2653,825,12,87828759,93410188
2097152,16,1,2756,975,14,79813445,85243010
2097152,16,1,2867,1500,21,92880835,98751086
2097152,16,1,4006,1575,22,93815715,99354550
2097152,16,1,474,1050,15,77188854,82661979
2097152,16,1,575,825,12,85987864,91529054
4194304,16,1,1104,1275,18,92764914,103746074
4194304,16,1,138,1275,18,100166898,111811971
4194304,16,1,14,975,14,97327042,108423502
4194304,16,1,20,975,14,100427160,111441801
4194304,16,1,2143,900,13,92236511,103927971
4194304,16,1,241,1125,16,94031337,105035083
4194304,16,1,261,900,13,109884316,120799711
4194304,16,1,315,1200,17,86808127,97626122
4194304,16,1,821,1200,17,96975115,107942728
4194304,16,1,934,1575,22,98725333,109675826
8388608,16,1,183,1125,16,121787751,144191183
8388608,16,1,260,1125,16,127446836,149845082
8388608,16,1,268,1350,19,108088532,130443606
8388608,16,1,272,975,14,106903199,129232512
8388608,16,1,379,1200,17,110267829,133102225
8388608,16,1,500,1500,21,117020761,139444321
8388608,16,1,533,1275,18,102809955,125433645
8388608,16,1,567,1725,24,113381194,135910828
8388608,16,1,648,1125,16,111681131,134232973
8388608,16,1,775,825,12,118484482,140906919
16777216,16,1,113,1200,17,142335771,186649449
16777216,16,1,166,900,13,116886825,161248705
16777216,16,1,198,750,11,139534343,184034275
16777216,16,1,201,1275,18,139047829,183174447
16777216,16,1,27,1575,22,167112249,211459695
16777216,16,1,361,1275,18,129359987,173546220
16777216,16,1,385,1725,24,135938053,180227122
16777216,16,1,444,1275,18,141896090,186109998
16777216,16,1,67,1725,24,127964332,172182711
16777216,16,1,783,1500,21,137824058,182144031
33554432,16,1,10,1350,19,271196702,358840827
33554432,16,1,13,1275,18,155231757,242754949
33554432,16,1,167,1650,23,220546020,307370159
33554432,16,1,17,1500,21,174543782,262318944
33554432,16,1,199,900,13,150967546,238587479
33554432,16,1,238,1500,21,182776249,270836816
33554432,16,1,28,1500,21,191636995,279687471
33554432,16,1,308,1050,15,146200982,233836463
33554432,16,1,58,1425,20,146517875,234298682
33554432,16,1,92,1500,21,174254126,262012545
67108864,16,1,113,1275,18,226431222,400696384
67108864,16,1,171,1125,16,221984587,396205922
67108864,16,1,20,1050,15,212762564,387697051
67108864,16,1,2,1650,23,251317376,425556486
67108864,16,1,28,1350,19,259229562,433710888
67108864,16,1,31,1425,20,208824177,382955687
67108864,16,1,31,675,10,185317205,359260767
67108864,16,1,50,1275,18,194079131,369060685
67108864,16,1,82,1350,19,198590571,373489691
67108864,16,1,84,1425,20,369157690,543425031
134217728,16,1,0,1200,17,394693538,743319730
134217728,16,1,1,1650,23,475306445,823062935
134217728,16,1,1,1875,26,631477035,980108720
134217728,16,1,17,1650,23,431348028,779490499
134217728,16,1,31,1725,24,441084503,788353648
134217728,16,1,4,1350,19,370307168,717769599
134217728,16,1,49,1275,18,517026705,864305159
134217728,16,1,52,1350,19,373372977,720964030
134217728,16,1,59,1350,19,604523863,953202970
134217728,16,1,72,1275,18,350576458,697607623
268435456,16,1,10,1725,24,829435688,1520113364
268435456,16,1,1,1875,26,1148373352,1842913092
268435456,16,1,12,2175,30,730174734,1421627193
268435456,16,1,13,2100,29,698686114,1390941169
268435456,16,1,18,1800,25,813067453,1505585350
268435456,16,1,23,1200,17,569427432,1261478800
268435456,16,1,3,1350,19,1179981822,1873262416
268435456,16,1,47,2250,31,832277625,1524801350
268435456,16,1,7,1725,24,753899905,1447376420
268435456,16,1,9,975,14,567168079,1259230657
