n,k,i,p,m,r,t,T
1024,1,1024,4282680751,0,8,66641,192582
1024,1,1024,4287221067,0,11,71347,171043
1024,1,1024,4288943293,0,7,59831,178703
1024,1,1024,4289213383,0,6,69678,173129
1024,1,1024,4289961896,0,11,100755,226603
1024,1,1024,4291720949,0,7,52794,167016
1024,1,1024,4292491410,0,5,55737,166859
1024,1,1024,4294625671,0,6,59015,189517
1024,1,1024,4294901246,0,7,49000,147611
1024,1,1024,4294924787,0,8,66370,191938
2048,1,2048,4281758458,0,7,89885,252379
2048,1,2048,4289311932,0,7,89738,240823
2048,1,2048,4290452410,0,12,117833,274076
2048,1,2048,4291405815,0,13,119897,277936
2048,1,2048,4293012305,0,10,87846,267013
2048,1,2048,4293638182,0,6,80895,250155
2048,1,2048,4294026565,0,7,69497,216999
2048,1,2048,4294233091,0,7,93279,245825
2048,1,2048,4294275455,0,14,107189,265577
2048,1,2048,4294626079,0,11,116120,265124
4096,1,4096,4292560606,0,18,302300,528002
4096,1,4096,4293297989,0,10,186254,423697
4096,1,4096,4293628034,0,10,160858,404865
4096,1,4096,4294373918,0,10,167269,415762
4096,1,4096,4294402216,0,10,108869,349886
4096,1,4096,4294466422,0,7,137276,387289
4096,1,4096,4294518646,0,7,114547,355062
4096,1,4096,4294541736,0,10,109034,370616
4096,1,4096,4294581224,0,12,178419,435651
4096,1,4096,4294629822,0,10,186546,434605
8192,1,8192,4293761309,0,11,211716,626364
8192,1,8192,4294485733,0,12,386512,827229
8192,1,8192,4294617665,0,8,330356,779313
8192,1,8192,4294687429,0,9,341609,772309
8192,1,8192,4294691100,0,9,308268,744562
8192,1,8192,4294692590,0,6,313213,725751
8192,1,8192,4294742166,0,12,196477,620347
8192,1,8192,4294764487,0,12,335582,787981
8192,1,8192,4294796238,0,9,315677,727324
8192,1,8192,4294966087,0,9,299106,748968
16384,1,16384,4293890829,0,13,694452,1516352
16384,1,16384,4294487174,0,18,826529,1611934
16384,1,16384,4294601690,0,12,805318,1555305
16384,1,16384,4294614020,0,12,901599,1656346
16384,1,16384,4294651722,0,16,490378,1245738
16384,1,16384,4294790231,0,8,707771,1456263
16384,1,16384,4294791983,0,10,399236,1226519
16384,1,16384,4294803017,0,15,1184342,1941792
16384,1,16384,4294807209,0,10,521395,1298890
16384,1,16384,4294882353,0,11,840191,1593921
32768,1,32768,4294585078,0,17,1148109,2643476
32768,1,32768,4294633466,0,12,1039047,2489944
32768,1,32768,4294723911,0,15,1129882,2545798
32768,1,32768,4294732805,0,17,1875205,3303073
32768,1,32768,4294740281,0,20,1887187,3718002
32768,1,32768,4294762178,0,9,922580,2358303
32768,1,32768,4294806215,0,8,522794,2024003
32768,1,32768,4294889864,0,13,720022,2179209
32768,1,32768,4294901267,0,12,737928,2168530
32768,1,32768,4294956281,0,18,1721341,3174454
65536,1,65536,4294861596,0,14,3114387,5931308
65536,1,65536,4294889343,0,8,1100256,3892027
65536,1,65536,4294909993,0,8,1499766,4327127
65536,1,65536,4294915706,0,13,3253876,6076103
65536,1,65536,4294924195,0,13,2064913,4924645
65536,1,65536,4294942792,0,11,1760552,4578363
65536,1,65536,4294943311,0,7,1941140,4751216
65536,1,65536,4294948250,0,16,2290621,5119739
65536,1,65536,4294953091,0,16,3327287,6225572
65536,1,65536,4294964415,0,16,1304112,4129191
131072,1,131072,4294866041,0,16,6375696,11942192
131072,1,131072,4294911585,0,11,2865869,8395507
131072,1,131072,4294919215,0,10,2435583,8021319
131072,1,131072,4294942099,0,10,4850102,10403402
131072,1,131072,4294944968,0,16,3710787,9303337
131072,1,131072,4294952992,0,12,2982976,8555240
131072,1,131072,4294953471,0,11,5988270,11484201
131072,1,131072,4294955920,0,16,6434944,11988627
131072,1,131072,4294957555,0,11,4480122,10011210
131072,1,131072,4294964318,0,16,4968514,10485265
262144,1,262144,4294922551,0,12,6070665,17226501
262144,1,262144,4294931523,0,15,38293157,49157422
262144,1,262144,4294939400,0,14,5461478,16592476
262144,1,262144,4294953132,0,12,6298258,17283428
262144,1,262144,4294953630,0,15,6446864,17481418
262144,1,262144,4294955497,0,19,10229157,21254937
262144,1,262144,4294955545,0,10,7144905,18270218
262144,1,262144,4294962400,0,11,9412492,20448826
262144,1,262144,4294966032,0,13,12308021,23352711
262144,1,262144,4294967085,0,16,30499118,41514171
524288,1,524288,4294924629,0,10,9247661,31607981
524288,1,524288,4294941944,0,13,17887696,40412091
524288,1,524288,4294948421,0,18,19836753,42356929
524288,1,524288,4294953716,0,11,15507866,37946908
524288,1,524288,4294955151,0,15,15479671,37835532
524288,1,524288,4294956067,0,16,19821977,53891484
524288,1,524288,4294956504,0,10,43565013,65930209
524288,1,524288,4294957876,0,18,18315563,60683029
524288,1,524288,4294965029,0,17,17359221,39984503
524288,1,524288,4294966333,0,15,42089489,64385941
1048576,1,1048576,4294955105,0,16,38126726,82841244
1048576,1,1048576,4294959063,0,21,96269257,158937434
1048576,1,1048576,4294961547,0,9,18522440,62890277
1048576,1,1048576,4294962011,0,7,51710727,115708128
1048576,1,1048576,4294962957,0,14,15322841,67833594
1048576,1,1048576,4294964122,0,9,55621698,119588142
1048576,1,1048576,4294964193,0,18,89690091,157603438
1048576,1,1048576,4294964456,0,14,34479445,78844930
1048576,1,1048576,4294964617,0,16,18129881,62425062
1048576,1,1048576,4294965065,0,20,125595247,193674098
2097152,1,2097152,4294959693,0,13,35260331,124457883
2097152,1,2097152,4294963585,0,12,176933784,295762707
2097152,1,2097152,4294964825,0,17,183796900,342562233
2097152,1,2097152,4294966121,0,15,56793226,145444402
2097152,1,2097152,4294966296,0,13,55625077,142831193
2097152,1,2097152,4294966975,0,16,98519949,218340870
2097152,1,2097152,4294967049,0,16,71483523,189358312
2097152,1,2097152,4294967130,0,20,97604185,185933426
2097152,1,2097152,4294967143,0,11,151024078,329975663
2097152,1,2097152,4294967291,0,13,94768022,273676008
4194304,1,4194304,4294963945,0,17,223600423,568283682
4194304,1,4194304,4294964995,0,20,184086553,415781367
4194304,1,4194304,4294965575,0,20,143604551,374673140
4194304,1,4194304,4294965619,0,20,230698878,567376525
4194304,1,4194304,4294965882,0,22,178256475,373303054
4194304,1,4194304,4294966080,0,11,218662897,551447782
4194304,1,4194304,4294966694,0,23,189406125,365228313
4194304,1,4194304,4294966758,0,23,199107556,373628875
4194304,1,4194304,4294967197,0,18,277749463,614956598
4194304,1,4194304,4294967272,0,26,235413856,410806138
8388608,1,8388608,4294965082,0,20,621049131,969808320
8388608,1,8388608,4294966057,0,21,208326777,554233825
8388608,1,8388608,4294966466,0,15,428024185,1092164763
8388608,1,8388608,4294966496,0,17,244302591,870395822
8388608,1,8388608,4294966650,0,19,531705348,879042058
8388608,1,8388608,4294966765,0,15,328320403,677523723
8388608,1,8388608,4294966852,0,21,451779886,797415119
8388608,1,8388608,4294967163,0,15,342540038,755489252
8388608,1,8388608,4294967249,0,20,711854970,1391844805
8388608,1,8388608,4294967261,0,15,312023036,658542701
16777216,1,16777216,4294966415,0,26,2311425115,3318988431
16777216,1,16777216,4294966615,0,14,759082434,1451314056
16777216,1,16777216,4294966925,0,18,749676048,1578357064
16777216,1,16777216,4294966926,0,19,687047268,1379938008
16777216,1,16777216,4294967035,0,15,767156688,2134820256
16777216,1,16777216,4294967055,0,13,607739156,1953311110
16777216,1,16777216,4294967068,0,20,2298749686,3654891833
16777216,1,16777216,4294967170,0,19,818157706,2177186889
16777216,1,16777216,4294967209,0,18,1257827921,2612883231
16777216,1,16777216,4294967272,0,18,373597077,1130775559
33554432,1,33554432,4294966947,0,21,743413222,3468861121
33554432,1,33554432,4294967118,0,21,1873863060,3903865768
33554432,1,33554432,4294967148,0,17,676763217,2181223810
33554432,1,33554432,4294967179,0,17,1058548165,3784911782
33554432,1,33554432,4294967186,0,19,1310654701,2851087988
33554432,1,33554432,4294967217,0,27,2193621286,4937466082
33554432,1,33554432,4294967228,0,19,1710990838,3733094788
33554432,1,33554432,4294967244,0,19,1480857464,3813040027
33554432,1,33554432,4294967265,0,19,1569873807,3337477756
33554432,1,33554432,4294967289,0,30,763063849,2211409886
67108864,1,67108864,4294967169,0,21,3115112077,7785018286
67108864,1,67108864,4294967187,0,16,2286553196,7051521676
67108864,1,67108864,4294967198,0,23,3418649561,6403380124
67108864,1,67108864,4294967205,0,10,3653081615,9145072435
67108864,1,67108864,4294967233,0,15,2430229520,6170631936
67108864,1,67108864,4294967244,0,29,3421611399,8899244663
67108864,1,67108864,4294967263,0,19,4619598485,8744796015
67108864,1,67108864,4294967278,0,21,3754072041,8741674317
67108864,1,67108864,4294967278,0,26,5764006587,11033107027
67108864,1,67108864,4294967287,0,11,2753698284,5729416907
134217728,1,134217728,4294967176,0,18,10181494380,21163438782
134217728,1,134217728,4294967226,0,11,3868541140,14068356708
134217728,1,134217728,4294967241,0,22,4992697165,15961481548
134217728,1,134217728,4294967254,0,15,5697732534,16687015648
134217728,1,134217728,4294967266,0,14,2483605948,10140211035
134217728,1,134217728,4294967268,0,27,7384152208,17397263256
134217728,1,134217728,4294967283,0,26,10065300235,18240615232
134217728,1,134217728,4294967292,0,25,7822581750,18044417140
134217728,1,134217728,4294967294,0,25,9885935462,20882656432
134217728,1,134217728,4294967295,0,15,11615655531,21774503383
268435456,1,268435456,4294967257,0,24,24560364474,46546933709
268435456,1,268435456,4294967259,0,21,24457719154,45593123303
268435456,1,268435456,4294967276,0,19,19175756533,40336218916
268435456,1,268435456,4294967287,0,18,14514515385,35380692163
268435456,1,268435456,4294967291,0,15,8825873753,30760378157
268435456,1,268435456,4294967291,0,22,27803540775,48158081104
268435456,1,268435456,4294967291,0,23,20920561144,42190540437
268435456,1,268435456,4294967292,0,25,9917165941,31126155714
268435456,1,268435456,4294967293,0,18,14103095283,36076299436
268435456,1,268435456,4294967294,0,23,20608756483,41783404669
