n,k,i,p,m,r,t,T
1024,4,1024,4283844732,105,8,640730,702497
1024,4,1024,4284719696,180,13,990677,1053656
1024,4,1024,4286340153,90,7,589611,685573
1024,4,1024,4289248899,135,10,1037094,1121783
1024,4,1024,4292028396,105,8,552516,626973
1024,4,1024,4292716525,90,7,529673,621047
1024,4,1024,4294070541,135,10,690485,768503
1024,4,1024,4294482466,120,9,931243,1002970
1024,4,1024,4294698773,120,9,590559,668989
1024,4,1024,4294719447,135,10,500782,571354
2048,4,2048,4286347459,195,14,740489,819674
2048,4,2048,4290920967,120,9,718724,804948
2048,4,2048,4292720454,150,11,577362,653062
2048,4,2048,4292832533,105,8,705115,788898
2048,4,2048,4293253166,135,10,553673,635602
2048,4,2048,4293374420,150,11,936837,1012105
2048,4,2048,4293935903,135,10,513037,597824
2048,4,2048,4294640594,90,7,599093,684596
2048,4,2048,4294781327,150,11,987262,1065428
2048,4,2048,4294903941,135,10,737489,812478
4096,4,4096,4290463506,165,12,677777,778480
4096,4,4096,4291519175,105,8,788812,892774
4096,4,4096,4291582877,165,12,711011,815342
4096,4,4096,4293617501,105,8,588199,692536
4096,4,4096,4293821707,60,5,436710,541544
4096,4,4096,4293855683,210,15,873200,970171
4096,4,4096,4293862352,135,10,644631,746460
4096,4,4096,4294308417,255,18,1060518,1158233
4096,4,4096,4294692927,180,13,841914,948731
4096,4,4096,4294953784,120,9,635847,735627
8192,4,8192,4292864156,105,8,1133494,1305612
8192,4,8192,4293785366,105,8,651310,797526
8192,4,8192,4294065125,120,9,576298,716987
8192,4,8192,4294204390,150,11,643365,822941
8192,4,8192,4294246060,120,9,554252,702161
8192,4,8192,4294298529,135,10,1373489,1523686
8192,4,8192,4294369561,150,11,720105,861152
8192,4,8192,4294635736,135,10,1187588,1347548
8192,4,8192,4294857121,105,8,514380,664021
8192,4,8192,4294905300,195,14,600181,739920
16384,4,16384,4294467898,210,15,743001,973627
16384,4,16384,4294522735,90,7,542072,764188
16384,4,16384,4294669448,210,15,810405,1045104
16384,4,16384,4294753912,135,10,693861,919625
16384,4,16384,4294771294,255,18,841952,1102908
16384,4,16384,4294818434,180,13,679535,906030
16384,4,16384,4294896725,90,7,569771,795208
16384,4,16384,4294903714,180,13,850182,1073349
16384,4,16384,4294913152,165,12,769232,1001064
16384,4,16384,4294914488,165,12,779727,1007175
32768,4,32768,4294495899,150,11,743749,1148679
32768,4,32768,4294692532,120,9,784412,1195953
32768,4,32768,4294901369,210,15,692809,1131606
32768,4,32768,4294902531,165,12,871789,1284131
32768,4,32768,4294905692,105,8,780386,1188515
32768,4,32768,4294909742,150,11,630556,1036741
32768,4,32768,4294941461,135,10,969476,1375888
32768,4,32768,4294949281,210,15,981770,1397196
32768,4,32768,4294954349,60,5,669363,1083884
32768,4,32768,4294957905,135,10,973677,1381423
65536,4,65536,4294673879,225,16,1469757,2218233
65536,4,65536,4294772869,60,5,658076,1405742
65536,4,65536,4294869807,150,11,872634,1619050
65536,4,65536,4294897909,210,15,1105383,1911692
65536,4,65536,4294899670,150,11,1059088,1827816
65536,4,65536,4294903645,135,10,822364,1564677
65536,4,65536,4294920095,135,10,1115855,1916714
65536,4,65536,4294922836,165,12,1311705,2053105
65536,4,65536,4294924072,180,13,1214708,1980192
65536,4,65536,4294947516,135,10,2867124,3647726
131072,4,131072,4294882104,105,8,1216957,2664923
131072,4,131072,4294898865,225,16,2174507,3615054
131072,4,131072,4294919337,135,10,4302585,5712705
131072,4,131072,4294921115,195,14,2318931,3764242
131072,4,131072,4294923766,195,14,2249460,3687452
131072,4,131072,4294926299,210,15,7271777,8745386
131072,4,131072,4294942354,135,10,1337090,2784701
131072,4,131072,4294944713,195,14,2111766,3551068
131072,4,131072,4294952332,255,18,2478823,3936110
131072,4,131072,4294957346,165,12,4461439,5935781
262144,4,262144,4294905703,285,20,2482590,5298813
262144,4,262144,4294930938,195,14,3394186,6225056
262144,4,262144,4294935499,150,11,2665539,5476637
262144,4,262144,4294944126,240,17,5689980,8505125
262144,4,262144,4294946977,195,14,3019670,5846556
262144,4,262144,4294951728,150,11,1557137,4357811
262144,4,262144,4294958708,270,19,2918924,5775017
262144,4,262144,4294961348,255,18,2072509,4814959
262144,4,262144,4294964876,150,11,9971212,12760563
262144,4,262144,4294966223,150,11,3915190,6757516
524288,4,524288,4294934607,135,10,2992017,8506618
524288,4,524288,4294946622,120,9,2620037,8088884
524288,4,524288,4294953071,270,19,7282548,12798480
524288,4,524288,4294958617,225,16,4468052,9995042
524288,4,524288,4294958984,180,13,5488234,11063764
524288,4,524288,4294960659,150,11,3736004,9248667
524288,4,524288,4294961551,150,11,3303696,8850432
524288,4,524288,4294962312,165,12,4586460,10007767
524288,4,524288,4294964912,240,17,4118364,9696409
524288,4,524288,4294966295,165,12,4977544,10573793
1048576,4,1048576,4294937979,210,15,8799737,19773433
1048576,4,1048576,4294962591,135,10,16026528,26892845
1048576,4,1048576,4294963861,180,13,12089208,23069849
1048576,4,1048576,4294964520,225,16,18483876,29534205
1048576,4,1048576,4294964597,210,15,12708013,23700694
1048576,4,1048576,4294965283,315,22,11187433,22194628
1048576,4,1048576,4294965838,225,16,6982286,18002344
1048576,4,1048576,4294965931,210,15,10362224,21347792
1048576,4,1048576,4294966566,180,13,10109625,21146391
1048576,4,1048576,4294967090,165,12,12200743,23237044
2097152,4,2097152,4294958638,300,21,17748809,40219044
2097152,4,2097152,4294960295,240,17,17655335,40072395
2097152,4,2097152,4294960634,165,12,10169946,32580065
2097152,4,2097152,4294964449,180,13,24631777,47047386
2097152,4,2097152,4294965002,210,15,12545027,34983868
2097152,4,2097152,4294966534,165,12,17636446,40064014
2097152,4,2097152,4294966625,240,17,14431195,36875944
2097152,4,2097152,4294966786,135,10,12884324,35277838
2097152,4,2097152,4294967127,285,20,17229930,39643115
2097152,4,2097152,4294967161,165,12,21633346,44074977
4194304,4,4194304,4294964922,240,17,53780534,97803977
4194304,4,4194304,4294964933,150,11,51663317,96099768
4194304,4,4194304,4294966532,195,14,33158075,77396150
4194304,4,4194304,4294966578,180,13,45296736,89794316
4194304,4,4194304,4294966638,165,12,20359410,64451198
4194304,4,4194304,4294966800,300,21,64264075,108476948
4194304,4,4194304,4294967039,180,13,25368985,69544377
4194304,4,4194304,4294967155,285,20,70716262,114816042
4194304,4,4194304,4294967211,225,16,35410498,79933907
4194304,4,4194304,4294967260,225,16,62365046,106541048
8388608,4,8388608,4294966026,210,15,109276040,196931722
8388608,4,8388608,4294966251,180,13,33396655,120692741
8388608,4,8388608,4294966657,195,14,73402840,160845697
8388608,4,8388608,4294966733,165,12,38663476,126115613
8388608,4,8388608,4294966791,345,24,105026919,192642411
8388608,4,8388608,4294966866,405,28,106836171,194748696
8388608,4,8388608,4294967186,225,16,88986875,176250515
8388608,4,8388608,4294967262,270,19,48242728,135889703
8388608,4,8388608,4294967263,345,24,81431514,168638404
8388608,4,8388608,4294967277,225,16,74287874,161819041
16777216,4,16777216,4294966791,360,25,176715295,350475545
16777216,4,16777216,4294966870,255,18,142997831,317185891
16777216,4,16777216,4294967066,375,26,164768270,338191126
16777216,4,16777216,4294967069,270,19,114569445,290007219
16777216,4,16777216,4294967113,255,18,124685310,298241075
16777216,4,16777216,4294967125,345,24,144144244,318099837
16777216,4,16777216,4294967239,390,27,199979338,373595962
16777216,4,16777216,4294967242,120,9,87967245,261762000
16777216,4,16777216,4294967276,240,17,161183050,334881601
16777216,4,16777216,4294967281,390,27,113829259,287509825
33554432,4,33554432,4294966958,210,15,337184552,683169311
33554432,4,33554432,4294967099,255,18,208334933,555300246
33554432,4,33554432,4294967103,405,28,515480150,861111636
33554432,4,33554432,4294967184,135,10,144305327,490487419
33554432,4,33554432,4294967229,285,20,316585539,663934554
33554432,4,33554432,4294967252,360,25,395788462,742117654
33554432,4,33554432,4294967254,330,23,370635242,718922955
33554432,4,33554432,4294967258,240,17,127457621,475995751
33554432,4,33554432,4294967279,330,23,528822063,874759901
33554432,4,33554432,4294967292,285,20,352409260,701371542
67108864,4,67108864,4294967198,270,19,858805607,1553412275
67108864,4,67108864,4294967206,225,16,314996332,1007306602
67108864,4,67108864,4294967213,180,13,444185280,1136355843
67108864,4,67108864,4294967250,285,20,729007576,1420836609
67108864,4,67108864,4294967251,225,16,572477771,1265033301
67108864,4,67108864,4294967272,210,15,331458436,1024495875
67108864,4,67108864,4294967272,345,24,595795175,1286813867
67108864,4,67108864,4294967273,315,22,755614398,1445346455
67108864,4,67108864,4294967279,300,21,723057788,1414221946
67108864,4,67108864,4294967283,300,21,675553958,1366384594
134217728,4,134217728,4294967202,285,20,1385149276,2763014793
134217728,4,134217728,4294967240,315,22,739347824,2123929127
134217728,4,134217728,4294967245,315,22,1041442543,2424384258
134217728,4,134217728,4294967263,330,23,987087274,2368544750
134217728,4,134217728,4294967263,375,26,1597501555,2987629665
134217728,4,134217728,4294967275,285,20,649568871,2030970283
134217728,4,134217728,4294967276,330,23,895145415,2278757340
134217728,4,134217728,4294967281,255,18,1614903207,2995675508
134217728,4,134217728,4294967283,255,18,768002000,2147641216
134217728,4,134217728,4294967289,255,18,1522069766,2910324700
268435456,4,268435456,4294967251,285,20,1225760050,4006015891
268435456,4,268435456,4294967262,360,25,2821108163,5580700769
268435456,4,268435456,4294967272,255,18,1264906666,4042322176
268435456,4,268435456,4294967283,285,20,1173510748,3937693981
268435456,4,268435456,4294967283,285,20,1424336878,4177830940
268435456,4,268435456,4294967285,390,27,1664448266,4431373911
268435456,4,268435456,4294967289,330,23,2424564721,5196702478
268435456,4,268435456,4294967294,360,25,2604278485,5375611419
268435456,4,268435456,4294967295,165,12,1433189983,4206935080
268435456,4,268435456,4294967295,300,21,2583008657,5356662736
