n,k,i,p,m,r,t,T
1024,16,512,2064029681,1275,18,101828818,101895667
1024,16,512,2068120359,600,9,66260670,66340666
1024,16,512,2110755982,825,12,67857506,67940744
1024,16,512,2131109678,975,14,70129416,70198458
1024,16,512,2131811725,1050,15,76728361,76795766
1024,16,512,2151112314,1050,15,85145201,85216819
1024,16,512,2166999110,1125,16,91203444,91270995
1024,16,512,2167589042,750,11,75026674,75098990
1024,16,512,2174377085,1350,19,75356240,75420153
1024,16,512,2183990094,1275,18,72220754,72291250
2048,16,1024,2105413446,825,12,94665667,94735810
2048,16,1024,2112844610,1275,18,76254618,76321895
2048,16,1024,2115251863,750,11,75735178,75802110
2048,16,1024,2141132253,1200,17,94394679,94464556
2048,16,1024,2146829949,1800,25,84161784,84220096
2048,16,1024,2154666074,900,13,79762336,79832472
2048,16,1024,2170652439,675,10,79984437,80053711
2048,16,1024,2173097653,975,14,75840918,75911757
2048,16,1024,2173334722,975,14,68521227,68599751
2048,16,1024,2201802865,825,12,81524679,81592319
4096,16,2048,2107252188,975,14,73044600,73186053
4096,16,2048,2109283159,1500,21,81751246,81814772
4096,16,2048,2118854911,1200,17,75014488,75153118
4096,16,2048,2136471095,1350,19,73905787,73973928
4096,16,2048,2147747381,1275,18,81893313,81965656
4096,16,2048,2151560546,1125,16,85667927,85745016
4096,16,2048,2154271113,1200,17,72237675,72314705
4096,16,2048,2160762909,1200,17,79895396,79975998
4096,16,2048,2223208175,1500,21,92572750,92642289
4096,16,2048,2235453146,1425,20,83867363,83935347
8192,16,4096,2127876820,1125,16,100453220,100523639
8192,16,4096,2135309248,1425,20,71464109,71540893
8192,16,4096,2139996894,1500,21,72901318,72980610
8192,16,4096,2167392822,975,14,79892274,79974398
8192,16,4096,2172508851,1350,19,85675532,85800591
8192,16,4096,2172604235,1200,17,84161301,84244345
8192,16,4096,2182807299,1050,15,79469101,79545577
8192,16,4096,2184826286,1050,15,92405201,92483286
8192,16,4096,2193866686,1200,17,76717873,76791110
8192,16,4096,2195867597,1650,23,82321715,82426932
16384,16,8192,2121221020,1725,24,81108805,81205905
16384,16,8192,2122833153,1125,16,73893638,73993260
16384,16,8192,2131286891,1425,20,65836782,65942630
16384,16,8192,2139025769,1350,19,92738317,92884651
16384,16,8192,2156794313,1425,20,66404514,66506564
16384,16,8192,2160620085,1050,15,79086072,79183089
16384,16,8192,2165679625,1575,22,73994684,74094109
16384,16,8192,2168369392,750,11,80581209,80687026
16384,16,8192,2169652814,1200,17,74531692,74637714
16384,16,8192,2182736871,825,12,74314653,74414052
32768,16,16384,2125840536,1200,17,73980387,74124307
32768,16,16384,2126652484,1425,20,69499271,69642196
32768,16,16384,2135308237,1575,22,76884850,77034320
32768,16,16384,2142009880,1125,16,67557198,67771481
32768,16,16384,2143508214,1050,15,73346906,73483820
32768,16,16384,2144940855,1425,20,84717294,84859053
32768,16,16384,2145307578,1125,16,94208545,94357038
32768,16,16384,2150268806,1350,19,123433372,123567833
32768,16,16384,2151349581,1800,25,81162879,81313840
32768,16,16384,2154408697,1200,17,96989801,97128315
65536,16,32768,2131141124,1425,20,93529472,93757380
65536,16,32768,2134508641,1125,16,80152635,80378885
65536,16,32768,2135225483,1575,22,85728768,85956696
65536,16,32768,2141691575,2100,29,96777180,97005850
65536,16,32768,2142693554,1875,26,78919860,79147973
65536,16,32768,2142732381,2100,29,81726840,81982940
65536,16,32768,2144142831,1650,23,94634295,94864678
65536,16,32768,2154519667,1725,24,75201734,75425242
65536,16,32768,2157313183,1425,20,80462033,80691197
65536,16,32768,2159224727,1425,20,73098185,73324170
131072,16,65536,2137141440,1650,23,70644683,71055105
131072,16,65536,2140331958,975,14,82153872,82893309
131072,16,65536,2140626156,1800,25,84945900,85365299
131072,16,65536,2141364142,1125,16,72481989,72898264
131072,16,65536,2142169830,1875,26,77180563,77662330
131072,16,65536,2145818529,1275,18,81512789,81942883
131072,16,65536,2147155502,2100,29,72290628,72700229
131072,16,65536,2148670384,1650,23,81674310,82105738
131072,16,65536,2149290181,2325,32,72898863,73313330
131072,16,65536,2151969409,1425,20,67572552,67975212
262144,16,131072,2137507032,2175,30,90503672,91363053
262144,16,131072,2138647491,1950,27,74603244,75382761
262144,16,131072,2143754295,1650,23,92673520,93407956
262144,16,131072,2144341524,1650,23,66070918,66837925
262144,16,131072,2144528684,1800,25,68140387,68968539
262144,16,131072,2145053154,1725,24,81425453,82181171
262144,16,131072,2147678764,2175,30,77498027,78233945
262144,16,131072,2150353909,2025,28,80634970,81371734
262144,16,131072,2151067423,1425,20,70563979,71307065
262144,16,131072,2155165682,2100,29,76427858,77177299
524288,16,262144,2138138581,1500,21,90369091,91807426
524288,16,262144,2141678459,2250,31,79104013,80554166
524288,16,262144,2147008957,2100,29,78697454,80098678
524288,16,262144,2147465723,1500,21,85806786,87245262
524288,16,262144,2148906703,2250,31,94170931,95611329
524288,16,262144,2148918274,1950,27,94947276,96431025
524288,16,262144,2149038392,1425,20,84756456,86616438
524288,16,262144,2149721041,1500,21,70895401,72362268
524288,16,262144,2150196976,1800,25,78459879,79898702
524288,16,262144,2151869721,1575,22,76749061,78189503
1048576,16,524288,2145796826,2025,28,104369362,107194839
1048576,16,524288,2146032988,2100,29,97610183,100368486
1048576,16,524288,2147347399,1800,25,85781513,88574997
1048576,16,524288,2147759497,1650,23,99909985,102704669
1048576,16,524288,2148293094,1950,27,91745274,94534260
1048576,16,524288,2148831063,2175,30,83781579,86582696
1048576,16,524288,2149254498,1950,27,74785465,77582943
1048576,16,524288,2149421123,2325,32,83694435,86532774
1048576,16,524288,2149732903,1725,24,80041900,82837603
1048576,16,524288,2150457374,1650,23,82324801,85157327
2097152,16,1048576,2146491028,1575,22,96377995,102739191
2097152,16,1048576,2146944326,1950,27,86467457,92039758
2097152,16,1048576,2146970577,1725,24,107922301,113486438
2097152,16,1048576,2147271570,1350,19,92490460,98010664
2097152,16,1048576,2147565019,1650,23,82219203,87774115
2097152,16,1048576,2147817615,1875,26,80981723,86525817
2097152,16,1048576,2148102975,1800,25,93733215,99278115
2097152,16,1048576,2148103893,2325,32,109591671,115104266
2097152,16,1048576,2149251770,2775,38,85324485,90860465
2097152,16,1048576,2149331730,2250,31,86967210,92435285
4194304,16,2097152,2145818959,2175,30,100587326,111427772
4194304,16,2097152,2145888282,2175,30,109698006,120711958
4194304,16,2097152,2146755726,2625,36,107574459,118539816
4194304,16,2097152,2147532649,2475,34,117513625,128504696
4194304,16,2097152,2147643075,1650,23,105900518,116730528
4194304,16,2097152,2147769647,2475,34,116487983,128190359
4194304,16,2097152,2148018466,2700,37,104145568,115168229
4194304,16,2097152,2148233154,2550,35,94049462,105046919
4194304,16,2097152,2148551002,1800,25,100914410,111844781
4194304,16,2097152,2148762354,1800,25,108403788,119443161
8388608,16,4194304,2146245634,1875,26,102077683,124476002
8388608,16,4194304,2146449090,2325,32,131432880,153811348
8388608,16,4194304,2147245488,2100,29,117889010,140165621
8388608,16,4194304,2147271655,2325,32,135886367,158468044
8388608,16,4194304,2147273559,2550,35,121893015,144318819
8388608,16,4194304,2147290632,2925,40,156962347,179839328
8388608,16,4194304,2147294125,1950,27,132182071,154496511
8388608,16,4194304,2147358473,1875,26,122390190,144822872
8388608,16,4194304,2147686107,2700,37,128697136,151018686
8388608,16,4194304,2147770257,2250,31,171060835,193514709
16777216,16,8388608,2146570652,2625,36,137956929,182563821
16777216,16,8388608,2147068601,2175,30,185690392,230112198
16777216,16,8388608,2147361003,2100,29,154346019,199082757
16777216,16,8388608,2147395818,2700,37,147365137,191391180
16777216,16,8388608,2147615129,1950,27,146819064,191189098
16777216,16,8388608,2147758691,2325,32,183417129,227615305
16777216,16,8388608,2147768886,1650,23,147582821,191855644
16777216,16,8388608,2147770922,2325,32,157632818,202224966
16777216,16,8388608,2147874969,3225,44,173038455,217370708
16777216,16,8388608,2148514080,2475,34,164527971,208808172
33554432,16,16777216,2147146315,2775,38,270891189,358324343
33554432,16,16777216,2147285244,2850,39,224150129,311922895
33554432,16,16777216,2147290320,2475,34,204801045,292791772
33554432,16,16777216,2147306629,2475,34,240248227,328157873
33554432,16,16777216,2147436174,1875,26,176928699,264235685
33554432,16,16777216,2147574903,2550,35,209405959,297060098
33554432,16,16777216,2147967534,2025,28,202441215,289897045
33554432,16,16777216,2148034328,2550,35,220007877,308302128
33554432,16,16777216,2148163757,2400,33,199121950,286944995
33554432,16,16777216,2148197998,1800,25,184274578,271842694
67108864,16,33554432,2147198282,2025,28,332846064,507599448
67108864,16,33554432,2147291605,2250,31,362041388,535782198
67108864,16,33554432,2147317108,2025,28,483408385,657544379
67108864,16,33554432,2147402135,1950,27,283608044,458047918
67108864,16,33554432,2147516951,2100,29,450908590,624771186
67108864,16,33554432,2147632150,2175,30,332593292,505796181
67108864,16,33554432,2147647777,3225,44,427754884,602859788
67108864,16,33554432,2147693272,2175,30,386246531,560057635
67108864,16,33554432,2147864262,3150,43,421521414,595408321
67108864,16,33554432,2148049224,2400,33,317389549,490827650
134217728,16,67108864,2147205005,2400,33,593157824,941124752
134217728,16,67108864,2147236845,2775,38,742144897,1088896440
134217728,16,67108864,2147265494,3150,43,1128192284,1475764633
134217728,16,67108864,2147277799,2625,36,795264238,1142860638
134217728,16,67108864,2147318449,2475,34,513933881,860412276
134217728,16,67108864,2147320203,2475,34,536568897,883273272
134217728,16,67108864,2147324065,2400,33,548495214,895213853
134217728,16,67108864,2147526655,1650,23,640933390,989380464
134217728,16,67108864,2147621975,2175,30,652565035,999950931
134217728,16,67108864,2147701025,3075,42,725596641,1072148749
268435456,16,134217728,2147225043,3075,42,727114875,1420047756
268435456,16,134217728,2147321802,2625,36,1041739028,1732757634
268435456,16,134217728,2147406080,2625,36,1460530014,2155352287
268435456,16,134217728,2147422574,2775,38,1457373481,2150788348
268435456,16,134217728,2147475354,3000,41,1508007777,2200151506
268435456,16,134217728,2147486742,3075,42,1047011023,1738703025
268435456,16,134217728,2147498136,2325,32,1506632179,2199557721
268435456,16,134217728,2147578228,2850,39,961955431,1657160799
268435456,16,134217728,2147606017,2400,33,1183604659,1875832609
268435456,16,134217728,2147694394,3000,41,1464105412,2157214173
