n,k,i,p,m,r,t,T
1024,16,512,2104959515,1200,17,71674318,71728817
1024,16,512,2110155522,1275,18,72937973,72992537
1024,16,512,2116247751,750,11,69854041,69908355
1024,16,512,2127204329,975,14,70551457,70604561
1024,16,512,2146000373,900,13,64203213,64283057
1024,16,512,2148328388,975,14,68944491,68998784
1024,16,512,2165874030,600,9,67029781,67082311
1024,16,512,2174744208,825,12,82469007,82521905
1024,16,512,2187144244,975,14,59295131,59348517
1024,16,512,2214970392,900,13,74369651,74423406
2048,16,1024,2081025450,1275,18,83636257,83692304
2048,16,1024,2137176590,750,11,61631833,61688119
2048,16,1024,2137235604,1050,15,93882597,93931357
2048,16,1024,2143484402,1275,18,91447050,91504445
2048,16,1024,2148817217,1050,15,81289013,81337939
2048,16,1024,2164485759,825,12,69573428,69628842
2048,16,1024,2172793411,1200,17,76175299,76232898
2048,16,1024,2172973808,1200,17,75315494,75385726
2048,16,1024,2189825825,975,14,77049614,77105321
2048,16,1024,2218420118,1275,18,81612462,81667373
4096,16,2048,2103372241,825,12,82429792,82489781
4096,16,2048,2115818404,1050,15,67087089,67140330
4096,16,2048,2116207584,1725,24,97290547,97348436
4096,16,2048,2118837136,900,13,81743943,81795224
4096,16,2048,2135825698,1275,18,88001403,88053316
4096,16,2048,2146921542,900,13,67040708,67139863
4096,16,2048,2149492228,1050,15,69582248,69662118
4096,16,2048,2166506641,525,8,76830757,76932376
4096,16,2048,2186209649,675,10,92118979,92171229
4096,16,2048,2207054649,1500,21,81309210,81361338
8192,16,4096,2097512579,1425,20,85332977,85397668
8192,16,4096,2129397689,1800,25,94706730,94772100
8192,16,4096,2130535766,1425,20,80352840,80417060
8192,16,4096,2132300431,1050,15,92184257,92241107
8192,16,4096,2142539236,1650,23,99016919,99076243
8192,16,4096,2149438807,900,13,79801318,79867739
8192,16,4096,2156328461,1650,23,77504234,77563840
8192,16,4096,2160435496,1725,24,83682246,83746920
8192,16,4096,2161782970,975,14,73678302,73755115
8192,16,4096,2193847015,1425,20,78525741,78618400
16384,16,8192,2136267893,1875,26,87727116,87814356
16384,16,8192,2136323405,1350,19,96238620,96343444
16384,16,8192,2146010348,1950,27,69575216,69664083
16384,16,8192,2147034684,1425,20,87666816,87754126
16384,16,8192,2150203091,975,14,71356732,71441004
16384,16,8192,2153670970,1425,20,73372329,73452578
16384,16,8192,2154845552,675,10,98005275,98090373
16384,16,8192,2157583300,1275,18,87940072,88020890
16384,16,8192,2158009155,1050,15,69777024,69884336
16384,16,8192,2171106760,1125,16,92911977,92997386
32768,16,16384,2127038881,1125,16,68307064,68439428
32768,16,16384,2127669675,2025,28,84668421,84910887
32768,16,16384,2137778185,975,14,73734787,73858680
32768,16,16384,2142738913,1350,19,73937126,74121340
32768,16,16384,2143233396,1500,21,82784112,82918698
32768,16,16384,2146578983,825,12,81954294,82083830
32768,16,16384,2146839001,1725,24,82999025,83129588
32768,16,16384,2149176853,1500,21,86761859,86887827
32768,16,16384,2152759731,1350,19,83300158,83429804
32768,16,16384,2163310155,1725,24,95027348,95158123
65536,16,32768,2136352313,1125,16,73461625,73676308
65536,16,32768,2136473480,1800,25,78711591,78934652
65536,16,32768,2140896572,1950,27,69406607,69619601
65536,16,32768,2143218076,1725,24,82185920,82400667
65536,16,32768,2143256233,900,13,64499156,64714591
65536,16,32768,2145188311,1200,17,95103196,95334570
65536,16,32768,2147679747,1800,25,81897606,82148697
65536,16,32768,2147919246,1500,21,93508677,93734977
65536,16,32768,2153395427,1875,26,81184762,81401496
65536,16,32768,2154826305,1125,16,65490549,65709000
131072,16,65536,2145358910,1650,23,83641900,84076202
131072,16,65536,2145744899,2025,28,101844467,102246268
131072,16,65536,2147025015,1125,16,96794711,97223252
131072,16,65536,2147353295,1725,24,89840782,90353197
131072,16,65536,2147746779,1425,20,77061938,77462886
131072,16,65536,2151351447,1050,15,100816139,101234877
131072,16,65536,2153314621,1575,22,61596094,62010389
131072,16,65536,2153573554,2250,31,74009001,74667789
131072,16,65536,2153925354,1575,22,91967210,92372195
131072,16,65536,2156249641,1950,27,73198050,73627997
262144,16,131072,2141867828,1725,24,87375544,88116687
262144,16,131072,2144332241,1650,23,73658750,74401361
262144,16,131072,2146450996,975,14,90028763,90775401
262144,16,131072,2146710252,1875,26,75992275,76755175
262144,16,131072,2146785952,1800,25,91162527,91906791
262144,16,131072,2146898881,1350,19,94006487,94744719
262144,16,131072,2148035876,1800,25,85633330,86374341
262144,16,131072,2149068379,2025,28,82940661,83678864
262144,16,131072,2150062446,2100,29,98602195,99418194
262144,16,131072,2150505326,1800,25,69545282,70286608
524288,16,262144,2140397732,1950,27,76198704,77658957
524288,16,262144,2142862490,2100,29,113700183,115138587
524288,16,262144,2143051541,2325,32,84253758,85694446
524288,16,262144,2143498214,2400,33,81657469,83097566
524288,16,262144,2145444976,1575,22,89214619,90647481
524288,16,262144,2145848697,2100,29,85255492,86702072
524288,16,262144,2145972328,2025,28,76892119,78472803
524288,16,262144,2146072147,1725,24,89417804,90886759
524288,16,262144,2146901905,1425,20,84914569,86367884
524288,16,262144,2148393086,2100,29,93224617,94669352
1048576,16,524288,2143560335,1950,27,92335881,95122582
1048576,16,524288,2143608180,2400,33,80700343,83537067
1048576,16,524288,2146223026,2175,30,81651596,84468170
1048576,16,524288,2146729767,2025,28,95697754,98558990
1048576,16,524288,2147477407,1875,26,83762556,86616395
1048576,16,524288,2148071530,2175,30,95679579,98504609
1048576,16,524288,2148333152,1200,17,97799611,100639247
1048576,16,524288,2149313850,2175,30,77949755,80758644
1048576,16,524288,2150365445,1950,27,82896836,85773227
1048576,16,524288,2152263944,1800,25,90757036,93595207
2097152,16,1048576,2144012062,1650,23,107849698,113481928
2097152,16,1048576,2145476626,2025,28,98789709,104430023
2097152,16,1048576,2145515823,2175,30,97153257,103539734
2097152,16,1048576,2145862867,2250,31,90541058,96171459
2097152,16,1048576,2146162738,2250,31,93756475,99362054
2097152,16,1048576,2147163665,2025,28,105057294,110691940
2097152,16,1048576,2148329150,2175,30,99909886,105416735
2097152,16,1048576,2148544891,2400,33,87141272,92741386
2097152,16,1048576,2149189759,1875,26,87458468,92947769
2097152,16,1048576,2150428177,2325,32,79850053,85448269
4194304,16,2097152,2146551708,2250,31,88536610,99594703
4194304,16,2097152,2146589062,1875,26,99104435,110224060
4194304,16,2097152,2146960988,2175,30,98639737,109663662
4194304,16,2097152,2147299678,1725,24,86980698,97943355
4194304,16,2097152,2147571221,2475,34,101382146,112336859
4194304,16,2097152,2148642277,2100,29,105225117,116282874
4194304,16,2097152,2148727811,1950,27,105377091,116480624
4194304,16,2097152,2149084170,1725,24,103365619,114282709
4194304,16,2097152,2149670110,2025,28,115458164,126371144
4194304,16,2097152,2149700341,1575,22,114978594,126108458
8388608,16,4194304,2146532155,2025,28,126124085,148808244
8388608,16,4194304,2146659101,1725,24,121556399,144178083
8388608,16,4194304,2147096267,2400,33,138719248,161304564
8388608,16,4194304,2147281661,1950,27,109255969,131906927
8388608,16,4194304,2147368248,2925,40,119769752,142182494
8388608,16,4194304,2148068048,1575,22,111198313,133745130
8388608,16,4194304,2148089157,2325,32,113843373,136525350
8388608,16,4194304,2148238292,1950,27,142808055,165358881
8388608,16,4194304,2148281414,2025,28,127167019,149742083
8388608,16,4194304,2148325210,2475,34,144445083,167147050
16777216,16,8388608,2146450589,2550,35,189636211,233831070
16777216,16,8388608,2146710139,2025,28,163623616,208389960
16777216,16,8388608,2146774342,2625,36,158694488,203485508
16777216,16,8388608,2146898585,3000,41,166471153,211042578
16777216,16,8388608,2146936020,2700,37,157352247,201718504
16777216,16,8388608,2147178548,2700,37,149998831,194699684
16777216,16,8388608,2147224243,2250,31,166036579,210554680
16777216,16,8388608,2147409085,1575,22,134353518,178784768
16777216,16,8388608,2147597264,2775,38,217722671,262163097
16777216,16,8388608,2147686977,2250,31,165944302,211743908
33554432,16,16777216,2147137889,3150,43,265210809,354604530
33554432,16,16777216,2147289224,2550,35,284258162,371953660
33554432,16,16777216,2147423341,2925,40,353422338,441300401
33554432,16,16777216,2147440329,2850,39,227958489,315730747
33554432,16,16777216,2147464741,3300,45,282902868,371009227
33554432,16,16777216,2147514354,3525,48,324283011,412132142
33554432,16,16777216,2147602148,2250,31,201397495,289881990
33554432,16,16777216,2148182315,2325,32,223580330,311665999
33554432,16,16777216,2148200517,3000,41,255780623,344223420
33554432,16,16777216,2148563511,2250,31,228450940,317039752
67108864,16,33554432,2147082363,2700,37,424365759,601030069
67108864,16,33554432,2147221102,2250,31,333196452,508225027
67108864,16,33554432,2147339751,2175,30,328264164,504223412
67108864,16,33554432,2147651460,2775,38,520443577,695969918
67108864,16,33554432,2147680698,2700,37,413717783,588482912
67108864,16,33554432,2147702142,2025,28,344037237,519636777
67108864,16,33554432,2147814533,2775,38,468852070,644635200
67108864,16,33554432,2147837186,2175,30,356335742,530515380
67108864,16,33554432,2147936137,2850,39,303693597,479310411
67108864,16,33554432,2148168663,2400,33,259752867,435225790
134217728,16,67108864,2147199455,2550,35,496908890,846438065
134217728,16,67108864,2147260998,1950,27,640835449,990441239
134217728,16,67108864,2147306908,2850,39,743617399,1092544283
134217728,16,67108864,2147383471,1950,27,626695687,973744368
134217728,16,67108864,2147527500,3375,46,618168699,965286932
134217728,16,67108864,2147545764,2700,37,764459250,1113891919
134217728,16,67108864,2147564167,2775,38,733945920,1082776640
134217728,16,67108864,2147629538,2850,39,680939421,1028906878
134217728,16,67108864,2147666256,2175,30,545353874,894317668
134217728,16,67108864,2147914791,2700,37,504859286,854395479
268435456,16,134217728,2147415159,2775,38,1114847137,1815529849
268435456,16,134217728,2147416210,2850,39,1422586768,2120817857
268435456,16,134217728,2147420742,2700,37,1648915927,2347129478
268435456,16,134217728,2147457601,3375,46,1456021873,2152859571
268435456,16,134217728,2147459383,3750,51,1479602903,2175068073
268435456,16,134217728,2147468175,2550,35,1458688930,2156124567
268435456,16,134217728,2147474164,2400,33,1230560545,1926438855
268435456,16,134217728,2147497153,3075,42,883611148,1575310126
268435456,16,134217728,2147793591,3750,51,1153356024,1845740366
268435456,16,134217728,2147853624,3075,42,1084710225,1778972149
