n,k,i,p,m,r,t,T
1024,4,1024,4283772408,180,13,824722,884123
1024,4,1024,4287280840,90,7,731399,790642
1024,4,1024,4288098848,150,11,635763,689534
1024,4,1024,4289285763,120,9,993889,1048199
1024,4,1024,4291582940,120,9,604221,664762
1024,4,1024,4293547746,165,12,1087817,1147073
1024,4,1024,4293733583,135,10,786940,844268
1024,4,1024,4293990939,195,14,660282,711676
1024,4,1024,4294733807,165,12,567307,626882
1024,4,1024,4294867112,135,10,677384,735399
2048,4,2048,4291616442,150,11,597516,662989
2048,4,2048,4291664435,60,5,818236,884513
2048,4,2048,4292172191,135,10,615643,677686
2048,4,2048,4292734909,180,13,855121,922645
2048,4,2048,4293008281,105,8,567096,637634
2048,4,2048,4293331230,105,8,456706,522937
2048,4,2048,4293754266,105,8,472663,536993
2048,4,2048,4293968884,195,14,626471,693063
2048,4,2048,4294393971,60,5,568213,635801
2048,4,2048,4294589025,105,8,554094,614679
4096,4,4096,4292172017,135,10,677816,767074
4096,4,4096,4292606059,75,6,403630,485539
4096,4,4096,4293533527,90,7,476230,566542
4096,4,4096,4294283018,135,10,531634,611870
4096,4,4096,4294312638,105,8,552761,641026
4096,4,4096,4294582070,90,7,587330,667931
4096,4,4096,4294619302,195,14,1400318,1493570
4096,4,4096,4294769922,195,14,614057,706594
4096,4,4096,4294820068,105,8,553515,644423
4096,4,4096,4294946033,105,8,544420,638295
8192,4,8192,4293181068,120,9,609519,735190
8192,4,8192,4293482788,180,13,1232731,1362832
8192,4,8192,4293590536,120,9,666597,795063
8192,4,8192,4294576120,180,13,728492,862113
8192,4,8192,4294655388,180,13,1274290,1407193
8192,4,8192,4294799972,135,10,674148,830189
8192,4,8192,4294836119,195,14,775192,924640
8192,4,8192,4294883265,195,14,1420809,1562281
8192,4,8192,4294887533,195,14,1311350,1443438
8192,4,8192,4294958333,105,8,579655,705312
16384,4,16384,4294370738,120,9,627314,839373
16384,4,16384,4294557603,150,11,1060824,1280198
16384,4,16384,4294610388,150,11,797798,1014177
16384,4,16384,4294737487,195,14,1265279,1474256
16384,4,16384,4294810140,135,10,1256849,1485821
16384,4,16384,4294855147,150,11,1617964,1843016
16384,4,16384,4294899699,210,15,767001,988361
16384,4,16384,4294946864,120,9,658760,891023
16384,4,16384,4294947161,165,12,680882,898649
16384,4,16384,4294959226,135,10,657864,867162
32768,4,32768,4294525386,210,15,1043755,1446696
32768,4,32768,4294742051,195,14,1055997,1459374
32768,4,32768,4294839671,120,9,2213197,2625371
32768,4,32768,4294872190,150,11,928248,1358909
32768,4,32768,4294874999,165,12,2783534,3186692
32768,4,32768,4294889390,180,13,2072005,2489366
32768,4,32768,4294910811,105,8,692965,1094463
32768,4,32768,4294914715,165,12,1956376,2359121
32768,4,32768,4294921032,105,8,680044,1080217
32768,4,32768,4294954331,150,11,687451,1092347
65536,4,65536,4294612357,165,12,2692658,3430174
65536,4,65536,4294623724,240,17,1061637,1808942
65536,4,65536,4294816457,165,12,1159647,1904311
65536,4,65536,4294822457,120,9,949213,1687681
65536,4,65536,4294863300,225,16,1196969,1946179
65536,4,65536,4294897333,180,13,3956329,4701565
65536,4,65536,4294909532,135,10,1209645,1948628
65536,4,65536,4294933215,195,14,1075957,1825015
65536,4,65536,4294948537,165,12,2679746,3449940
65536,4,65536,4294958500,90,7,3755277,4502065
131072,4,131072,4294806132,135,10,1850193,3294757
131072,4,131072,4294914477,210,15,1518210,2983120
131072,4,131072,4294936003,195,14,6534123,8032395
131072,4,131072,4294943027,225,16,1974141,3450510
131072,4,131072,4294943663,240,17,2382680,3825090
131072,4,131072,4294949453,75,6,968899,2408404
131072,4,131072,4294956983,240,17,2294364,3755858
131072,4,131072,4294963178,195,14,2400621,3861395
131072,4,131072,4294963630,150,11,1357130,2791648
131072,4,131072,4294967256,165,12,1422799,2871553
262144,4,262144,4294915009,315,22,2236850,5054227
262144,4,262144,4294919687,240,17,11541870,14421361
262144,4,262144,4294936345,240,17,3135077,5939015
262144,4,262144,4294943244,195,14,7322123,10252422
262144,4,262144,4294957008,225,16,6589660,9425153
262144,4,262144,4294959575,195,14,1810760,4692069
262144,4,262144,4294961932,255,18,3872952,6729515
262144,4,262144,4294964298,210,15,1639134,4487526
262144,4,262144,4294966271,195,14,3319747,6190304
262144,4,262144,4294966376,210,15,2099648,4956914
524288,4,524288,4294957451,210,15,2730022,8279522
524288,4,524288,4294961109,195,14,6531462,12128920
524288,4,524288,4294961179,60,5,10723551,16223075
524288,4,524288,4294961875,150,11,12340920,17917070
524288,4,524288,4294963449,195,14,6202841,11790050
524288,4,524288,4294964598,225,16,15284957,20872171
524288,4,524288,4294965183,210,15,11915861,17499369
524288,4,524288,4294965751,120,9,7913683,13524146
524288,4,524288,4294966897,210,15,15226206,20820504
524288,4,524288,4294967267,165,12,4498996,10071495
1048576,4,1048576,4294948444,255,18,26681217,37766210
1048576,4,1048576,4294959729,240,17,15637311,26691118
1048576,4,1048576,4294962069,255,18,10988124,22081949
1048576,4,1048576,4294962992,255,18,11712316,22781603
1048576,4,1048576,4294963048,210,15,12623183,23756847
1048576,4,1048576,4294964273,285,20,15653361,26786627
1048576,4,1048576,4294964939,210,15,6254237,17330821
1048576,4,1048576,4294965478,210,15,14152398,24952813
1048576,4,1048576,4294966145,255,18,14879026,25987665
1048576,4,1048576,4294967049,150,11,7995288,19124602
2097152,4,2097152,4294955593,315,22,15376628,37853225
2097152,4,2097152,4294959777,210,15,21589483,44280376
2097152,4,2097152,4294962522,255,18,8957821,31471824
2097152,4,2097152,4294963680,135,10,21996065,44693005
2097152,4,2097152,4294964111,210,15,8697517,31326435
2097152,4,2097152,4294964334,270,19,19999165,42563530
2097152,4,2097152,4294965505,225,16,17771762,40214398
2097152,4,2097152,4294965947,165,12,20068679,42604988
2097152,4,2097152,4294966380,225,16,14152533,36755994
2097152,4,2097152,4294967166,120,9,26330341,48941523
4194304,4,4194304,4294965723,210,15,24957003,69331766
4194304,4,4194304,4294965829,300,21,27166373,71707594
4194304,4,4194304,4294966232,210,15,25716937,70022646
4194304,4,4194304,4294966636,255,18,17511772,62213961
4194304,4,4194304,4294966678,210,15,30710639,75242115
4194304,4,4194304,4294966737,345,24,41184650,86313991
4194304,4,4194304,4294966883,240,17,17953090,62432504
4194304,4,4194304,4294966921,240,17,37889114,82087414
4194304,4,4194304,4294966973,240,17,26776249,71439565
4194304,4,4194304,4294967060,255,18,41185465,85896574
8388608,4,8388608,4294966241,225,16,70421984,158642715
8388608,4,8388608,4294966329,330,23,110582303,198283366
8388608,4,8388608,4294966345,195,14,38816504,126717993
8388608,4,8388608,4294966457,180,13,54313960,141842312
8388608,4,8388608,4294966564,300,21,85657596,173949064
8388608,4,8388608,4294966691,255,18,62268629,150279571
8388608,4,8388608,4294966780,120,9,29307144,117800297
8388608,4,8388608,4294967033,270,19,126826156,215097760
8388608,4,8388608,4294967131,195,14,78342065,165926156
8388608,4,8388608,4294967283,345,24,98316208,186157501
16777216,4,16777216,4294965868,255,18,144118311,319273013
16777216,4,16777216,4294966904,345,24,90331586,268434477
16777216,4,16777216,4294966947,255,18,174441539,349611644
16777216,4,16777216,4294967026,300,21,176783594,352827585
16777216,4,16777216,4294967106,150,11,72600729,247174868
16777216,4,16777216,4294967120,285,20,128445899,303729609
16777216,4,16777216,4294967147,300,21,126949155,301337727
16777216,4,16777216,4294967208,300,21,66408132,240169411
16777216,4,16777216,4294967246,255,18,130959864,305365249
16777216,4,16777216,4294967280,210,15,105695062,282394489
33554432,4,33554432,4294966755,315,22,135482936,485370713
33554432,4,33554432,4294967096,225,16,341188911,688838074
33554432,4,33554432,4294967105,330,23,243913105,592705421
33554432,4,33554432,4294967116,240,17,321681653,669623078
33554432,4,33554432,4294967129,300,21,269758951,618315465
33554432,4,33554432,4294967139,330,23,502455996,850190438
33554432,4,33554432,4294967239,270,19,311693960,660053128
33554432,4,33554432,4294967263,285,20,409416664,759014179
33554432,4,33554432,4294967271,270,19,365892009,712382065
33554432,4,33554432,4294967273,375,26,366686764,715163089
67108864,4,67108864,4294967070,255,18,534762099,1231764060
67108864,4,67108864,4294967182,255,18,527584309,1222599790
67108864,4,67108864,4294967185,210,15,536818770,1229499032
67108864,4,67108864,4294967195,330,23,369553855,1066770005
67108864,4,67108864,4294967223,210,15,365674112,1065151269
67108864,4,67108864,4294967243,255,18,550159610,1244734801
67108864,4,67108864,4294967260,405,28,1020975992,1717316252
67108864,4,67108864,4294967267,405,28,1082609958,1775555356
67108864,4,67108864,4294967274,270,19,664817448,1362199137
67108864,4,67108864,4294967284,285,20,1327408947,2023901536
134217728,4,134217728,4294967200,270,19,653265494,2044290227
134217728,4,134217728,4294967219,240,17,1223350870,2613116308
134217728,4,134217728,4294967241,255,18,469910794,1863626673
134217728,4,134217728,4294967245,210,15,907113937,2304273731
134217728,4,134217728,4294967262,180,13,692720545,2085931501
134217728,4,134217728,4294967264,345,24,908042406,2298998297
134217728,4,134217728,4294967271,240,17,988188474,2375926072
134217728,4,134217728,4294967276,315,22,1681008519,3076864963
134217728,4,134217728,4294967290,300,21,1142988705,2524496948
134217728,4,134217728,4294967291,240,17,1422788359,2811569880
268435456,4,268435456,4294967256,315,22,1433139360,4201646336
268435456,4,268435456,4294967262,210,15,1129336282,3925800715
268435456,4,268435456,4294967267,195,14,1311546540,4081455540
268435456,4,268435456,4294967278,255,18,2190746334,4969134243
268435456,4,268435456,4294967285,300,21,1510381276,4293147882
268435456,4,268435456,4294967293,255,18,1949681413,4717030800
268435456,4,268435456,4294967293,270,19,1125934194,3903181950
268435456,4,268435456,4294967294,360,25,2256664392,5029166061
268435456,4,268435456,4294967294,375,26,2374616745,5136698266
268435456,4,268435456,4294967295,255,18,1923964663,4715004743
