n,k,i,p,m,r,t,T
1024,4,1,1015503,120,9,580903,647918
1024,4,1,11522524,165,12,649407,708620
1024,4,1,1313777,60,5,462376,521072
1024,4,1,1395827,135,10,608228,673435
1024,4,1,181180,90,7,417710,494713
1024,4,1,2152161,150,11,611895,673323
1024,4,1,3065049,150,11,559147,632388
1024,4,1,5574579,60,5,432923,492668
1024,4,1,752573,135,10,571231,631819
1024,4,1,902810,90,7,576465,644663
2048,4,1,1013115,120,9,494069,557853
2048,4,1,1162195,150,11,561605,629701
2048,4,1,1197004,120,9,507650,586923
2048,4,1,163254,90,7,1035176,1100101
2048,4,1,2051376,150,11,661129,724342
2048,4,1,22041,75,6,728144,786678
2048,4,1,315470,150,11,751080,810296
2048,4,1,3475892,75,6,427213,494339
2048,4,1,396276,120,9,865398,957857
2048,4,1,726073,240,17,812808,881615
4096,4,1,13194,120,9,1128026,1213139
4096,4,1,1367094,150,11,665897,754247
4096,4,1,197536,165,12,908933,996444
4096,4,1,1981982,120,9,1106662,1196247
4096,4,1,3665490,225,16,992085,1080983
4096,4,1,3969980,105,8,666585,752965
4096,4,1,586929,105,8,589610,670580
4096,4,1,631762,120,9,1126890,1213168
4096,4,1,793447,150,11,605500,694299
4096,4,1,819311,180,13,666756,772632
8192,4,1,1176677,135,10,1047415,1180776
8192,4,1,1279317,120,9,598664,724194
8192,4,1,245116,180,13,736888,891687
8192,4,1,358881,120,9,639685,800220
8192,4,1,38528,180,13,720175,854645
8192,4,1,531582,120,9,821814,961018
8192,4,1,559535,180,13,692468,822042
8192,4,1,639972,180,13,747008,879944
8192,4,1,815323,150,11,759264,891323
8192,4,1,88319,120,9,567520,699662
16384,4,1,1035612,180,13,752401,968229
16384,4,1,109772,195,14,716241,932584
16384,4,1,131000,105,8,563027,781793
16384,4,1,358183,120,9,1686807,1910852
16384,4,1,38254,180,13,911076,1138424
16384,4,1,5195,180,13,1609614,1825970
16384,4,1,55242,75,6,524958,742308
16384,4,1,55958,150,11,1523923,1735692
16384,4,1,636563,150,11,691967,906679
16384,4,1,67023,135,10,1368483,1585282
32768,4,1,105374,150,11,959114,1359780
32768,4,1,126670,180,13,941735,1347660
32768,4,1,30097,255,18,1143983,1570920
32768,4,1,301678,135,10,1957120,2393307
32768,4,1,40226,255,18,1025248,1426255
32768,4,1,65679,225,16,2250259,2687036
32768,4,1,77840,120,9,776460,1184098
32768,4,1,80804,165,12,1732811,2153545
32768,4,1,80865,195,14,2050437,2450780
32768,4,1,95377,240,17,2266584,2679472
65536,4,1,106444,150,11,1059125,1803630
65536,4,1,11761,165,12,1127894,1871153
65536,4,1,193591,240,17,1226071,1976749
65536,4,1,2833,120,9,861225,1611415
65536,4,1,312238,240,17,955969,1734544
65536,4,1,39526,180,13,1394888,2163844
65536,4,1,42604,210,15,1072722,1869823
65536,4,1,5659,150,11,1028930,1777070
65536,4,1,66598,150,11,1099883,1846686
65536,4,1,70203,195,14,933203,1667489
131072,4,1,13085,225,16,1581580,3046613
131072,4,1,13971,270,19,2245594,3662590
131072,4,1,2539,165,12,1793988,3286318
131072,4,1,32326,210,15,2238176,3687216
131072,4,1,44107,135,10,1233017,2720121
131072,4,1,46156,180,13,1171577,2653433
131072,4,1,49796,375,26,2285931,3727340
131072,4,1,5052,180,13,1671449,3116762
131072,4,1,58812,210,15,5179388,6640435
131072,4,1,8804,195,14,5602175,7061315
262144,4,1,11151,270,19,3609845,6423025
262144,4,1,1619,225,16,9387168,12214770
262144,4,1,1818,150,11,6455916,9288801
262144,4,1,20825,240,17,8739782,11576783
262144,4,1,2153,195,14,2052843,4908411
262144,4,1,29088,150,11,3248185,6098739
262144,4,1,35693,285,20,2961212,5797966
262144,4,1,48523,90,7,2110974,4929419
262144,4,1,58073,210,15,6264881,9115721
262144,4,1,901,195,14,8678456,11555607
524288,4,1,1276,225,16,5779568,11342260
524288,4,1,34788,210,15,4325875,9908449
524288,4,1,44083,180,13,4416276,10003209
524288,4,1,5189,255,18,3692076,9281656
524288,4,1,5934,315,22,5431425,11037640
524288,4,1,615,225,16,9133468,14739179
524288,4,1,6232,270,19,7773784,13441067
524288,4,1,656,210,15,6312644,11938747
524288,4,1,9166,225,16,10309131,15911113
524288,4,1,9354,210,15,12596827,18232050
1048576,4,1,1324,300,21,14517788,25597951
1048576,4,1,2162,240,17,9682214,20849865
1048576,4,1,2238,195,14,14244023,25326361
1048576,4,1,3935,225,16,11494726,22550272
1048576,4,1,4846,180,13,8644037,19726604
1048576,4,1,6512,255,18,6085811,17102476
1048576,4,1,681,240,17,12155543,23219371
1048576,4,1,7329,210,15,6596456,17677622
1048576,4,1,754,255,18,15051608,26098119
1048576,4,1,7923,225,16,9343976,20387220
2097152,4,1,135,270,19,18689011,41296763
2097152,4,1,2317,330,23,14952951,37467582
2097152,4,1,3059,210,15,15110595,37695650
2097152,4,1,3169,135,10,15960930,38614834
2097152,4,1,324,285,20,10494996,33275222
2097152,4,1,3271,315,22,16683596,39224210
2097152,4,1,617,240,17,19750350,42537117
2097152,4,1,704,165,12,24322415,46923987
2097152,4,1,707,180,13,15090920,37719602
2097152,4,1,803,330,23,15978147,38521737
4194304,4,1,11,180,13,38767990,82913719
4194304,4,1,122,270,19,39831630,84355745
4194304,4,1,1764,225,16,37044372,81700103
4194304,4,1,185,270,19,24627966,69255569
4194304,4,1,2260,270,19,48029966,92502734
4194304,4,1,3012,360,25,49876263,94489182
4194304,4,1,586,150,11,36814805,81228605
4194304,4,1,85,225,16,26517756,70771334
4194304,4,1,867,225,16,20050248,64519138
4194304,4,1,874,300,21,32556147,77342710
8388608,4,1,1324,375,26,111884793,200337489
8388608,4,1,13,330,23,73543840,162067910
8388608,4,1,15,165,12,72177044,160499561
8388608,4,1,1821,210,15,47506541,135670703
8388608,4,1,231,225,16,94370197,181968797
8388608,4,1,332,375,26,57464022,145623478
8388608,4,1,416,285,20,104251348,192608490
8388608,4,1,50,330,23,76551757,164058955
8388608,4,1,526,180,13,59005004,146943081
8388608,4,1,553,180,13,49046945,137599085
16777216,4,1,123,180,13,72284676,247861627
16777216,4,1,142,165,12,146422035,321580944
16777216,4,1,164,225,16,199712191,374290518
16777216,4,1,213,300,21,204933010,380664244
16777216,4,1,22,255,18,105273763,279777139
16777216,4,1,337,225,16,117105686,292731467
16777216,4,1,58,330,23,158937160,334242820
16777216,4,1,59,270,19,132052593,307066102
16777216,4,1,634,315,22,115179901,289691213
16777216,4,1,71,270,19,114002417,287816916
33554432,4,1,141,285,20,263598071,611798397
33554432,4,1,152,270,19,353885297,702275430
33554432,4,1,222,390,27,329073228,678758330
33554432,4,1,231,285,20,265224133,614165619
33554432,4,1,251,375,26,221915151,569572780
33554432,4,1,26,240,17,384388138,731612833
33554432,4,1,43,240,17,284116056,634009204
33554432,4,1,44,285,20,217829492,569221955
33554432,4,1,57,360,25,261084345,609766179
33554432,4,1,65,345,24,384152166,732444736
67108864,4,1,11,165,12,527066580,1231495853
67108864,4,1,139,240,17,609825214,1306242716
67108864,4,1,153,285,20,656018348,1354231336
67108864,4,1,5,300,21,686912702,1380351575
67108864,4,1,5,315,22,298584321,989849431
67108864,4,1,54,255,18,601375631,1300547114
67108864,4,1,71,270,19,304499127,1000997876
67108864,4,1,78,240,17,473096538,1168418456
67108864,4,1,8,225,16,306399521,1001247353
67108864,4,1,99,345,24,470454648,1164510758
134217728,4,1,0,300,21,980593107,2367849367
134217728,4,1,10,375,26,1318572474,2709210825
134217728,4,1,105,345,24,1016090781,2396940006
134217728,4,1,1,300,21,1207538509,2593654683
134217728,4,1,27,195,14,586652257,1974196329
134217728,4,1,28,360,25,1650954036,3037032539
134217728,4,1,3,225,16,1016031688,2420477923
134217728,4,1,39,270,19,1507595219,2894852542
134217728,4,1,47,285,20,635055314,2021131848
134217728,4,1,9,255,18,1016084473,2406319285
268435456,4,1,10,330,23,1276436032,4069205910
268435456,4,1,14,360,25,2312963188,5092114571
268435456,4,1,2,285,20,2299812079,5059080048
268435456,4,1,2,345,24,2231485316,5033016407
268435456,4,1,29,345,24,3007226296,5774633554
268435456,4,1,39,270,19,2397239405,5171433833
268435456,4,1,39,300,21,2091543546,4870220849
268435456,4,1,4,270,19,1336496373,4118916423
268435456,4,1,62,300,21,1737104396,4518160324
268435456,4,1,79,240,17,2465800235,5244343418
