n,k,i,p,m,r,t,T
1024,2,1024,4277723816,20,5,2553037,2608401
1024,2,1024,4281628248,40,9,399980,460840
1024,2,1024,4286686046,25,6,309399,368517
1024,2,1024,4289655683,40,9,358522,431949
1024,2,1024,4290584000,20,5,247546,308829
1024,2,1024,4292449188,35,8,317975,377815
1024,2,1024,4293750899,40,9,278124,336820
1024,2,1024,4294217275,30,7,392226,452333
1024,2,1024,4294294247,20,5,331030,391889
1024,2,1024,4294785229,50,11,340817,401611
2048,2,2048,4287231173,40,9,469955,554917
2048,2,2048,4289170943,55,12,407488,494863
2048,2,2048,4289692195,55,12,342492,439876
2048,2,2048,4291946098,20,5,247477,353622
2048,2,2048,4293603514,35,8,310974,394188
2048,2,2048,4293976762,50,11,1750572,1844356
2048,2,2048,4294188077,50,11,414197,494325
2048,2,2048,4294439657,30,7,288973,394713
2048,2,2048,4294522612,35,8,407595,490713
2048,2,2048,4294961911,35,8,277706,358705
4096,2,4096,4292503872,40,9,305458,431776
4096,2,4096,4292900342,30,7,780229,907288
4096,2,4096,4294383622,30,7,351208,481106
4096,2,4096,4294414843,30,7,376854,501631
4096,2,4096,4294455397,35,8,306767,439129
4096,2,4096,4294600150,45,10,484130,611282
4096,2,4096,4294682008,40,9,435130,563269
4096,2,4096,4294716576,30,7,4225828,4351679
4096,2,4096,4294756822,45,10,440957,565889
4096,2,4096,4294957915,35,8,341090,465649
8192,2,8192,4293700158,30,7,378124,587869
8192,2,8192,4294042788,40,9,442678,652529
8192,2,8192,4294198504,60,13,476471,690481
8192,2,8192,4294307752,45,10,360989,613427
8192,2,8192,4294500304,50,11,666672,905959
8192,2,8192,4294661658,70,15,490352,700370
8192,2,8192,4294806969,40,9,334985,566081
8192,2,8192,4294883784,60,13,343363,572810
8192,2,8192,4294886212,50,11,344413,580003
8192,2,8192,4294953367,75,16,531117,744238
16384,2,16384,4294182165,50,11,779325,1173608
16384,2,16384,4294452433,50,11,570620,991316
16384,2,16384,4294552368,75,16,643436,1068679
16384,2,16384,4294649848,35,8,381199,773104
16384,2,16384,4294718970,50,11,486236,883463
16384,2,16384,4294815016,50,11,570686,998897
16384,2,16384,4294834979,50,11,571983,972312
16384,2,16384,4294935974,70,15,549058,946939
16384,2,16384,4294956228,55,12,567453,958018
16384,2,16384,4294961946,55,12,988154,1411576
32768,2,32768,4294226954,60,13,884758,1673314
32768,2,32768,4294672503,50,11,2151356,2896510
32768,2,32768,4294779597,40,9,545473,1289153
32768,2,32768,4294825575,35,8,1014177,1750279
32768,2,32768,4294830828,45,10,1030427,1767253
32768,2,32768,4294878284,55,12,607445,1344987
32768,2,32768,4294878395,40,9,566481,1296327
32768,2,32768,4294902180,50,11,940403,1680828
32768,2,32768,4294921285,50,11,2777735,3520886
32768,2,32768,4294923923,55,12,585818,1326512
65536,2,65536,4294580195,35,8,857832,2290121
65536,2,65536,4294834037,60,13,1664000,3166867
65536,2,65536,4294840162,75,16,2298675,3752453
65536,2,65536,4294854449,65,14,1791250,3229817
65536,2,65536,4294924932,65,14,1726459,3169350
65536,2,65536,4294925392,85,18,2173767,3621297
65536,2,65536,4294926310,70,15,1372573,2845211
65536,2,65536,4294927568,40,9,1144009,2662213
65536,2,65536,4294955885,70,15,2338015,3764399
65536,2,65536,4294959887,85,18,1467412,2907008
131072,2,131072,4294888734,85,18,1483103,4374282
131072,2,131072,4294910115,90,19,1765147,4625248
131072,2,131072,4294912016,80,17,4624520,7511602
131072,2,131072,4294927109,60,13,4199626,7049313
131072,2,131072,4294929608,50,11,1836527,4704117
131072,2,131072,4294939610,75,16,3401941,6278087
131072,2,131072,4294941902,50,11,2246905,5072317
131072,2,131072,4294962021,65,14,3480860,6353022
131072,2,131072,4294963027,65,14,5569309,8444457
131072,2,131072,4294963958,45,10,3150449,6049007
262144,2,262144,4294933006,70,15,4491417,10135818
262144,2,262144,4294952162,90,19,5873775,11499610
262144,2,262144,4294952959,55,12,5866553,11535487
262144,2,262144,4294953559,60,13,3949836,9587892
262144,2,262144,4294960710,65,14,4926150,10523061
262144,2,262144,4294962812,50,11,6559966,12157869
262144,2,262144,4294965047,65,14,26934508,32589667
262144,2,262144,4294965307,85,18,4081402,9638935
262144,2,262144,4294965363,50,11,2426291,8012591
262144,2,262144,4294967194,65,14,5884796,11477342
524288,2,524288,4294937507,105,22,12421751,23525305
524288,2,524288,4294951287,105,22,8356051,19506631
524288,2,524288,4294956400,45,10,4131376,15358848
524288,2,524288,4294958655,80,17,11311193,22438591
524288,2,524288,4294961809,65,14,12540867,23657116
524288,2,524288,4294961832,75,16,8967932,20191847
524288,2,524288,4294962401,80,17,8597771,19720615
524288,2,524288,4294963980,95,20,22336311,33561050
524288,2,524288,4294964490,60,13,6611859,17751092
524288,2,524288,4294964588,55,12,9212715,20386018
1048576,2,1048576,4294955114,80,17,9057345,32382901
1048576,2,1048576,4294958319,75,16,12813711,35730463
1048576,2,1048576,4294965252,60,13,22749421,45651580
1048576,2,1048576,4294965597,55,12,9957492,32879342
1048576,2,1048576,4294966252,55,12,21975436,45162195
1048576,2,1048576,4294966668,65,14,9541831,32455435
1048576,2,1048576,4294966680,60,13,17944271,40835462
1048576,2,1048576,4294966797,75,16,20667834,43559356
1048576,2,1048576,4294967138,95,20,26252846,49144892
1048576,2,1048576,4294967141,45,10,16968520,39724043
2097152,2,2097152,4294963138,85,18,24365108,69541795
2097152,2,2097152,4294963847,60,13,48848569,106457860
2097152,2,2097152,4294964435,80,17,49662249,94569675
2097152,2,2097152,4294965147,60,13,33529985,79082088
2097152,2,2097152,4294965262,75,16,31573959,76578528
2097152,2,2097152,4294965523,100,21,123624747,188336138
2097152,2,2097152,4294965755,60,13,54542257,110292281
2097152,2,2097152,4294966493,95,20,108347623,173873955
2097152,2,2097152,4294966510,70,15,33511494,78371656
2097152,2,2097152,4294967261,85,18,17334610,62418629
4194304,2,4194304,4294965157,75,16,165897126,279606546
4194304,2,4194304,4294965440,80,17,85597662,175697240
4194304,2,4194304,4294966481,110,23,44707080,134080111
4194304,2,4194304,4294966610,85,18,63623689,153033910
4194304,2,4194304,4294966622,90,19,70927716,161479208
4194304,2,4194304,4294966779,135,28,159157689,248489788
4194304,2,4194304,4294967100,70,15,98978419,188065279
4194304,2,4194304,4294967203,75,16,84488297,242644308
4194304,2,4194304,4294967268,90,19,61239089,149724858
4194304,2,4194304,4294967289,80,17,117779386,248587272
8388608,2,8388608,4294966177,125,26,290136720,466463755
8388608,2,8388608,4294966270,90,19,183640028,359356110
8388608,2,8388608,4294966339,90,19,390874729,615492929
8388608,2,8388608,4294966926,90,19,422433524,762644264
8388608,2,8388608,4294966937,70,15,160124735,407560110
8388608,2,8388608,4294967046,110,23,204985772,382317623
8388608,2,8388608,4294967057,80,17,117160129,435881932
8388608,2,8388608,4294967123,90,19,185571236,363097648
8388608,2,8388608,4294967161,95,20,83758844,260044478
8388608,2,8388608,4294967194,75,16,120556579,342491505
16777216,2,16777216,4294966841,85,18,415341792,926548427
16777216,2,16777216,4294966921,75,16,966939450,1639957514
16777216,2,16777216,4294966996,105,22,199220206,728383779
16777216,2,16777216,4294967082,120,25,234596374,657236185
16777216,2,16777216,4294967115,65,14,357456669,1012351772
16777216,2,16777216,4294967160,105,22,212819652,634622544
16777216,2,16777216,4294967209,85,18,850274224,1544014743
16777216,2,16777216,4294967240,75,16,139690478,651177445
16777216,2,16777216,4294967258,80,17,141521392,493547511
16777216,2,16777216,4294967270,110,23,274292124,871039012
33554432,2,33554432,4294966188,115,24,1601392996,2470960569
33554432,2,33554432,4294966894,115,24,819316581,2220579728
33554432,2,33554432,4294967065,115,24,723923993,1503790969
33554432,2,33554432,4294967085,100,21,559121207,1572609071
33554432,2,33554432,4294967095,105,22,939629239,2063688472
33554432,2,33554432,4294967102,110,23,793802274,2176034895
33554432,2,33554432,4294967152,110,23,1228647876,2143264061
33554432,2,33554432,4294967237,75,16,711880949,1411874751
33554432,2,33554432,4294967283,80,17,1154726795,2196673988
33554432,2,33554432,4294967291,80,17,1143062813,2418395148
67108864,2,67108864,4294967146,125,26,3397974803,5774056287
67108864,2,67108864,4294967164,90,19,1784882266,3760979036
67108864,2,67108864,4294967176,65,14,1284990383,2683134246
67108864,2,67108864,4294967225,90,19,2333938539,5071222243
67108864,2,67108864,4294967228,100,21,3096784625,5070493044
67108864,2,67108864,4294967247,95,20,3450783758,5535115770
67108864,2,67108864,4294967250,100,21,486773495,2098369288
67108864,2,67108864,4294967252,75,16,2120309849,4919424104
67108864,2,67108864,4294967277,100,21,934496858,3721465514
67108864,2,67108864,4294967284,95,20,2166651230,4942815001
134217728,2,134217728,4294967248,95,20,3512910697,8182896785
134217728,2,134217728,4294967257,100,21,3166523692,7907400732
134217728,2,134217728,4294967258,105,22,4670695708,9634487345
134217728,2,134217728,4294967262,115,24,4961302184,9648540328
134217728,2,134217728,4294967268,70,15,4085084705,7718391827
134217728,2,134217728,4294967270,90,19,5041135503,9794950537
134217728,2,134217728,4294967290,70,15,1596947974,6563437254
134217728,2,134217728,4294967291,120,25,2253969151,7680478105
134217728,2,134217728,4294967291,125,26,2739359038,5532237258
134217728,2,134217728,4294967292,75,16,4559139086,10136772042
268435456,2,268435456,4294967271,120,25,10354659065,21572614016
268435456,2,268435456,4294967275,90,19,12832118732,23206028775
268435456,2,268435456,4294967277,100,21,11960271412,23128911260
268435456,2,268435456,4294967278,110,23,4293003281,14635358518
268435456,2,268435456,4294967281,85,18,5515479892,15020944865
268435456,2,268435456,4294967281,90,19,7172508800,18353162542
268435456,2,268435456,4294967282,120,25,3339567590,8924758439
268435456,2,268435456,4294967283,100,21,12469423325,23478343323
268435456,2,268435456,4294967288,95,20,10250021684,20505803360
268435456,2,268435456,4294967294,135,28,14191311705,25416543396
