n,k,i,p,m,r,t,T
1024,32,512,1983168691,2170,15,88880245,88927484
1024,32,512,2099144339,2170,15,113270424,113316213
1024,32,512,2160742910,2015,14,89372401,89418087
1024,32,512,2179804169,2325,16,121228416,121275165
1024,32,512,2183830936,1550,11,107428854,107475729
1024,32,512,2196904034,2635,18,98386639,98439695
1024,32,512,2199444864,1550,11,96206661,96258871
1024,32,512,2223737717,1705,12,101358845,101461299
1024,32,512,2255684864,2790,19,110055476,110106653
1024,32,512,2302389574,1550,11,103613944,103667312
2048,32,1024,2104198609,2480,17,125814882,125863100
2048,32,1024,2121884010,2635,18,93383143,93436201
2048,32,1024,2132384834,2325,16,97073950,97125917
2048,32,1024,2147291589,2945,20,130925250,130973646
2048,32,1024,2161268455,2325,16,94095500,94151785
2048,32,1024,2163811625,1550,11,102973726,103027983
2048,32,1024,2164349172,2015,14,116864686,116911682
2048,32,1024,2168467619,2170,15,97659357,97718786
2048,32,1024,2198874604,2635,18,118931832,118990318
2048,32,1024,2217489697,2790,19,111395383,111449942
4096,32,2048,2105794864,2325,16,96695626,96751868
4096,32,2048,2114251239,1395,10,112082575,112138460
4096,32,2048,2117028532,2945,20,100808678,100862698
4096,32,2048,2117412116,2480,17,106896060,106950396
4096,32,2048,2128192800,2790,19,118928076,118985092
4096,32,2048,2136669091,1550,11,105130148,105179132
4096,32,2048,2162548016,1395,10,105799551,105850560
4096,32,2048,2165678425,1860,13,102106836,102164622
4096,32,2048,2175489770,2635,18,94858873,94914303
4096,32,2048,2179453091,2945,20,120156976,120207183
8192,32,4096,2106535543,2480,17,114380973,114438829
8192,32,4096,2110325462,3565,24,98669636,98721964
8192,32,4096,2121643289,2015,14,106916914,106973881
8192,32,4096,2130988048,2325,16,120652975,120711702
8192,32,4096,2142935449,2170,15,89267898,89329920
8192,32,4096,2151771822,3100,21,117077758,117159275
8192,32,4096,2152071995,3565,24,90072630,90132337
8192,32,4096,2155731274,2170,15,103644201,103696684
8192,32,4096,2164959994,3255,22,117077917,117131791
8192,32,4096,2169920433,2635,18,110119569,110174071
16384,32,8192,2101221618,1860,13,114591161,114651591
16384,32,8192,2125545607,3720,25,91542115,91604424
16384,32,8192,2126104328,2480,17,99266746,99331532
16384,32,8192,2135450210,2790,19,115745733,115804220
16384,32,8192,2136184674,2945,20,92481954,92545751
16384,32,8192,2143407524,2790,19,108854166,108920315
16384,32,8192,2148262306,3410,23,121175123,121235736
16384,32,8192,2148573621,2790,19,103649005,103707663
16384,32,8192,2162216723,2480,17,115068301,115133052
16384,32,8192,2163132910,2325,16,111295938,111361758
32768,32,16384,2121538101,3100,21,114796070,114884657
32768,32,16384,2126220138,3875,26,131563695,131682495
32768,32,16384,2128804069,3100,21,96923738,97012856
32768,32,16384,2136472752,3255,22,122011406,122095770
32768,32,16384,2141531496,3100,21,113069561,113157015
32768,32,16384,2143101100,3720,25,116218168,116300509
32768,32,16384,2152915354,2480,17,101618513,101705576
32768,32,16384,2153350703,1705,12,102587191,102668346
32768,32,16384,2153794969,2945,20,102649345,102730053
32768,32,16384,2161879033,3410,23,103025016,103111283
65536,32,32768,2132560876,2015,14,114626023,114818637
65536,32,32768,2138391696,2015,14,114448229,114580920
65536,32,32768,2143310779,3100,21,110138447,110269018
65536,32,32768,2145709887,3100,21,95457485,95550332
65536,32,32768,2148281799,4030,27,100111235,100241726
65536,32,32768,2148468581,2790,19,117833663,117927591
65536,32,32768,2149806478,2480,17,91901865,92046216
65536,32,32768,2152795035,3410,23,118904193,119037058
65536,32,32768,2155420152,3410,23,133642613,133735745
65536,32,32768,2157836754,3720,25,97735590,97984927
131072,32,65536,2137718238,3100,21,107756482,107971056
131072,32,65536,2139882074,4030,27,115789536,116000980
131072,32,65536,2145240414,2790,19,89670939,89883607
131072,32,65536,2148362206,3875,26,112154663,112369960
131072,32,65536,2148882098,3100,21,122415571,122625130
131072,32,65536,2149429215,3875,26,106394773,106609628
131072,32,65536,2149538327,3875,26,112495270,112711270
131072,32,65536,2149956197,2945,20,101710398,101926429
131072,32,65536,2150309718,3255,22,106930005,107148094
131072,32,65536,2157201295,3720,25,107303532,107518928
262144,32,131072,2144171877,3875,26,113457720,113859815
262144,32,131072,2145425714,2480,17,95171466,95573479
262144,32,131072,2147607151,5115,34,117957709,118349472
262144,32,131072,2148765332,3410,23,118001882,118392995
262144,32,131072,2148991809,2635,18,138738837,139227848
262144,32,131072,2149435131,4340,29,111652896,112052223
262144,32,131072,2149556819,3410,23,106707386,107109179
262144,32,131072,2150151394,4960,33,113624060,114023933
262144,32,131072,2151082222,2480,17,89733210,90130936
262144,32,131072,2152449142,3565,24,112213455,112610580
524288,32,262144,2144844056,3565,24,114491214,115234197
524288,32,262144,2146276893,3720,25,117508037,118275279
524288,32,262144,2146329698,3720,25,115645703,116388804
524288,32,262144,2147700926,5115,34,125266449,126015051
524288,32,262144,2148313102,4185,28,101089553,102550079
524288,32,262144,2149258518,3720,25,135209705,135953688
524288,32,262144,2150787409,3720,25,124249887,124993405
524288,32,262144,2151377198,4495,30,91829079,92943531
524288,32,262144,2152109005,5890,39,116502369,117263140
524288,32,262144,2153932656,4805,32,97125945,98178446
1048576,32,524288,2145852508,3875,26,119930575,121373760
1048576,32,524288,2146224905,3875,26,90183455,91618254
1048576,32,524288,2146491610,3720,25,116291084,117690759
1048576,32,524288,2146766258,3720,25,105207390,106652470
1048576,32,524288,2147622518,3720,25,120887220,122339483
1048576,32,524288,2147878252,4340,29,113474636,114916454
1048576,32,524288,2147908357,4650,31,114701105,115725756
1048576,32,524288,2147925409,4030,27,125038045,126280424
1048576,32,524288,2149630470,3720,25,124239378,125378031
1048576,32,524288,2149912544,3875,26,106788278,108205649
2097152,32,1048576,2146332829,4185,28,124645281,127459839
2097152,32,1048576,2146398064,4960,33,116799747,119137224
2097152,32,1048576,2147078698,5270,35,110622905,113415258
2097152,32,1048576,2147142012,3720,25,119758157,122556300
2097152,32,1048576,2147376460,5270,35,97865491,100691796
2097152,32,1048576,2147714519,4185,28,119711450,121964512
2097152,32,1048576,2148597006,4185,28,115258396,117934847
2097152,32,1048576,2148902682,4960,33,131300352,133582895
2097152,32,1048576,2149608853,2945,20,133011136,135118624
2097152,32,1048576,2150164241,3875,26,112003071,114809858
4194304,32,2097152,2143788681,4650,31,105597541,110189539
4194304,32,2097152,2144531202,4960,33,141265486,146874536
4194304,32,2097152,2146401281,4030,27,120707791,126320101
4194304,32,2097152,2147099668,2790,19,118994355,124588585
4194304,32,2097152,2147144648,3720,25,109699288,114440977
4194304,32,2097152,2147146967,6200,41,125834689,129979743
4194304,32,2097152,2147347729,5270,35,138987258,143157214
4194304,32,2097152,2147434799,5115,34,125613640,131308796
4194304,32,2097152,2148580868,4030,27,140936765,144871597
4194304,32,2097152,2149099987,4495,30,103937801,109401678
8388608,32,4194304,2146319363,4495,30,122318212,133453344
8388608,32,4194304,2146898934,3720,25,131482478,143130213
8388608,32,4194304,2147164377,4185,28,132873987,143949831
8388608,32,4194304,2147240726,3255,22,120944746,132046524
8388608,32,4194304,2147287847,5425,36,123102507,134003825
8388608,32,4194304,2147456948,4805,32,122798178,133660796
8388608,32,4194304,2147660992,4960,33,121351915,132306324
8388608,32,4194304,2147736295,3410,23,160392374,168472017
8388608,32,4194304,2148120537,4650,31,120502472,131715616
8388608,32,4194304,2148397965,4340,29,123780022,134932829
16777216,32,8388608,2146104595,5890,39,162643444,180336598
16777216,32,8388608,2146452683,6045,40,145331790,167140800
16777216,32,8388608,2147536351,4030,27,133001344,155484632
16777216,32,8388608,2147558451,3875,26,151003665,169671666
16777216,32,8388608,2147647246,5890,39,160105989,182007228
16777216,32,8388608,2147684145,5270,35,131777312,153771930
16777216,32,8388608,2147743435,4805,32,146989890,168191049
16777216,32,8388608,2147755926,5890,39,149258213,166881619
16777216,32,8388608,2147809073,3875,26,159377470,179878583
16777216,32,8388608,2147847847,3720,25,147630278,168126079
33554432,32,16777216,2146823442,6045,40,200812874,236712543
33554432,32,16777216,2147272304,5735,38,198369951,237011258
33554432,32,16777216,2147290264,5735,38,172225735,213189068
33554432,32,16777216,2147337764,5115,34,183292883,216886385
33554432,32,16777216,2147351408,4340,29,165943357,202228870
33554432,32,16777216,2147372214,4805,32,164816644,199938607
33554432,32,16777216,2147388996,4495,30,173248105,210471103
33554432,32,16777216,2147461063,6355,42,186362754,220430142
33554432,32,16777216,2147552329,6200,41,183046437,220515586
33554432,32,16777216,2148011228,5115,34,191075944,227140506
67108864,32,33554432,2147293598,6820,45,241242115,308366196
67108864,32,33554432,2147295864,6665,44,243881864,312459509
67108864,32,33554432,2147383814,6045,40,272526245,341610300
67108864,32,33554432,2147548568,5890,39,260478253,331409286
67108864,32,33554432,2147622146,4495,30,276257297,346076545
67108864,32,33554432,2147648382,6975,46,283080078,351049256
67108864,32,33554432,2147763202,5425,36,211508579,282455513
67108864,32,33554432,2147778568,5425,36,247230539,313709126
67108864,32,33554432,2148073861,6200,41,240377065,307525477
67108864,32,33554432,2148113720,4340,29,217124850,282807966
134217728,32,67108864,2147147176,6510,43,452041576,589514975
134217728,32,67108864,2147269253,5115,34,407721228,542762922
134217728,32,67108864,2147323008,5735,38,436960452,564248256
134217728,32,67108864,2147335098,7130,47,530065375,665089518
134217728,32,67108864,2147335703,4805,32,510228403,647295613
134217728,32,67108864,2147364316,6975,46,580685845,714785296
134217728,32,67108864,2147662104,5270,35,509891983,639708127
134217728,32,67108864,2147674963,4650,31,419553559,552422913
134217728,32,67108864,2147678773,4185,28,322865869,454566977
134217728,32,67108864,2147774177,5115,34,454216252,589468798
268435456,32,134217728,2147319247,6355,42,808660379,1073471076
268435456,32,134217728,2147365228,5425,36,1028405056,1232145745
268435456,32,134217728,2147397100,6355,42,843022542,1108747771
268435456,32,134217728,2147434193,6665,44,966257532,1229379165
268435456,32,134217728,2147455949,6045,40,754024781,1018655158
268435456,32,134217728,2147494869,6200,41,793524453,1005156967
268435456,32,134217728,2147515628,6820,45,588772996,851731182
268435456,32,134217728,2147572774,3720,25,622291007,884187181
268435456,32,134217728,2147677687,5735,38,803342239,1066044786
268435456,32,134217728,2147765248,6355,42,823558177,1089063397
