n,k,i,p,m,r,t0,t1,t2,t3,t4,t5,t6,t7,t
1024,8,8,2044448397,476,18,278683419,260971241,272638804,267468008,279600769,267060508,278934089,272278045,279600769
1024,8,8,2075280183,560,21,242228278,256726050,264201737,238716884,254780689,248331100,243113994,256152555,264201737
1024,8,8,2109731893,308,12,256267346,242091744,254291714,246252504,252451658,246122679,242568021,257102224,257102224
1024,8,8,2141413506,28,2,244456044,238381562,232646798,230136508,247315463,235926427,247795572,240735230,247795572
1024,8,8,2144543285,364,14,292551093,289789076,277939269,282123100,284798719,283887441,274946280,281397080,292551093
1024,8,8,2163695522,532,20,277393897,271047742,262999290,259851417,270921142,269121870,258498498,264027542,277393897
1024,8,8,2179007806,308,12,263399047,255574579,243968725,249878226,255265295,254674852,247150014,243658765,263399047
1024,8,8,2232958147,308,12,248882093,244686520,258681906,251671755,239983426,241478384,249386778,237734366,258681906
1024,8,8,2243511745,196,8,280954933,290263346,276352984,275514578,284805948,285677960,274715203,280359889,290263346
1024,8,8,2270508696,588,22,270397057,268536210,255996582,261364999,278977402,272454045,278420190,267521807,278977402
2048,8,8,2062588941,224,9,246370036,238845840,235361081,258813951,254240019,260732040,247013482,252693203,260732040
2048,8,8,2073876354,420,16,240174849,256578840,251729239,247286142,256628444,246666119,254397084,242958558,256628444
2048,8,8,2113848634,364,14,261938769,257317721,270528874,252524648,264621262,260665959,251574528,257091740,270528874
2048,8,8,2127953072,252,10,270443218,250753845,256876544,264207372,268226396,273094672,259151113,262347261,273094672
2048,8,8,2134801505,364,14,251958233,265135855,247901748,266021837,258608131,253328805,264411348,245383216,266021837
2048,8,8,2135592890,308,12,259945680,252018685,244020462,240789423,259245772,249002403,261414042,255497069,261414042
2048,8,8,2136178842,280,11,260973468,254102970,262568796,250741392,242853904,262014922,250843125,254704102,262568796
2048,8,8,2159887358,476,18,263192267,266329139,256128755,251968650,238632507,262954365,254992737,248356944,266329139
2048,8,8,2200370209,420,16,260031487,246961802,236922589,253100179,250163226,256422182,261212279,249243646,261212279
2048,8,8,2215274668,728,27,247774949,252527240,260744423,267112488,270021358,270225315,263399701,259421462,270225315
4096,8,8,2132423245,392,15,263771262,248299347,240001309,256615215,263745891,261221775,255572827,251556867,263771262
4096,8,8,2135524734,588,22,266435398,254101021,272222997,260834987,272474497,258887061,271086140,263845041,272474497
4096,8,8,2142189931,392,15,272989250,275738172,287169804,272168352,283909293,252581257,270934735,260614968,287169804
4096,8,8,2142204297,364,14,272334873,270497969,274687402,263657869,267574611,262547929,255791392,262058035,274687402
4096,8,8,2146132157,532,20,259251166,264307623,253415141,250471350,246271885,263602631,257362675,252319152,264307623
4096,8,8,2149966327,532,20,271562376,274467569,276417369,257263003,262240017,270555546,266546760,277468889,277468889
4096,8,8,2188231086,392,15,251929287,233606677,244869551,239644993,247932274,244744952,239546532,237092458,251929287
4096,8,8,2188711358,308,12,260445656,265409472,250348294,262532677,253871859,260331394,254729347,251100794,265409472
4096,8,8,2208007220,308,12,275694471,258511397,251867491,267513414,266613306,255150080,267104492,259990928,275694471
4096,8,8,2230490226,308,12,246488949,234441852,229285764,239720166,250640692,248604468,238956352,229498619,250640692
8192,8,8,2139011740,560,21,258012191,254058778,247231800,243007557,252871507,250696686,241801243,250734500,258012191
8192,8,8,2141743672,420,16,259822344,253331013,260381096,265504197,248097508,258094624,252621151,248475680,265504197
8192,8,8,2142584051,448,17,272721084,295510961,284093998,283342150,289261166,280512714,273248011,275838045,295510961
8192,8,8,2144687862,308,12,262071208,258757899,254457909,248383869,270679486,259387707,271656800,265322848,271656800
8192,8,8,2151741569,336,13,248282462,235378663,247580050,241773557,229911771,239809892,236819172,246816088,248282462
8192,8,8,2158843560,672,25,269841856,269108364,259796539,256529979,267594087,268466103,255107995,259865535,269841856
8192,8,8,2160677492,224,9,270726163,261208816,249845175,255881549,264214622,261415991,250569527,256236288,270726163
8192,8,8,2161033668,504,19,248667972,255691140,258529568,246631834,238767088,249869667,257705809,249807536,258529568
8192,8,8,2173054127,588,22,279220501,267221874,273612687,278633624,262615767,283411132,273820079,277567686,283411132
8192,8,8,2173799069,364,14,267790532,260836660,272701529,255000456,263959307,248213713,262813805,258746793,272701529
16384,8,8,2107397146,252,10,262182105,272637149,267987191,255581371,274100093,268390459,251192164,260046042,274100093
16384,8,8,2137238509,476,18,263732042,251735590,266719244,248562250,259964992,260334269,255174233,267720496,267720496
16384,8,8,2137540863,448,17,245480049,237073932,258213616,249980024,252153839,251104489,244811744,243536564,258213616
16384,8,8,2142118803,392,15,259355909,247013898,253301343,265857158,260802266,259586293,247199795,252594564,265857158
16384,8,8,2152132346,420,16,265948273,270324487,268906122,260746899,254950647,265764275,254329725,258110896,270324487
16384,8,8,2152742197,448,17,282747513,271001697,277521747,285749718,265738569,281413126,269951339,264174380,285749718
16384,8,8,2155789243,420,16,239141094,246435789,251199797,233526512,251594565,237750111,250408468,243568210,251594565
16384,8,8,2158961482,336,13,238665001,250899722,242778668,254403711,253537161,243105730,252858780,242557825,254403711
16384,8,8,2166843744,336,13,247699525,240289315,246298808,234233721,229480704,234229254,246106096,240926406,247699525
16384,8,8,2171075871,280,11,223090073,254659961,253074488,244684381,235333215,253890999,249100408,246383924,254659961
32768,8,8,2133290406,560,21,260250428,259779885,248131065,240676751,252014758,254731419,251374596,262637042,262637042
32768,8,8,2135163401,392,15,266065232,258349743,252260371,246745548,264883384,256993784,265526680,253347841,266065232
32768,8,8,2136086520,616,23,274420088,260432969,267534935,255427304,271039244,261805560,253244446,242317820,274420088
32768,8,8,2142069100,560,21,253972656,243244841,250838458,239282833,254648888,256092873,246592744,241125318,256092873
32768,8,8,2144819882,476,18,265628996,253562386,260366712,249369966,267147054,264104700,269970764,262145052,269970764
32768,8,8,2145113911,336,13,289395123,285882260,282663710,289521337,273178668,278114879,281859064,293616273,293616273
32768,8,8,2148499268,364,14,265832415,271554209,257700160,254531699,265473136,254222925,264610044,257717194,271554209
32768,8,8,2154306381,476,18,267458332,263939917,256447318,251741258,268349403,278019193,274697488,263778335,278019193
32768,8,8,2157458006,336,13,234214316,245910571,251108114,240246178,253722344,251791311,241025008,247493806,253722344
32768,8,8,2158389168,672,25,261586190,252611092,243791790,236725743,261560645,245680144,259312028,252451190,261586190
65536,8,8,2134750241,588,22,283972236,267371671,283074899,272237200,281499674,276105735,284700237,277967012,284700237
65536,8,8,2138649067,336,13,262159778,252071425,258726503,246660676,254722565,252512580,245175480,240402069,262159778
65536,8,8,2140293535,476,18,252206419,255677608,263496930,261991341,249230590,251683357,240752734,246679178,263496930
65536,8,8,2141043988,504,19,258596472,246320601,258753999,238815466,250867875,258886430,247532393,252877516,258886430
65536,8,8,2141944184,420,16,263967843,252591604,244101362,256999751,255571999,249652766,239256448,248082505,263967843
65536,8,8,2142717406,560,21,245889808,249537597,255765686,238207112,255769502,251017981,242529748,245696883,255769502
65536,8,8,2144043251,616,23,267471106,271489208,255293462,260084185,263880956,250664531,258216607,243611888,271489208
65536,8,8,2150622570,448,17,245361065,233871226,254988296,258213733,243426583,253686630,242161381,247107024,258213733
65536,8,8,2151617313,532,20,264756004,266630692,258883206,246211011,254249853,265837013,258033502,254573490,266630692
65536,8,8,2153546045,392,15,261813355,250268815,247422070,259381628,264352469,262796087,254921033,251578393,264352469
131072,8,8,2137955492,504,19,278170469,283854882,272172496,282468955,271023942,273462121,258957049,266717807,283854882
131072,8,8,2139787156,448,17,255819918,253644233,247024429,243239952,259734921,244065733,255599958,250342131,259734921
131072,8,8,2144751364,364,14,247894738,242255248,254025219,239272794,254605928,251111443,243932506,241584596,254605928
131072,8,8,2145939416,476,18,274955617,259876856,271641602,263933194,272432672,269602944,258640675,265167756,274955617
131072,8,8,2149399989,616,23,278992943,278136611,282411218,267043022,272076855,263149172,275642854,268484490,282411218
131072,8,8,2149672197,532,20,254935132,241566797,251529851,247635157,234688813,242732009,247671314,258454326,258454326
131072,8,8,2151614112,364,14,267754352,275690518,274422066,261128237,282124503,262316047,276181012,268358539,282124503
131072,8,8,2152547887,728,27,270773671,267097032,279407361,261637522,278893040,266777898,271986491,279071313,279407361
131072,8,8,2155415191,560,21,291872732,295594876,279785236,290353867,304326683,300853411,289833328,294223260,304326683
131072,8,8,2157070725,448,17,249741330,258269529,246366178,263808248,259664945,247779696,259642408,253533389,263808248
262144,8,8,2142105666,532,20,263318444,252070148,258369318,263089172,247514704,249558888,262197080,256071506,263318444
262144,8,8,2142736472,476,18,275491785,268756690,280349004,263295736,273156649,262711333,272924676,267880753,280349004
262144,8,8,2142814420,672,25,254385499,264248641,263974575,249772643,264390652,265076409,253618292,259115611,265076409
262144,8,8,2143499656,532,20,259961782,266944516,254113504,269464324,250381705,270817210,263893804,259694990,270817210
262144,8,8,2144964351,532,20,266599563,255479521,275458515,279906589,275190312,264096036,266439441,271056885,279906589
262144,8,8,2147135587,476,18,271198469,279324048,286014886,270608675,289444888,287103589,275818015,280537688,289444888
262144,8,8,2148034356,588,22,278760538,269654255,264700412,276450004,274394803,262789523,274390329,266528447,278760538
262144,8,8,2148278163,672,25,265261463,267306423,256563329,250820275,270809447,266403280,255142854,259795432,270809447
262144,8,8,2149586632,476,18,256260875,270356744,263814553,251493272,270593861,247995920,254663142,262817077,270593861
262144,8,8,2152126864,644,24,276153795,273521269,263584502,268690775,277062863,270039966,264464239,282169393,282169393
524288,8,8,2144950964,840,31,266762893,271558578,279350866,282971584,266661956,290878275,281662352,274407268,290878275
524288,8,8,2147411954,588,22,265856575,257467756,253969450,245882785,265699074,267271529,260713118,254348597,267271529
524288,8,8,2147413945,588,22,270022638,267605799,274766941,263458816,259642432,269697814,258649425,263538282,274766941
524288,8,8,2147637118,756,28,263198728,259075455,251367119,247797855,270376316,255183056,266076139,261113449,270376316
524288,8,8,2148937509,448,17,308238915,303490008,302973815,292289042,298222558,303708442,296353260,299108576,308238915
524288,8,8,2149187854,532,20,286578437,280016959,291745329,273838543,285454705,279498858,275640292,285734102,291745329
524288,8,8,2149459670,560,21,286107349,285686274,304287492,275217113,291286484,280189366,299582844,288257960,304287492
524288,8,8,2149745940,588,22,267192035,274233333,276976037,260514964,265397433,265451610,274747186,269444063,276976037
524288,8,8,2152338817,644,24,270787111,254526182,265371127,275193934,247135109,266087918,273194122,262311459,275193934
524288,8,8,2153458065,560,21,270420751,271901451,276861319,265232746,259534616,267060574,259005866,263427318,276861319
1048576,8,8,2144911694,728,27,314025127,304457921,295543266,291239346,311602250,305894894,291115232,297636510,314025127
1048576,8,8,2145167632,672,25,293238264,279626591,270290962,289425240,291376446,281696980,295490656,286462116,295490656
1048576,8,8,2145507733,672,25,312600863,308961294,306841735,302738474,304632057,307959005,315267373,299975333,315267373
1048576,8,8,2146124040,644,24,303597015,287563773,299257934,283920969,296379058,302971484,294459853,297768533,303597015
1048576,8,8,2146451855,588,22,302261799,311192128,297897605,305684948,298566095,315818987,311429336,304847191,315818987
1048576,8,8,2146543499,700,26,316041559,310077890,322985913,298813421,329536165,326536183,319969598,318978315,329536165
1048576,8,8,2148059130,644,24,279637940,273597116,268788414,286429346,290828008,283464895,289127804,279385077,290828008
1048576,8,8,2148348839,532,20,289193324,275135406,278821383,271941491,285598385,291702761,282333307,291557675,291702761
1048576,8,8,2148574320,504,19,293592936,286558486,301990693,298339393,290366025,286891074,285577641,298895710,301990693
1048576,8,8,2150052913,616,23,296749208,309092722,303293434,291915716,307981495,311717548,297119542,301447244,311717548
2097152,8,8,2145621013,924,34,336722981,331743986,335756265,324558796,318912323,330241239,334874488,324103940,336722981
2097152,8,8,2145849592,588,22,328108011,308141066,329714531,320923248,318050618,316792009,330650302,323191396,330650302
2097152,8,8,2145928349,896,33,321420349,325595323,322544117,337725663,332412787,326786140,316425987,312218367,337725663
2097152,8,8,2146373722,588,22,342111871,342676655,330515500,335766845,329148450,335810797,341517057,330161610,342676655
2097152,8,8,2146612436,448,17,352361197,343948861,338519389,320121880,328589779,338206647,350094844,342755614,352361197
2097152,8,8,2147574565,560,21,339400641,329171721,324263345,318596362,335954849,326504137,338299711,335050383,339400641
2097152,8,8,2147745193,532,20,354974037,347032199,343150128,356842483,365259473,344234320,355550918,349998848,365259473
2097152,8,8,2148337131,728,27,317998572,326255018,309871348,312341602,308939176,324071687,319208109,313927440,326255018
2097152,8,8,2148703638,532,20,328329053,333514239,319518987,331032815,322983372,315688650,332592361,320295060,333514239
2097152,8,8,2148724502,448,17,344006719,339692433,328476128,334334927,339479399,336239558,324945874,331615353,344006719
4194304,8,8,2146368407,896,33,417186720,415673555,409449740,405136221,423472634,420688626,410220026,415957138,423472634
4194304,8,8,2147179386,952,35,432534237,425243295,443280827,423277313,440332108,440320748,429904181,435353895,443280827
4194304,8,8,2147389367,588,22,419415832,407559525,428685527,415437990,425424522,430099204,417516206,424415541,430099204
4194304,8,8,2147531225,812,30,400008996,391266406,407264468,401887636,410135893,398869629,414802609,405504301,414802609
4194304,8,8,2147633456,700,26,415522834,423030943,410879277,427482462,434046388,440252625,426472908,431675403,440252625
4194304,8,8,2147655241,812,30,424179391,426473461,429684515,418875362,415494581,418102608,415538437,425354402,429684515
4194304,8,8,2148165470,700,26,426657696,421813062,435879381,411783507,433026079,422294406,433585213,426942460,435879381
4194304,8,8,2148425126,812,30,425851615,414526375,431221481,419488305,424308463,429076261,418082347,415187391,431221481
4194304,8,8,2148464715,644,24,407910211,415091553,427668769,421820348,416688076,403251098,415873877,409124134,427668769
8388608,8,8,2146303115,700,26,638474410,631689165,626991131,619879751,636179073,631199049,626523037,617141398,638474410
8388608,8,8,2146768575,672,25,623170115,602496046,615277680,609093430,607241626,610904379,599086069,603500723,623170115
8388608,8,8,2146926230,1092,40,614394525,622744206,605712837,600119187,624503701,623682000,613898581,617606360,624503701
8388608,8,8,2147276790,868,32,632103296,616868762,624138353,611853702,623960754,611494709,617831278,623836858,632103296
8388608,8,8,2147374712,672,25,643856802,642037711,647919384,636098539,630807162,622221142,636264098,628494628,647919384
8388608,8,8,2147441965,756,28,603475824,616333466,620752716,619318318,603079900,611846186,607923363,620001422,620752716
8388608,8,8,2147612850,448,17,605023707,615421384,621640616,615909988,606765783,615407480,606430072,610213972,621640616
8388608,8,8,2147707139,616,23,610789433,605935806,623461405,623874225,618254547,612954255,617212550,626666494,626666494
8388608,8,8,2148043825,700,26,606187059,617412325,613723381,601030795,619218003,618722270,613050537,608424214,619218003
8388608,8,8,2148252542,784,29,616144487,604649469,622192085,610545734,614160789,605402514,595823601,613134680,622192085
16777216,8,8,2146791428,812,30,1008691983,1019676437,1003057632,1016406313,1016847328,1010801434,1005326650,1003456466,1019676437
16777216,8,8,2147068486,868,32,1030805801,1022925798,1015360502,1026734635,1027796677,1025685853,1006966213,1015898446,1030805801
16777216,8,8,2147287398,924,34,1008775581,1016444156,1021216290,1006234454,1017001989,1019764756,1007062270,1011159893,1021216290
16777216,8,8,2147537783,784,29,986692185,991874382,1003900975,1000991105,997621530,1004047036,986938125,992813367,1004047036
16777216,8,8,2147556823,700,26,994711486,974412221,994419002,978728243,1000467897,985239804,980037318,991653597,1000467897
16777216,8,8,2147600980,868,32,998950504,991156818,986370358,976049302,996835579,988873988,989712248,999784459,999784459
16777216,8,8,2147622194,644,24,1004460049,997527821,983669146,979303569,991166568,996594069,991126072,995104233,1004460049
16777216,8,8,2147662583,784,29,1030862444,1013993417,1039254484,1020466464,1028835761,1038769638,1027581254,1031845007,1039254484
16777216,8,8,2147892331,616,23,1030507710,1015110264,1029491358,1026786285,1019494044,1010366087,1017340753,1028656633,1030507710
16777216,8,8,2147923751,588,22,982954001,995454071,990759879,1003114776,999172068,987279290,998252543,993078252,1003114776
33554432,8,8,2146938698,644,24,1823280521,1809002299,1826280016,1815461690,1817692137,1806984708,1801636789,1815335520,1826280016
33554432,8,8,2147184896,812,30,1830981462,1820662464,1808881599,1825948561,1828082883,1832255582,1821159958,1816217155,1832255582
33554432,8,8,2147233009,728,27,1827805659,1825871585,1814854835,1833167503,1821216015,1829141530,1818111244,1822470933,1833167503
33554432,8,8,2147250134,644,24,1823263549,1828011934,1823061863,1815325373,1811451192,1819819198,1808100267,1813687281,1828011934
33554432,8,8,2147262014,924,34,1817413989,1805440799,1818435094,1807152029,1803524777,1815456844,1819441223,1809488518,1819441223
33554432,8,8,2147334936,952,35,1809206647,1794062896,1788347200,1802968784,1812160610,1803083237,1797846483,1809247418,1812160610
33554432,8,8,2147357825,812,30,1803627100,1798705690,1810417864,1791177693,1813249047,1813281618,1804274401,1803390864,1813281618
33554432,8,8,2147382321,560,21,1818317054,1802555936,1814668791,1807825407,1822448419,1828289863,1817647944,1812139651,1828289863
33554432,8,8,2147512396,588,22,1804411354,1785997504,1791190975,1814912001,1798931721,1795941977,1812299404,1810414252,1814912001
33554432,8,8,2147774323,728,27,1822169830,1815418806,1827268785,1811822912,1822312322,1810586100,1822293254,1816326630,1827268785
67108864,8,8,2146801693,784,29,3503881228,3516432239,3511508131,3526665487,3518795053,3515371389,3506627687,3511440270,3526665487
67108864,8,8,2147088355,952,35,3499949089,3507778638,3496222353,3498252694,3489724490,3499049578,3486997149,3491404499,3507778638
67108864,8,8,2147125293,644,24,3504793963,3514087816,3493519182,3499327793,3492407523,3510376826,3505387741,3499867698,3514087816
67108864,8,8,2147273271,980,36,3519508625,3507877340,3502249482,3517338722,3515290701,3504511608,3500285908,3512392679,3519508625
67108864,8,8,2147315628,812,30,3502283798,3487540297,3493872969,3482140375,3495376931,3506209342,3503126293,3492271373,3506209342
67108864,8,8,2147554322,812,30,3489804695,3507163080,3499057326,3503230761,3511706254,3504512450,3499775495,3494752143,3511706254
67108864,8,8,2147587153,868,32,3481147398,3486721521,3497748296,3500510402,3496277354,3483036804,3490331108,3495154388,3500510402
67108864,8,8,2147858913,756,28,3507410611,3501581133,3497997282,3511858415,3495679916,3507440545,3499072496,3502294675,3511858415
67108864,8,8,2147981188,700,26,3494778963,3512126925,3519571532,3504322549,3488812523,3506345467,3518413439,3510688117,3519571532
134217728,8,8,2147355310,616,23,7015052972,7014665415,6996044516,7005212334,6991099487,7002199145,7006931635,7014997355,7015052972
134217728,8,8,2147373105,840,31,7013827827,7006567771,6996492709,7026712763,7023876458,7022841347,7011553379,7016507266,7026712763
134217728,8,8,2147433586,952,35,7051088898,7056116176,7044187960,7039364783,7067419518,7056251620,7065887721,7054308578,7067419518
134217728,8,8,2147445228,868,32,7001949499,7007991169,6996431055,7004364321,6993663998,7003102979,6992829061,6996768071,7007991169
134217728,8,8,2147461134,700,26,7032018822,7043900065,7037815468,7028962198,7046679818,7046373371,7041810447,7036413013,7046679818
134217728,8,8,2147478423,784,29,7003843243,7008942032,6996712130,6991401001,7010311263,6992749380,6999386673,7004733359,7010311263
134217728,8,8,2147616534,728,27,7009565348,7021664075,7003270869,6995586814,7011944491,6995343113,7008961170,7002528844,7021664075
134217728,8,8,2147624208,952,35,7018282379,7003840777,7007983756,6999340680,7019535778,7007893504,7013345425,7015899805,7019535778
268435456,8,8,2147284612,1008,37,14271782148,14272180112,14274614420,14267301667,14263749137,14273949628,14262122262,14267638058,14274614420
268435456,8,8,2147472885,728,27,14282108518,14289318296,14278301441,14283421918,14275382803,14289524635,14275786841,14278896739,14289524635
268435456,8,8,2147486923,728,27,14278826050,14267354462,14263904227,14275789695,14269201223,14278419357,14261480183,14254382473,14278826050
268435456,8,8,2147610057,980,36,14313018682,14319525736,14312297489,14309589528,14303455214,14298275894,14312808105,14305149518,14319525736
