n,k,i,p,m,r,t0,t1,t2,t3,t
1024,4,4,114646,132,12,177814927,183778710,172820525,167854167,183778710
1024,4,4,1548996,144,13,191499834,184983513,179710988,173416714,191499834
1024,4,4,1577309,108,10,191788280,186228176,197860626,182516007,197860626
1024,4,4,1892300,156,14,165482823,172073095,178465444,160856038,178465444
1024,4,4,2254142,108,10,182502729,179199673,171833368,187927879,187927879
1024,4,4,2555980,168,15,164459798,176569948,171514693,183627654,183627654
1024,4,4,3138544,180,16,162826981,174770025,166862635,178541843,178541843
1024,4,4,5447490,156,14,168678202,163760286,183358618,175933762,183358618
1024,4,4,65608,168,15,194680965,186554313,183338627,175478391,194680965
1024,4,4,740540,132,12,186887358,180962498,174525877,168743701,186887358
1024,4,4,7791817,120,11,168715425,186340056,176238731,182002091,186340056
2048,4,4,1686903,180,16,179819484,164767919,174861901,168982648,179819484
2048,4,4,233803,156,14,176570670,193647926,187450241,168752886,193647926
2048,4,4,293855,144,13,189862590,200424965,198757162,187186754,200424965
2048,4,4,336319,132,12,181726778,189818253,176622165,169876277,189818253
2048,4,4,3823200,156,14,174737144,162893355,180877907,168947671,180877907
2048,4,4,409381,156,14,168131298,162245166,159362889,179634396,179634396
2048,4,4,4549547,156,14,177020281,184708493,171406301,189180536,189180536
2048,4,4,45817,132,12,179330648,174017879,170523820,186453860,186453860
2048,4,4,4870395,120,11,169512545,175377330,158456489,166422432,175377330
2048,4,4,6455903,168,15,187164663,175335993,180556306,170062875,187164663
2048,4,4,816749,156,14,189030950,173808539,172892983,183800905,189030950
4096,4,4,1071000,204,18,180794256,187325975,171663651,162696441,187325975
4096,4,4,1111516,192,17,188117820,193419737,181773132,176805362,193419737
4096,4,4,1270061,204,18,164854995,176543140,170166861,181503501,181503501
4096,4,4,1305691,132,12,174075436,180268159,163101634,168573221,180268159
4096,4,4,1352496,156,14,188908765,184791487,174263651,181690616,188908765
4096,4,4,1539519,168,15,175231293,181847537,169842295,164514529,181847537
4096,4,4,201278,192,17,184998983,179975597,175028283,167538799,184998983
4096,4,4,3430532,216,19,165272855,177563628,176097221,184446534,184446534
4096,4,4,781114,192,17,191958862,176314333,180851158,188275284,191958862
4096,4,4,860473,228,20,179583949,166207946,158624721,170422915,179583949
4096,4,4,95924,204,18,169942439,182337470,179488244,165244852,182337470
8192,4,4,103300,168,15,160413988,174591409,180362755,167373463,180362755
8192,4,4,117784,216,19,181212759,187869851,178501164,170651862,187869851
8192,4,4,141985,216,19,181734042,177119080,188705755,172238656,188705755
8192,4,4,154732,168,15,168914949,175324486,179849431,164321246,179849431
8192,4,4,1654374,156,14,174665399,168107679,225430203,210505473,225430203
8192,4,4,208825,192,17,180283591,175158198,187431237,192491136,192491136
8192,4,4,311454,192,17,175230768,181683377,190251477,169857987,190251477
8192,4,4,393117,168,15,205389090,203244732,195586113,191274914,205389090
8192,4,4,673577,156,14,169177896,177609168,166452630,194594492,194594492
8192,4,4,72609,156,14,166022641,181512539,178371352,169958037,181512539
8192,4,4,751379,216,19,174862124,179370894,169026251,163878662,179370894
16384,4,4,118624,216,19,178246807,166136407,183410234,171730237,183410234
16384,4,4,135633,192,17,172378346,167534492,183726749,180137668,183726749
16384,4,4,152990,180,16,185071233,171039422,164411872,178447158,185071233
16384,4,4,17686,156,14,176537898,195929634,188310320,184004105,195929634
16384,4,4,194545,192,17,187165332,175659143,186013523,171449512,187165332
16384,4,4,20188,216,19,174818846,185268176,182549807,171226805,185268176
16384,4,4,219081,192,17,199985917,180064723,192805553,185590052,199985917
16384,4,4,284597,180,16,175595202,181750198,187873296,170882744,187873296
16384,4,4,300450,168,15,187577309,183297143,199314900,195057108,199314900
16384,4,4,457860,216,19,181801456,171572495,188900418,164238738,188900418
16384,4,4,53004,192,17,186284847,191791741,176387971,167486690,191791741
32768,4,4,185666,168,15,190895629,185783466,180316518,197656302,197656302
32768,4,4,197360,180,16,171455621,192704350,185599535,178583448,192704350
32768,4,4,20061,228,20,181972427,170249453,175931424,163159288,181972427
32768,4,4,25286,168,15,167638239,179639522,163675937,175638448,179639522
32768,4,4,305331,204,18,198619605,204269948,193832604,189423584,204269948
32768,4,4,58503,204,18,177122969,171454193,165536782,184914922,184914922
32768,4,4,58929,204,18,176961636,169164083,180139328,163725071,180139328
32768,4,4,7490,228,20,188057913,180285846,173122165,168017331,188057913
32768,4,4,76154,216,19,166079634,174657789,185926256,178684320,185926256
32768,4,4,80965,228,20,170298538,182080966,175379408,187001723,187001723
32768,4,4,8787,180,16,185011381,182011414,191715236,175332065,191715236
65536,4,4,10246,192,17,196796528,192246487,176368145,169643037,196796528
65536,4,4,113271,180,16,179871178,171130574,175138551,163685879,179871178
65536,4,4,177076,228,20,187085295,182890254,172024328,176949232,187085295
65536,4,4,21727,240,21,178139413,166568096,170239951,173998307,178139413
65536,4,4,27998,192,17,200278284,192548380,180752072,185981028,200278284
65536,4,4,33885,240,21,184052863,179142173,190461772,195843855,195843855
65536,4,4,40062,168,15,195268714,171883556,180046753,190472190,195268714
65536,4,4,4036,192,17,199986502,196478858,189501151,184891890,199986502
65536,4,4,47973,180,16,191543927,174271531,189426340,180444011,191543927
65536,4,4,80566,252,22,186777028,187795667,172061292,179307964,187795667
65536,4,4,82208,240,21,182027723,178812937,167679901,172235663,182027723
131072,4,4,1594,216,19,190626717,196004274,183986116,178669459,196004274
131072,4,4,29811,228,20,182070437,171483855,190335518,180884170,190335518
131072,4,4,31033,252,22,179010532,171069504,189484115,170082565,189484115
131072,4,4,35515,228,20,160668359,178122007,179192214,164263326,179192214
131072,4,4,3756,204,18,178129008,174841375,166879454,187306765,187306765
131072,4,4,3919,240,21,186090366,167608890,179048789,177040038,186090366
131072,4,4,43067,252,22,181641932,173657633,176287455,188704034,188704034
131072,4,4,47622,192,17,183622301,191173437,194748945,180194052,194748945
131072,4,4,5282,264,23,185121408,182050106,171276931,176237670,185121408
131072,4,4,8467,240,21,207732751,208791126,200628558,193612621,208791126
131072,4,4,8802,252,22,200339018,196466335,189605300,187078787,200339018
262144,4,4,1071,216,19,208731233,214957883,203673655,197973806,214957883
262144,4,4,15955,204,18,191777305,197223750,182030456,186584617,197223750
262144,4,4,26927,252,22,214206003,209388411,203702939,200331929,214206003
262144,4,4,32895,204,18,192201982,203846387,184375711,190239926,203846387
262144,4,4,33996,228,20,198762017,188341021,206725270,196304874,206725270
262144,4,4,3651,228,20,212757723,200340921,208798304,197064180,212757723
262144,4,4,3660,264,23,199114440,204306678,209399360,193210179,209399360
262144,4,4,5684,252,22,188129472,202981582,196025682,180504142,202981582
262144,4,4,707,324,28,218187779,212667512,200013871,208415170,218187779
262144,4,4,7642,216,19,183866701,173509027,188614898,196959478,196959478
262144,4,4,9879,240,21,199253571,194414395,195804288,208009824,208009824
524288,4,4,1135,216,19,198882102,213170150,207476301,219455479,219455479
524288,4,4,1905,228,20,227706146,234148717,222716908,217539542,234148717
524288,4,4,2110,228,20,201086512,195381724,213579749,208884309,213579749
524288,4,4,26988,216,19,213971624,223403907,209500368,221788532,223403907
524288,4,4,30389,216,19,205544241,220899249,212579678,200704292,220899249
524288,4,4,3891,204,18,206162454,223664729,218641620,213013332,223664729
524288,4,4,4671,204,18,215236228,208363553,203683609,220007070,220007070
524288,4,4,7238,300,26,199372904,207914020,194532983,218455934,218455934
524288,4,4,8279,228,20,215219580,207849097,220173853,204073691,220173853
524288,4,4,9237,312,27,230840158,226667285,238739018,221815702,238739018
524288,4,4,998,240,21,222211782,240314699,231235574,215629435,240314699
1048576,4,4,10834,240,21,247704666,255847298,243203171,260466203,260466203
1048576,4,4,1165,276,24,267139717,263650751,250734363,259489091,267139717
1048576,4,4,1244,276,24,259039699,267357804,251777874,256108209,267357804
1048576,4,4,1957,252,22,289105472,293920212,276433282,284017005,293920212
1048576,4,4,3028,288,25,242827597,244531465,256419846,253424424,256419846
1048576,4,4,3429,252,22,292304382,284799888,276423899,268289987,292304382
1048576,4,4,4426,276,24,252515887,264260738,248247016,260895971,264260738
1048576,4,4,5097,276,24,259088451,263491870,247483005,252483042,263491870
1048576,4,4,5401,264,23,268250000,262994096,281830695,275284210,281830695
1048576,4,4,5759,312,27,258808542,249585251,272481355,263980130,272481355
1048576,4,4,5932,216,19,277332029,284315347,272339826,267270616,284315347
2097152,4,4,1130,276,24,358198562,350003401,353285149,342794667,358198562
2097152,4,4,1583,264,23,369411674,364704479,353459634,359204650,369411674
2097152,4,4,1849,300,26,358513959,342736162,338777635,350885910,358513959
2097152,4,4,2041,264,23,341019272,358118956,352616950,350511595,358118956
2097152,4,4,2097,264,23,374233389,364930881,362362861,354784821,374233389
2097152,4,4,2665,288,25,378703401,364383368,355685383,373737249,378703401
2097152,4,4,3662,300,26,359781028,353827190,348806798,343101173,359781028
2097152,4,4,372,324,28,346909002,351245244,339536767,335204949,351245244
2097152,4,4,573,300,26,338304426,358101133,349983523,346491643,358101133
2097152,4,4,595,288,25,360363646,368737522,351716539,343519864,368737522
2097152,4,4,976,300,26,339239503,350163137,339284629,354786653,354786653
4194304,4,4,1058,276,24,545685513,557111809,554864310,543364950,557111809
4194304,4,4,189,300,26,538911344,522378347,528429126,535581344,538911344
4194304,4,4,232,252,22,543310082,539557626,551755466,533527844,551755466
4194304,4,4,2670,288,25,526050140,529296016,517772515,514359268,529296016
4194304,4,4,416,288,25,548860033,533789603,539744888,524654357,548860033
4194304,4,4,521,312,27,528024972,539896411,533459501,526273857,539896411
4194304,4,4,580,240,21,538641381,557681345,551330339,542837024,557681345
4194304,4,4,595,264,23,550669632,567340757,559995570,558699914,567340757
4194304,4,4,641,240,21,539757747,535529080,528345732,526850216,539757747
4194304,4,4,667,300,26,537197307,543214799,547594227,530482812,547594227
4194304,4,4,809,324,28,532003185,529557813,522255230,538779830,538779830
8388608,4,4,1760,312,27,944207838,937372442,931399196,921566858,944207838
8388608,4,4,1969,288,25,910446165,931017003,918974219,925285061,931017003
8388608,4,4,2626,252,22,942865806,932436185,927613348,940903527,942865806
8388608,4,4,48,360,31,947916675,931095012,924005852,942264503,947916675
8388608,4,4,5,312,27,927221512,930971048,919359341,936141033,936141033
8388608,4,4,570,288,25,944154320,929408264,921310920,939213040,944154320
8388608,4,4,698,300,26,918279727,926249701,943963569,934725414,943963569
8388608,4,4,839,300,26,937396713,945105642,950032396,932775841,950032396
8388608,4,4,853,300,26,930695515,938551581,920224191,912006556,938551581
8388608,4,4,902,276,24,925270124,939410197,945182205,934584248,945182205
8388608,4,4,991,300,26,943019556,954498214,939763043,954068714,954498214
16777216,4,4,10,288,25,1739059043,1744225108,1733964846,1730457914,1744225108
16777216,4,4,1279,276,24,1738699695,1735443791,1727641376,1747983223,1747983223
16777216,4,4,1320,312,27,1746336092,1743194948,1732563520,1739078077,1746336092
16777216,4,4,141,336,29,1748140813,1754273254,1768311281,1762849038,1768311281
16777216,4,4,153,360,31,1746703973,1752389976,1740902929,1735770924,1752389976
16777216,4,4,318,276,24,1752911474,1745268365,1738546542,1735291617,1752911474
16777216,4,4,3,336,29,1748783677,1760134304,1753490514,1741070456,1760134304
16777216,4,4,46,348,30,1740163063,1728959138,1746355087,1734223052,1746355087
16777216,4,4,49,324,28,1740556857,1748607382,1736827846,1731192677,1748607382
16777216,4,4,77,312,27,1749859922,1755544706,1761972846,1743754344,1761972846
16777216,4,4,90,312,27,1748163954,1739772362,1752220355,1736986426,1752220355
33554432,4,4,101,360,31,3451673808,3469975757,3464273543,3457109536,3469975757
33554432,4,4,138,312,27,3440792711,3449397113,3438358669,3431556812,3449397113
33554432,4,4,143,348,30,3434057931,3426015401,3422227016,3419323096,3434057931
33554432,4,4,145,336,29,3427330064,3435049057,3431016977,3420055888,3435049057
33554432,4,4,171,336,29,3449421079,3447166134,3434813941,3442305771,3449421079
33554432,4,4,185,312,27,3458467441,3450078641,3438432529,3445045467,3458467441
33554432,4,4,201,312,27,3445972776,3452951508,3441835217,3436646281,3452951508
33554432,4,4,302,324,28,3425027893,3435138658,3433771730,3419976523,3435138658
33554432,4,4,522,336,29,3461582097,3455238637,3443311398,3448119492,3461582097
33554432,4,4,57,348,30,3445574073,3436920988,3423017336,3431770534,3445574073
33554432,4,4,62,288,25,3420190304,3435604112,3426835654,3444330786,3444330786
67108864,4,4,133,336,29,6941659795,6936169188,6948084560,6930432221,6948084560
67108864,4,4,149,384,33,6948194512,6952726141,6959664466,6963912850,6963912850
67108864,4,4,17,372,32,6919151157,6932712924,6939333518,6928170287,6939333518
67108864,4,4,222,336,29,6943528631,6939257739,6959944671,6953209136,6959944671
67108864,4,4,227,348,30,6995881180,6990923970,6987942577,7002231564,7002231564
67108864,4,4,27,312,27,6938822033,6947746001,6951566747,6936335106,6951566747
67108864,4,4,32,348,30,6945060302,6952138176,6940045388,6934799154,6952138176
67108864,4,4,38,384,33,7017667294,7025014053,7013291875,7009957979,7025014053
67108864,4,4,39,312,27,6919707137,6915529348,6931814215,6928171198,6931814215
67108864,4,4,62,372,32,6962877984,6968214020,6975527033,6956863707,6975527033
67108864,4,4,81,288,25,6960411055,6958051052,6949811809,6969500348,6969500348
134217728,4,4,0,336,29,14214355185,14201543482,14222027615,14207294267,14222027615
134217728,4,4,31,360,31,14303294247,14293942874,14289159229,14304985540,14304985540
134217728,4,4,3,312,27,14248216207,14241219079,14235969258,14256718408,14256718408
134217728,4,4,37,360,31,14215006368,14203355145,14208417381,14223591214,14223591214
134217728,4,4,4,312,27,14237719650,14254973139,14246687747,14243351211,14254973139
134217728,4,4,48,324,28,14215731226,14199425267,14212642990,14205564804,14215731226
134217728,4,4,5,384,33,14204079242,14212002317,14197405746,14192762351,14212002317
134217728,4,4,55,348,30,14211108374,14205549631,14218393949,14225252350,14225252350
134217728,4,4,7,312,27,14215461135,14222258859,14209830743,14205289665,14222258859
268435456,4,4,0,324,28,29422578086,29416761126,29442289002,29438773128,29442289002
268435456,4,4,11,420,36,29283564332,29296311116,29289291211,29300330890,29300330890
268435456,4,4,1,396,34,29246174245,29226800878,29234673504,29238773454,29246174245
268435456,4,4,31,348,30,29214717767,29210937419,29203878323,29199646402,29214717767
268435456,4,4,34,384,33,29271951589,29265224106,29260302628,29276726381,29276726381
268435456,4,4,4,300,26,29241213196,29233892896,29228123708,29246100534,29246100534
268435456,4,4,4,336,29,29314720871,29309681688,29303432196,29296460580,29314720871
268435456,4,4,5,396,34,29371956543,29354899047,29363710338,29350614793,29371956543
268435456,4,4,56,336,29,29219594784,29227376888,29208980668,29218756686,29227376888
