n,k,i,p,m,r,t
1024,1,1,2116677075,0,11,207947878
1024,1,1,2121147143,0,11,157498532
1024,1,1,2135299980,0,11,211730594
1024,1,1,2137985100,0,11,162620141
1024,1,1,2141070448,0,11,212217312
1024,1,1,2145355362,0,11,119561710
1024,1,1,2164574216,0,11,211789525
1024,1,1,2168959708,0,11,175956045
1024,1,1,2176352625,0,11,174827386
1024,1,1,2188627514,0,11,169337597
1024,1,1,2215111390,0,11,121673374
1024,1,1,2236457196,0,11,123070544
2048,1,1,2052017074,0,12,207257174
2048,1,1,2076964402,0,12,159678456
2048,1,1,2084165066,0,12,120527572
2048,1,1,2089851365,0,12,154104747
2048,1,1,2135420801,0,12,207752535
2048,1,1,2139233446,0,12,188117776
2048,1,1,2143490547,0,12,120000872
2048,1,1,2144726628,0,12,122772923
2048,1,1,2167846861,0,12,211961379
2048,1,1,2180056853,0,12,156882457
2048,1,1,2194391815,0,12,211787640
2048,1,1,2243615421,0,12,149186874
4096,1,1,2114177151,0,13,148531116
4096,1,1,2118000079,0,13,122908687
4096,1,1,2131654504,0,13,211446534
4096,1,1,2138866962,0,13,215894593
4096,1,1,2143053771,0,13,141763030
4096,1,1,2153795023,0,13,183477640
4096,1,1,2154170375,0,13,121447319
4096,1,1,2163190915,0,13,121709219
4096,1,1,2166471144,0,13,174185276
4096,1,1,2185811681,0,13,179420866
4096,1,1,2186683032,0,13,162687358
4096,1,1,2221867220,0,13,200054155
8192,1,1,2106820841,0,14,211345110
8192,1,1,2130872670,0,14,162480864
8192,1,1,2131068316,0,14,121934122
8192,1,1,2148211502,0,14,211972630
8192,1,1,2157282185,0,14,212023766
8192,1,1,2163008032,0,14,126902004
8192,1,1,2163871096,0,14,171122039
8192,1,1,2165536028,0,14,195516227
8192,1,1,2173124874,0,14,160871674
8192,1,1,2176323746,0,14,211429235
8192,1,1,2183436953,0,14,121760618
8192,1,1,2195338712,0,14,211838654
16384,1,1,2103840567,0,15,220252258
16384,1,1,2139780732,0,15,171228497
16384,1,1,2142147107,0,15,123091539
16384,1,1,2147625398,0,15,195880685
16384,1,1,2147898385,0,15,133722696
16384,1,1,2149106907,0,15,219976160
16384,1,1,2149328070,0,15,128447132
16384,1,1,2150497332,0,15,127942214
16384,1,1,2166746743,0,15,164126229
16384,1,1,2169800607,0,15,195347237
16384,1,1,2170034041,0,15,219474059
16384,1,1,2183149564,0,15,155129028
32768,1,1,2139024688,0,16,219840805
32768,1,1,2140711215,0,16,231385511
32768,1,1,2141490127,0,16,126123921
32768,1,1,2143743912,0,16,129926212
32768,1,1,2144964462,0,16,173849562
32768,1,1,2144966448,0,16,126835172
32768,1,1,2145158025,0,16,175613922
32768,1,1,2147468515,0,16,165871704
32768,1,1,2154351501,0,16,231220490
32768,1,1,2155913436,0,16,167207096
32768,1,1,2157076252,0,16,219461676
32768,1,1,2165488362,0,16,231846867
65536,1,1,2133992372,0,17,255454001
65536,1,1,2136240401,0,17,255787661
65536,1,1,2137429261,0,17,194426667
65536,1,1,2137435807,0,17,243486873
65536,1,1,2142927881,0,17,244257469
65536,1,1,2149093217,0,17,185024291
65536,1,1,2149866748,0,17,166474979
65536,1,1,2150086508,0,17,142122788
65536,1,1,2155606315,0,17,185727322
65536,1,1,2155608463,0,17,231894205
65536,1,1,2156457395,0,17,244264556
65536,1,1,2162135905,0,17,145966889
131072,1,1,2139002032,0,18,154691934
131072,1,1,2139199746,0,18,162770883
131072,1,1,2139829444,0,18,268609039
131072,1,1,2141165958,0,18,291937830
131072,1,1,2141647853,0,18,186289055
131072,1,1,2144605192,0,18,280267895
131072,1,1,2146755430,0,18,199102610
131072,1,1,2146961488,0,18,201350960
131072,1,1,2148007311,0,18,279504071
131072,1,1,2150088153,0,18,279936496
131072,1,1,2152435140,0,18,291854003
131072,1,1,2158539459,0,18,162137725
262144,1,1,2140964858,0,19,375904079
262144,1,1,2142406895,0,19,271206965
262144,1,1,2144220702,0,19,207617326
262144,1,1,2145120828,0,19,201866471
262144,1,1,2146200445,0,19,212661515
262144,1,1,2146514735,0,19,351646765
262144,1,1,2147520776,0,19,375540915
262144,1,1,2147712417,0,19,363687211
262144,1,1,2150834138,0,19,237930907
262144,1,1,2151032011,0,19,363419444
262144,1,1,2151834602,0,19,204841326
262144,1,1,2158035913,0,19,240496148
524288,1,1,2143928659,0,20,291824007
524288,1,1,2144549069,0,20,543507806
524288,1,1,2145813726,0,20,555702907
524288,1,1,2145910091,0,20,543973435
524288,1,1,2145974934,0,20,555885994
524288,1,1,2146424066,0,20,555190214
524288,1,1,2149646857,0,20,299883945
524288,1,1,2150517548,0,20,337256446
524288,1,1,2151720435,0,20,336949954
524288,1,1,2151964419,0,20,543733273
524288,1,1,2152728216,0,20,294512759
524288,1,1,2152928132,0,20,289443558
1048576,1,1,2142731072,0,21,516555568
1048576,1,1,2143976491,0,21,927739878
1048576,1,1,2145271729,0,21,904556958
1048576,1,1,2145765927,0,21,928337600
1048576,1,1,2147036943,0,21,927650486
1048576,1,1,2148134650,0,21,903917929
1048576,1,1,2148183488,0,21,487204707
1048576,1,1,2148192065,0,21,480259658
1048576,1,1,2148886677,0,21,931988764
1048576,1,1,2148991797,0,21,515916470
1048576,1,1,2149510976,0,21,482059601
1048576,1,1,2150442153,0,21,487506058
2097152,1,1,2145033628,0,22,881916846
2097152,1,1,2145306845,0,22,1691845009
2097152,1,1,2145474235,0,22,1707207274
2097152,1,1,2146150734,0,22,1707320081
2097152,1,1,2147075942,0,22,910118992
2097152,1,1,2147209100,0,22,878270834
2097152,1,1,2147708140,0,22,1683823428
2097152,1,1,2147914023,0,22,1707308131
2097152,1,1,2148403287,0,22,1707938942
2097152,1,1,2150075817,0,22,874453759
2097152,1,1,2150817882,0,22,906065656
2097152,1,1,2151009171,0,22,872990272
4194304,1,1,2145771250,0,23,1718560607
4194304,1,1,2146688342,0,23,3328005874
4194304,1,1,2146795178,0,23,1725487363
4194304,1,1,2146824857,0,23,3351995333
4194304,1,1,2147097492,0,23,1686681583
4194304,1,1,2147296333,0,23,1825624359
4194304,1,1,2147308476,0,23,1690266143
4194304,1,1,2147310591,0,23,1688171478
4194304,1,1,2147437886,0,23,3327838018
4194304,1,1,2148006837,0,23,3340080288
4194304,1,1,2148016880,0,23,1697096773
4194304,1,1,2148858273,0,23,3339773750
8388608,1,1,2146066571,0,24,6724716930
8388608,1,1,2146761554,0,24,6688235009
8388608,1,1,2146917377,0,24,6735718057
8388608,1,1,2146929781,0,24,3379109559
8388608,1,1,2147007017,0,25,3379244475
8388608,1,1,2147027420,0,25,6735757772
8388608,1,1,2147546753,0,24,3406815954
8388608,1,1,2147850394,0,24,3371536033
8388608,1,1,2147932779,0,24,3381127010
8388608,1,1,2147941143,0,24,3413865588
8388608,1,1,2148025846,0,24,5024763413
8388608,1,1,2148283941,0,24,6699717508
16777216,1,1,2146682204,0,25,13708091469
16777216,1,1,2146795224,0,25,13004388186
16777216,1,1,2146977482,0,25,6902482666
16777216,1,1,2147129501,0,25,6946692313
16777216,1,1,2147203893,0,25,6878299600
16777216,1,1,2147333655,0,25,6874118299
16777216,1,1,2147652472,0,25,6890265574
16777216,1,1,2147789483,0,25,13696187262
16777216,1,1,2147898308,0,25,6913559978
16777216,1,1,2148006842,0,25,6888717819
16777216,1,1,2148097327,0,25,13707700368
16777216,1,1,2148207628,0,25,13707494220
33554432,1,1,2146965144,0,27,28216357509
33554432,1,1,2147016502,0,26,14128979332
33554432,1,1,2147196235,0,26,28240070354
33554432,1,1,2147211621,0,26,28252250051
33554432,1,1,2147256909,0,26,28204560309
33554432,1,1,2147319536,0,26,14177980410
33554432,1,1,2147405306,0,26,14141552013
33554432,1,1,2147711289,0,26,14149600663
33554432,1,1,2147738976,0,26,14213738603
33554432,1,1,2147870107,0,26,14147354187
33554432,1,1,2148009566,0,26,28179651863
33554432,1,1,2148415618,0,26,14145826004
67108864,1,1,2147118175,0,27,58336012136
67108864,1,1,2147153414,0,27,58323945266
67108864,1,1,2147297840,0,28,58300058912
67108864,1,1,2147297939,0,27,29162138187
67108864,1,1,2147353442,0,27,58168461436
67108864,1,1,2147403844,0,27,33397582480
67108864,1,1,2147425108,0,28,58203934130
67108864,1,1,2147481585,0,27,29197118162
67108864,1,1,2147523290,0,2,28961000724
67108864,1,1,2147555653,0,27,29111613759
67108864,1,1,2147739468,0,27,29161682887
67108864,1,1,2147835139,0,27,38283818230
134217728,1,1,2147350432,0,2,59818909203
134217728,1,1,2147352288,0,28,60341589403
134217728,1,1,2147403705,0,28,116631622951
134217728,1,1,2147422772,0,28,92430337927
134217728,1,1,2147538132,0,28,118828149207
134217728,1,1,2147552758,0,28,60226246992
134217728,1,1,2147552888,0,28,60431259244
134217728,1,1,2147555230,0,28,120748744336
134217728,1,1,2147594580,0,28,119612255885
134217728,1,1,2147608112,0,29,118531841425
134217728,1,1,2147726158,0,28,120400428595
134217728,1,1,2147756335,0,29,60219304978
268435456,1,1,2147293057,0,29,124540099457
268435456,1,1,2147333537,0,30,249268241144
268435456,1,1,2147349785,0,30,226240601936
268435456,1,1,2147362173,0,30,124443030199
268435456,1,1,2147432909,0,30,124510057125
268435456,1,1,2147438285,0,29,248668112843
268435456,1,1,2147467519,0,29,223540740035
268435456,1,1,2147571221,0,29,248884199786
268435456,1,1,2147574870,0,29,234896041119
268435456,1,1,2147588191,0,2,209788857134
268435456,1,1,2147616900,0,29,124558952197
268435456,1,1,2147639269,0,29,247899857618
