n,k,i,p,m,r,t0,t1,t
1024,2,2,1969895875,40,11,224653406,249462504,249462504
1024,2,2,2090094056,48,13,155581065,160648035,160648035
1024,2,2,2122657927,24,7,206230143,215856438,215856438
1024,2,2,2126224188,32,9,155639625,160240419,160240419
1024,2,2,2131242834,36,10,224543936,218432417,224543936
1024,2,2,2135992563,36,10,212066969,236887857,236887857
1024,2,2,2153042743,32,9,143169422,141466841,143169422
1024,2,2,2165654219,52,14,212253316,203971446,212253316
1024,2,2,2171474518,52,14,165431472,167308007,167308007
1024,2,2,2190592604,44,12,219985625,236149719,236149719
1024,2,2,2192820101,40,11,224252610,248081879,248081879
1024,2,2,2255282672,40,11,206799552,215819589,215819589
2048,2,2,2092276128,32,9,212124184,206057959,212124184
2048,2,2,2103924874,44,12,206637349,219977094,219977094
2048,2,2,2106630778,40,11,165233923,162849867,165233923
2048,2,2,2114898703,48,13,206304963,220013516,220013516
2048,2,2,2121181354,44,12,169116132,163819486,169116132
2048,2,2,2123626242,40,11,137346897,134586879,137346897
2048,2,2,2144211435,32,9,205748085,219625012,219625012
2048,2,2,2157035998,40,11,158974372,162176357,162176357
2048,2,2,2158926962,48,13,223976688,248173967,248173967
2048,2,2,2161376986,48,13,224611663,248875848,248875848
2048,2,2,2206375273,40,11,237962200,231786014,237962200
2048,2,2,2230402303,36,10,223862759,247952786,247952786
4096,2,2,2116989875,4,2,141332737,138464980,141332737
4096,2,2,2132240678,40,11,161137960,167844113,167844113
4096,2,2,2137260689,44,12,225488908,249199700,249199700
4096,2,2,2137813868,56,15,200398533,194588643,200398533
4096,2,2,2139523901,56,15,158686804,154493923,158686804
4096,2,2,2147791780,40,11,212489514,205289360,212489514
4096,2,2,2148790746,44,12,159132999,165211905,165211905
4096,2,2,2156357791,48,13,224530382,248543199,248543199
4096,2,2,2168588719,44,12,212440037,236204728,236204728
4096,2,2,2176562653,56,15,206836057,219949786,219949786
4096,2,2,2178796224,48,13,224119218,218291806,224119218
4096,2,2,2180657069,36,10,247609231,224413063,247609231
8192,2,2,2130252143,52,14,161360112,169887184,169887184
8192,2,2,2130756030,56,15,138064222,140749474,140749474
8192,2,2,2140362264,52,14,155388711,162049754,162049754
8192,2,2,2145556939,48,13,220102427,236282695,236282695
8192,2,2,2147318558,48,13,212402195,236125040,236125040
8192,2,2,2148164848,4,2,205696802,219550879,219550879
8192,2,2,2167778701,48,13,163402945,157743045,163402945
8192,2,2,2173996014,52,14,219864467,212138977,219864467
8192,2,2,2180002396,56,15,199853929,223893293,223893293
8192,2,2,2181175394,44,12,211861928,220198894,220198894
8192,2,2,2187282356,40,11,248514619,224998123,248514619
8192,2,2,2191845563,48,13,194153017,207359313,207359313
16384,2,2,2122927835,48,13,139188482,145702716,145702716
16384,2,2,2130765159,60,16,255658964,232327041,255658964
16384,2,2,2134827282,52,14,212140653,219268740,219268740
16384,2,2,2136597459,48,13,223694049,255716937,255716937
16384,2,2,2138172912,52,14,210971861,231467598,231467598
16384,2,2,2138807829,68,18,231817687,256172289,256172289
16384,2,2,2144405514,48,13,200441506,207769099,207769099
16384,2,2,2154708259,56,15,211462807,219905669,219905669
16384,2,2,2160132830,60,16,168156538,171723343,171723343
16384,2,2,2160529779,52,14,170998545,166683957,170998545
16384,2,2,2165588061,56,15,167105748,161193099,167105748
16384,2,2,2168763867,44,12,224057300,255355605,255355605
32768,2,2,2122005178,40,11,171166603,167368383,171166603
32768,2,2,2128490335,68,18,255688308,232304534,255688308
32768,2,2,2136851398,64,17,144940366,138631911,144940366
32768,2,2,2137170339,56,15,154415765,156775912,156775912
32768,2,2,2138407894,56,15,175457664,169587640,175457664
32768,2,2,2142290803,40,11,203046403,219361767,219361767
32768,2,2,2144043197,52,14,188156626,195754090,195754090
32768,2,2,2144876756,48,13,215508849,231715832,231715832
32768,2,2,2149137914,52,14,214855116,231342918,231342918
32768,2,2,2151352032,64,17,231723577,208170616,231723577
32768,2,2,2152129133,48,13,244421212,220810448,244421212
32768,2,2,2155683368,72,19,243893182,220401577,243893182
65536,2,2,2129410733,60,16,166350881,163372174,166350881
65536,2,2,2139127953,64,17,206811476,232105257,232105257
65536,2,2,2141050958,68,18,243914297,239284642,243914297
65536,2,2,2145998536,60,16,178842593,185458726,185458726
65536,2,2,2150616876,76,20,244384672,268244360,268244360
65536,2,2,2152265597,68,18,142789803,160431429,160431429
65536,2,2,2153662567,56,15,231883831,226503851,231883831
65536,2,2,2156321713,44,12,244086858,239427930,244086858
65536,2,2,2157523271,68,18,157570659,165447577,165447577
65536,2,2,2158082155,72,19,231762499,279671444,279671444
65536,2,2,2160600943,60,16,232367874,256213494,256213494
65536,2,2,2164086286,56,15,232566348,256779650,256779650
131072,2,2,2139710159,76,20,267893714,262841653,267893714
131072,2,2,2140479930,48,13,363583884,351915977,363583884
131072,2,2,2145445754,68,18,166893056,171045432,171045432
131072,2,2,2145963379,80,21,264263399,288324889,288324889
131072,2,2,2146721349,44,12,178464486,186783361,186783361
131072,2,2,2147083643,64,17,252475156,247850542,252475156
131072,2,2,2147341313,68,18,158824679,159709214,159709214
131072,2,2,2150618157,64,17,264163784,288277614,288277614
131072,2,2,2152629045,52,14,252576828,276605127,276605127
131072,2,2,2156211362,64,17,262332100,272151821,272151821
131072,2,2,2156296607,72,19,251882033,247021339,251882033
131072,2,2,2157618353,64,17,170596207,175159549,175159549
262144,2,2,2141653397,84,22,328136673,304525972,328136673
262144,2,2,2143670079,80,21,292196998,316194758,316194758
262144,2,2,2143842717,76,20,214955307,208349238,214955307
262144,2,2,2144027670,64,17,265010790,291694921,291694921
262144,2,2,2144072599,68,18,180492356,175355507,180492356
262144,2,2,2145388155,64,17,197008362,204355937,204355937
262144,2,2,2147662862,80,21,278081196,303297370,303297370
262144,2,2,2149543178,72,19,288483968,304462973,304462973
262144,2,2,2150282214,72,19,303636802,280373048,303636802
262144,2,2,2152030794,76,20,266546713,291498146,291498146
262144,2,2,2154211357,72,19,211913276,205175461,211913276
262144,2,2,2154821042,72,19,264616078,291398961,291398961
524288,2,2,2143565779,76,20,354236814,387316118,387316118
524288,2,2,2144023432,72,19,387849306,411981805,411981805
524288,2,2,2144097152,64,17,354324051,387467038,387467038
524288,2,2,2144586637,72,19,371675795,388283220,388283220
524288,2,2,2144900919,68,18,387591868,382963246,387591868
524288,2,2,2145390163,48,13,1252214892,1276125657,1276125657
524288,2,2,2147273993,84,22,792324450,795945795,795945795
524288,2,2,2147420037,84,22,239559375,244812823,244812823
524288,2,2,2148170253,60,16,247364803,243043161,247364803
524288,2,2,2150770793,80,21,222203263,228966130,228966130
524288,2,2,2150925288,80,21,246240250,241545554,246240250
524288,2,2,2151296096,60,16,628090816,663600443,663600443
1048576,2,2,2143613277,76,20,603689245,580369528,603689245
1048576,2,2,2144150495,88,23,326064361,329791750,329791750
1048576,2,2,2144890456,80,21,518241069,531742468,531742468
1048576,2,2,2146645171,44,12,313320163,307453242,313320163
1048576,2,2,2146659135,76,20,580709316,604697280,604697280
1048576,2,2,2147008136,72,19,324748994,317554716,324748994
1048576,2,2,2147066542,76,20,345455569,337316784,345455569
1048576,2,2,2147716705,72,19,580292032,604205606,604205606
1048576,2,2,2148317210,84,22,546832124,567634540,567634540
1048576,2,2,2148810435,76,20,580299635,604166317,604166317
1048576,2,2,2149215738,84,22,536096283,556595089,556595089
1048576,2,2,2152502771,84,22,559021724,567790229,567790229
2097152,2,2,2145439693,84,22,495015687,502799578,502799578
2097152,2,2,2146109291,84,22,521501665,528913937,528913937
2097152,2,2,2147553533,68,18,976345327,953014752,976345327
2097152,2,2,2147748824,80,21,524078123,528440903,528440903
2097152,2,2,2147972516,80,21,521023211,523642849,523642849
2097152,2,2,2147999489,84,22,910973720,939301687,939301687
2097152,2,2,2148000659,76,20,963406354,951557432,963406354
2097152,2,2,2148002872,80,21,910244009,939654255,939654255
2097152,2,2,2148006070,76,20,934945348,943149080,943149080
2097152,2,2,2148527460,92,24,944522098,938823274,944522098
2097152,2,2,2148851075,100,26,539710412,534123322,539710412
2097152,2,2,2148860824,68,18,975599515,1011232469,1011232469
4194304,2,2,2146276506,80,21,913305192,917834297,917834297
4194304,2,2,2146287602,92,24,1724172666,1748141106,1748141106
4194304,2,2,2146343300,64,17,1671564160,1695334186,1695334186
4194304,2,2,2146859917,88,23,894332252,897685372,897685372
4194304,2,2,2147031514,84,22,918079083,914623237,918079083
4194304,2,2,2147406177,88,23,1711743588,1731771795,1731771795
4194304,2,2,2147572198,84,22,1732266577,1756463361,1756463361
4194304,2,2,2147974277,76,20,1675548190,1695894718,1695894718
4194304,2,2,2148280605,92,24,1732667112,1756539278,1756539278
4194304,2,2,2148357878,84,22,1703607838,1719283379,1719283379
4194304,2,2,2149566346,84,22,910935983,913951141,913951141
4194304,2,2,2150337204,92,24,1743875449,1768443565,1768443565
8388608,2,2,2145968116,96,25,1707781255,1725042286,1725042286
8388608,2,2,2146668796,76,20,3326479102,3351715813,3351715813
8388608,2,2,2146788031,92,24,3388158582,3412589686,3412589686
8388608,2,2,2146905995,96,25,3347485634,3364258576,3364258576
8388608,2,2,2146931672,100,26,2931163154,2936954763,2936954763
8388608,2,2,2147050180,92,24,3340308017,3335960364,3340308017
8388608,2,2,2147061633,92,24,3423848546,3400648168,3423848546
8388608,2,2,2147257832,96,25,3338812318,3364066121,3364066121
8388608,2,2,2147718066,76,20,1726240524,1734450748,1734450748
8388608,2,2,2148010964,88,23,1741979202,1739309108,1741979202
8388608,2,2,2148071663,96,25,3388394253,3364974635,3388394253
8388608,2,2,2148208006,96,25,1732803581,1730951407,1732803581
16777216,2,2,2146317319,100,26,3402036131,3404617658,3404617658
16777216,2,2,2146601117,100,26,6784680224,6808784361,6808784361
16777216,2,2,2146818863,88,23,6740258953,6748712337,6748712337
16777216,2,2,2147565708,88,23,6799731419,6831463989,6831463989
16777216,2,2,2147580914,88,23,6811742315,6843375545,6843375545
16777216,2,2,2147659843,48,13,6736823578,6732034329,6736823578
16777216,2,2,2147688397,88,23,3419127571,3423605094,3423605094
16777216,2,2,2147707224,100,26,6727634049,6748166468,6748166468
16777216,2,2,2147725615,92,24,6764397011,6759012410,6764397011
16777216,2,2,2147921525,100,26,6832072864,6867930400,6867930400
16777216,2,2,2147970458,100,26,3422195199,3422078735,3422195199
16777216,2,2,2147984707,104,27,3424893303,3420464884,3424893303
33554432,2,2,2146706756,92,24,13031718104,13071570319,13071570319
33554432,2,2,2147048421,100,26,12937632501,12951651400,12951651400
33554432,2,2,2147221262,96,25,6943253083,6939002191,6943253083
33554432,2,2,2147351682,88,23,13808994179,13840016074,13840016074
33554432,2,2,2147393972,104,27,13839923777,13816299263,13839923777
33554432,2,2,2147467507,96,25,6969819584,6965873418,6969819584
33554432,2,2,2147499972,100,26,13052205343,13095766921,13095766921
33554432,2,2,2147729599,108,28,6934892409,6931657488,6934892409
33554432,2,2,2147821408,96,25,13756492559,13751702881,13756492559
33554432,2,2,2147893631,68,18,13772223181,13767159922,13772223181
33554432,2,2,2147902038,100,26,13751203456,13767489363,13767489363
33554432,2,2,2148039505,92,24,6930546723,6928285806,6930546723
67108864,2,2,2146945768,100,26,29588201220,29620039279,29620039279
67108864,2,2,2147091624,96,25,14241615781,14239644005,14241615781
67108864,2,2,2147129918,108,28,28276336631,28271910193,28276336631
67108864,2,2,2147273788,100,26,14215448020,14210445608,14215448020
67108864,2,2,2147288067,100,26,29984587020,29969339601,29984587020
67108864,2,2,2147435979,100,26,28292788922,28287107515,28292788922
67108864,2,2,2147589797,104,27,28420188369,28444259599,28444259599
67108864,2,2,2147599205,100,26,28312256601,28308637754,28312256601
67108864,2,2,2147620348,104,27,28279858079,28312206114,28312206114
67108864,2,2,2147753963,108,28,28432508886,28408938867,28432508886
67108864,2,2,2147839428,100,26,14251934631,14254657870,14254657870
67108864,2,2,2148042048,96,25,14230837733,14226424060,14230837733
134217728,2,2,2147210452,88,23,38105753779,38107657857,38107657857
134217728,2,2,2147326393,112,29,58804147421,58780567970,58804147421
134217728,2,2,2147446194,100,26,58408213720,58403749104,58408213720
134217728,2,2,2147450832,112,29,58406093174,58432379089,58432379089
134217728,2,2,2147462240,108,28,29353287669,29357717740,29357717740
134217728,2,2,2147484805,104,27,34132598519,34136856207,34136856207
134217728,2,2,2147489619,112,29,58424240677,58456368294,58456368294
134217728,2,2,2147534899,116,30,57951897282,57939886444,57951897282
134217728,2,2,2147562359,108,28,29342008186,29346518691,29346518691
134217728,2,2,2147679072,104,27,29348128020,29351864746,29351864746
134217728,2,2,2147719355,104,27,29336075675,29330017378,29336075675
134217728,2,2,2147758252,104,27,58660469860,58684217344,58684217344
268435456,2,2,2147247354,124,32,60803537819,60808400731,60808400731
268435456,2,2,2147265073,112,29,60474770882,60481419275,60481419275
268435456,2,2,2147278831,104,27,60540067744,60532742223,60540067744
268435456,2,2,2147384477,124,32,60799498203,60804593118,60804593118
268435456,2,2,2147404524,112,29,119692367642,119716688718,119716688718
268435456,2,2,2147406546,112,29,60629895066,60616160432,60629895066
268435456,2,2,2147406572,108,28,60525083282,60528976854,60528976854
268435456,2,2,2147451630,108,28,121420329992,121456097832,121456097832
268435456,2,2,2147586973,116,30,119566183420,119560158660,119566183420
268435456,2,2,2147628385,108,28,60526680803,60529284654,60529284654
268435456,2,2,2147635054,104,27,116951569565,116943645239,116951569565
