n,k,i,p,m,r,t0,t1,t2,t3,t
1024,4,4,4283994475,108,10,175571415,183062439,171269019,164650660,183062439
1024,4,4,4288217761,96,9,162366125,178539397,175278482,167511852,178539397
1024,4,4,4290316736,84,8,188909061,200477137,186996266,197059702,200477137
1024,4,4,4291102175,132,12,161915310,174575086,183405186,174279558,183405186
1024,4,4,4292309468,108,10,195109350,186203226,192574330,204674468,204674468
1024,4,4,4292374732,120,11,174437749,158924232,170756814,163803183,174437749
1024,4,4,4293010685,108,10,172649609,169875297,163715590,180228868,180228868
1024,4,4,4293446385,108,10,170525182,184964314,176041803,164693412,184964314
1024,4,4,4293753310,108,10,197597835,199635750,205229547,191066312,205229547
1024,4,4,4293979605,156,14,170406243,188058289,169984563,183269387,188058289
1024,4,4,4294045286,120,11,171629327,179608538,183310129,167850779,183310129
2048,4,4,4291084376,144,13,168345488,180738841,174488559,190076853,190076853
2048,4,4,4293133456,108,10,178412951,192153147,183153424,171562538,192153147
2048,4,4,4293372828,132,12,191282151,185080499,180080895,195624810,195624810
2048,4,4,4293859189,168,15,175918544,180330882,167864420,172869673,180330882
2048,4,4,4293883264,108,10,177593361,184491934,192444012,172265624,192444012
2048,4,4,4293974478,120,11,179008791,171844901,167252151,160350224,179008791
2048,4,4,4294214193,156,14,171732592,184496675,177737474,189483687,189483687
2048,4,4,4294476594,132,12,165703915,174343217,162709443,182158577,182158577
2048,4,4,4294542477,108,10,166051852,177931190,172257143,183831978,183831978
2048,4,4,4294722616,108,10,177998737,178017152,170209266,165136818,178017152
2048,4,4,4294900522,132,12,186607951,188772267,178318168,172844793,188772267
4096,4,4,4291330803,132,12,198868473,188050841,195769589,184086801,198868473
4096,4,4,4292702740,132,12,179572161,172919319,162569960,170320283,179572161
4096,4,4,4293241716,144,13,199983637,193621805,207789225,193199725,207789225
4096,4,4,4293479790,108,10,172632057,169305808,163093646,187780570,187780570
4096,4,4,4293562114,132,12,169807452,176154827,182471076,188830757,188830757
4096,4,4,4293601814,144,13,197438646,190882151,182996157,179393676,197438646
4096,4,4,4293934531,192,17,184622394,176363289,191217949,169376713,191217949
4096,4,4,4294170451,108,10,170463721,182052025,188444809,176875963,188444809
4096,4,4,4294720034,132,12,185051575,176755714,173288962,165445497,185051575
4096,4,4,4294721156,120,11,188455868,193978122,174823072,169246750,193978122
4096,4,4,4294912780,144,13,182194297,169558250,176234605,184671590,184671590
8192,4,4,4294051404,204,18,186598208,173222728,180304217,167795409,186598208
8192,4,4,4294615194,156,14,182099852,169944202,162732041,174346691,182099852
8192,4,4,4294666843,144,13,181594755,170450990,165670255,179065853,181594755
8192,4,4,4294697984,144,13,177770188,185242384,171603617,167182699,185242384
8192,4,4,4294753699,156,14,174591585,182703990,186702373,171138684,186702373
8192,4,4,4294782900,108,10,178496641,173911075,175904180,184147591,184147591
8192,4,4,4294826880,144,13,186178789,188555197,177841086,172077937,188555197
8192,4,4,4294828035,144,13,177530437,186681915,192395083,181582304,192395083
8192,4,4,4294846224,180,16,179047551,196587356,172277952,189280762,196587356
8192,4,4,4294901459,180,16,182037234,169942044,166603247,176658065,182037234
8192,4,4,4294956008,180,16,175981681,181988273,170257513,189011900,189011900
16384,4,4,4294327358,168,15,200903431,192208631,183357210,177829212,200903431
16384,4,4,4294395009,168,15,177078761,189013468,184361091,196701480,196701480
16384,4,4,4294412486,180,16,169753081,175693091,162383920,180864648,180864648
16384,4,4,4294705563,180,16,194293968,187777803,203509839,178895447,203509839
16384,4,4,4294793834,168,15,191442165,186015321,180047171,178836092,191442165
16384,4,4,4294815481,168,15,186991087,182110762,169221669,176594450,186991087
16384,4,4,4294846109,180,16,181267554,169630248,173794537,162348886,181267554
16384,4,4,4294906956,144,13,171757570,165551172,160315088,179095793,179095793
16384,4,4,4294915984,144,13,180336224,176737952,170176922,164885461,180336224
16384,4,4,4294917108,180,16,179938592,183640244,173038894,167893298,183640244
16384,4,4,4294933444,180,16,171995261,183628858,179678170,166506601,183628858
32768,4,4,4294398359,204,18,182418310,172096484,179183277,167757815,182418310
32768,4,4,4294555966,180,16,181611578,192693594,172227885,163683210,192693594
32768,4,4,4294712727,168,15,187396762,182826082,200491325,179123645,200491325
32768,4,4,4294890353,204,18,183027990,182336859,170931928,175981235,183027990
32768,4,4,4294892399,144,13,167415967,176576795,185441312,161052727,185441312
32768,4,4,4294902487,180,16,182546443,190064835,195361885,175962428,195361885
32768,4,4,4294936933,192,17,196573223,179872323,205083129,190346617,205083129
32768,4,4,4294943647,180,16,182941448,196994457,192798167,177402832,196994457
32768,4,4,4294949304,168,15,185035515,178202626,195915323,203510747,203510747
32768,4,4,4294951041,144,13,179047431,169829451,176329801,188469358,188469358
32768,4,4,4294964321,168,15,170510924,186982913,195132886,179515179,195132886
65536,4,4,4294846404,204,18,183362217,195115813,181853719,193479864,195115813
65536,4,4,4294883694,204,18,173244042,185627247,177474974,166269709,185627247
65536,4,4,4294905523,156,14,185883518,180435959,174543783,169026579,185883518
65536,4,4,4294905708,168,15,165310702,183479160,177716454,171823152,183479160
65536,4,4,4294929151,216,19,179350231,183557296,167472807,171956648,183557296
65536,4,4,4294932756,216,19,182938375,176174886,188425938,170015452,188425938
65536,4,4,4294943620,168,15,181887185,194940466,191242770,205339658,205339658
65536,4,4,4294954001,216,19,158278429,177875028,169196475,167412928,177875028
65536,4,4,4294957306,180,16,178202795,192482020,184414591,196007117,196007117
65536,4,4,4294961962,156,14,173802052,191297714,171484664,184119609,191297714
65536,4,4,4294965249,168,15,193552797,202452236,190594139,187360872,202452236
131072,4,4,4294904850,180,16,185134369,174450826,192150695,183625166,192150695
131072,4,4,4294918059,216,19,188559417,198108486,184653395,177803001,198108486
131072,4,4,4294920725,252,22,178356254,182488978,192011604,171200525,192011604
131072,4,4,4294922924,204,18,213567138,198810116,204900483,193063273,213567138
131072,4,4,4294931360,192,17,186002088,173281312,165919165,179091306,186002088
131072,4,4,4294934693,192,17,186625852,191972875,181161228,179226124,191972875
131072,4,4,4294943831,228,20,177934990,191224903,196773013,183948500,196773013
131072,4,4,4294948371,204,18,179131168,197168514,191651005,187687139,197168514
131072,4,4,4294953678,228,20,176850307,180827688,189998420,170008666,189998420
131072,4,4,4294966115,216,19,189323755,177323436,184448037,172469791,189323755
131072,4,4,4294966727,240,21,202365191,199312249,186748386,194998531,202365191
262144,4,4,4294914147,240,21,187005153,195483256,199807005,184061613,199807005
262144,4,4,4294948683,204,18,199563362,178625935,194106204,182677937,199563362
262144,4,4,4294954087,288,25,197997580,191800403,203870845,188237907,203870845
262144,4,4,4294954240,192,17,214874984,207832385,200650616,194516128,214874984
262144,4,4,4294959069,240,21,179486452,184646066,201798227,191900272,201798227
262144,4,4,4294959950,240,21,200821809,195776022,189790771,207877540,207877540
262144,4,4,4294960254,216,19,204607344,207506355,196190474,190475097,207506355
262144,4,4,4294961851,228,20,187056371,199152401,195343665,183291305,199152401
262144,4,4,4294962395,204,18,210472884,199663099,207438520,195293596,210472884
262144,4,4,4294963098,204,18,208425568,213218775,201918193,221347487,221347487
262144,4,4,4294966289,216,19,197161607,203933014,185235133,191990879,203933014
524288,4,4,4294936041,216,19,227407570,220113788,215662024,209334756,227407570
524288,4,4,4294943199,252,22,217999315,203440299,209028685,196959758,217999315
524288,4,4,4294956171,204,18,220679749,211656117,205935308,224597330,224597330
524288,4,4,4294957336,264,23,240548239,252256362,237823846,245995893,252256362
524288,4,4,4294958522,288,25,197911948,207566476,194100880,212730912,212730912
524288,4,4,4294958524,216,19,217769053,224185658,213199901,207456389,224185658
524288,4,4,4294961408,204,18,211447106,218083089,225879373,231489729,231489729
524288,4,4,4294964606,264,23,219179579,231554866,227319328,216026538,231554866
524288,4,4,4294965493,288,25,205184338,197994736,194407413,209303615,209303615
524288,4,4,4294966487,228,20,221565863,216186856,211147873,230673527,230673527
524288,4,4,4294966564,264,23,219073321,228344005,222782398,211457722,228344005
1048576,4,4,4294958066,204,18,247643236,258189456,246974829,263629052,263629052
1048576,4,4,4294959947,300,26,250923204,259933547,241762211,239248845,259933547
1048576,4,4,4294963043,228,20,263238573,267609730,255874746,255562183,267609730
1048576,4,4,4294963617,228,20,268865735,259972020,248134258,255060904,268865735
1048576,4,4,4294963728,264,23,250572852,262696005,258877068,250802865,262696005
1048576,4,4,4294963737,252,22,260977922,252068178,264456019,254120570,264456019
1048576,4,4,4294964709,228,20,266464917,277049441,259362413,255962244,277049441
1048576,4,4,4294965279,264,23,266983763,276796273,251761268,260733101,276796273
1048576,4,4,4294965732,204,18,261204997,252253947,246112691,240253541,261204997
1048576,4,4,4294967036,312,27,257354470,253780963,266008497,245852387,266008497
1048576,4,4,4294967138,228,20,259378738,264958635,253226264,248642961,264958635
2097152,4,4,4294959710,216,19,337926810,350330975,345473795,342688299,350330975
2097152,4,4,4294960697,228,20,352730980,347608064,359466420,342010331,359466420
2097152,4,4,4294963335,252,22,347877177,353651869,341952240,360360450,360360450
2097152,4,4,4294965374,216,19,355580745,361016708,346625970,350183828,361016708
2097152,4,4,4294966243,276,24,351414547,347778083,340312952,335819612,351414547
2097152,4,4,4294966324,288,25,377471034,369657355,362961205,357559308,377471034
2097152,4,4,4294966442,264,23,377377928,366218377,373623315,362457581,377377928
2097152,4,4,4294966478,252,22,353853501,326001302,334089025,343866671,353853501
2097152,4,4,4294966814,264,23,351037512,358569904,348586206,343983300,358569904
2097152,4,4,4294966904,240,21,345821162,333226887,341844328,354711398,354711398
2097152,4,4,4294967274,216,19,359809370,348143696,355538303,342407674,359809370
4194304,4,4,4294963754,300,26,541287681,538031415,549959997,530407912,549959997
4194304,4,4,4294965504,312,27,552403635,559449380,548919601,544240828,559449380
4194304,4,4,4294965700,288,25,531909843,543492013,539330830,527382925,543492013
4194304,4,4,4294965813,276,24,541636760,553713881,538652869,550709876,553713881
4194304,4,4,4294966006,276,24,526656373,551140429,536080864,547258265,551140429
4194304,4,4,4294966204,264,23,543982685,538254154,551539997,532326416,551539997
4194304,4,4,4294966342,252,22,548391344,555569407,551311772,539998311,555569407
4194304,4,4,4294966531,240,21,534612754,519085182,523129072,531031181,534612754
4194304,4,4,4294967007,276,24,539428845,526234728,539365239,530165682,539428845
4194304,4,4,4294967035,264,23,547182585,540291711,533725108,528119363,547182585
4194304,4,4,4294967195,288,25,547815930,541848121,536636480,531297179,547815930
8388608,4,4,4294965440,312,27,917989234,929694424,936073498,924211889,936073498
8388608,4,4,4294966261,264,23,961790657,960686881,951103049,946467718,961790657
8388608,4,4,4294966527,252,22,939661922,928137955,934330451,922579439,939661922
8388608,4,4,4294966684,252,22,922604082,910594663,924339541,914802872,924339541
8388608,4,4,4294966805,312,27,916397721,925630872,931212240,914128944,931212240
8388608,4,4,4294966904,240,21,927570452,939928512,923145135,938962419,939928512
8388608,4,4,4294966943,264,23,936490318,943333097,927008748,918765022,943333097
8388608,4,4,4294967088,288,25,917349115,911318201,927278802,939454146,939454146
8388608,4,4,4294967148,300,26,939719227,916764916,932690935,927094618,939719227
8388608,4,4,4294967174,252,22,933456021,942180416,926367840,917567469,942180416
8388608,4,4,4294967256,240,21,950056884,942507222,932897547,939916893,950056884
16777216,4,4,4294966653,264,23,1761232593,1753766978,1768460744,1759894894,1768460744
16777216,4,4,4294966688,288,25,1746114293,1742551567,1734629263,1754705244,1754705244
16777216,4,4,4294966900,276,24,1773776699,1755079728,1770387129,1764621709,1773776699
16777216,4,4,4294966988,312,27,1744200397,1733447177,1754505651,1739640051,1754505651
16777216,4,4,4294967092,288,25,1749832924,1744645967,1739475698,1733859382,1749832924
16777216,4,4,4294967113,312,27,1741703676,1762534993,1734965743,1755592037,1762534993
16777216,4,4,4294967176,276,24,1750041194,1758634741,1745047674,1739420562,1758634741
16777216,4,4,4294967179,276,24,1739269421,1747456260,1734122144,1752407478,1752407478
16777216,4,4,4294967179,300,26,1738011743,1762861042,1752984868,1746733047,1762861042
16777216,4,4,4294967197,276,24,1752050331,1759064123,1737756609,1745978961,1759064123
16777216,4,4,4294967256,300,26,1743700917,1737002738,1748844556,1734196118,1748844556
33554432,4,4,4294966962,276,24,3433883279,3443202347,3426958378,3440775715,3443202347
33554432,4,4,4294966992,312,27,3444984844,3442915277,3437689892,3431914228,3444984844
33554432,4,4,4294967155,312,27,3427769734,3451431820,3448322772,3437801188,3451431820
33554432,4,4,4294967159,288,25,3448586077,3429593410,3436637161,3443335292,3448586077
33554432,4,4,4294967181,312,27,3437306123,3451300288,3429014310,3423576588,3451300288
33554432,4,4,4294967189,312,27,3444957355,3429568364,3442849062,3435832013,3444957355
33554432,4,4,4294967200,288,25,3463791846,3473167295,3463636708,3457673840,3473167295
33554432,4,4,4294967216,288,25,3416279954,3433052586,3427019068,3441670419,3441670419
33554432,4,4,4294967225,288,25,3450827507,3445412116,3439906085,3461729860,3461729860
33554432,4,4,4294967259,288,25,3438933319,3427517837,3423120309,3436030215,3438933319
33554432,4,4,4294967276,360,31,3445501025,3452103723,3440131475,3434049439,3452103723
67108864,4,4,4294967061,336,29,6935281293,6927973609,6939678115,6923559995,6939678115
67108864,4,4,4294967176,384,33,6946163143,6945817758,6934798566,6938620372,6946163143
67108864,4,4,4294967185,336,29,6940122892,6950784218,6947475977,6935720472,6950784218
67108864,4,4,4294967217,324,28,6983420856,6980216849,6973185966,6968533403,6983420856
67108864,4,4,4294967240,360,31,6957919004,6963508235,6952306017,6946710027,6963508235
67108864,4,4,4294967267,312,27,6949825556,6943056651,6937452735,6932866675,6949825556
67108864,4,4,4294967270,312,27,6988975156,7000305628,6987968224,6997344361,7000305628
67108864,4,4,4294967274,324,28,6943202201,6932021738,6927409273,6939970746,6943202201
67108864,4,4,4294967287,312,27,6935806689,6945488358,6925380290,6933585010,6945488358
67108864,4,4,4294967289,288,25,6933442278,6936206184,6925133645,6920693715,6936206184
67108864,4,4,4294967289,288,25,6972022966,6967479010,6960555632,6954509011,6972022966
134217728,4,4,4294967231,300,26,14190834688,14204846065,14208199589,14197326703,14208199589
134217728,4,4,4294967235,324,28,14176687405,14182909210,14194648458,14188866841,14194648458
134217728,4,4,4294967238,312,27,14222765388,14214941329,14208168690,14203307696,14222765388
134217728,4,4,4294967263,324,28,14277031880,14289639845,14283366365,14292552386,14292552386
134217728,4,4,4294967275,336,29,14229793585,14238912171,14224893235,14222091139,14238912171
134217728,4,4,4294967279,348,30,14219893075,14209322168,14216596565,14205242926,14219893075
134217728,4,4,4294967281,336,29,14218483834,14224742922,14208396531,14200419109,14224742922
134217728,4,4,4294967284,312,27,14348329669,14344040692,14333255683,14340575063,14348329669
134217728,4,4,4294967287,300,26,14230392333,14212147246,14237484283,14221098074,14237484283
134217728,4,4,4294967290,336,29,14231292125,14236719949,14220545644,14225617121,14236719949
134217728,4,4,4294967291,336,29,14218876390,14227377005,14262085994,14272781437,14272781437
268435456,4,4,4294967232,348,30,29315571737,29332346903,29325269838,29307881122,29332346903
268435456,4,4,4294967277,360,31,29267187668,29271794662,29255757846,29260447754,29271794662
268435456,4,4,4294967286,336,29,29379723505,29375558430,29368751918,29364019802,29379723505
268435456,4,4,4294967287,348,30,29201440808,29187440490,29199170191,29199472418,29201440808
268435456,4,4,4294967290,336,29,29293222458,29285140964,29276648932,29270930843,29293222458
268435456,4,4,4294967292,336,29,29269983766,29273029759,29279142007,29262724438,29279142007
268435456,4,4,4294967293,336,29,29344207177,29337941691,29350092865,29336382962,29350092865
268435456,4,4,4294967295,336,29,29249094320,29244638131,29264192791,29256587236,29264192791
268435456,4,4,4294967295,348,30,29233760338,29237726649,29226524830,29223916483,29237726649
