n,k,i,p,m,r,t0,t1,t2,t3,t4,t5,t6,t7,t8,t9,t10,t11,t12,t13,t14,t15,t
1024,16,16,4279147590,660,12,281702593,275146527,273319515,271123218,267726655,275806730,268601962,279939346,274875685,270743095,287506642,284482777,276956012,267454962,259312769,285669264,287506642
1024,16,16,4292089698,1140,20,263985907,268788651,267649091,275183224,262974626,271173523,262880038,278693006,259860106,275356382,280421704,276270532,282242958,270368839,266351094,270331857,282242958
1024,16,16,4293950342,1140,20,261530643,263572142,273777780,268642516,280314481,269152041,276971181,275570648,271297583,282057332,265352951,260417253,283018495,271649281,278903491,270669283,283018495
1024,16,16,4294761742,1200,21,272892460,265027074,271300644,262151260,262905542,268333710,268167388,276295788,257783778,264248467,276144664,270026164,263232435,278042809,274400787,267772627,278042809
2048,16,16,4292840105,1200,21,258408513,268728373,262560876,255615642,255505709,263135719,251323551,268484475,270079597,263817633,276343853,260340382,568286875,566249018,569488177,566238372,569488177
2048,16,16,4293227897,540,10,265199245,253317184,252974058,260210978,262533089,241532428,249031225,260274642,264971995,271179346,280889831,259580591,263319663,267643758,257894552,252922397,280889831
2048,16,16,4293517691,1200,21,269481916,269839061,264957110,261009876,263172452,258205584,265938954,258628905,273890286,283121065,269206113,262765601,265945248,268141997,278933920,274874541,283121065
2048,16,16,4293582822,1260,22,267155512,259333755,274872404,268110054,262990696,271977958,254362569,260901338,279329372,283547659,267049038,270649639,272579720,262896267,279826248,275796907,283547659
4096,16,16,4290865326,780,14,262769762,266128721,261237456,253622407,247049611,268165995,271319097,260644589,279189273,269451134,261302593,289887115,286864381,279410820,275763885,265364001,289887115
4096,16,16,4291833049,1080,19,271513693,264056041,267742421,259141161,266520460,254678764,262234809,258317826,283564079,266315070,279528206,272953450,274297949,285385481,279902854,269095383,285385481
4096,16,16,4294662796,780,14,279128815,286559681,282814584,276151258,291104023,284575001,277045017,270790469,281587552,276790334,294592878,293121491,294587382,279735193,288852254,275143197,294592878
4096,16,16,4294883146,540,10,291646204,287143206,284607659,279588223,286244211,281953133,277766650,273679720,282342506,271305525,276334634,282277557,288026258,277019611,291033527,294535555,294535555
8192,16,16,4294806442,480,9,253509638,260266404,257649284,250064158,266240290,258010765,266396594,257825034,274104388,277730972,266319556,262574685,277661756,274628909,267291938,263485689,277730972
8192,16,16,4294812942,1380,24,259271240,265677326,261016957,259094999,253816504,256115565,265954198,252979597,251911604,263980532,258063346,271433139,273807830,259069061,264313768,270713907,273807830
8192,16,16,4294841464,1320,23,252273054,250828728,259664364,270948753,265509110,264106305,258526358,264768397,262203286,271362702,266171126,254639069,255544493,249963192,267362455,263608251,271362702
8192,16,16,4294951431,780,14,276262951,282357915,285315618,282329750,272567586,280544668,274448926,286925747,291463078,286287116,279549566,273430591,289503751,268163679,284069654,279380021,291463078
16384,16,16,4293888249,1140,20,268903054,279298775,277179019,290134735,275335246,283711970,281284951,285489436,282316784,278573140,295787518,292175896,288056360,293817532,282823089,279784417,295787518
16384,16,16,4294386924,1500,26,284002906,277051603,269135248,283589205,289130187,273532576,281446707,277600657,288089289,281560876,276039542,299343716,285918873,280419309,290330535,275414532,299343716
16384,16,16,4294785168,1380,24,265117239,261229760,270691671,267806786,258037278,264800123,278879142,272998662,270265989,264019308,279141818,256282368,282924158,278631622,270907401,274625029,282924158
16384,16,16,4294895145,1680,29,259864159,254461119,267592345,264731631,263563188,253415810,257467291,269964726,274144223,257897578,270901123,266133535,277530555,274987277,263641384,268666043,277530555
32768,16,16,4294803162,840,15,257713187,253889648,256061536,264404032,259810022,253816128,257989642,276625716,270014893,271534369,275860653,259729992,265397499,274284829,267441896,255763015,276625716
32768,16,16,4294854173,1140,20,292969393,304001018,287530520,292767038,298852104,290913528,300659652,298225365,271662667,285105762,292827612,282730611,310755294,300148059,308394466,296729910,310755294
32768,16,16,4294952472,660,12,265041664,267801078,263987639,272622653,260176507,271154978,262421989,258374621,286759917,279226254,274735535,266839196,275589652,273119404,267296620,261702152,286759917
32768,16,16,4294954696,1140,20,266275029,264507252,270040091,258265737,264351884,275131768,269659168,264336459,271658623,275868379,271489252,260348916,264449904,271726865,261044677,266420122,275868379
65536,16,16,4294827986,600,11,262302900,270108367,263221397,267105639,274647401,272556423,275711593,268200254,251743177,289717983,273522474,283807052,279064829,275567042,271394035,262039730,289717983
65536,16,16,4294863684,1380,24,278091191,275455857,285384050,271074275,267908745,276771843,271459905,264382143,290090133,278703831,274953824,286941396,276219659,285099724,268587664,261455423,290090133
65536,16,16,4294961598,960,17,259123975,252226516,264070066,257749804,271483366,265641144,260643970,267409831,272995382,262650016,258757358,253844540,278900874,268062495,275867595,264215616,278900874
65536,16,16,4294965344,1440,25,258319058,260231075,255268317,255421107,263302550,267743309,251011354,263688439,267182094,264006454,256499282,251730681,272507004,259811047,269367735,263652746,272507004
131072,16,16,4294945937,1320,23,278328871,265554756,272963810,271816913,270607081,262373618,255110845,248284804,270305962,276524977,265351861,260538076,279289138,282622397,272686671,269173219,282622397
131072,16,16,4294955497,780,14,289879806,285969061,284924431,299392522,299028029,279712174,291297532,294560055,311878971,311505286,302498188,298673660,304287638,320109489,309009734,319526547,320109489
131072,16,16,4294959388,1140,20,265340336,249621567,259327264,253317684,268227382,274016747,264458735,259518938,271138988,274923608,264959367,260309224,271362156,276732477,264038273,260189101,276732477
131072,16,16,4294961876,1380,24,271618703,283192645,278982511,278006782,284631699,279414590,276134869,272565989,279452519,269504640,286755923,278044461,266975193,275033448,276432749,283780443,286755923
262144,16,16,4294906432,1440,25,268074251,256512209,264734466,260817364,264610662,258824898,253405579,259982638,275856329,270193246,259189046,265160191,258130505,271170334,275712631,265437730,275856329
262144,16,16,4294956127,1620,28,266718568,264934343,272115417,277479098,280668117,275528408,286020406,282651656,291287921,281538082,274690331,285942768,278306756,271208567,282580745,266731179,291287921
262144,16,16,4294958573,900,16,285696197,292104069,277913746,266504057,273567119,279151186,286040462,282210314,298556804,294141173,304773561,290437316,306790533,303691420,296827965,292846146,306790533
262144,16,16,4294960237,1140,20,281323063,291682527,285484456,279350105,276445636,288847928,293366627,282589162,282020621,294531040,289361856,281288950,296373085,292575863,282953939,274117776,296373085
524288,16,16,4294957545,1800,31,275540550,286922727,279402763,282680296,288300756,282982547,276641055,284048041,296973756,287477799,276703556,283808355,295057112,282808177,288407018,300133983,300133983
524288,16,16,4294958448,1560,27,265427685,287127228,280269885,291886378,288356744,283472706,280725313,275001448,292598200,287723751,290662042,283517697,279008994,300800775,286262029,295604943,300800775
524288,16,16,4294964493,1800,31,304277915,299385396,298229814,293663960,312107526,306239855,300242484,307796135,309300074,303465501,320393691,315094097,316349346,325568929,314963764,309804014,325568929
524288,16,16,4294967017,1200,21,299491844,303840210,310735446,296410479,312266249,300441307,308744108,305906130,313588586,302994835,311376031,299640317,317389707,323037237,311816145,308339350,323037237
1048576,16,16,4294945822,1440,25,279300791,276480406,288622106,284123958,291718556,287683570,285390633,280795405,299577917,294054903,282725071,291080429,298348936,295658979,289087365,284008967,299577917
1048576,16,16,4294963025,1620,28,277641956,274493214,285990764,278893499,286737833,266216776,274700714,289894821,299350379,306983390,295185115,288214137,270066775,295751638,286942697,278363045,306983390
1048576,16,16,4294965701,1560,27,332970185,322128133,326696324,307467497,330734465,320269166,316056892,328143922,337333158,321996838,333344731,328123177,348446820,356080827,339733390,344733479,356080827
1048576,16,16,4294965878,1440,25,294349442,291719895,292040656,286791202,291632459,280910991,288714845,285848192,289776359,282066231,293816002,301399598,312140133,309183178,302105680,299618476,312140133
2097152,16,16,4294954436,1440,25,306831746,313646338,312155430,318927628,320739352,316318523,309217075,315118340,312186232,300587241,319931876,314953840,308445946,303231415,307728220,320081005,320739352
2097152,16,16,4294963537,1740,30,294806151,299625389,292358162,292731422,281355595,307053791,287381320,300537529,311586620,302434852,298630520,313630601,306147303,300511266,312064807,296224762,313630601
2097152,16,16,4294963653,1740,30,313491911,309790838,323779670,312462814,319201242,316092999,321725410,310179244,319467246,331338589,326708206,316520508,331443926,335080108,326187418,320876781,335080108
2097152,16,16,4294966885,1020,18,344052636,338650951,332302861,338705045,345952985,341510643,354733636,353329312,344479162,351787682,340393193,361663047,345861239,355299062,341853254,357421737,361663047
4194304,16,16,4294966051,1260,22,356538667,361474475,345336388,355034104,367217873,358843137,352791244,359206437,375021935,367598356,360175720,355893149,365058454,379114530,372465702,360808971,379114530
4194304,16,16,4294966421,1680,29,346337197,339479500,347228723,354785621,353578062,346719578,342219871,349647687,358171121,364841223,352584489,347980665,364605758,359791587,349374241,354974360,364841223
4194304,16,16,4294966936,1500,26,351426856,345961449,367474467,359670064,367792211,362141756,365614513,373425300,373555143,383181087,366995256,372740231,379172390,382227091,371852537,367966697,383181087
4194304,16,16,4294966995,1560,27,356273543,363211108,359693926,367996127,358513070,372540833,366425000,354338831,365346351,378909642,380591295,369989776,367531871,375754054,363964233,381223741,381223741
8388608,16,16,4294964871,1800,31,447311392,455321552,451369942,460072650,455950696,448258407,451872408,443262298,446773029,454283546,459663017,446761879,463931837,456221639,467183231,453907475,467183231
8388608,16,16,4294966546,1860,32,465483882,462239807,460071157,454354170,462727144,469407568,464729281,457998054,466656012,478900711,473842185,485869893,474655514,467920451,460380313,457099852,485869893
8388608,16,16,4294966927,1500,26,467276324,470396093,465000768,458468095,450937753,446221030,475944452,463168551,481786930,490278716,479234748,471474120,479628720,484472673,473446248,468278846,490278716
8388608,16,16,4294967279,1800,31,454930898,453053859,447031769,443968396,457485014,453431248,452323709,446322889,438019270,451716181,444339994,456139050,460634197,451697228,466394285,455418062,466394285
16777216,16,16,4294966634,1680,29,643359771,631621070,639846709,635480021,639741006,634577481,645951201,641825181,639492174,651926210,648988593,656272641,643667439,658713782,647779481,653648541,658713782
16777216,16,16,4294967027,1140,20,661822866,657987227,670231395,665701132,664170204,658309933,672280630,669848278,664393073,675173057,654345637,659550652,667450201,674903430,662959507,673116751,675173057
16777216,16,16,4294967198,2100,36,639236256,642392255,633203527,644199073,638992293,639329985,647631433,635632893,650416392,642873567,654577792,638824630,638429754,656037295,646304168,629806319,656037295
16777216,16,16,4294967279,1800,31,706741933,706743954,712938143,709221322,702375601,718895082,718051372,706635103,710625120,702931300,698076801,715790596,710462026,706643267,806872017,803368866,806872017
33554432,16,16,4294967076,1740,30,1072330744,1060212898,1068482914,1064783229,1067203702,1061037514,1053076975,1046056331,1066978614,1073295677,1080335068,1066444648,1080676461,1069863122,1078708674,1066852172,1080676461
33554432,16,16,4294967149,1500,26,1065380418,1069811959,1074403585,1064253660,1068188151,1061797384,1073013848,1081526048,1087251885,1074091117,1066707758,1079378254,1078899777,1090376598,1084855419,1073807380,1090376598
33554432,16,16,4294967179,2160,37,1051420906,1061709871,1056296541,1048291303,1051572603,1063943620,1067530632,1059030457,1047871788,1056572663,1063994088,1058375572,1102314564,1104474299,1116864911,1115431080,1116864911
33554432,16,16,4294967268,1980,34,1079971450,1078455751,1073958595,1071526851,1066447480,1071270281,1065371662,1077643993,1078190697,1089665970,1085096950,1086582068,1089565616,1071372921,1074851259,1078917809,1089665970
67108864,16,16,4294967206,1560,27,1931113228,1925764528,1919255500,1923058678,1923543119,1920054128,1927020816,1931864526,1925697619,1919318881,1935419414,1926597529,1919735695,1933413020,1928487139,1942458642,1942458642
67108864,16,16,4294967277,2220,38,1939311417,1944481890,1944616452,1937069204,1933701445,1932242382,1939349732,1937992637,1943311648,1947691950,1936657678,1931830311,1954830492,1952447750,1945953523,1941298125,1954830492
67108864,16,16,4294967286,2040,35,1926380134,1921714122,1929302535,1926832213,1934553845,1930363393,1922668540,1939642178,1938797176,1934868577,1928063198,1932224600,1923253034,1921376944,1916539820,1928023940,1939642178
67108864,16,16,4294967294,1980,34,1945819460,1941076191,1938141694,1935130910,1939086119,1926929400,1953673582,1937089395,1958697742,1954074708,1946073275,1953447276,1957768527,1954763599,1943393444,1953051810,1958697742
134217728,16,16,4294967199,1740,30,3733577970,3725673205,3721559653,3729853870,3730980882,3726126202,3735184592,3721785145,3728409725,3739520790,3724137207,3736935198,3734716105,3746183202,3731186568,3741066826,3746183202
134217728,16,16,4294967230,2040,35,3708712229,3702736098,3711337012,3714296576,3703984410,3710314044,3714629195,3709730618,3711515859,3716980238,3703459076,3706632387,3710357513,3722381846,3718635446,3707157514,3722381846
134217728,16,16,4294967290,1500,26,3719604145,3714911014,3712125510,3707205650,3718671817,3713252783,3722241037,3710446383,3723609593,3713937101,3719213660,3712191469,3708570089,3730020774,3724829082,3719103550,3730020774
134217728,16,16,4294967295,2040,35,3709853545,3714636595,3706372753,3702805016,3704712483,3716724694,3708720250,3712694933,3721598561,3714395498,3731315406,3711180811,3727751108,3719570082,3722390298,3715879638,3731315406
268435456,16,16,4294967259,1440,25,7390628260,7385691175,7383470146,7378415227,7390015880,7395963621,7386897048,7382859850,7399198063,7372483728,7398490498,7390283594,7385891657,7393517721,7383073922,7393129727,7399198063
268435456,16,16,4294967286,2100,36,7401881402,7398199072,7394017249,7407642832,7399537855,7396657555,7408677590,7404404246,7404440903,7398360713,7413737578,7392672525,7401139039,7410734336,7419732429,7407886591,7419732429
268435456,16,16,4294967287,1680,29,7425229386,7417526135,7429354740,7431164756,7421847255,7422252647,7410036299,7437147093,7440450901,7444049220,7433762784,7436133239,7431632145,7441097864,7429186498,7424739254,7444049220
268435456,16,16,4294967292,1560,27,7393451373,7399411559,7388229171,7388374866,7395243965,7396774053,7392620127,7385505556,7394000841,7404909860,7400720782,7389209380,7407614867,7398242604,7394800886,7407793945,7407793945
