n,k,i,p,m,r,t0,t1,t2,t3,t
1024,4,4,1971383878,108,10,166759902,179149428,171477590,184330277,184330277
1024,4,4,2067159741,108,10,179005070,167231474,159516008,171850350,179005070
1024,4,4,2073539884,132,12,174781425,179573330,163914774,168166264,179573330
1024,4,4,2084941198,180,16,185770619,175091103,190829858,180531799,190829858
1024,4,4,2170059686,156,14,178540063,187849917,191494350,174911171,191494350
1024,4,4,2177394780,108,10,176615086,178117713,170420541,186725063,186725063
1024,4,4,2198744699,84,8,184732170,180311426,161043462,167692642,184732170
1024,4,4,2212913656,120,11,200587881,196987610,190421413,184682187,200587881
1024,4,4,2247570425,96,9,183005109,177328600,188017158,171945717,188017158
2048,4,4,2110239798,120,11,205138004,210790994,221484636,202993039,221484636
2048,4,4,2110786804,120,11,188499138,180865770,172523288,166513038,188499138
2048,4,4,2126971141,108,10,177556303,185405455,190048357,175432883,190048357
2048,4,4,2136819577,132,12,171581417,183508138,176598536,189750343,189750343
2048,4,4,2152120961,168,15,179694201,183891324,174943284,167021485,183891324
2048,4,4,2152402600,168,15,171633941,165986197,183387873,177899903,183387873
2048,4,4,2199691707,96,9,182807043,190952711,195077303,179559976,195077303
2048,4,4,2205876591,156,14,158686255,163928056,175442899,171766255,175442899
2048,4,4,2217531023,84,8,187643680,181441268,176618853,170548120,187643680
4096,4,4,2091176035,168,15,191886751,175992384,183942644,167945097,191886751
4096,4,4,2091648271,168,15,193354599,175743656,189647771,182481768,193354599
4096,4,4,2102852848,168,15,192504342,186744978,198952574,182479331,198952574
4096,4,4,2115463160,204,18,186114029,193231107,198959429,181975532,198959429
4096,4,4,2126094021,132,12,176824564,186871511,170541561,178383681,186871511
4096,4,4,2132321756,132,12,163546559,178187967,169968226,180569322,180569322
4096,4,4,2138366925,192,17,192382403,168324479,176068737,187972525,192382403
4096,4,4,2140439877,180,16,169098271,179919694,175509635,163635706,179919694
4096,4,4,2158733332,120,11,165844578,172376349,183799708,180412108,183799708
8192,4,4,2120580189,204,18,171306473,178312661,183383245,165781262,183383245
8192,4,4,2134262265,204,18,170479741,178065798,158960238,163205936,178065798
8192,4,4,2144681825,108,10,186334506,180734292,195165005,177240078,195165005
8192,4,4,2156198329,192,17,200495137,188949778,190702736,198054212,200495137
8192,4,4,2165869397,132,12,169754477,190755525,185608202,180376268,190755525
8192,4,4,2166129231,144,13,167166886,185004165,161071901,179803438,185004165
8192,4,4,2166263431,108,10,187648368,182463921,172625081,197388768,197388768
8192,4,4,2171978323,132,12,176728743,171636440,165724953,184492319,184492319
8192,4,4,2179594335,156,14,167541916,191206127,176152449,185135595,191206127
16384,4,4,2119681377,216,19,174005856,185658741,191756407,182694968,191756407
16384,4,4,2127911142,132,12,175999616,182483077,162243615,164361069,182483077
16384,4,4,2136919436,132,12,183031171,179042199,172278393,167465815,183031171
16384,4,4,2150038594,168,15,179461978,165607695,181106237,171948070,181106237
16384,4,4,2151675026,192,17,167950148,163701084,174630912,179759458,179759458
16384,4,4,2159394695,204,18,170500527,165206905,177879779,189745848,189745848
16384,4,4,2161712234,180,16,187416592,205052080,196776844,181637229,205052080
16384,4,4,2171242459,180,16,183678031,166545170,179783204,173709208,183678031
16384,4,4,2174775071,240,21,169027663,176533949,181320837,167846352,181320837
32768,4,4,2131743261,168,15,182105147,166363786,178674514,195777742,195777742
32768,4,4,2136111667,252,22,179964557,175873824,163899827,168415742,179964557
32768,4,4,2141418869,204,18,178303786,187037973,174598073,168325846,187037973
32768,4,4,2141480217,192,17,175312697,182226329,185519847,169668828,185519847
32768,4,4,2143214545,228,20,179556220,185697779,175350080,167743639,185697779
32768,4,4,2148314913,228,20,197713121,194209850,186240162,182856961,197713121
32768,4,4,2150223325,180,16,190469152,206859210,205976459,196767677,206859210
32768,4,4,2162408508,168,15,177418723,178018725,170010019,190175022,190175022
32768,4,4,2163113065,216,19,183443496,179654427,172898287,168112821,183443496
65536,4,4,2135155143,204,18,179441906,185583156,172163364,167432213,185583156
65536,4,4,2141224466,168,15,196672438,192316863,186167096,205133398,205133398
65536,4,4,2144551644,180,16,183788567,178340009,190662084,199293094,199293094
65536,4,4,2146262832,240,21,195438078,181908180,171012752,188493088,195438078
65536,4,4,2149013682,156,14,186179550,203486385,195534462,180818148,203486385
65536,4,4,2152885233,216,19,178064024,187902937,192526495,176740511,192526495
65536,4,4,2153007854,228,20,186782429,170872980,176034267,184288353,186782429
65536,4,4,2155046312,192,17,190330504,175273210,181554678,169550693,190330504
65536,4,4,2163758674,216,19,178688796,193880838,190713644,183530290,193880838
131072,4,4,2136897095,240,21,194426693,178675524,190965656,184527078,194426693
131072,4,4,2143678115,168,15,190872948,180298401,188301587,196782226,196782226
131072,4,4,2144727678,264,23,193450568,187116499,180189842,199172413,199172413
131072,4,4,2144812605,216,19,206960115,212866118,201360417,195906007,212866118
131072,4,4,2145656984,252,22,187842097,183198219,195245389,199310851,199310851
131072,4,4,2146277235,204,18,191560198,172467448,181992444,185956987,191560198
131072,4,4,2149018690,204,18,175054589,164086098,186750121,173922928,186750121
131072,4,4,2151984236,228,20,166627461,189644365,171771054,179810527,189644365
131072,4,4,2153659342,228,20,191782802,185358618,173970608,180755869,191782802
262144,4,4,2143429604,252,22,205184955,190065915,196086410,201542330,205184955
262144,4,4,2143433644,228,20,198457189,183200159,193565067,192452843,198457189
262144,4,4,2145012560,192,17,205268645,200291541,193144111,188937778,205268645
262144,4,4,2145798979,252,22,182613627,195098223,199586271,188010245,199586271
262144,4,4,2146966482,228,20,190975704,203157548,199165983,191592437,203157548
262144,4,4,2147884927,192,17,198170608,204172204,208662353,191899870,208662353
262144,4,4,2149119664,144,13,189956835,199116729,193254695,182075046,199116729
262144,4,4,2149946472,276,24,211794311,195188892,187824552,204538290,211794311
262144,4,4,2151597026,204,18,207153796,195866898,189720640,202667085,207153796
524288,4,4,2144138286,252,22,233992512,229470580,241435967,226481477,241435967
524288,4,4,2146918979,252,22,215111615,211340459,222766498,206942628,222766498
524288,4,4,2146927725,240,21,207722739,195894694,213720101,203433403,213720101
524288,4,4,2146964934,216,19,224801009,219220797,214314820,205939998,224801009
524288,4,4,2147125008,204,18,234664708,229322301,219944118,212426177,234664708
524288,4,4,2147946819,204,18,203322667,221469266,215516997,208728939,221469266
524288,4,4,2149113323,228,20,216615555,224513833,206617561,213071599,224513833
524288,4,4,2149460541,300,26,230421713,222832696,219294577,235771135,235771135
524288,4,4,2150085464,228,20,210388243,202975391,199029622,215158574,215158574
1048576,4,4,2144151854,276,24,277129514,276478387,270809805,262688749,277129514
1048576,4,4,2144212572,288,25,262237609,273633459,249994924,244093321,273633459
1048576,4,4,2147162553,228,20,262327977,247151373,256886979,261118766,262327977
1048576,4,4,2147817562,216,19,262761377,251521453,245023219,256960603,262761377
1048576,4,4,2148212556,216,19,256885422,263370851,268645322,252063300,268645322
1048576,4,4,2148736047,264,23,253601436,267659548,260995617,272930099,272930099
1048576,4,4,2148996701,228,20,254830350,250311023,260451348,244073994,260451348
1048576,4,4,2149313862,264,23,276876793,259670369,282047616,268186140,282047616
1048576,4,4,2150409442,276,24,264072242,280144161,272199458,260553977,280144161
2097152,4,4,2145391813,252,22,353432948,347090454,334288172,342391063,353432948
2097152,4,4,2146815089,228,20,352334691,353056182,346244060,366846188,366846188
2097152,4,4,2146917730,300,26,353733926,335488338,347608490,340939927,353733926
2097152,4,4,2147233610,276,24,346959123,334131086,340324840,352721297,352721297
2097152,4,4,2147612312,240,21,355280106,365670443,361183052,348264963,365670443
2097152,4,4,2148192276,228,20,353865007,363512121,352124481,346526102,363512121
2097152,4,4,2148832232,300,26,368307925,362677916,357125890,351057599,368307925
2097152,4,4,2149125890,252,22,360010816,357449352,351922439,369929608,369929608
2097152,4,4,2149610965,288,25,348759833,351582099,338655493,342815148,351582099
4194304,4,4,2144912118,300,26,536912494,543735220,553111529,563963539,563963539
4194304,4,4,2145921721,264,23,559092211,549208856,541243576,533609753,559092211
4194304,4,4,2146698396,264,23,544619045,551386229,539803096,556945757,556945757
4194304,4,4,2147134763,276,24,522617567,534043339,530060059,540210598,540210598
4194304,4,4,2147220672,312,27,537435550,547303779,542463813,529353257,547303779
4194304,4,4,2147247128,312,27,547683265,541833114,543979410,533927272,547683265
4194304,4,4,2147263036,240,21,540188096,547320627,533153920,526630808,547320627
4194304,4,4,2147587689,156,14,546603252,552449184,558608934,541315460,558608934
4194304,4,4,2147902497,288,25,534716762,527912905,539865149,521427157,539865149
8388608,4,4,2145749048,264,23,931494225,937701741,923357723,931050343,937701741
8388608,4,4,2147323925,324,28,920503384,936041278,915514553,927721121,936041278
8388608,4,4,2147607719,264,23,934916920,947354826,943858464,932001054,947354826
8388608,4,4,2147719246,324,28,946745308,935187760,956308584,943345342,956308584
8388608,4,4,2147873354,240,21,926823004,938758192,935095564,923478028,938758192
8388608,4,4,2147980582,312,27,933120570,920977298,915725604,927837272,933120570
8388608,4,4,2148070359,276,24,923049541,930827003,935029113,919484559,935029113
8388608,4,4,2148178669,276,24,943183484,936165592,929173020,947838984,947838984
8388608,4,4,2148229133,264,23,922365107,934320132,927607438,914876085,934320132
16777216,4,4,2146317215,300,26,1747321849,1757106479,1741150405,1751973224,1757106479
16777216,4,4,2147049447,264,23,1739721068,1744446222,1734764436,1732710749,1744446222
16777216,4,4,2147372552,300,26,1738115539,1744287207,1756184799,1751480718,1756184799
16777216,4,4,2147378102,300,26,1753765612,1741409450,1749312450,1737201311,1753765612
16777216,4,4,2147500098,300,26,1751271056,1758761177,1739579077,1744096718,1758761177
16777216,4,4,2147534468,204,18,1754098421,1770884092,1770144542,1762826719,1770884092
16777216,4,4,2147540387,264,23,1763135507,1756422963,1747752557,1744763011,1763135507
16777216,4,4,2147722787,240,21,1755624322,1747521803,1753305825,1740632152,1755624322
16777216,4,4,2147976880,324,28,1736001459,1752600810,1727676302,1745810774,1752600810
33554432,4,4,2147161372,276,24,3444355505,3448997957,3437375600,3432433199,3448997957
33554432,4,4,2147292956,264,23,3439880688,3427915558,3448756871,3433168929,3448756871
33554432,4,4,2147354053,300,26,3441851675,3425660661,3433860978,3438919994,3441851675
33554432,4,4,2147549449,312,27,3431793335,3435618751,3429803026,3421553659,3435618751
33554432,4,4,2147559877,336,29,3438802025,3435219193,3428631515,3423998929,3438802025
33554432,4,4,2147571092,336,29,3450868190,3450724451,3444497982,3437806191,3450868190
33554432,4,4,2147710260,324,28,3469464591,3464177063,3458330798,3476257210,3476257210
33554432,4,4,2147711786,276,24,3438949982,3430943586,3427425799,3421995838,3438949982
33554432,4,4,2148093531,288,25,3464471091,3452913535,3447199297,3461461538,3464471091
67108864,4,4,2147154088,348,30,6930317492,6945432937,6948403731,6937259007,6948403731
67108864,4,4,2147229757,324,28,6953583485,6948108699,6943356247,6960644040,6960644040
67108864,4,4,2147245905,288,25,6959999165,6954267148,6942980598,6951455241,6959999165
67108864,4,4,2147323961,336,29,6919903116,6924321115,6936180816,6932513206,6936180816
67108864,4,4,2147336169,300,26,6946728334,6941496796,6930263956,6936377397,6946728334
67108864,4,4,2147414632,312,27,6960555229,6972194490,6966875516,6955195492,6972194490
67108864,4,4,2147480730,336,29,6965604528,6953501182,6974305876,6965499659,6974305876
67108864,4,4,2147610339,324,28,6944238955,6939545692,6950511054,6957522496,6957522496
67108864,4,4,2147661981,324,28,6991630387,6975833838,6980888862,6988964635,6991630387
134217728,4,4,2147138282,384,33,14230058778,14226485611,14213834044,14222018101,14230058778
134217728,4,4,2147246770,372,32,14191923401,14208511754,14204790727,14197869138,14208511754
134217728,4,4,2147353004,336,29,14216931217,14224090944,14212383683,14205945427,14224090944
134217728,4,4,2147424252,384,33,14213273375,14226291816,14222055323,14233370071,14233370071
134217728,4,4,2147501915,312,27,14266809053,14269902897,14276798584,14259958931,14276798584
134217728,4,4,2147540548,360,31,14233605722,14225578035,14220363212,14214802517,14233605722
134217728,4,4,2147585046,360,31,14200925294,14208224593,14194567988,14197038177,14208224593
134217728,4,4,2147725219,360,31,14211602924,14217400102,14206360750,14226492665,14226492665
268435456,4,4,2147204843,384,33,29306349573,29310958251,29288003411,29283253921,29310958251
268435456,4,4,2147336081,348,30,29209151475,29205400978,29193838246,29198363540,29209151475
268435456,4,4,2147412888,348,30,29215847205,29222271460,29238397925,29229610920,29238397925
268435456,4,4,2147441134,324,28,29270547356,29287761857,29287400951,29280538822,29287761857
268435456,4,4,2147508499,396,34,29287071218,29282473280,29276027064,29271332728,29287071218
268435456,4,4,2147541374,384,33,29407667604,29421810112,29417788217,29413953394,29421810112
268435456,4,4,2147548272,324,28,29254555221,29244052284,29235027096,29257555353,29257555353
268435456,4,4,2147560984,396,34,29438487045,29447286666,29435193855,29427194733,29447286666
