n,k,i,p,m,r,t0,t1,t
1024,2,2,1006546,44,12,224494242,248357711,248357711
1024,2,2,1363685,48,13,151630454,155581776,155581776
1024,2,2,1619030,44,12,206688070,215944834,215944834
1024,2,2,1690430,48,13,247875219,224469342,247875219
1024,2,2,1729509,52,14,143275379,134168606,143275379
1024,2,2,2315456,48,13,204670130,200180922,204670130
1024,2,2,2806533,36,10,216250405,211406126,216250405
1024,2,2,5378000,48,13,224404929,248494853,248494853
1024,2,2,5996707,44,12,206219664,216077794,216077794
1024,2,2,6351322,40,11,155120981,158148714,158148714
1024,2,2,6550589,52,14,223844701,248291154,248291154
1024,2,2,6875233,52,14,158969298,166279433,166279433
2048,2,2,15186,48,13,207048395,219337656,219337656
2048,2,2,1682479,56,15,157622952,162419946,162419946
2048,2,2,172748,40,11,247853975,227587738,247853975
2048,2,2,2092701,48,13,224089506,248244024,248244024
2048,2,2,2576248,48,13,154316866,147215808,154316866
2048,2,2,2700101,48,13,212062908,207262432,212062908
2048,2,2,4805739,48,13,156915003,135862092,156915003
2048,2,2,593263,56,15,224328397,217662023,224328397
2048,2,2,6132768,44,12,176439261,170370310,176439261
2048,2,2,816003,48,13,223808381,251446376,251446376
2048,2,2,846657,52,14,206308873,219528974,219528974
2048,2,2,873173,60,16,208664986,224456688,224456688
4096,2,2,1022108,52,14,200118606,192607128,200118606
4096,2,2,1089751,56,15,205987397,219171892,219171892
4096,2,2,1117334,48,13,204496485,224639601,224639601
4096,2,2,1129439,48,13,135754597,154795081,154795081
4096,2,2,16909,52,14,223767815,248002757,248002757
4096,2,2,2101291,44,12,215574988,211323338,215574988
4096,2,2,337972,52,14,155460163,162613524,162613524
4096,2,2,652901,44,12,157912994,162781605,162781605
4096,2,2,791742,48,13,248161371,224663270,248161371
4096,2,2,80343,60,16,249176585,225796447,249176585
4096,2,2,86247,52,14,206341099,219297564,219297564
4096,2,2,92458,52,14,158209490,157709217,158209490
8192,2,2,132477,64,17,224436963,248213022,248213022
8192,2,2,151264,56,15,211052462,219238248,219238248
8192,2,2,2320020,56,15,224769206,248668710,248668710
8192,2,2,236358,60,16,157093315,136245751,157093315
8192,2,2,257366,64,17,224049885,248125680,248125680
8192,2,2,261066,52,14,218529437,231525251,231525251
8192,2,2,671771,52,14,162928446,169657947,169657947
8192,2,2,717288,56,15,168678481,164611190,168678481
8192,2,2,722384,52,14,211447773,219767739,219767739
8192,2,2,747866,52,14,205896245,219224569,219224569
8192,2,2,789008,64,17,169937749,167133242,169937749
8192,2,2,79403,56,15,248671289,225078917,248671289
16384,2,2,132344,52,14,199961686,207748167,207748167
16384,2,2,188062,52,14,142488109,138775255,142488109
16384,2,2,203571,60,16,219614158,212759994,219614158
16384,2,2,25243,52,14,163996166,168384762,168384762
16384,2,2,303445,64,17,219910922,243911624,243911624
16384,2,2,313009,56,15,166060856,162678352,166060856
16384,2,2,43989,60,16,208530768,232532552,232532552
16384,2,2,499629,48,13,210942726,219607955,219607955
16384,2,2,5066,60,16,223629082,255255153,255255153
16384,2,2,625123,64,17,188250286,208062112,208062112
16384,2,2,77229,56,15,159286205,167442186,167442186
16384,2,2,93144,56,15,167588857,164196857,167588857
32768,2,2,22622,68,18,146359279,143032797,146359279
32768,2,2,29758,64,17,215466980,231885946,231885946
32768,2,2,35831,68,18,243457354,231762117,243457354
32768,2,2,36092,68,18,215730437,231832822,231832822
32768,2,2,369605,76,20,170709414,164769659,170709414
32768,2,2,42097,68,18,232379219,256619590,256619590
32768,2,2,43028,60,16,163417434,162212526,163417434
32768,2,2,54658,60,16,211000340,231477510,231477510
32768,2,2,55871,72,19,232058261,256270262,256270262
32768,2,2,58239,60,16,169161588,161330372,169161588
32768,2,2,83093,52,14,321627021,346084100,346084100
32768,2,2,90062,68,18,201776635,219253130,219253130
65536,2,2,10798,64,17,155334107,148119550,155334107
65536,2,2,1160,60,16,162734121,167466116,167466116
65536,2,2,14637,64,17,206375771,231552403,231552403
65536,2,2,22378,64,17,182235230,185240614,185240614
65536,2,2,2625,72,19,244130982,268068792,268068792
65536,2,2,28858,68,18,267993855,244274042,267993855
65536,2,2,33265,68,18,244267016,268384154,268384154
65536,2,2,41957,68,18,228908472,255682955,255682955
65536,2,2,4414,76,20,178797951,174481724,178797951
65536,2,2,50190,64,17,232285017,256491024,256491024
65536,2,2,56640,76,20,219658492,214957402,219658492
65536,2,2,84664,64,17,244357461,239538653,244357461
131072,2,2,12267,80,21,264118744,287982068,287982068
131072,2,2,16540,68,18,185869142,189056400,189056400
131072,2,2,16736,72,19,189133505,185591441,189133505
131072,2,2,18937,76,20,170258431,167144792,170258431
131072,2,2,2131,72,19,264239251,291861732,291861732
131072,2,2,26820,76,20,260390344,254899198,260390344
131072,2,2,33336,64,17,251787566,246120666,251787566
131072,2,2,38183,76,20,252634600,247868101,252634600
131072,2,2,45821,64,17,159285376,154118494,159285376
131072,2,2,47051,72,19,288242306,264755615,288242306
131072,2,2,5944,64,17,264142146,288061145,288061145
131072,2,2,59875,68,18,251769388,247169655,251769388
262144,2,2,10047,72,19,202839543,205078361,205078361
262144,2,2,14297,76,20,253370297,279736560,279736560
262144,2,2,15430,76,20,179409237,186459312,186459312
262144,2,2,18257,72,19,1599904160,1576545831,1599904160
262144,2,2,19209,84,22,194413480,198302536,198302536
262144,2,2,21212,72,19,264548122,291328586,291328586
262144,2,2,22712,76,20,303931631,328161203,328161203
262144,2,2,2352,84,22,266535231,291709427,291709427
262144,2,2,4478,72,19,194655350,193321334,194655350
262144,2,2,69116,68,18,277293059,303652221,303652221
262144,2,2,7762,72,19,292299975,316294891,316294891
262144,2,2,8501,80,21,327793021,304361349,327793021
524288,2,2,11679,80,21,387913434,411992943,411992943
524288,2,2,1411,76,20,252939984,257782019,257782019
524288,2,2,14421,88,23,354901073,387933129,387933129
524288,2,2,1954,72,19,1647938576,1675656438,1675656438
524288,2,2,2598,80,21,245166563,246170512,246170512
524288,2,2,26587,80,21,1804451619,1828653414,1828653414
524288,2,2,3954,84,22,237580560,238844680,238844680
524288,2,2,4561,80,21,220687572,225436879,225436879
524288,2,2,540,84,22,371160980,387283496,387283496
524288,2,2,558,84,22,353844168,387449829,387449829
524288,2,2,5834,72,19,236036324,225933273,236036324
524288,2,2,7304,84,22,1192386544,1216181246,1216181246
1048576,2,2,1105,88,23,325035973,329419541,329419541
1048576,2,2,1383,80,21,603800884,580084276,603800884
1048576,2,2,165,84,22,568345872,592514263,592514263
1048576,2,2,2061,84,22,567634009,592469264,592469264
1048576,2,2,3674,88,23,547421004,568036408,568036408
1048576,2,2,4031,84,22,338383778,346508889,346508889
1048576,2,2,5964,88,23,547202742,567576778,567576778
1048576,2,2,6475,84,22,603837896,580575640,603837896
1048576,2,2,6630,76,20,542211298,567561786,567561786
1048576,2,2,8589,88,23,308272232,314122905,314122905
1048576,2,2,9018,88,23,558958733,567374687,567374687
1048576,2,2,955,88,23,336698326,331190974,336698326
2097152,2,2,1144,92,24,939797794,935231991,939797794
2097152,2,2,1460,80,21,963398552,939974063,963398552
2097152,2,2,1614,100,26,538322143,533857370,538322143
2097152,2,2,2177,96,25,530526417,527509448,530526417
2097152,2,2,2277,84,22,936630308,951708706,951708706
2097152,2,2,2574,88,23,944609210,937678440,944609210
2097152,2,2,262,88,23,914042031,939330499,939330499
2097152,2,2,2789,92,24,970603894,964080373,970603894
2097152,2,2,3603,88,23,951965301,976225140,976225140
2097152,2,2,4439,88,23,537605471,530425233,537605471
2097152,2,2,483,88,23,999579449,988032959,999579449
2097152,2,2,960,96,25,503249526,499431959,503249526
4194304,2,2,1171,88,23,914549956,921958922,921958922
4194304,2,2,1386,96,25,916718155,914481937,916718155
4194304,2,2,194,88,23,1779476495,1767535793,1779476495
4194304,2,2,200,84,22,1751175270,1755617280,1755617280
4194304,2,2,22,84,22,1715845525,1731836254,1731836254
4194304,2,2,237,96,25,918225519,923426483,923426483
4194304,2,2,2533,88,23,1827947084,1804178985,1827947084
4194304,2,2,329,88,23,893560192,890533508,893560192
4194304,2,2,435,92,24,1699527047,1719509283,1719509283
4194304,2,2,632,88,23,1693406250,1719167671,1719167671
4194304,2,2,683,92,24,1714632125,1731303530,1731303530
4194304,2,2,9533,96,25,1763554042,1755874124,1763554042
8388608,2,2,1116,96,25,3349015877,3375977131,3375977131
8388608,2,2,119,96,25,1726536235,1730868762,1730868762
8388608,2,2,1273,88,23,1739680794,1734232447,1739680794
8388608,2,2,202,100,26,3347662439,3355698961,3355698961
8388608,2,2,27,92,24,3460013957,3436565150,3460013957
8388608,2,2,378,88,23,3435864625,3471596905,3471596905
8388608,2,2,502,100,26,3344930292,3352061976,3352061976
8388608,2,2,508,100,26,3424081154,3447911494,3447911494
8388608,2,2,516,92,24,1740278737,1739698732,1740278737
8388608,2,2,525,108,28,3364058790,3388301028,3388301028
8388608,2,2,5,92,24,3347736931,3343444101,3347736931
8388608,2,2,88,88,23,1706292797,1711976994,1711976994
16777216,2,2,214,96,25,6678346519,6712022931,6712022931
16777216,2,2,250,104,27,6743094968,6760360117,6760360117
16777216,2,2,26,108,28,3430819987,3423609041,3430819987
16777216,2,2,312,108,28,6772493925,6796232018,6796232018
16777216,2,2,32,96,25,3427805478,3425851161,3427805478
16777216,2,2,41,88,23,6734920331,6760050651,6760050651
16777216,2,2,507,100,26,6736120738,6730980852,6736120738
16777216,2,2,58,100,26,6784615777,6808872991,6808872991
16777216,2,2,72,92,24,3428942555,3425273251,3428942555
16777216,2,2,808,96,25,6811578126,6843386303,6843386303
16777216,2,2,93,92,24,3407313188,3399696339,3407313188
16777216,2,2,97,92,24,6824437771,6820110549,6824437771
33554432,2,2,106,108,28,13904252833,13900392950,13904252833
33554432,2,2,13,96,25,13827957803,13804398569,13827957803
33554432,2,2,206,108,28,13743705130,13739559683,13743705130
33554432,2,2,234,100,26,13867939304,13899592467,13899592467
33554432,2,2,247,96,25,12967880957,12962552628,12967880957
33554432,2,2,26,100,26,6916717096,6923255048,6923255048
33554432,2,2,288,96,25,13756334348,13751521272,13756334348
33554432,2,2,304,108,28,6958321385,6951353951,6958321385
33554432,2,2,32,100,26,6954415720,6960485560,6960485560
33554432,2,2,45,96,25,13699513138,13731720428,13731720428
33554432,2,2,48,108,28,13816147868,13840263177,13840263177
33554432,2,2,54,108,28,6942220657,6949719129,6949719129
67108864,2,2,10,108,28,28431881282,28463923373,28463923373
67108864,2,2,1,100,26,28419995930,28455565572,28455565572
67108864,2,2,111,100,26,14214786526,14212406150,14214786526
67108864,2,2,113,112,29,14241652694,14236320069,14241652694
67108864,2,2,15,104,27,14238873819,14246222457,14246222457
67108864,2,2,172,112,29,14245747453,14248995762,14248995762
67108864,2,2,24,112,29,28459907739,28503719803,28503719803
67108864,2,2,33,100,26,28272721644,28299750970,28299750970
67108864,2,2,34,108,28,28339987873,28355901703,28355901703
67108864,2,2,37,104,27,28286707267,28311492993,28311492993
67108864,2,2,37,112,29,28328065643,28321234265,28328065643
67108864,2,2,64,112,29,27627838372,27616239991,27627838372
134217728,2,2,14,120,31,29415211671,29410164002,29415211671
134217728,2,2,18,116,30,48695870111,48687670884,48695870111
134217728,2,2,19,108,28,29283960259,29279555402,29283960259
134217728,2,2,24,112,29,50814429760,50819366455,50819366455
134217728,2,2,28,116,30,29329686278,29327079125,29329686278
134217728,2,2,3,112,29,58453651691,58479918949,58479918949
134217728,2,2,37,116,30,58672106407,58648536146,58672106407
134217728,2,2,40,120,31,34984640446,35009655243,35009655243
134217728,2,2,4,104,27,58612504251,58596882623,58612504251
134217728,2,2,4,112,29,53727471841,53727649103,53727649103
134217728,2,2,71,112,29,29329367015,29333607409,29333607409
134217728,2,2,9,116,30,57880479247,57856802452,57880479247
268435456,2,2,1,120,31,60619015890,60626459741,60626459741
268435456,2,2,16,120,31,60514522479,60512378587,60514522479
268435456,2,2,2,112,29,119655945702,119632178141,119655945702
268435456,2,2,3,116,30,60751333561,60750952112,60751333561
268435456,2,2,3,120,31,60623050221,60614828738,60623050221
268435456,2,2,38,112,29,60754427293,60747555977,60754427293
268435456,2,2,4,120,31,121552527222,121580232495,121580232495
268435456,2,2,45,116,30,60653000756,60645165896,60653000756
268435456,2,2,48,116,30,119520444911,119511714802,119520444911
268435456,2,2,5,116,30,60688097002,60680327664,60688097002
268435456,2,2,5,124,32,120568000198,120544528087,120568000198
