n,k,i,p,m,r,t
1024,1,1,1505107,0,12,211979507
1024,1,1,15565119,0,12,166190787
1024,1,1,1606048,0,12,125177337
1024,1,1,16684,0,12,211387894
1024,1,1,1978583,0,12,152137713
1024,1,1,2229080,0,12,211660491
1024,1,1,2509526,0,12,184004895
1024,1,1,3849786,0,12,195883770
1024,1,1,4147425,0,12,120490149
1024,1,1,417373,0,12,120278890
1024,1,1,4927160,0,12,170678894
1024,1,1,6741121,0,12,156877899
2048,1,1,1084201,0,13,171552026
2048,1,1,140220,0,13,121546954
2048,1,1,1792005,0,13,212024752
2048,1,1,207608,0,13,162260443
2048,1,1,236861,0,13,125379447
2048,1,1,252583,0,13,207621641
2048,1,1,2647390,0,13,211693815
2048,1,1,3499796,0,13,123820965
2048,1,1,4851863,0,13,211856738
2048,1,1,593829,0,13,150091582
2048,1,1,679463,0,13,211687988
2048,1,1,869200,0,13,120566236
4096,1,1,1185090,0,14,123243010
4096,1,1,1189915,0,14,188662569
4096,1,1,1297943,0,14,188723367
4096,1,1,1381326,0,14,183293228
4096,1,1,167566,0,14,211721298
4096,1,1,19502,0,14,162018974
4096,1,1,227613,0,14,208207337
4096,1,1,270333,0,14,123506282
4096,1,1,301250,0,14,166671454
4096,1,1,3575349,0,14,128351302
4096,1,1,85368,0,14,125795693
4096,1,1,989031,0,14,212402349
8192,1,1,1185998,0,15,211958488
8192,1,1,119677,0,15,161526607
8192,1,1,139228,0,15,158527229
8192,1,1,261835,0,15,165980065
8192,1,1,287814,0,15,124537231
8192,1,1,311880,0,15,121423820
8192,1,1,399298,0,15,124338809
8192,1,1,45583,0,15,211518805
8192,1,1,83126,0,15,207939271
8192,1,1,90380,0,15,125031902
8192,1,1,907024,0,15,183332182
8192,1,1,963447,0,15,211891840
16384,1,1,139563,0,16,208928142
16384,1,1,14383,0,16,195868099
16384,1,1,17711,0,16,195269408
16384,1,1,202437,0,16,128856727
16384,1,1,255396,0,16,162574722
16384,1,1,278947,0,16,220015449
16384,1,1,298893,0,16,219851001
16384,1,1,376353,0,16,219558086
16384,1,1,426001,0,16,166301682
16384,1,1,528066,0,16,162476117
16384,1,1,535897,0,16,125577513
16384,1,1,85627,0,16,124822630
32768,1,1,113301,0,17,232298313
32768,1,1,126239,0,17,154792929
32768,1,1,139692,0,17,128829661
32768,1,1,149926,0,17,231939179
32768,1,1,187656,0,17,182625333
32768,1,1,257863,0,17,231442342
32768,1,1,269158,0,17,136228278
32768,1,1,342358,0,17,130147380
32768,1,1,37129,0,17,170435827
32768,1,1,451880,0,17,208136373
32768,1,1,8085,0,17,136279358
32768,1,1,84495,0,17,231430664
65536,1,1,111372,0,18,203667674
65536,1,1,17304,0,18,178619346
65536,1,1,26845,0,18,177646456
65536,1,1,38941,0,18,243551643
65536,1,1,42489,0,18,148304029
65536,1,1,50106,0,18,239936318
65536,1,1,62799,0,18,169071392
65536,1,1,6541,0,18,255909045
65536,1,1,71803,0,18,216442597
65536,1,1,71899,0,18,139467070
65536,1,1,76347,0,18,256165342
65536,1,1,9674,0,18,142152488
131072,1,1,13664,0,19,280309123
131072,1,1,152703,0,19,291787629
131072,1,1,15728,0,19,268320723
131072,1,1,17247,0,19,292672663
131072,1,1,29291,0,19,198729108
131072,1,1,32542,0,19,163149060
131072,1,1,36776,0,19,157930418
131072,1,1,49698,0,19,292262761
131072,1,1,5042,0,19,160593226
131072,1,1,56259,0,19,279589823
131072,1,1,57239,0,19,161757937
131072,1,1,6909,0,19,156570258
262144,1,1,10221,0,20,209279812
262144,1,1,10785,0,20,243363807
262144,1,1,12256,0,20,351986667
262144,1,1,1367,0,20,204367002
262144,1,1,15840,0,20,375388467
262144,1,1,16092,0,20,363967615
262144,1,1,22903,0,20,363180285
262144,1,1,27192,0,20,375102211
262144,1,1,30320,0,20,376412534
262144,1,1,34703,0,20,241259123
262144,1,1,4030,0,20,202470374
262144,1,1,6115,0,20,202191407
524288,1,1,11539,0,21,294279054
524288,1,1,12442,0,21,543807856
524288,1,1,2294,0,21,294735759
524288,1,1,3850,0,21,328989712
524288,1,1,4349,0,21,343413329
524288,1,1,469,0,21,555735668
524288,1,1,5031,0,21,543774533
524288,1,1,5347,0,21,543989506
524288,1,1,6592,0,21,292798382
524288,1,1,6798,0,21,543526988
524288,1,1,9177,0,21,335381442
524288,1,1,938,0,21,555416394
1048576,1,1,1311,0,22,486124598
1048576,1,1,176,0,22,518487666
1048576,1,1,3489,0,22,927936102
1048576,1,1,4854,0,22,927424192
1048576,1,1,5330,0,22,481978552
1048576,1,1,5555,0,22,915973405
1048576,1,1,589,0,22,477134061
1048576,1,1,79,0,22,517550942
1048576,1,1,8157,0,22,928173636
1048576,1,1,877,0,22,927482522
1048576,1,1,933,0,22,915937430
1048576,1,1,9900,0,22,479107109
2097152,1,1,1013,0,23,885056495
2097152,1,1,1257,0,23,915317309
2097152,1,1,1403,0,23,869731217
2097152,1,1,2000,0,23,1719192843
2097152,1,1,25,0,23,879569188
2097152,1,1,3154,0,23,981781683
2097152,1,1,317,0,23,875479539
2097152,1,1,4180,0,23,1719895346
2097152,1,1,4215,0,23,914694695
2097152,1,1,4938,0,23,1684201416
2097152,1,1,763,0,23,1720164369
2097152,1,1,778,0,23,1683287643
4194304,1,1,1563,0,24,3339716526
4194304,1,1,1970,0,24,1695823291
4194304,1,1,231,0,24,1697817711
4194304,1,1,241,0,24,2572314103
4194304,1,1,2523,0,24,3340057016
4194304,1,1,2763,0,24,1729890866
4194304,1,1,2821,0,24,3327834903
4194304,1,1,335,0,24,3316515629
4194304,1,1,340,0,24,1689569539
4194304,1,1,578,0,24,1682395550
4194304,1,1,838,0,24,1887879275
4194304,1,1,964,0,24,1733420559
8388608,1,1,11,0,25,3380062224
8388608,1,1,1226,0,25,3408239068
8388608,1,1,149,0,25,6715474083
8388608,1,1,281,0,25,6723602968
8388608,1,1,334,0,25,3385835868
8388608,1,1,38,0,25,6687850776
8388608,1,1,426,0,25,5956137781
8388608,1,1,523,0,25,3375875279
8388608,1,1,806,0,25,3382597627
8388608,1,1,852,0,25,6735537877
8388608,1,1,872,0,25,3420460123
8388608,1,1,873,0,25,6748649550
16777216,1,1,20,0,26,6881635139
16777216,1,1,210,0,26,13731457907
16777216,1,1,231,0,26,6928640899
16777216,1,1,253,0,26,6874256238
16777216,1,1,44,0,26,13720231564
16777216,1,1,45,0,26,13707992833
16777216,1,1,469,0,26,6880712755
16777216,1,1,47,0,26,12964066926
16777216,1,1,59,0,26,6919669949
16777216,1,1,722,0,26,13743470892
16777216,1,1,756,0,26,6909895622
16777216,1,1,971,0,26,6890345834
33554432,1,1,12,0,27,14125379004
33554432,1,1,136,0,27,28216715368
33554432,1,1,14,0,27,14163792377
33554432,1,1,16,0,27,27808825822
33554432,1,1,161,0,27,14129200311
33554432,1,1,23,0,27,28220192973
33554432,1,1,294,0,27,14149516066
33554432,1,1,43,0,26,14180608655
33554432,1,1,77,0,27,28264654605
33554432,1,1,82,0,27,14224464820
33554432,1,1,83,0,27,28228145620
33554432,1,1,9,0,27,14135267998
67108864,1,1,120,0,27,53608558747
67108864,1,1,127,0,27,29201688735
67108864,1,1,13,0,28,57447644130
67108864,1,1,13,0,28,57472142227
67108864,1,1,17,0,28,29165668729
67108864,1,1,24,0,28,29167159792
67108864,1,1,4,0,28,58312196002
67108864,1,1,49,0,27,29157856594
67108864,1,1,51,0,28,51295601906
67108864,1,1,62,0,28,29266208613
67108864,1,1,71,0,28,57568109288
67108864,1,1,88,0,28,51551534849
134217728,1,1,16,0,29,120747916033
134217728,1,1,19,0,29,60475205416
134217728,1,1,21,0,28,119535446021
134217728,1,1,21,0,28,60290468883
134217728,1,1,26,0,28,119667958476
134217728,1,1,5,0,29,119776407377
134217728,1,1,57,0,28,118900078781
134217728,1,1,60,0,28,119548277060
134217728,1,1,62,0,29,60345561674
134217728,1,1,7,0,29,116824498796
134217728,1,1,7,0,29,60265079243
134217728,1,1,82,0,29,60149798532
268435456,1,1,0,0,30,124637959051
268435456,1,1,10,0,29,124524322276
268435456,1,1,1,0,29,232614505312
268435456,1,1,11,0,29,248740918608
268435456,1,1,16,0,30,124391121929
268435456,1,1,2,0,29,223995845228
268435456,1,1,21,0,29,248992301204
268435456,1,1,23,0,30,244371842347
268435456,1,1,29,0,29,248860086152
268435456,1,1,4,0,29,124625675357
268435456,1,1,5,0,30,249544269267
268435456,1,1,74,0,29,246508112162
