n,k,i,p,m,r,t0,t1,t2,t3,t4,t5,t6,t7,t8,t9,t10,t11,t12,t13,t14,t15,t
1024,16,16,2078560529,1260,22,249371734,263237037,256737069,252857858,257391028,253633198,262573876,250790278,274427204,258012868,269085266,262567060,269840195,268269778,274362783,259766698,274427204
1024,16,16,2124009462,1020,18,241213606,249901399,245442802,237948241,254951947,241163915,248259473,244954326,262487837,258184085,252217875,246186396,260325940,259530680,251341692,247941466,262487837
1024,16,16,2211738973,720,13,261792890,242265591,248264006,255655706,270288993,265937379,262138155,274301638,270504708,244973837,263472998,254023958,282677829,262765180,274660359,268794394,282677829
1024,16,16,2234933195,1320,23,263986682,259883173,272356635,267777093,263855211,274010280,267517234,260525431,261609671,257153572,268578615,274680087,268012455,253139968,262949737,278743982,278743982
2048,16,16,2110459942,840,15,275748364,283135829,290214576,297930773,291729837,287779131,284208632,270636172,289435304,278299498,297652333,287020897,304415331,293155105,298832170,287882349,304415331
2048,16,16,2175942139,300,6,253275299,243299056,249520384,247566035,246317364,240217294,254435417,241368765,238186532,254594116,256600909,246392106,252167986,246740693,257636002,252916248,257636002
2048,16,16,2192994897,480,9,264546994,256738730,253022965,260469601,258552004,254126556,250012215,263214775,263368010,253630667,270365111,257838372,266570360,254926351,259429235,272730926,272730926
2048,16,16,2247647098,420,8,256456155,259746627,251888181,264353217,260150411,256685473,255126232,249666709,254946505,254497989,261571377,267750049,271052486,268769664,260949068,256952869,271052486
4096,16,16,2085164228,1200,21,274387239,269360864,282249730,277694368,281556969,290405904,279115640,285726993,286747307,305698646,299137651,291791568,300783115,276355961,293021075,284501783,305698646
4096,16,16,2134018736,780,14,259855100,265794028,259407328,266331691,253499092,247285829,275360854,271371769,261640734,274489445,270440237,257032769,274659638,263345856,278220423,267571553,278220423
4096,16,16,2175231972,420,8,244954308,250911746,259021115,258733570,252982522,262944850,257524634,252831384,267120982,262192321,250595777,255605848,261203727,251392576,266215188,255377782,267120982
4096,16,16,2176294762,1140,20,243806525,256733990,250263594,236997151,248191634,259404776,255616449,252266357,249915722,265650978,244105985,258144642,269017283,266517126,260333663,255707188,269017283
8192,16,16,2097859292,2100,36,275181157,281012201,274934571,277225500,280772759,269327585,269255780,274203686,282791895,277210953,289611336,296178430,290471862,282618954,266918455,274014231,296178430
8192,16,16,2149333098,1560,27,269549097,283063562,275566978,278543742,272405030,280478440,279226383,284819197,279151622,272174142,254926078,263922871,287592449,275094625,283133873,265123120,287592449
8192,16,16,2155366380,1740,30,277077632,287079597,287599969,278673496,274630044,282293981,281201588,274204609,282627924,276536620,275699729,285884486,291554590,288126076,298359099,280656576,298359099
8192,16,16,2159041737,900,16,264390988,260947816,265707462,261898806,268395511,258607535,280991111,276355332,267891552,275637575,262194627,257089992,270609905,260027420,255425235,268783252,280991111
16384,16,16,2119892406,840,15,262518588,254508073,251546504,249851553,258704893,262762441,258343899,255479667,265840753,271166772,262826648,255532650,263764493,260145446,272082257,275357604,275357604
16384,16,16,2141629243,960,17,253700831,258924343,266652238,261978785,251108598,263211605,255483614,243528314,262187545,267563445,252018547,243097572,273076925,270388730,262463204,259563895,273076925
16384,16,16,2143991156,720,13,274972015,271260943,270964623,278376055,266106185,274777161,271851119,266059830,272350916,283459182,285910344,289757743,273988136,282520568,271062094,276227128,289757743
16384,16,16,2173376887,1260,22,244787361,260005949,250653399,255076681,247726094,261932225,258372680,252673811,268748162,258400420,265584479,269056302,258409996,254346587,266815896,258369608,269056302
32768,16,16,2130314825,1320,23,270628371,275300621,263404409,267735107,264195745,275660959,271456299,267983389,267282032,274833418,279020830,263299838,283113597,276160376,289676238,271639474,289676238
32768,16,16,2143998263,660,12,275108742,268437914,260895692,269646655,280533848,274064679,265612136,269067142,289791270,270708012,282605335,276723107,276499776,289746598,273884104,283520697,289791270
32768,16,16,2155061135,1080,19,247130181,258379114,252925878,266563792,255445225,262112041,262350840,256272061,268840176,266860439,263535401,267398550,252261185,256670441,281596252,261808720,281596252
32768,16,16,2155586806,1140,20,262947545,259740281,256251111,248786260,234810995,256524331,243073785,253455370,268300796,263136482,257542044,254259773,267957614,264894411,256768758,251786785,268300796
65536,16,16,2146626632,2400,41,267561332,279577026,274935119,271765938,277972669,282420168,275504933,271540472,282690719,278370999,271256093,268392017,280546030,275751765,290831989,288068644,290831989
65536,16,16,2147631190,960,17,304730149,303317699,300338177,298510166,310038965,312606354,297133673,306211786,310591588,309901503,323049737,302063775,310885161,304704026,320917564,297412133,323049737
65536,16,16,2149159049,2700,46,259827323,263980497,253045761,256604778,258168444,262782149,255057346,251242643,264440771,258830005,273891751,254039402,254600108,270870307,265755310,262160087,273891751
65536,16,16,2156117878,1200,21,262030393,270588554,266149255,259305318,263949274,252882759,261710796,275137573,272598054,270183660,258532317,263968494,262575008,279720516,255622160,272025391,279720516
131072,16,16,2142978020,1500,26,282862768,270215233,274308082,277655146,277994356,264243236,257868179,271654888,269186272,285041277,260813441,279090601,292214936,275146462,280803640,288026789,292214936
131072,16,16,2144953603,1320,23,294293278,298056394,298103249,293597288,304799893,291431043,301581615,290020019,310218542,318601285,307071372,299301653,311418243,302969412,318397877,309248197,318601285
131072,16,16,2147656493,1920,33,274887573,282328159,278928878,271688129,275033305,279162902,271145615,282865594,288348757,282920323,276207692,270283663,285997673,275679007,283787403,272399907,288348757
131072,16,16,2150043590,1140,20,266491552,278294712,282776036,273762364,271265271,278476424,280003572,271981504,283894000,280674787,288414009,272689763,284285021,270663174,285525717,279816836,288414009
262144,16,16,2147933925,1080,19,265369094,271881057,277023435,269893855,276915432,272427351,264609995,268757949,289306296,282447158,276671519,270657727,278174408,285805681,288929264,274883161,289306296
262144,16,16,2149053969,1740,30,271145399,269970319,277142404,264805735,277461649,270825725,281558825,280650309,263361421,268259848,279673252,275367089,286882683,272626159,284176223,278158325,286882683
262144,16,16,2150713939,1740,30,298612574,291139014,303704738,297136328,296408094,304871260,301791625,308687356,300334809,312483143,317902906,307748783,331786049,324354467,317697004,312497659,331786049
262144,16,16,2152866590,1320,23,271179588,267831924,266841182,277048233,264338433,275202691,279984110,274041718,268641151,274232625,286357369,280640565,279651125,272307618,281772132,267560677,286357369
524288,16,16,2146808175,1320,23,307855949,320205283,313080816,315969310,313603662,321729484,317093434,312445833,332049524,326896358,323750594,321060717,318305042,325503350,334457181,314424622,334457181
524288,16,16,2146818664,960,17,284664171,291110091,288195735,280628158,298282428,292311687,288439315,284073904,292499082,270711661,279589701,290204970,298518928,290346615,275572264,281931684,298518928
524288,16,16,2147707115,1800,31,261916921,267215054,280835578,275348422,278986016,289449260,282910726,274965553,289510767,282204651,293862285,299639428,280162731,291505869,276333024,288147774,299639428
524288,16,16,2150380986,1200,21,301199514,292046317,295955149,287288119,279624902,295325605,289205885,275255104,293150744,302329327,285314409,291235866,289184920,294072714,306509864,300405556,306509864
1048576,16,16,2145691361,1500,26,282007206,277153179,271425506,272648131,275107230,268227225,283212527,276632650,287102603,292900131,280162260,275620754,284723889,279539894,300203597,291621302,300203597
1048576,16,16,2146580537,1140,20,283097229,277282490,279859432,289950564,282067280,292193408,289126225,289587971,273551631,280782405,286616757,294518411,303681954,299507679,292986067,288289478,303681954
1048576,16,16,2148203866,1620,28,310336005,302157573,314685912,310049789,306904331,321128722,314845294,307726242,331539276,320652473,317105421,329179840,338852049,318109179,331959225,324310164,338852049
1048576,16,16,2151466162,1560,27,298226327,306205510,310536606,302891150,299309512,308039647,312946633,305720835,301490032,321310911,310673559,314692940,319898895,314000463,302656867,309676654,321310911
2097152,16,16,2144877203,1740,30,295590273,291357543,299766774,305517396,307861546,294450424,301684584,298865335,304745933,310241022,323152757,318500708,320151301,309134402,315491920,303816333,323152757
2097152,16,16,2146231740,2460,42,318747864,312166534,304683755,308563997,322777342,309354396,312793410,316708642,327095126,329357991,316492268,311752203,309834835,326215768,327149685,318461366,329357991
2097152,16,16,2146990483,1260,22,311566646,307651666,307741675,295146875,324142687,318994437,305578020,322595149,317334926,331777406,322217935,328064032,325664054,331163087,318044767,335718972,335718972
2097152,16,16,2149733217,1680,29,288726789,303619207,301673248,295577410,293483047,282844237,299050844,308842832,322595350,312446931,303856226,295845656,299128183,307351417,311075472,295797890,322595350
4194304,16,16,2147462127,1440,25,389282949,383850734,378083044,380228902,373142127,388975682,379288119,384265577,391893838,396456563,389194081,380840783,380185440,388264321,375969689,395768463,396456563
4194304,16,16,2148042366,2100,36,375146149,369376786,365520063,372826814,358084803,370329983,366003654,362144818,375757332,386178655,370672694,377493269,373895802,381391928,357392318,367941987,386178655
4194304,16,16,2148809622,1560,27,374271446,377635010,381890082,377103967,371873660,382527435,379202547,375699440,394877146,402719931,363728328,389754433,395520181,381115929,387231092,378948082,402719931
4194304,16,16,2149055277,1320,23,355453718,359337385,350618066,363151093,362527354,358642515,350037608,354169184,355267442,363397905,351213989,367590946,373091348,367727753,358889603,364814058,373091348
8388608,16,16,2146287445,2280,39,460806436,473587487,468926536,465093807,468807100,478559586,465028664,472399678,473094997,480554906,485027022,470151047,493144346,499932849,481566162,485997409,499932849
8388608,16,16,2147302696,1980,34,471225740,467507720,472376961,475484724,480329028,466368276,478181772,468812783,484975547,468082556,478813658,475121624,472284006,484498865,491848726,477850529,491848726
8388608,16,16,2147334899,1620,28,494587176,497634902,492897553,488725177,502489602,484553021,506980423,493500265,505773186,506016895,494303859,498249979,463896112,469421058,477040873,480626140,506980423
8388608,16,16,2147587789,1200,21,448513018,448294925,453168443,444824737,445058510,442083002,457802364,453088535,454121581,466505970,463252904,451816350,471835607,458801611,465364114,453702978,471835607
16777216,16,16,2146990258,1860,32,651379004,647328945,645635587,640608899,654231787,650252192,662295113,659290444,646238462,663052515,656558439,662776315,651368396,658749377,671371236,643060499,671371236
16777216,16,16,2147330453,1260,22,646867878,654303974,642189954,651015168,641888807,658205019,651747190,647764821,657033520,671447806,679631220,679706138,666056040,662455078,670324895,659479627,679706138
16777216,16,16,2147620975,2820,48,651361550,654251387,646135934,658143012,659367271,654408130,662950892,650898109,663364103,668851022,657073283,651856025,662129368,665271401,649624853,655042067,668851022
16777216,16,16,2147876653,2640,45,667052509,663174966,670344359,658105035,670201741,661862331,660323580,666464030,675603042,680319839,670543102,668818846,663317371,657423973,651334900,666350881,680319839
33554432,16,16,2147306317,2520,43,1069593031,1065285843,1058213414,1062285060,1058436540,1066406940,1064236522,1070317650,1081766273,1063652533,1070570089,1083990302,1079108006,1071795746,1066459455,1081927264,1083990302
33554432,16,16,2147367556,2160,37,1067474122,1063814150,1058019998,1061598035,1057939526,1070273700,1066927926,1061902017,1050960801,1068102870,1080040838,1062576562,1075784965,1076307452,1067376637,1059198479,1080040838
33554432,16,16,2147746414,2520,43,1067215712,1065213333,1060188160,1068443779,1071576321,1060619112,1047824848,1054313688,1073508791,1065953533,1063516543,1069484329,1070284761,1059207923,1055136212,1083230298,1083230298
33554432,16,16,2147973382,1740,30,1061005693,1057847058,1050760289,1054550452,1063215126,1069330188,1059800805,1060269817,1043730480,1068974924,1060758030,1054673057,1050690442,1062044211,1042824313,1068468377,1069330188
67108864,16,16,2147268393,1980,34,1921413364,1929620963,1924993580,1919121430,1931300539,1930906389,1925379929,1939065702,1948121646,1942058312,1937031885,1935492008,1952142935,1942262929,1936925090,1948586016,1952142935
67108864,16,16,2147371977,2280,39,1904692857,1912951747,1908509025,1901726064,1909933162,1902110478,1896861429,1888784765,1914340191,1921513502,1907512793,1900053043,1923279830,1908099826,1912983058,1922828889,1923279830
67108864,16,16,2147685963,1860,32,1924330943,1918937941,1926275918,1919253080,1929824678,1925872313,1922030421,1935261101,1928305258,1923552288,1935785375,1944331306,1944629423,1928315688,1941429823,1935750971,1944629423
67108864,16,16,2147784499,1800,31,1913609096,1911805602,1917790366,1924315503,1907289642,1928120843,1924133193,1919720263,1926545498,1933025058,1919685126,1915917995,1917948990,1932957848,1927801230,1921946869,1933025058
134217728,16,16,2147309324,2280,39,3718669442,3736752334,3729558794,3724959182,3730963034,3734376724,3721331867,3726594683,3729139297,3741608086,3735426646,3740177154,3727178759,3741645220,3730116111,3730863863,3741645220
134217728,16,16,2147537715,1380,24,3705287216,3698874094,3695034376,3692054237,3693833556,3703086112,3698511685,3690029476,3691491259,3707866074,3712958687,3704081301,3710834700,3697161077,3702677935,3699170054,3712958687
134217728,16,16,2147548345,1680,29,3699239539,3685634562,3678942985,3692524045,3698726386,3691565214,3696501012,3704432681,3695143189,3712273190,3700560015,3706444999,3700468626,3707210047,3695853432,3689770682,3712273190
134217728,16,16,2147696408,1740,30,3700237524,3697849273,3690918123,3697015606,3695121433,3690324018,3698983894,3706540300,3709902022,3698283493,3705594348,3694742551,3703743303,3708033553,3697227414,3692950062,3709902022
268435456,16,16,2147333322,1380,24,7414245309,7421963042,7411150727,7408744539,7409085286,7416922245,7412348080,7405897822,7414320409,7422526162,7408479650,7403966199,7427021660,7423724293,7417927268,7412901883,7427021660
268435456,16,16,2147405784,2220,38,7398081115,7390379680,7394160442,7386708660,7398368240,7391053995,7385939758,7394027620,7404158846,7405105095,7400972982,7391370531,7408484676,7397093338,7396498837,7393662743,7408484676
268435456,16,16,2147480934,2160,37,7432641281,7436818055,7429616236,7424799841,7435568401,7424305582,7427190883,7434521395,7441501910,7444655848,7436060837,7447658312,7452476194,7440567977,7436308519,7434937003,7452476194
268435456,16,16,2147570656,1560,27,7396215145,7386517369,7391729251,7399502273,7388101484,7396903161,7385283206,7392558709,7396983019,7385383003,7403565384,7391212564,7403684865,7398497070,7390787381,7381869903,7403684865
