n,k,i,p,m,r,t0,t1,t2,t3,t4,t5,t6,t7,t
1024,8,8,4274665091,308,12,257491443,254525603,254276024,246536845,243392988,243355247,239731362,249466808,257491443
1024,8,8,4285828248,392,15,254448055,277125660,273445210,263296088,274557914,271825915,271676561,266155983,277125660
1024,8,8,4288968751,392,15,275066264,267796895,257250207,250683961,274735637,280661191,268178610,274438212,280661191
1024,8,8,4289825311,336,13,250932752,262795876,245652282,258805918,263809954,256177450,261050089,267227143,267227143
1024,8,8,4289885507,308,12,259312172,254134489,270320795,272723312,266481020,259441669,271225848,264439959,272723312
1024,8,8,4292671577,336,13,302296384,307056119,313926041,300235302,312653754,312012754,316858183,307355087,316858183
1024,8,8,4293730779,420,16,262489556,270929761,250830807,257969949,238350638,263965622,256712162,252992495,270929761
1024,8,8,4294428177,476,18,266985506,258051542,266651987,260716222,273336367,259041290,253724256,257826330,273336367
1024,8,8,4294513107,196,8,236568424,247068934,256980112,260789144,259169193,248293295,258271708,252696103,260789144
1024,8,8,4294565891,196,8,263931615,259766465,252551733,248125722,250916278,264135632,259503924,247893208,264135632
2048,8,8,4290104786,336,13,248985303,246274120,262027822,257305210,239455634,260360432,252072501,263332769,263332769
2048,8,8,4291992038,336,13,255095561,253699943,237986969,243023568,251026107,248257509,244011171,254982520,255095561
2048,8,8,4292286580,392,15,250635928,251385829,263764898,256283571,244754826,239468062,251692658,244331504,263764898
2048,8,8,4294287031,336,13,270784113,276225869,266870002,285397134,281062942,277738734,273744339,266806042,285397134
2048,8,8,4294303649,616,23,231187047,248194674,238310878,223558215,258911413,250892101,258875994,247730049,258911413
2048,8,8,4294305783,448,17,260622841,248735984,254607358,240563610,264491797,257470382,251498008,241792219,264491797
2048,8,8,4294442817,308,12,268439792,257701122,267944232,277801284,272326866,264196182,257917385,269173988,277801284
2048,8,8,4294503654,168,7,268489779,284712909,279191141,273823385,267461105,263871007,256171025,248763077,284712909
2048,8,8,4294797029,280,11,258024734,261071717,253561133,248800601,242769470,246408454,251981608,259084261,261071717
2048,8,8,4294827020,252,10,245827821,251655271,242498964,237717608,254359998,236408346,247528115,241001286,254359998
4096,8,8,4291050292,308,12,263008257,259589540,252950964,257219584,273985602,268939842,262281868,250489545,273985602
4096,8,8,4291974797,364,14,297304831,279234289,294670136,287309657,297477364,286933420,285956768,295648641,297477364
4096,8,8,4293574076,336,13,238214880,246582105,235171469,227551795,249109140,249480808,243195734,239252996,249480808
4096,8,8,4293977584,448,17,236127775,242287413,256527842,261348434,247791545,253662990,244154100,260483776,261348434
4096,8,8,4294313294,420,16,245245281,241866917,254049018,258761094,241752203,258356671,247535042,256128602,258761094
4096,8,8,4294416155,252,10,268890406,246948455,258918959,251792313,264430063,269899879,263115071,258088179,269899879
4096,8,8,4294423205,364,14,247548424,266824921,259819860,269121280,255746255,264309005,261116400,256432545,269121280
4096,8,8,4294499368,252,10,253286590,249915957,259675617,243061830,264608649,244161978,254091075,261258616,264608649
4096,8,8,4294611873,252,10,258351206,254856746,243432204,247173454,254587685,246972227,254678999,243327800,258351206
4096,8,8,4294881552,252,10,273048945,279021385,261641802,267984607,281154649,264030741,270143795,278047108,281154649
8192,8,8,4294137744,364,14,261746424,265039010,253256312,247293990,260991376,262075846,251011848,255246654,265039010
8192,8,8,4294340360,364,14,249608722,257251590,242211989,232094940,253376514,243860698,253811990,248014812,257251590
8192,8,8,4294354459,504,19,241324061,251696881,248791489,252506759,237399986,239302016,251431202,244843222,252506759
8192,8,8,4294509293,448,17,247241299,240540217,252259614,259965216,259718541,253109655,259112177,250350491,259965216
8192,8,8,4294681865,280,11,265447320,266040426,254660282,259407206,259968802,264136261,272145445,252637612,272145445
8192,8,8,4294794009,364,14,270482799,262882293,279385356,256757337,269708859,266492961,260426566,256080880,279385356
8192,8,8,4294869739,476,18,241282514,242294499,254756392,235418344,247203638,241615278,234994321,231371972,254756392
8192,8,8,4294900978,364,14,285387898,285500944,295842017,301549624,289002111,294185758,288134647,285842470,301549624
8192,8,8,4294942358,392,15,247047156,254691967,239298922,262452873,262361547,267011989,255499583,251752411,267011989
8192,8,8,4294944769,672,25,262676185,267911876,263723759,257461642,252184248,262985488,251558030,256379596,267911876
16384,8,8,4293972465,448,17,282769937,276838956,283338652,272559881,298211494,278534280,285718315,291655834,298211494
16384,8,8,4294430271,448,17,250225369,265993523,242887927,263634000,260280286,264689154,261855249,255779713,265993523
16384,8,8,4294547899,420,16,259096729,256255415,250863697,248719718,257569183,258678339,247436080,251636037,259096729
16384,8,8,4294628611,280,11,252918124,257138287,260797383,243078207,248934354,246655415,255827958,250281744,260797383
16384,8,8,4294707821,392,15,264904957,257280357,252293797,245117080,267035200,259834102,265577080,256552095,267035200
16384,8,8,4294733401,504,19,268498254,259773968,280716477,252282934,278529313,258771160,269512960,279779417,280716477
16384,8,8,4294800524,336,13,267185209,252660724,246891853,258804532,257398778,247587064,244575682,255793387,267185209
16384,8,8,4294859725,448,17,258309508,254880663,248364440,243765417,260687946,255623803,249179778,248295510,260687946
16384,8,8,4294907663,392,15,254445803,252211024,264073580,260734453,248930113,258957659,247812434,252764480,264073580
16384,8,8,4294908879,448,17,270971445,279494488,266932923,282752781,289184376,286851539,281593128,278354781,289184376
32768,8,8,4294505832,476,18,261030521,260027409,251161130,243946958,255213348,259506011,250526775,253724251,261030521
32768,8,8,4294532306,448,17,258637004,239876524,231566887,254905958,247927023,258070613,251685536,249056931,258637004
32768,8,8,4294732591,476,18,245918940,232662385,244899279,239092073,229979932,235331648,242644984,231692424,245918940
32768,8,8,4294780408,364,14,259843683,250433528,256970926,245330046,264164930,249928568,262755907,256440133,264164930
32768,8,8,4294840139,392,15,282902530,279234640,273203023,267942855,289915352,276540466,287479979,283718851,289915352
32768,8,8,4294881373,560,21,263463641,271554241,253508331,245442852,271584379,263830283,271669478,260614666,271669478
32768,8,8,4294885166,532,20,260142443,279555561,273156540,267576383,263251567,275111227,278512814,268183216,279555561
32768,8,8,4294936133,532,20,268526153,271095014,264144431,259862892,275656300,269493664,258471531,263087288,275656300
32768,8,8,4294950969,420,16,249986632,241432047,249701407,233512520,240172834,247113692,239471279,250146168,250146168
32768,8,8,4294960406,560,21,255935246,262774290,259889185,251632408,250491023,250252569,235249283,242437393,262774290
65536,8,8,4294782643,448,17,288253455,293830029,270410851,279129175,285407589,288825354,273922142,287407356,293830029
65536,8,8,4294782856,560,21,238995058,247099694,251722699,234258561,239596402,247818880,236284618,251117707,251722699
65536,8,8,4294867360,560,21,244368888,255750279,263763799,239570175,261185453,267159031,251550598,256398227,267159031
65536,8,8,4294877334,448,17,253190717,238559345,246775494,251531727,234869758,238998782,250586939,244852039,253190717
65536,8,8,4294899592,448,17,275832079,261603311,264362220,268526820,256858142,253093338,246999054,263747502,275832079
65536,8,8,4294900973,616,23,269388296,261811931,254988605,250908624,249961230,265323174,254213645,261200006,269388296
65536,8,8,4294905508,532,20,263354183,254002539,250686123,264615995,253573352,242627687,253850205,246780809,264615995
65536,8,8,4294914171,672,25,247428683,261199205,243251487,234941003,258780079,248585997,246464713,256603203,261199205
65536,8,8,4294944061,532,20,257092075,244317919,251261135,262132002,243414012,257114342,241819377,247638507,262132002
65536,8,8,4294957013,644,24,257848456,256169052,247526739,239923733,264543377,248187789,259102656,252045184,264543377
131072,8,8,4294882570,476,18,270733829,263771429,277471017,284690172,284011057,281567792,273769062,277748599,284690172
131072,8,8,4294892842,532,20,292510882,288884011,296041925,283367002,279298535,291873375,281003132,287300736,296041925
131072,8,8,4294895936,420,16,257713621,259292962,264561302,248901977,254544932,246607373,254988024,251127057,264561302
131072,8,8,4294899020,588,22,259558290,259312186,253541025,265190099,250292946,253366851,250366147,259612239,265190099
131072,8,8,4294912321,532,20,274779414,263222160,271650106,259908920,280345397,275211190,260059669,267377732,280345397
131072,8,8,4294928548,588,22,271025885,265010540,261505462,255513426,250051530,267031648,256988218,264500675,271025885
131072,8,8,4294929867,532,20,262979613,252191933,264225069,273279291,258250840,255645080,251418895,262805887,273279291
131072,8,8,4294937303,560,21,260138574,267191408,249471440,254555149,263671312,263521318,252289786,257659521,267191408
131072,8,8,4294964040,476,18,265624430,279061545,267013818,272717921,288689040,254519162,263457720,258395807,288689040
131072,8,8,4294964922,476,18,267027764,271201447,255750585,261267667,268404458,268241457,258893137,262780893,271201447
262144,8,8,4294885012,476,18,256589432,244497474,253224247,242503691,255101587,241453841,248140898,256347208,256589432
262144,8,8,4294937744,616,23,248811894,243006395,251252803,255176271,240513990,240294386,237513503,249840011,255176271
262144,8,8,4294939766,560,21,253800377,274475292,262354635,266155307,277092094,272160390,266135822,262192014,277092094
262144,8,8,4294940302,616,23,287178608,288016214,271264815,276765020,283975084,282108445,266627258,274195407,288016214
262144,8,8,4294947781,644,24,256664505,253583653,263309910,254529080,262770490,249379790,246919855,251934328,263309910
262144,8,8,4294957589,532,20,270373506,255513860,260106759,267123032,279171498,275365497,262917985,268666647,279171498
262144,8,8,4294960218,392,15,274240238,266254502,262589145,254520016,274768807,272546562,262992350,268334097,274768807
262144,8,8,4294963155,504,19,246747576,257626210,257911984,265956351,254735659,251362618,247766372,244119576,265956351
262144,8,8,4294965728,364,14,275000273,270012425,264124411,275918363,258694942,270657418,266712165,279631963,279631963
262144,8,8,4294966352,504,19,260979779,245880860,254397800,242622309,253718442,257337292,250438975,250385385,260979779
524288,8,8,4294943282,616,23,281960417,274326591,271283324,263383463,275258441,272017317,263699467,268895604,281960417
524288,8,8,4294952032,448,17,278561630,290998663,270016133,276781918,283388184,270645103,281963377,276287080,290998663
524288,8,8,4294955298,588,22,272856325,261550652,267916529,280220563,277300523,267732876,266058966,278343276,280220563
524288,8,8,4294959117,560,21,272411564,263740868,273702004,258005190,256788748,259820443,269669920,264012465,273702004
524288,8,8,4294961465,616,23,259569178,247093855,242112401,249633697,253579566,255816888,244494011,242413728,259569178
524288,8,8,4294964161,728,27,286095634,273303490,287837178,283507964,277103619,275150407,284837142,279302338,287837178
524288,8,8,4294964257,532,20,289464278,279384269,286203087,262174940,270830443,289487439,278644990,282026062,289487439
524288,8,8,4294964300,672,25,282854343,266003468,279917857,272679167,286290693,286291716,275970873,279497874,286291716
524288,8,8,4294965232,504,19,260242374,249876078,261224209,255579456,247428813,258843848,252967244,248424634,261224209
524288,8,8,4294967169,616,23,278087088,265718481,258332608,270870078,278547148,278339236,267359878,274776797,278547148
1048576,8,8,4294935710,672,25,296260256,302080400,299329115,287472011,292164228,296110654,289451177,293381721,302080400
1048576,8,8,4294961244,672,25,290577046,305582630,284110131,298969325,297664835,291611868,297705642,286728524,305582630
1048576,8,8,4294961488,616,23,290868145,284452584,295211635,279555245,300968030,293238029,289767597,302309454,302309454
1048576,8,8,4294962603,448,17,316836375,310341889,304676962,299225318,311463771,309302562,292080622,301815598,316836375
1048576,8,8,4294962671,420,16,315774304,306751752,320271752,313555139,327162163,314378193,305772451,310837405,327162163
1048576,8,8,4294963083,560,21,288768610,290537909,282628629,279285810,271324839,286471139,281022560,277966128,290537909
1048576,8,8,4294965655,560,21,289701949,278288380,283367971,270947095,269826750,275789418,271012617,266338055,289701949
1048576,8,8,4294966046,588,22,281125895,272839355,260228717,267397547,270914066,287886373,283869968,278201755,287886373
1048576,8,8,4294966620,700,26,313303644,297788993,302417649,310524860,290983057,299013013,310689959,303138889,313303644
1048576,8,8,4294967022,560,21,303870804,297334773,292589523,304062255,308734924,306891412,292516274,298112720,308734924
2097152,8,8,4294963818,672,25,346903001,351411167,339768686,335485238,337574153,354840388,346678472,350137402,354840388
2097152,8,8,4294963937,644,24,332894249,316211217,341145298,327280468,331845194,337372642,326350948,322757910,341145298
2097152,8,8,4294964046,560,21,352382784,354579974,339957015,349266833,331289096,346188875,339060368,330103797,354579974
2097152,8,8,4294964978,784,29,308852770,327382628,321365935,306854534,332626263,317854715,321245487,328947350,332626263
2097152,8,8,4294965587,700,26,321922506,331469754,316970181,328877363,334772742,338462779,327582899,323332096,338462779
2097152,8,8,4294966313,756,28,352501157,355726291,362791772,347992094,344123051,349737954,345580981,344438445,362791772
2097152,8,8,4294966382,560,21,333765690,323350766,334174840,317239529,322341992,334736539,323357545,327543245,334736539
2097152,8,8,4294966585,700,26,324973737,334033061,346548139,338290316,331897301,322043172,314210869,329559300,346548139
2097152,8,8,4294967022,644,24,351776543,340237560,334417890,348888695,342013794,343070595,331607038,335746029,351776543
2097152,8,8,4294967174,588,22,335686916,348147376,342786648,331328218,337354788,348186650,344352200,332535169,348186650
4194304,8,8,4294963171,700,26,432066551,427513024,420485640,423339161,416185842,428233002,420462487,418520979,432066551
4194304,8,8,4294964008,644,24,423676775,419188843,411745607,410293961,429759647,419708077,433653829,426021525,433653829
4194304,8,8,4294965699,728,27,428511482,434675800,424951539,440955213,429978623,415587213,426202525,419714649,440955213
4194304,8,8,4294966135,700,26,421733246,422357829,415490744,410484997,402389881,421756566,410665290,415982527,422357829
4194304,8,8,4294966411,532,20,434868014,427504231,421762429,412786195,429345361,436096324,412799242,422615363,436096324
4194304,8,8,4294966973,728,27,433930566,442078451,435079220,419483749,429236121,426994365,432609932,421723076,442078451
4194304,8,8,4294967053,588,22,430332482,434057646,422119778,418638840,427000892,425843576,418829552,431130287,434057646
4194304,8,8,4294967060,644,24,441180771,451848867,438661208,450166151,433732739,438322206,443554744,450182275,451848867
4194304,8,8,4294967086,616,23,423045885,416457034,431389550,420691902,424864555,415393845,422985689,411601260,431389550
4194304,8,8,4294967099,560,21,435081258,430518053,423891552,418070781,434841001,423129281,434871845,428161238,435081258
8388608,8,8,4294966482,616,23,628859026,617643541,624895131,612740733,626054023,623127909,611364262,615993077,628859026
8388608,8,8,4294966747,588,22,607656319,612928398,601181598,596699793,615191445,608736317,603873526,623759783,623759783
8388608,8,8,4294966747,644,24,609469898,603141501,587725344,612599601,594870505,609722586,600590274,605069790,612599601
8388608,8,8,4294966961,644,24,621340808,606310153,622319075,610471517,616104416,611530327,623320102,616368756,623320102
8388608,8,8,4294967014,700,26,606999809,593077130,606467356,599713641,612450083,604606669,597677801,600751014,612450083
8388608,8,8,4294967052,700,26,610581437,587257395,596972211,606903519,608893227,609964964,598944112,602573214,610581437
8388608,8,8,4294967121,700,26,617988205,618940071,630159647,614891548,626647845,610246368,616526718,605696674,630159647
8388608,8,8,4294967164,616,23,622606240,608043443,598988168,630491098,617792354,618711489,631702273,624873755,631702273
8388608,8,8,4294967169,644,24,607531411,619066016,615708866,603441538,612561996,610653905,601969389,605175946,619066016
8388608,8,8,4294967227,616,23,600218034,597833543,589569129,583538439,600370574,587200999,596320546,589484512,600370574
16777216,8,8,4294966778,700,26,1016285912,1005073497,1012016349,995251009,1003546358,1008354518,1015765114,1011501855,1016285912
16777216,8,8,4294966887,784,29,1000317414,1003760768,997835235,992693737,986735573,994040434,989277449,1000640856,1003760768
16777216,8,8,4294967028,756,28,1009584421,1009931704,998748875,1018987481,1003267446,1016125531,1008616944,1004505226,1018987481
16777216,8,8,4294967110,728,27,1012646468,998792839,1005150849,993652344,1003546540,987805901,999830000,995066261,1012646468
16777216,8,8,4294967119,560,21,1006662483,1019586261,1012197391,1003068749,1006084220,1010451214,1004075304,1016234879,1019586261
16777216,8,8,4294967155,700,26,987048668,998864358,994092196,980392288,997604541,986138026,998229811,990171266,998864358
16777216,8,8,4294967170,700,26,1005557821,999707431,993161521,988030444,1005105428,1012269083,997322256,1001566006,1012269083
16777216,8,8,4294967231,700,26,984253165,998432143,1000046200,994140621,982552133,997434620,988336025,991021808,1000046200
16777216,8,8,4294967234,616,23,1023275926,1027912379,1041619744,1036466701,1031770862,1026768318,1020779212,1015414502,1041619744
16777216,8,8,4294967295,756,28,987135949,993879407,1002862016,987965689,982001732,978358701,990567205,982105237,1002862016
33554432,8,8,4294967016,784,29,1823521771,1816373662,1827249897,1823285940,1811347303,1811403862,1822998434,1816029268,1827249897
33554432,8,8,4294967032,756,28,1803158168,1810779803,1821077000,1814780388,1822482207,1821183524,1813508327,1810753303,1822482207
33554432,8,8,4294967154,700,26,1829729749,1835985543,1813805273,1821518976,1830358789,1815494154,1828093920,1823361367,1835985543
33554432,8,8,4294967226,672,25,1814222815,1807728106,1832906852,1824077243,1833206513,1828258601,1818662089,1822627160,1833206513
33554432,8,8,4294967242,672,25,1798250543,1813123146,1810250885,1806485616,1812574157,1809620701,1798503897,1804353903,1813123146
33554432,8,8,4294967248,868,32,1812515384,1815942785,1804647183,1800847857,1813162304,1812569797,1802134928,1805560764,1815942785
33554432,8,8,4294967266,756,28,1809896180,1816779138,1799153429,1805107225,1820975649,1808045447,1819170795,1813381441,1820975649
33554432,8,8,4294967277,700,26,1819675826,1811342466,1827437215,1823279991,1834425062,1826426120,1820045006,1809793016,1834425062
33554432,8,8,4294967280,756,28,1822443191,1806410149,1813717925,1815374908,1799403616,1803878517,1807798396,1816863607,1822443191
33554432,8,8,4294967293,644,24,1831837997,1822117398,1828362345,1818001389,1835349744,1827410149,1822731631,1816345484,1835349744
67108864,8,8,4294966976,728,27,3502940550,3509062605,3497621134,3521816333,3523460122,3526985640,3516011181,3512501573,3526985640
67108864,8,8,4294966993,784,29,3513317117,3499447978,3506976128,3495193855,3508255145,3505617060,3491301284,3499629021,3513317117
67108864,8,8,4294967062,980,36,3515197760,3523817880,3508458624,3498168936,3515591845,3511873343,3505648407,3503908329,3523817880
67108864,8,8,4294967189,700,26,3493886509,3502391893,3505145675,3505980940,3511803338,3514066280,3500750711,3494437204,3514066280
67108864,8,8,4294967210,784,29,3506566238,3519912332,3513451069,3495562377,3501615844,3511409707,3520486848,3514863965,3520486848
67108864,8,8,4294967237,840,31,3504381082,3516290269,3508596985,3501954543,3506867565,3511058239,3502475504,3496153236,3516290269
67108864,8,8,4294967275,700,26,3507401876,3509375646,3514211737,3501592972,3503334192,3506509427,3501412968,3497305725,3514211737
67108864,8,8,4294967275,756,28,3482047095,3474256699,3490797916,3468996415,3490783483,3494455787,3488645720,3480342913,3494455787
67108864,8,8,4294967278,700,26,3496912061,3503186868,3491972993,3500095006,3487747663,3481576939,3493211585,3486121026,3503186868
67108864,8,8,4294967285,728,27,3523994252,3511446113,3504332284,3516230772,3499035408,3522648815,3510718511,3516590213,3523994252
134217728,8,8,4294967141,700,26,7017957450,7000331050,7006598505,7017768728,7013536422,7005825688,7018630833,7012746647,7018630833
134217728,8,8,4294967242,784,29,6993338429,6982845285,7002969802,6991354803,7009248709,6993682169,7006864051,6999539521,7009248709
134217728,8,8,4294967255,700,26,6997077861,6989976616,6986237487,6978371504,7001126106,7002722156,6991429873,6997319344,7002722156
134217728,8,8,4294967256,812,30,6988724441,6995493397,7000141436,6984210958,6999705704,6995319696,6988545223,6987615062,7000141436
134217728,8,8,4294967272,868,32,7012314834,7024030442,7028714281,7025391821,7021049627,7020516084,7027452112,7015835161,7028714281
134217728,8,8,4294967278,700,26,7015420747,7005560200,7012037190,7019424421,7024377987,6995455452,7011231379,7002567748,7024377987
134217728,8,8,4294967279,756,28,7023784190,7019328484,7012173787,7007780586,7029040009,7022127713,7018825962,7037655749,7037655749
134217728,8,8,4294967284,840,31,7022673751,7014201562,7024340984,7008869168,7027183946,7021101152,7013802218,7009114489,7027183946
134217728,8,8,4294967295,840,31,7010736951,7007542481,7000170688,6996198510,7006525469,7003953758,6996446325,6993273398,7010736951
268435456,8,8,4294967255,756,28,14279981775,14292037898,14289693180,14275512387,14286396608,14268555269,14279945832,14276236237,14292037898
268435456,8,8,4294967275,812,30,14275807745,14279883904,14263529264,14269341397,14291863917,14283094775,14293193185,14279768497,14293193185
268435456,8,8,4294967277,728,27,14404494679,14401974641,14394793858,14390883515,14401644318,14395371873,14391345041,14402599260,14404494679
268435456,8,8,4294967277,756,28,14268128843,14257554862,14274077935,14262450295,14267804183,14280146227,14284330750,14274682000,14284330750
268435456,8,8,4294967284,784,29,14277979336,14264536107,14284154949,14272190195,14270536873,14259866663,14274637041,14265250841,14284154949
268435456,8,8,4294967286,896,33,14285818335,14290105901,14277608625,14274470682,14271652651,14287695108,14284567258,14277296821,14290105901
