n,k,i,p,m,r,t,T
1024,8,512,2036284802,420,13,60689575,60762741
1024,8,512,2038456896,630,19,57955669,58009998
1024,8,512,2046948900,490,15,70777519,70845365
1024,8,512,2071383395,420,13,58832665,58959275
1024,8,512,2088281637,315,10,53226224,53294345
1024,8,512,2094956914,560,17,56550071,56682953
1024,8,512,2099795897,455,14,69568618,69624277
1024,8,512,2103663292,560,17,52782038,52878086
1024,8,512,2116735166,525,16,90193243,90255722
1024,8,512,2121398580,490,15,69650791,69700589
1024,8,512,2122891731,350,11,64316198,64370051
1024,8,512,2127232857,455,14,60269793,60324542
1024,8,512,2148970854,280,9,54596541,54695696
1024,8,512,2152158557,385,12,65627346,65701655
1024,8,512,2172669181,490,15,62291441,62340858
1024,8,512,2185298116,315,10,62414751,62480999
1024,8,512,2193759158,245,8,63857844,63935669
1024,8,512,2196472740,525,16,52113706,52170117
1024,8,512,2196578514,595,18,61648875,61704964
1024,8,512,2209615450,420,13,58965326,59039294
2048,8,1024,2065916617,420,13,76402499,76481087
2048,8,1024,2078526816,350,11,55160820,55239550
2048,8,1024,2090239389,280,9,60553108,60626893
2048,8,1024,2095651868,455,14,57155894,57239978
2048,8,1024,2104990078,595,18,58625308,58802249
2048,8,1024,2126207116,700,21,59675584,59753704
2048,8,1024,2128074222,595,18,70192670,70250679
2048,8,1024,2128588206,280,9,77200676,77258369
2048,8,1024,2145496149,735,22,58177985,58243269
2048,8,1024,2149528832,595,18,57874564,58002746
2048,8,1024,2156169872,595,18,59038779,59115282
2048,8,1024,2157624528,385,12,71593449,71645079
2048,8,1024,2168014872,490,15,57285170,57338630
2048,8,1024,2172561595,525,16,59127006,59204814
2048,8,1024,2182488579,560,17,53358646,53413291
2048,8,1024,2193461696,595,18,71159957,71232073
2048,8,1024,2193472051,245,8,56342133,56421005
2048,8,1024,2194572428,700,21,63979713,64037483
2048,8,1024,2226432337,595,18,61552662,61607714
2048,8,1024,2243915072,385,12,61145425,61205521
4096,8,2048,2097360728,665,20,66611582,66674254
4096,8,2048,2102979673,490,15,73851974,73910445
4096,8,2048,2119199568,700,21,82162241,82238925
4096,8,2048,2121832405,735,22,56790208,56867952
4096,8,2048,2129415977,770,23,55334647,55398800
4096,8,2048,2132801985,665,20,60483463,60547816
4096,8,2048,2132807243,560,17,55467830,55560740
4096,8,2048,2135191328,525,16,64115653,64232428
4096,8,2048,2139608154,560,17,56428803,56544367
4096,8,2048,2139709171,490,15,56475512,56541955
4096,8,2048,2152730784,490,15,64562738,64647719
4096,8,2048,2155318225,525,16,74118884,74201941
4096,8,2048,2156729262,630,19,57817606,57898586
4096,8,2048,2168608797,455,14,55078316,55140296
4096,8,2048,2169264465,595,18,72495783,72561727
4096,8,2048,2173200805,560,17,60222848,60310819
4096,8,2048,2174588175,700,21,73443862,73525299
4096,8,2048,2184476771,420,13,85690543,85768641
4096,8,2048,2192818854,525,16,58245061,58400685
4096,8,2048,2205812567,770,23,53256875,53328167
8192,8,4096,2094985974,630,19,64905108,65033026
8192,8,4096,2112970350,735,22,55902551,56157443
8192,8,4096,2120528559,700,21,54041985,54130675
8192,8,4096,2131261289,525,16,55121410,55221747
8192,8,4096,2144128608,910,27,60866202,60966368
8192,8,4096,2147409054,420,13,55243108,55334516
8192,8,4096,2147966857,665,20,57731308,57839677
8192,8,4096,2149240729,560,17,79260338,79383951
8192,8,4096,2151127974,420,13,68455668,68556588
8192,8,4096,2151398219,560,17,68315625,68401887
8192,8,4096,2157461963,630,19,53789222,53895019
8192,8,4096,2158377145,560,17,78016324,78115194
8192,8,4096,2160856586,770,23,60655623,60743156
8192,8,4096,2161967527,630,19,60046006,60205671
8192,8,4096,2162982028,840,25,58580254,58677623
8192,8,4096,2163289684,560,17,72935901,73035247
8192,8,4096,2163602243,805,24,53365546,53454537
8192,8,4096,2170596213,525,16,70438778,70524233
8192,8,4096,2182766652,315,10,69928991,70034096
8192,8,4096,2193062572,910,27,72672235,72758832
16384,8,8192,2117051889,770,23,53448617,53609805
16384,8,8192,2127343015,875,26,65944337,66074614
16384,8,8192,2127738265,420,13,70283530,70410216
16384,8,8192,2127826782,735,22,94452696,94596179
16384,8,8192,2128614493,770,23,62325640,62548349
16384,8,8192,2133021434,595,18,61640401,61917940
16384,8,8192,2133356214,455,14,70264235,70631250
16384,8,8192,2133872354,595,18,62543020,62688093
16384,8,8192,2136574301,630,19,63918258,64049518
16384,8,8192,2136749779,665,20,56721599,56871641
16384,8,8192,2136899763,735,22,52394193,52542461
16384,8,8192,2137694293,490,15,64497989,64625724
16384,8,8192,2138132530,665,20,63996323,64141025
16384,8,8192,2140799074,665,20,60026234,60150124
16384,8,8192,2141115580,665,20,67932774,68065114
16384,8,8192,2141354232,630,19,86749615,86880872
16384,8,8192,2153317156,840,25,93620500,93767883
16384,8,8192,2154857171,700,21,74541880,74685268
16384,8,8192,2161503525,525,16,65394093,65622203
16384,8,8192,2164228019,420,13,53012940,53155651
32768,8,16384,2133639579,735,22,61600962,62032776
32768,8,16384,2135645103,700,21,69038270,69254532
32768,8,16384,2136148558,595,18,59635328,59907865
32768,8,16384,2136424007,665,20,65530398,65832188
32768,8,16384,2137076567,805,24,76360293,76783887
32768,8,16384,2137994670,700,21,62617307,62832561
32768,8,16384,2142233722,840,25,63976301,64203869
32768,8,16384,2147506843,630,19,57258954,57603095
32768,8,16384,2150651216,805,24,89396976,89624288
32768,8,16384,2151023776,665,20,61875523,62198346
32768,8,16384,2151901613,735,22,74098706,74325364
32768,8,16384,2155219502,770,23,73330160,73538198
32768,8,16384,2156976061,910,27,76574063,76790842
32768,8,16384,2157098483,735,22,62862779,63103181
32768,8,16384,2158250971,945,28,64368884,64635574
32768,8,16384,2161592898,665,20,65609322,65835953
32768,8,16384,2164943653,910,27,54399158,54615328
32768,8,16384,2165424012,805,24,80506291,81088604
32768,8,16384,2168852057,840,25,58028021,58257922
32768,8,16384,2169586777,700,21,72066477,72277245
65536,8,32768,2131360371,665,20,78340316,79185071
65536,8,32768,2136989839,805,24,59066461,59465262
65536,8,32768,2141882236,910,27,74749279,75158052
65536,8,32768,2145324814,700,21,62417692,62844579
65536,8,32768,2145333375,770,23,64709797,65103228
65536,8,32768,2147587951,595,18,72236680,72647268
65536,8,32768,2149716366,770,23,62954747,63347749
65536,8,32768,2151356906,840,25,70142975,70563156
65536,8,32768,2151943777,735,22,69726354,70590060
65536,8,32768,2151977015,700,21,61319603,61726734
65536,8,32768,2151982783,525,16,52040090,52451710
65536,8,32768,2152195839,665,20,69464725,69861109
65536,8,32768,2152772942,735,22,58029882,58751199
65536,8,32768,2152975145,770,23,58529299,59308311
65536,8,32768,2153545897,805,24,82377674,82801092
65536,8,32768,2154126660,630,19,68052064,68454487
65536,8,32768,2154636423,665,20,64654481,65073041
65536,8,32768,2155699079,735,22,59603895,60023701
65536,8,32768,2161331433,630,19,81002185,81403978
65536,8,32768,2165698554,770,23,65864142,66256813
131072,8,65536,2135113117,1120,33,58353027,59093135
131072,8,65536,2136130344,560,17,60262237,61008040
131072,8,65536,2138311580,735,22,55230031,55981212
131072,8,65536,2142497069,910,27,59147639,59898582
131072,8,65536,2143109586,980,29,64335112,65136217
131072,8,65536,2143137896,735,22,78234665,78973949
131072,8,65536,2143745481,630,19,59375020,60108779
131072,8,65536,2144029488,805,24,83160574,83900783
131072,8,65536,2144341570,700,21,58814662,59566817
131072,8,65536,2145626724,490,15,81318267,82059532
131072,8,65536,2147912928,875,26,60625120,62069933
131072,8,65536,2148700581,910,27,64090381,64849666
131072,8,65536,2149582428,805,24,67643009,68388813
131072,8,65536,2149836810,910,27,61082986,61829442
131072,8,65536,2151957040,875,26,62711444,63452333
131072,8,65536,2152405420,770,23,68739085,69481137
131072,8,65536,2152484531,665,20,64545917,65284749
131072,8,65536,2152833353,595,18,78760896,79829406
131072,8,65536,2153968774,980,29,68087574,68878696
131072,8,65536,2154805443,1015,30,54279157,55602223
262144,8,131072,2144454153,875,26,70588402,72033857
262144,8,131072,2144477589,1015,30,73496873,74977186
262144,8,131072,2146035126,1050,31,63333819,65325077
262144,8,131072,2146143506,700,21,59645479,61086275
262144,8,131072,2146277866,875,26,62672975,64115638
262144,8,131072,2146599134,875,26,59547663,61025198
262144,8,131072,2147241165,910,27,63364629,64826565
262144,8,131072,2147314927,1050,31,61823236,63269844
262144,8,131072,2147521842,840,25,78381767,79829616
262144,8,131072,2148118062,1050,31,69239244,70775717
262144,8,131072,2148453966,700,21,72603180,74039846
262144,8,131072,2150296142,945,28,89391864,91010058
262144,8,131072,2150403448,525,16,63229275,65571320
262144,8,131072,2150422774,595,18,64920722,67082369
262144,8,131072,2150774055,910,27,78036200,79468885
262144,8,131072,2150825838,980,29,57187385,58633093
262144,8,131072,2151185198,770,23,58652546,60091550
262144,8,131072,2151851410,1015,30,72673665,74122878
262144,8,131072,2152169831,945,28,61806612,63268537
262144,8,131072,2155947767,910,27,59628274,61067060
524288,8,262144,2144294903,805,24,62367573,65165222
524288,8,262144,2144682426,1050,31,66700441,69525335
524288,8,262144,2144727488,840,25,98502962,101315342
524288,8,262144,2145140159,665,20,72652856,75446008
524288,8,262144,2146465237,805,24,61163483,64031600
524288,8,262144,2146738844,980,29,78373210,81289420
524288,8,262144,2147113044,1015,30,61517222,64302467
524288,8,262144,2147391459,840,25,61710944,65197384
524288,8,262144,2147491618,525,16,61710191,64498682
524288,8,262144,2147661667,665,20,60540992,64032145
524288,8,262144,2147695430,805,24,64632771,67471693
524288,8,262144,2147908728,805,24,73178458,75988860
524288,8,262144,2148277077,525,16,73517743,76367604
524288,8,262144,2148382611,1050,31,98525349,101292983
524288,8,262144,2148825034,735,22,74030448,76831406
524288,8,262144,2149727988,945,28,70683868,74186139
524288,8,262144,2149856752,805,24,64586815,67437052
524288,8,262144,2150355807,770,23,83804586,86632290
524288,8,262144,2151061612,910,27,61156739,63990766
524288,8,262144,2151647845,1225,36,70309139,73133432
1048576,8,524288,2144540120,1365,40,64196664,70179741
1048576,8,524288,2144875104,1050,31,79101709,84685297
1048576,8,524288,2146276518,770,23,81325013,86843563
1048576,8,524288,2146312972,1015,30,71324077,76896701
1048576,8,524288,2146482872,1155,34,64072974,69654152
1048576,8,524288,2146789157,945,28,71059858,76543858
1048576,8,524288,2147041975,700,21,83492478,89106975
1048576,8,524288,2147367482,1085,32,81024252,86540724
1048576,8,524288,2147367830,980,29,76785844,82382555
1048576,8,524288,2147856000,875,26,64002268,69584836
1048576,8,524288,2147977427,1120,33,72548640,78080493
1048576,8,524288,2147998949,840,25,62446574,67994809
1048576,8,524288,2148412262,665,20,81882729,87522515
1048576,8,524288,2148729932,700,21,69320522,74839685
1048576,8,524288,2148845251,1015,30,65102522,70703702
1048576,8,524288,2149154202,805,24,71504044,77063900
1048576,8,524288,2149554197,980,29,69828323,75382840
1048576,8,524288,2149649372,560,17,67930636,73498386
1048576,8,524288,2150593035,1050,31,67622901,73205668
1048576,8,524288,2151891139,875,26,93148204,98584014
2097152,8,1048576,2144425988,1155,34,83900245,95020110
2097152,8,1048576,2145718732,945,28,91491074,102496221
2097152,8,1048576,2145722934,1120,33,69097946,80649855
2097152,8,1048576,2146051789,735,22,91888850,103020410
2097152,8,1048576,2146162963,980,29,78149054,89149539
2097152,8,1048576,2146166495,980,29,83998600,94957122
2097152,8,1048576,2146357239,770,23,81161724,92228048
2097152,8,1048576,2146504881,1050,31,79655913,90780341
2097152,8,1048576,2146772103,1085,32,92320867,103079016
2097152,8,1048576,2146937814,1120,33,67127988,78283000
2097152,8,1048576,2147135094,980,29,90054636,101096332
2097152,8,1048576,2147418982,910,27,81177919,92909026
2097152,8,1048576,2147959056,1050,31,83165157,94163341
2097152,8,1048576,2147961173,1540,45,78587580,89639466
2097152,8,1048576,2148526761,875,26,87372911,98258374
2097152,8,1048576,2148819058,1120,33,73434951,84511580
2097152,8,1048576,2148929358,875,26,72034044,83088017
2097152,8,1048576,2149153323,980,29,72590439,83702819
2097152,8,1048576,2149393744,1050,31,77678931,88659301
2097152,8,1048576,2150093663,1085,32,81966797,93036879
4194304,8,2097152,2145743368,1120,33,87673196,110089967
4194304,8,2097152,2146297990,875,26,90307912,112831313
4194304,8,2097152,2146385204,980,29,103416220,125976407
4194304,8,2097152,2146455942,1155,34,126439853,148875708
4194304,8,2097152,2146601864,1190,35,96342651,118681220
4194304,8,2097152,2146907627,1050,31,93191441,115835115
4194304,8,2097152,2146932864,840,25,87483376,109858410
4194304,8,2097152,2146957294,910,27,94159573,116852226
4194304,8,2097152,2147163558,770,23,106275604,129515203
4194304,8,2097152,2147292458,980,29,89790033,112183515
4194304,8,2097152,2147645485,1050,31,124543561,146953857
4194304,8,2097152,2147743756,700,21,103280183,125879517
4194304,8,2097152,2147936331,1365,40,94157209,116873542
4194304,8,2097152,2147954895,805,24,122085487,144738965
4194304,8,2097152,2147958957,1400,41,101910012,124322156
4194304,8,2097152,2148015458,1260,37,110303782,133084650
4194304,8,2097152,2148087650,1190,35,101277079,123773300
4194304,8,2097152,2148189782,840,25,81384578,103640138
4194304,8,2097152,2149207307,910,27,120340716,142905415
4194304,8,2097152,2149237411,735,22,90065494,113284572
8388608,8,4194304,2145375187,1295,38,113492579,158008479
8388608,8,4194304,2145960024,980,29,134261287,178500476
8388608,8,4194304,2146175086,1225,36,155065963,199336921
8388608,8,4194304,2146254768,1155,34,87813234,131887381
8388608,8,4194304,2146440706,1015,30,142330371,186788492
8388608,8,4194304,2146762167,1050,31,106652940,150913905
8388608,8,4194304,2146837113,1540,45,131577887,175954162
8388608,8,4194304,2146877968,770,23,124018276,168534466
8388608,8,4194304,2146914955,1015,30,122510225,166953345
8388608,8,4194304,2146965410,1260,37,140177035,184673925
8388608,8,4194304,2147056965,1085,32,117386261,162007812
8388608,8,4194304,2147464089,840,25,120667352,165141476
8388608,8,4194304,2147595519,1155,34,135442390,179731766
8388608,8,4194304,2147597577,805,24,115017883,159439484
8388608,8,4194304,2147944061,1050,31,115904387,160069494
8388608,8,4194304,2148513432,945,28,139651587,184354705
8388608,8,4194304,2148553026,945,28,139557965,184071505
8388608,8,4194304,2148555231,1155,34,130578165,175175393
8388608,8,4194304,2148667387,1085,32,123182385,167377422
8388608,8,4194304,2149064414,980,29,131137038,175390142
16777216,8,8388608,2146570835,1120,33,199776802,288367742
16777216,8,8388608,2146770666,1295,38,214384413,301973539
16777216,8,8388608,2146771921,1435,42,168368284,256588453
16777216,8,8388608,2146951111,1505,44,237962767,326132635
16777216,8,8388608,2147057277,805,24,148703809,236328621
16777216,8,8388608,2147099673,980,29,144690657,232179263
16777216,8,8388608,2147191905,875,26,147322401,235055632
16777216,8,8388608,2147202998,735,22,170326035,257950326
16777216,8,8388608,2147453781,1260,37,262975258,350919815
16777216,8,8388608,2147475189,805,24,183827667,271693407
16777216,8,8388608,2147521265,1260,37,165761222,253659471
16777216,8,8388608,2147535177,910,27,141611617,229864644
16777216,8,8388608,2147543983,1120,33,143552522,231289186
16777216,8,8388608,2147624944,735,22,140308940,227964029
16777216,8,8388608,2147811664,1085,32,141870039,230020559
16777216,8,8388608,2147836898,910,27,121363439,209135727
16777216,8,8388608,2148144213,1015,30,157093608,245522959
16777216,8,8388608,2148179191,1330,39,180728895,269224894
16777216,8,8388608,2148452862,1225,36,160717874,248091516
16777216,8,8388608,2148456680,1190,35,155200206,242627024
33554432,8,16777216,2146684952,945,28,284717811,462319050
33554432,8,16777216,2146759928,1155,34,280243690,454860669
33554432,8,16777216,2146761834,1120,33,225758422,401371091
33554432,8,16777216,2146788328,1575,46,350884266,526205525
33554432,8,16777216,2147004296,735,22,265705724,442529973
33554432,8,16777216,2147147380,1085,32,317656290,491647792
33554432,8,16777216,2147189890,980,29,314275635,488321777
33554432,8,16777216,2147203912,1575,46,367937467,542137371
33554432,8,16777216,2147338794,1120,33,271685393,446308953
33554432,8,16777216,2147340846,1295,38,209712171,385515860
33554432,8,16777216,2147459340,630,19,261141690,436114046
33554432,8,16777216,2147466676,945,28,226010507,400576192
33554432,8,16777216,2147471735,1190,35,340452754,514637216
33554432,8,16777216,2147662787,1365,40,317247800,491756925
33554432,8,16777216,2147688352,1155,34,313410528,487599664
33554432,8,16777216,2147698551,1260,37,336723157,511279720
33554432,8,16777216,2147778584,1155,34,281398476,456145865
33554432,8,16777216,2147903683,840,25,231364192,404730858
33554432,8,16777216,2147903769,1190,35,274709145,449637897
33554432,8,16777216,2148099508,1505,44,297415834,471861281
67108864,8,33554432,2147085112,1505,44,512609365,858894479
67108864,8,33554432,2147111167,1155,34,551585159,898932261
67108864,8,33554432,2147199159,1085,32,503746567,851606124
67108864,8,33554432,2147327732,1225,36,461548447,811995473
67108864,8,33554432,2147336556,1085,32,497773224,844497854
67108864,8,33554432,2147347938,1295,38,353844319,699615804
67108864,8,33554432,2147350569,980,29,412358221,761927867
67108864,8,33554432,2147392558,980,29,312888468,658688873
67108864,8,33554432,2147405772,1295,38,488926155,837348251
67108864,8,33554432,2147406999,1190,35,674298271,1020964501
67108864,8,33554432,2147425708,1365,40,568025392,915121791
67108864,8,33554432,2147494615,1715,50,724772544,1072952026
67108864,8,33554432,2147536876,1295,38,546884259,892973836
67108864,8,33554432,2147537258,1085,32,414700711,760213736
67108864,8,33554432,2147645323,1470,43,597337666,945031486
67108864,8,33554432,2147695863,1155,34,362643667,709106801
67108864,8,33554432,2147728805,840,25,567385064,913958571
67108864,8,33554432,2147755560,1330,39,620627992,966708701
67108864,8,33554432,2147837733,910,27,318711365,666760223
67108864,8,33554432,2147919764,1225,36,551986284,899345105
134217728,8,67108864,2147061154,1050,31,774017396,1464479758
134217728,8,67108864,2147181647,1085,32,883668114,1578622978
134217728,8,67108864,2147251095,1750,51,795005179,1485776720
134217728,8,67108864,2147266816,1015,30,618378683,1309308493
134217728,8,67108864,2147284714,1050,31,621558765,1317263711
134217728,8,67108864,2147288065,1295,38,1107210319,1800480283
134217728,8,67108864,2147334095,1365,40,798413958,1493523736
134217728,8,67108864,2147355392,1785,52,1399249469,2094170463
134217728,8,67108864,2147444757,1155,34,811577647,1505138617
134217728,8,67108864,2147457387,1330,39,1136844757,1829298419
134217728,8,67108864,2147461249,1260,37,638154179,1329953703
134217728,8,67108864,2147501483,1400,41,822032033,1517419620
134217728,8,67108864,2147562800,1645,48,1052702672,1746666306
134217728,8,67108864,2147628686,1225,36,1010136479,1700553699
134217728,8,67108864,2147654686,1120,33,1049498018,1743755659
134217728,8,67108864,2147683541,1155,34,877288837,1573846981
134217728,8,67108864,2147690348,1435,42,1172226210,1868708327
134217728,8,67108864,2147696149,1225,36,1019754805,1714294521
134217728,8,67108864,2147742018,1400,41,992109337,1686128845
134217728,8,67108864,2147788918,1400,41,1082751056,1777534977
268435456,8,134217728,2147160942,1260,37,1541327698,2924382219
268435456,8,134217728,2147278091,1330,39,3377115940,4762313883
268435456,8,134217728,2147320617,1260,37,1842134776,3229664051
268435456,8,134217728,2147358889,1190,35,2173176193,3563722956
268435456,8,134217728,2147362720,1015,30,1694134527,3083232595
268435456,8,134217728,2147368388,1365,40,2237073099,3616473532
268435456,8,134217728,2147372352,1295,38,2098095824,3492530487
268435456,8,134217728,2147376794,1015,30,1243067996,2624427810
268435456,8,134217728,2147397930,1505,44,1440173613,2830066238
268435456,8,134217728,2147419215,1470,43,1494448308,2884150974
268435456,8,134217728,2147445645,1435,42,1950522461,3337916201
268435456,8,134217728,2147472348,1610,47,2366519792,3758713211
268435456,8,134217728,2147491238,1225,36,1650995850,3045781383
268435456,8,134217728,2147501189,1120,33,1602238337,2982829156
268435456,8,134217728,2147501534,1400,41,2204693137,3593141968
268435456,8,134217728,2147514980,1050,31,1873457635,3251646008
268435456,8,134217728,2147521751,1470,43,2502633118,3883216620
268435456,8,134217728,2147559168,1435,42,1583253347,2966462355
268435456,8,134217728,2147569399,1505,44,2282570486,3667158299
268435456,8,134217728,2147571730,1400,41,1234685484,2632539093
