n,k,i,p,m,r,t,T
1024,1,1024,4274290541,0,10,61750,162339
1024,1,1024,4286063996,0,7,45819,133967
1024,1,1024,4286835174,0,9,63639,192479
1024,1,1024,4287369146,0,5,49143,162921
1024,1,1024,4288788196,0,14,83413,318881
1024,1,1024,4289362285,0,7,28740,129593
1024,1,1024,4289551044,0,5,28263,137843
1024,1,1024,4290416413,0,8,55826,157227
1024,1,1024,4290523370,0,6,37945,121015
1024,1,1024,4290705714,0,12,67806,170776
1024,1,1024,4291317491,0,8,30687,130759
1024,1,1024,4291353343,0,10,107126,208668
1024,1,1024,4291556485,0,11,77978,190499
1024,1,1024,4291804477,0,9,54403,143458
1024,1,1024,4292250025,0,7,61864,162373
1024,1,1024,4293395651,0,5,38990,159303
1024,1,1024,4293975952,0,7,45311,163271
1024,1,1024,4294065059,0,9,34477,143484
1024,1,1024,4294678571,0,8,52741,142571
1024,1,1024,4294797686,0,8,36126,126365
2048,1,2048,4292622115,0,7,99027,234452
2048,1,2048,4292692290,0,10,128112,286512
2048,1,2048,4292735488,0,10,69938,203197
2048,1,2048,4293300336,0,9,80268,215111
2048,1,2048,4293409197,0,9,80052,224398
2048,1,2048,4293436625,0,4,47155,194651
2048,1,2048,4293526945,0,12,93957,248264
2048,1,2048,4293757456,0,11,94704,244482
2048,1,2048,4293765785,0,12,84348,234453
2048,1,2048,4293997505,0,10,92992,222636
2048,1,2048,4294028164,0,11,90510,237693
2048,1,2048,4294130816,0,9,81308,228437
2048,1,2048,4294133265,0,9,75238,244535
2048,1,2048,4294593557,0,10,78926,232536
2048,1,2048,4294658149,0,11,97147,243327
2048,1,2048,4294714174,0,11,80690,231514
2048,1,2048,4294828066,0,4,40170,189148
2048,1,2048,4294866488,0,7,127031,264546
2048,1,2048,4294876055,0,12,125724,357161
2048,1,2048,4294881235,0,8,92986,237863
4096,1,4096,4291129369,0,14,222585,466666
4096,1,4096,4292237696,0,13,144172,395626
4096,1,4096,4292792272,0,10,116070,369963
4096,1,4096,4292858456,0,9,116023,351935
4096,1,4096,4293176645,0,9,127971,358392
4096,1,4096,4293336419,0,12,156248,396515
4096,1,4096,4293427767,0,8,67916,332308
4096,1,4096,4293498596,0,13,125193,358354
4096,1,4096,4293719642,0,6,127683,356548
4096,1,4096,4293909618,0,9,75111,328384
4096,1,4096,4293949241,0,9,139525,381624
4096,1,4096,4294207373,0,15,169671,389624
4096,1,4096,4294274348,0,4,95790,444100
4096,1,4096,4294388966,0,5,123025,342780
4096,1,4096,4294448084,0,12,126894,350394
4096,1,4096,4294543754,0,7,151150,380908
4096,1,4096,4294732819,0,7,176674,432506
4096,1,4096,4294810691,0,13,127986,374998
4096,1,4096,4294873544,0,10,150343,404268
4096,1,4096,4294940673,0,10,131932,379275
8192,1,8192,4291559480,0,5,242147,666863
8192,1,8192,4294001984,0,10,347183,787325
8192,1,8192,4294027832,0,12,256005,698978
8192,1,8192,4294047534,0,15,298344,734771
8192,1,8192,4294053960,0,13,439718,848879
8192,1,8192,4294086914,0,14,362929,824714
8192,1,8192,4294106367,0,9,165033,569581
8192,1,8192,4294162217,0,12,218004,624530
8192,1,8192,4294396554,0,17,478771,968370
8192,1,8192,4294438901,0,8,215110,623299
8192,1,8192,4294493248,0,9,222255,665855
8192,1,8192,4294506387,0,12,269318,684616
8192,1,8192,4294594197,0,10,392614,823338
8192,1,8192,4294602793,0,11,351452,764501
8192,1,8192,4294630586,0,13,471710,928498
8192,1,8192,4294674534,0,7,133611,553468
8192,1,8192,4294696555,0,8,269341,679790
8192,1,8192,4294750079,0,12,170975,628284
8192,1,8192,4294853352,0,14,371089,788745
8192,1,8192,4294929947,0,9,166893,575110
16384,1,16384,4294099175,0,10,369587,1145610
16384,1,16384,4294256800,0,12,835613,1621373
16384,1,16384,4294471407,0,11,268152,1052179
16384,1,16384,4294497151,0,8,339606,1103054
16384,1,16384,4294509703,0,8,512452,1276110
16384,1,16384,4294579927,0,10,299531,1090194
16384,1,16384,4294689130,0,13,849790,1619044
16384,1,16384,4294728882,0,13,552220,1325405
16384,1,16384,4294758852,0,11,622831,1440568
16384,1,16384,4294759895,0,12,308349,1100656
16384,1,16384,4294769336,0,16,786289,1544327
16384,1,16384,4294785497,0,6,417001,1172779
16384,1,16384,4294827555,0,11,697144,1487456
16384,1,16384,4294837590,0,23,1288817,2057686
16384,1,16384,4294844763,0,8,606850,1388412
16384,1,16384,4294891031,0,7,479871,1244817
16384,1,16384,4294902579,0,9,412110,1211851
16384,1,16384,4294905746,0,12,314247,1084430
16384,1,16384,4294949490,0,10,262107,1020542
16384,1,16384,4294960310,0,13,476531,1225426
32768,1,32768,4294331704,0,11,1516246,2958137
32768,1,32768,4294595211,0,11,1470572,2940629
32768,1,32768,4294630711,0,10,1750413,3233678
32768,1,32768,4294785178,0,9,1008990,2466575
32768,1,32768,4294785285,0,12,1001588,2458941
32768,1,32768,4294809718,0,12,1040043,2531546
32768,1,32768,4294821639,0,13,1580774,3026427
32768,1,32768,4294823051,0,12,1661927,3124826
32768,1,32768,4294823464,0,12,1075936,2553372
32768,1,32768,4294832360,0,14,648471,2135928
32768,1,32768,4294850739,0,10,1510274,2979039
32768,1,32768,4294863320,0,16,1396049,2858191
32768,1,32768,4294871870,0,12,923190,2421037
32768,1,32768,4294906340,0,7,650060,2156579
32768,1,32768,4294922609,0,11,1608916,3121867
32768,1,32768,4294931360,0,8,578831,2018417
32768,1,32768,4294935164,0,13,778428,2270125
32768,1,32768,4294937955,0,9,556797,1981740
32768,1,32768,4294963897,0,12,1203394,2699018
32768,1,32768,4294965333,0,14,1073726,2558805
65536,1,65536,4294751866,0,11,1511150,4369885
65536,1,65536,4294754254,0,10,1526771,4343439
65536,1,65536,4294759423,0,16,2906953,5719020
65536,1,65536,4294811646,0,12,1893272,5292967
65536,1,65536,4294841719,0,12,1734337,4565181
65536,1,65536,4294865056,0,15,2896592,5715858
65536,1,65536,4294882296,0,16,2661145,5430881
65536,1,65536,4294884153,0,14,1769086,4624149
65536,1,65536,4294885477,0,13,1664176,4482090
65536,1,65536,4294895741,0,11,1418046,4257102
65536,1,65536,4294896782,0,12,1420701,4211995
65536,1,65536,4294923026,0,12,1029900,3889398
65536,1,65536,4294928187,0,14,2267808,5116994
65536,1,65536,4294930011,0,13,2146967,4960640
65536,1,65536,4294933713,0,13,2750131,5554602
65536,1,65536,4294935518,0,14,1876610,4704886
65536,1,65536,4294939255,0,12,3187159,5957317
65536,1,65536,4294944146,0,10,1754705,4611480
65536,1,65536,4294944379,0,12,1890115,4735509
65536,1,65536,4294961804,0,17,2622248,5456502
131072,1,131072,4294858468,0,16,3091827,8697950
131072,1,131072,4294891696,0,18,5413108,10976378
131072,1,131072,4294903420,0,13,3828435,9499849
131072,1,131072,4294906356,0,15,5044166,10672476
131072,1,131072,4294910290,0,15,2158977,7709539
131072,1,131072,4294913904,0,13,3366364,8970034
131072,1,131072,4294932283,0,16,2236349,7827230
131072,1,131072,4294938887,0,9,3034213,8573923
131072,1,131072,4294939533,0,16,4378489,10079682
131072,1,131072,4294943125,0,17,4809078,10361235
131072,1,131072,4294947487,0,12,4488706,10112787
131072,1,131072,4294951073,0,19,5696453,11334383
131072,1,131072,4294952682,0,18,6247280,11824697
131072,1,131072,4294954075,0,14,2888367,8415468
131072,1,131072,4294958079,0,13,6186300,11728983
131072,1,131072,4294962269,0,17,4208148,9764227
131072,1,131072,4294962648,0,14,2218918,7901120
131072,1,131072,4294964132,0,10,2920498,8561777
131072,1,131072,4294965032,0,13,6254889,11901542
131072,1,131072,4294965705,0,12,6128093,11761900
262144,1,262144,4294927014,0,13,7017875,18075272
262144,1,262144,4294939891,0,16,14315752,25418109
262144,1,262144,4294942090,0,11,7316605,18274136
262144,1,262144,4294942652,0,10,29706424,40680056
262144,1,262144,4294946238,0,11,7607007,18817069
262144,1,262144,4294949707,0,11,5564269,16713197
262144,1,262144,4294957791,0,15,10128375,21236161
262144,1,262144,4294959471,0,19,7898407,19016705
262144,1,262144,4294961086,0,16,12869351,23919347
262144,1,262144,4294962475,0,13,8173825,19254197
262144,1,262144,4294962570,0,16,6905248,18103095
262144,1,262144,4294962781,0,11,3709669,14781612
262144,1,262144,4294963791,0,10,6028199,17044498
262144,1,262144,4294964904,0,11,6320046,17339867
262144,1,262144,4294965447,0,15,9326454,20378140
262144,1,262144,4294965751,0,13,5579386,16727441
262144,1,262144,4294965951,0,17,11002089,22237285
262144,1,262144,4294966161,0,13,8899187,20020208
262144,1,262144,4294967014,0,11,4138594,15317695
262144,1,262144,4294967276,0,19,20353079,31394323
524288,1,524288,4294941216,0,14,9806991,32197149
524288,1,524288,4294943733,0,7,31419763,53908076
524288,1,524288,4294946346,0,17,11868239,34337015
524288,1,524288,4294949629,0,15,17471274,40099369
524288,1,524288,4294951094,0,8,8021603,30693988
524288,1,524288,4294952523,0,9,10177407,32916479
524288,1,524288,4294954491,0,19,21466279,44288444
524288,1,524288,4294956970,0,12,13653972,36169226
524288,1,524288,4294957268,0,14,39657009,61973230
524288,1,524288,4294957962,0,15,24291199,66929372
524288,1,524288,4294958423,0,11,15448110,37866774
524288,1,524288,4294961086,0,12,10593901,33109291
524288,1,524288,4294961921,0,22,22541013,65196134
524288,1,524288,4294963520,0,14,28887199,51375895
524288,1,524288,4294963615,0,15,10987266,33539573
524288,1,524288,4294964112,0,16,9519435,31980859
524288,1,524288,4294965047,0,20,27814986,50164278
524288,1,524288,4294965225,0,16,14323162,56647483
524288,1,524288,4294965523,0,12,47257173,69577441
524288,1,524288,4294966164,0,18,20999381,67445975
1048576,1,1048576,4294952223,0,13,48024661,92475812
1048576,1,1048576,4294958410,0,11,91104249,159119489
1048576,1,1048576,4294959207,0,14,15796042,60995216
1048576,1,1048576,4294959387,0,11,25582580,70611772
1048576,1,1048576,4294961057,0,10,77117899,145095997
1048576,1,1048576,4294961237,0,11,32528012,76715848
1048576,1,1048576,4294961818,0,10,62649622,130578667
1048576,1,1048576,4294962231,0,14,47928670,92297802
1048576,1,1048576,4294963221,0,22,37148529,81751499
1048576,1,1048576,4294964745,0,19,70209315,114551361
1048576,1,1048576,4294965527,0,12,26785360,71635618
1048576,1,1048576,4294965553,0,19,85067225,153017783
1048576,1,1048576,4294966179,0,20,31999828,76503615
1048576,1,1048576,4294966202,0,17,44438721,88904135
1048576,1,1048576,4294966427,0,15,48506562,105115825
1048576,1,1048576,4294966509,0,14,35286877,80079700
1048576,1,1048576,4294966614,0,14,61987116,120050729
1048576,1,1048576,4294966957,0,13,62516529,106912362
1048576,1,1048576,4294967080,0,18,93439326,161726278
1048576,1,1048576,4294967214,0,14,35294417,79318108
2097152,1,2097152,4294957654,0,13,30283927,117842737
2097152,1,2097152,4294960872,0,18,105466547,193405358
2097152,1,2097152,4294961055,0,12,156934284,335787469
2097152,1,2097152,4294963170,0,18,54178440,141833040
2097152,1,2097152,4294963222,0,23,136273738,295378129
2097152,1,2097152,4294963614,0,16,89105915,176374382
2097152,1,2097152,4294964120,0,18,181253032,340164441
2097152,1,2097152,4294964168,0,9,64654821,153074241
2097152,1,2097152,4294964687,0,18,66518248,154269832
2097152,1,2097152,4294964717,0,16,165898720,345349056
2097152,1,2097152,4294965200,0,13,86189249,174467916
2097152,1,2097152,4294965297,0,11,31121543,119562311
2097152,1,2097152,4294966000,0,18,65149844,154332908
2097152,1,2097152,4294966066,0,9,29009984,116597083
2097152,1,2097152,4294966588,0,18,78181763,166009441
2097152,1,2097152,4294966815,0,14,86973577,246058892
2097152,1,2097152,4294967018,0,24,71571895,159040144
2097152,1,2097152,4294967078,0,16,75461017,163960246
2097152,1,2097152,4294967085,0,21,55324461,142435169
2097152,1,2097152,4294967294,0,15,55230393,142666290
4194304,1,4194304,4294965437,0,15,175009724,351010838
4194304,1,4194304,4294965487,0,19,285249935,626264494
4194304,1,4194304,4294966186,0,13,55345371,230444294
4194304,1,4194304,4294966217,0,13,179721970,378690457
4194304,1,4194304,4294966264,0,20,186178614,361438945
4194304,1,4194304,4294966334,0,16,146630414,399056832
4194304,1,4194304,4294966391,0,24,279226549,608305885
4194304,1,4194304,4294966402,0,16,147957673,424788409
4194304,1,4194304,4294966487,0,16,207381969,432722002
4194304,1,4194304,4294966494,0,23,89557777,264553547
4194304,1,4194304,4294966570,0,25,409003847,634122685
4194304,1,4194304,4294966672,0,13,253204754,594034022
4194304,1,4194304,4294966683,0,14,166392244,342508460
4194304,1,4194304,4294966735,0,15,121114694,348592986
4194304,1,4194304,4294966843,0,12,135155960,451640560
4194304,1,4194304,4294967086,0,15,177070746,519538443
4194304,1,4194304,4294967166,0,14,111341809,287668141
4194304,1,4194304,4294967187,0,22,399207831,740015883
4194304,1,4194304,4294967242,0,18,186581598,360429172
4194304,1,4194304,4294967256,0,13,86106921,260300962
8388608,1,8388608,4294964489,0,17,232266198,711870012
8388608,1,8388608,4294965174,0,13,271930710,618576316
8388608,1,8388608,4294965612,0,23,430652407,1099128712
8388608,1,8388608,4294965934,0,14,120218920,603951175
8388608,1,8388608,4294966156,0,15,609279902,1299778933
8388608,1,8388608,4294966857,0,12,399715303,746653871
8388608,1,8388608,4294967015,0,10,208149711,553716384
8388608,1,8388608,4294967033,0,18,327163807,1007820982
8388608,1,8388608,4294967063,0,25,444888980,791640972
8388608,1,8388608,4294967097,0,15,697740262,1378459803
8388608,1,8388608,4294967130,0,20,162472348,512026072
8388608,1,8388608,4294967135,0,27,258908940,670497163
8388608,1,8388608,4294967137,0,15,454395474,1135293279
8388608,1,8388608,4294967145,0,15,254387311,601368616
8388608,1,8388608,4294967181,0,16,146622042,768886880
8388608,1,8388608,4294967207,0,10,233493083,925084641
8388608,1,8388608,4294967220,0,17,172690723,519369445
8388608,1,8388608,4294967240,0,20,373816176,722025441
8388608,1,8388608,4294967250,0,16,207977443,879588027
8388608,1,8388608,4294967282,0,23,275823899,623507969
16777216,1,16777216,4294966279,0,15,911141296,1681161641
16777216,1,16777216,4294966720,0,15,512881206,1251265847
16777216,1,16777216,4294966893,0,18,568165750,1944879765
16777216,1,16777216,4294966974,0,24,1161892925,2524537745
16777216,1,16777216,4294966978,0,15,268250318,1032555320
16777216,1,16777216,4294966984,0,23,1920151583,3279634790
16777216,1,16777216,4294967149,0,25,575647817,1284890356
16777216,1,16777216,4294967159,0,23,706012940,1463621800
16777216,1,16777216,4294967161,0,17,400667365,1298321373
16777216,1,16777216,4294967175,0,23,534940570,1226574257
16777216,1,16777216,4294967193,0,18,737207474,1428934388
16777216,1,16777216,4294967194,0,19,1179448500,2533714135
16777216,1,16777216,4294967204,0,17,693083929,1414932215
16777216,1,16777216,4294967210,0,16,614377926,1961515719
16777216,1,16777216,4294967211,0,25,748686755,1536888260
16777216,1,16777216,4294967212,0,19,1425826090,2791557077
16777216,1,16777216,4294967236,0,19,379696159,1206860336
16777216,1,16777216,4294967237,0,17,478759909,1840570009
16777216,1,16777216,4294967267,0,19,477537439,1233445692
16777216,1,16777216,4294967292,0,16,438137617,1794517865
33554432,1,33554432,4294966920,0,19,2111175757,4879369369
33554432,1,33554432,4294967057,0,16,2113295577,4539335485
33554432,1,33554432,4294967096,0,17,1476100388,4251362074
33554432,1,33554432,4294967138,0,18,998454830,2488545168
33554432,1,33554432,4294967141,0,19,869271526,2862526895
33554432,1,33554432,4294967154,0,14,921033874,2367179086
33554432,1,33554432,4294967181,0,16,2557858666,4498415072
33554432,1,33554432,4294967198,0,20,945272108,2405591015
33554432,1,33554432,4294967202,0,16,2875892636,5593470591
33554432,1,33554432,4294967214,0,13,641793645,2103757705
33554432,1,33554432,4294967215,0,30,1173045237,3889997102
33554432,1,33554432,4294967239,0,21,2964383985,5718442637
33554432,1,33554432,4294967240,0,15,964995381,3717145253
33554432,1,33554432,4294967255,0,23,597247468,2208717286
33554432,1,33554432,4294967265,0,15,942924115,2325262004
33554432,1,33554432,4294967275,0,20,2895456624,5008138643
33554432,1,33554432,4294967276,0,16,2613051595,4589916192
33554432,1,33554432,4294967281,0,16,977517480,2724745530
33554432,1,33554432,4294967283,0,18,2121193483,4839417165
33554432,1,33554432,4294967286,0,15,2569840829,4747146262
67108864,1,67108864,4294967024,0,21,2846682141,8095933140
67108864,1,67108864,4294967050,0,21,2784809557,5821839379
67108864,1,67108864,4294967082,0,26,6118932087,10889468846
67108864,1,67108864,4294967089,0,15,3951309553,9445526894
67108864,1,67108864,4294967093,0,12,4262881798,9040946866
67108864,1,67108864,4294967147,0,19,2132288671,7669932454
67108864,1,67108864,4294967186,0,18,1249574749,4248876313
67108864,1,67108864,4294967188,0,23,5197803077,9902075195
67108864,1,67108864,4294967195,0,27,5338924173,9742574839
67108864,1,67108864,4294967202,0,12,2150736115,6846227046
67108864,1,67108864,4294967219,0,19,2089340153,4853561265
67108864,1,67108864,4294967225,0,17,3509010226,8703435689
67108864,1,67108864,4294967228,0,20,2885670404,8407206146
67108864,1,67108864,4294967260,0,16,6012033090,10805844740
67108864,1,67108864,4294967274,0,20,4323075295,9833881859
67108864,1,67108864,4294967280,0,24,5718232318,11122598045
67108864,1,67108864,4294967281,0,18,3529343117,8282125524
67108864,1,67108864,4294967282,0,20,2205855632,5349295230
67108864,1,67108864,4294967288,0,19,2774787871,6187686401
67108864,1,67108864,4294967291,0,15,3822989155,8608811089
134217728,1,134217728,4294967169,0,18,9010275556,19194739777
134217728,1,134217728,4294967192,0,22,5868892866,16113543257
134217728,1,134217728,4294967221,0,20,2896388798,8422992789
134217728,1,134217728,4294967230,0,18,3390000656,13587425905
134217728,1,134217728,4294967239,0,28,10505044207,20813260734
134217728,1,134217728,4294967240,0,21,6775791412,16359968079
134217728,1,134217728,4294967252,0,20,10291678216,21024124622
134217728,1,134217728,4294967257,0,14,4581689168,14849157967
134217728,1,134217728,4294967261,0,24,14010795261,25005329890
134217728,1,134217728,4294967262,0,17,8451908772,19446125360
134217728,1,134217728,4294967269,0,21,8216915607,16462634071
134217728,1,134217728,4294967270,0,19,7350671279,17642064968
134217728,1,134217728,4294967277,0,22,7923019734,18244849687
134217728,1,134217728,4294967280,0,14,4353688231,13231586398
134217728,1,134217728,4294967282,0,17,3911085459,14097381718
134217728,1,134217728,4294967283,0,23,15515462040,26574865939
134217728,1,134217728,4294967286,0,26,9131735191,19291922606
134217728,1,134217728,4294967290,0,22,3865834126,11887166537
134217728,1,134217728,4294967294,0,12,6078913284,17030336989
134217728,1,134217728,4294967294,0,23,5419437543,16451359019
268435456,1,268435456,4294967244,0,18,6458702844,28405387753
268435456,1,268435456,4294967259,0,22,26995176800,48930249849
268435456,1,268435456,4294967260,0,23,9377488478,30572874614
268435456,1,268435456,4294967273,0,26,20506664466,42639605350
268435456,1,268435456,4294967275,0,24,4938659070,15992163015
268435456,1,268435456,4294967275,0,30,21773733048,43370818454
268435456,1,268435456,4294967276,0,29,33887870286,55280473284
268435456,1,268435456,4294967279,0,21,10707981357,32694129504
268435456,1,268435456,4294967280,0,12,14548180670,36640415842
268435456,1,268435456,4294967281,0,24,16933183791,38333443532
268435456,1,268435456,4294967287,0,23,9745334204,31022628197
268435456,1,268435456,4294967289,0,14,20912786764,42194565083
268435456,1,268435456,4294967290,0,15,10276113159,31407877084
268435456,1,268435456,4294967290,0,15,15222328725,36422820829
268435456,1,268435456,4294967291,0,22,25824404411,47002928139
268435456,1,268435456,4294967292,0,16,7339359919,29471473694
268435456,1,268435456,4294967294,0,25,19506475501,39884014712
268435456,1,268435456,4294967295,0,18,21395133352,41818901745
268435456,1,268435456,4294967295,0,22,11439470509,32765009283
268435456,1,268435456,4294967295,0,26,21342244683,43492203184
