n,k,u,m,r,t0,t1,t2,t3,t4,t5,t6,t7,t8,t9,t10,t11,t12,t13,t14,t15,t
1024,16,4285500674,15,1,213346281,224496217,207024260,218408261,218149600,224866421,221599308,214474548,221688155,230658332,233864762,218784242,227844211,217871345,223796322,237032433,237032433
1024,16,4287231033,15,1,207178122,210336125,203320988,207071101,212835702,205959686,201875167,198984665,209010231,217162858,206316178,198536195,215869588,200465650,207231243,215256186,217162858
1024,16,4287553637,15,1,209853659,202628398,215405793,210231230,212609126,208509032,217192971,205746936,222987449,216527642,209276525,207413586,221642159,217377546,213657636,208290465,222987449
1024,16,4288792780,15,1,248163442,244611899,238684789,242641248,246046064,240786515,233592235,226907868,238395377,234379971,246290858,252256079,222730693,239264049,215594429,231685987,252256079
1024,16,4289699543,15,1,193740160,196716516,201493656,189508786,204071404,192069965,201973270,197427215,201929848,196666589,193914867,209782312,210991040,203132783,197343583,194587901,210991040
1024,16,4291902327,15,1,250479279,249770826,246839613,252840993,241939515,246202445,234045708,257878701,231900290,236883631,248487899,252207164,247264157,236218992,229426800,240267498,257878701
1024,16,4291957983,15,1,201433146,197300794,196338471,190585944,196486205,202342566,191790482,200767055,200369582,202586428,195654491,191790061,200127257,187968976,181511949,211011181,211011181
1024,16,4292239610,15,1,194174680,200381318,188658458,192300674,205398608,202773118,201824728,196461401,194492208,203281826,209670232,205589275,194186933,197851522,199327577,214264006,214264006
1024,16,4292448096,15,1,234061642,231064262,229115093,222719523,220252911,226087921,214364889,235152151,230458624,235174803,238415475,224537426,238764068,233814578,223093667,229321313,238764068
1024,16,4293846720,15,1,196590965,201148766,192768182,190014193,194221662,207515750,188019495,200662104,211862230,198390476,193458215,207022977,204690455,199270099,190523561,193725491,211862230
2048,16,4291865315,15,1,243693733,240692391,235694837,232540105,243576760,233650066,238474622,230586680,243038475,227327355,233887522,218874799,228376675,218474324,236410933,210427752,243693733
2048,16,4292663013,15,1,222335395,217374385,213794254,214271376,221650015,218646561,210029096,211564142,210499731,204927836,230811134,225423422,220371717,216997383,219224297,224011567,230811134
2048,16,4293384498,15,1,235039775,232447921,238281664,229127002,233689707,230178276,228268961,239791931,230073631,239917019,223373355,234618553,240028572,233592566,230415330,247856599,247856599
2048,16,4293492027,15,1,201078929,196388405,210133695,199888277,204484627,196480123,208836124,201309075,211213049,203011903,195156661,220111106,215091259,199216508,209516824,203189133,220111106
2048,16,4293744974,15,1,218819880,204775261,212146293,226404910,212190651,222425932,236990327,219245835,223017109,233688811,235884065,229786456,477910137,475916478,473758368,485156152,485156152
2048,16,4293922448,15,1,187349145,184854164,198601343,203167189,209559040,211632720,203435584,209761116,212613359,196820126,204517617,217735451,240830298,232456763,242613236,247715133,247715133
2048,16,4293972128,15,1,205524893,208156403,213432251,200970357,204333379,212586493,201227679,208106556,209571052,200682750,207318570,196072715,211999954,201482276,219146956,208236207,219146956
2048,16,4294067202,15,1,220677934,224958847,213751151,217474720,221108558,215143246,218950980,226310028,228114877,220158591,214537719,205911281,245346051,239085110,233591940,227537684,245346051
2048,16,4294332486,15,1,236056875,245782274,241383793,239683429,241692402,249946933,246221062,252895696,262612728,243948789,256611282,250653434,254497698,230932772,238143761,247200627,262612728
2048,16,4294356323,15,1,223412944,227618669,218406713,232215738,240876866,245012902,240033403,233714957,233051205,226934657,241641351,217867895,228828110,219314252,224505948,236118722,245012902
4096,16,4292801778,15,1,219214212,212141291,205723429,199278788,209829606,215532355,220598424,216694132,219945644,228101407,214933504,204929099,217285446,212299014,203003176,207038588,228101407
4096,16,4293070254,15,1,221431406,227591669,236031801,231054066,224550929,229450836,239527685,234550111,246818109,223705847,216542261,230918936,233721003,237220291,248160171,251516179,251516179
4096,16,4293439671,15,1,220114581,217986877,216744442,211146285,228736470,221101295,221521573,218239518,228313262,211031628,207869930,208232504,225536446,215323822,225849395,220939873,228736470
4096,16,4293532159,15,1,220872098,227693483,224378641,231783704,226285930,229948633,221862821,218179658,231103910,237821603,223854697,219497440,219552244,213688113,232020794,227152844,237821603
4096,16,4293572229,15,1,201422825,205403158,208834530,214561840,207047554,217343209,211518452,203363574,226119642,215363215,212803159,217486899,221227554,204059158,214999638,211171603,226119642
4096,16,4294393709,15,1,199263522,206290847,191995377,213689485,218847727,226927125,215262456,222687390,204883743,214217514,223201669,218345248,213900362,231914400,224378659,218330148,231914400
4096,16,4294666126,15,1,241266339,247400942,243557224,237779967,245559992,239208900,249462788,243169629,247796279,240832944,232239786,256856199,252138598,243207873,239805169,226112760,256856199
4096,16,4294691534,15,1,216554843,211910810,220550064,197790983,211086104,210420037,213319472,219457552,207572571,226466658,353642304,362615243,626413493,631357035,620715507,608774946,631357035
4096,16,4294780394,15,1,215250469,209631912,214882486,212079091,211528975,219595988,204976097,225863469,209951882,215423747,208948032,223785776,207448005,213441822,204068843,220118192,225863469
4096,16,4294921742,15,1,208088113,197391364,194155227,203353317,201732329,193009889,199033371,200058671,206520466,199439491,194916610,211156474,202077559,208154907,191284472,196896499,211156474
8192,16,4293383480,15,1,199929167,204441346,192175829,208906382,215883172,214114042,202970797,205795037,217500048,207782478,215624301,202861958,223609481,214995749,209856889,200920697,223609481
8192,16,4293930096,15,1,244831985,238826318,244327025,236677098,240235965,243635193,235736800,232150467,239740683,228968704,233100467,236464614,248614901,232237590,250342167,249433070,250342167
8192,16,4294327915,15,1,218502843,206665388,215631691,211281912,211741106,203486788,201511415,207157206,210944629,205251588,201992952,206622845,218664169,199958526,218351348,212284027,218664169
8192,16,4294366403,15,1,215897116,212076052,209253896,205702655,221732403,215624610,212094129,209483334,202666541,200003408,211513047,216628765,223828088,232151795,217115172,214299871,232151795
8192,16,4294452546,15,1,190836762,184650612,198162490,205798038,198721371,211308391,207590358,202889096,215210631,203721845,209184116,217613950,206243793,202676972,198494211,213394422,217613950
8192,16,4294600770,15,1,210659624,219457405,215150522,207775013,220448491,215458004,207204868,200871730,222246061,214145692,218397308,209912329,224241758,220039318,223084872,242306441,242306441
8192,16,4294823957,15,1,206836156,213868661,221051208,213397713,211193773,199065302,221386315,208476433,224921038,219307723,215118511,207940828,218924015,215115034,208020644,203451311,224921038
8192,16,4294898397,15,1,216777218,208679629,203655892,211883723,215081764,200899573,208761754,194310876,216406391,224068765,207228692,212715415,199372781,212247545,216606278,207809208,224068765
8192,16,4294929065,15,1,213928158,205856646,194165000,199915220,212121224,209667341,205841568,217099682,222066390,210954223,214397893,218438493,212407697,206180465,204670473,224432628,224432628
8192,16,4294940863,15,1,227022712,219519358,214783298,207597917,227190658,229100196,224539344,237513002,232850102,223130130,211157633,230674493,231589440,215824875,221660699,227944659,237513002
16384,16,4294321845,15,1,199413890,188106388,208446966,193310880,200285113,208853523,193959506,186665673,217080885,212195268,205028639,199597578,215924534,197597194,212888379,203799546,217080885
16384,16,4294439996,15,1,191223380,193989579,198373524,230937984,219799226,216866395,226290453,223451282,225946270,214217740,237307199,225862467,227618237,221659793,233819892,241498614,241498614
16384,16,4294703394,15,1,259367070,256721388,250969223,247173737,257262818,266634067,264143530,254756520,249294192,248333005,258181814,260469561,258631776,264531412,251733094,270600786,270600786
16384,16,4294725966,15,1,212705996,210671516,221072709,209265187,206696714,214928776,210763651,203949142,212325545,209554779,218962851,203438252,210466334,225395995,221697757,214997868,225395995
16384,16,4294801560,15,1,196392113,216082179,211169286,211812891,205539533,213970285,193879315,207766943,210005135,222611064,216528280,204440317,215909551,210162807,204302831,198671526,222611064
16384,16,4294805817,15,1,248530442,238657196,242872187,244986334,240709152,247113145,237278829,236456386,243683625,225082003,231885717,239107383,230880444,246715838,243555090,232755204,248530442
16384,16,4294827530,15,1,242503473,237145103,240462850,232347946,242261733,236944620,231091397,223789466,252895280,247953893,240398308,236106659,248443533,241528517,233433352,225945026,252895280
16384,16,4294914751,15,1,224020991,214057807,220145644,208161122,211077765,224935124,219319557,205988239,225094089,236065829,216053960,223146587,209839957,222140982,214264003,228137151,236065829
16384,16,4294926108,15,1,224393966,230351343,235090147,231879411,227237069,223589309,240376418,225172273,219793283,210589854,236820623,228839662,234520438,219809686,230304988,246664729,246664729
16384,16,4294955772,15,1,214249309,205469835,198651541,194516833,209709564,216497812,220262755,209593285,220221682,227289911,212368017,214677089,224535698,225072864,219730353,211466184,227289911
32768,16,4294605879,15,1,231276850,247262397,242491614,239909112,234985043,246211767,231671730,239718052,236542773,236356542,219889835,227112521,231126713,243168291,247576126,255651754,255651754
32768,16,4294793986,15,1,204344379,220108123,212770166,200058274,212972637,222855164,217140378,209072164,212763920,216567190,206372644,222565774,206235875,220711635,215785210,229754428,229754428
32768,16,4294809408,15,1,234942235,238745205,245539033,243291451,246674728,241834239,236882253,233115826,242684049,254659726,237321400,247137982,241264095,246170304,234072318,230461022,254659726
32768,16,4294878587,15,1,216302015,223245324,215794708,210815130,219497334,224176717,213112736,217432642,227380086,220053492,209023767,218592329,219903679,231808657,225162205,236755427,236755427
32768,16,4294900186,15,1,210161895,208012595,216706928,212024509,205110724,203615150,209610094,215019840,219188693,225631177,213716098,208105401,220370323,209641779,215582966,228719998,228719998
32768,16,4294920573,15,1,244292189,237353275,226544778,240256281,231133501,244152803,243997727,250328236,240119016,254973408,236075447,248016393,248772679,224351658,240260430,231834791,254973408
32768,16,4294921489,15,1,212994162,211710766,207213526,216317564,209047501,221262814,221472572,216604606,227545572,217694406,214384662,221339171,211462836,227600933,225750579,218458303,227600933
32768,16,4294943309,15,1,212421328,214593421,208069847,206632035,223646107,210756619,217263369,210015025,214023118,222976158,230518420,220951088,229180026,225288597,217065849,223629160,230518420
32768,16,4294954256,15,1,209333081,214637789,210515215,203319585,213586756,210068431,206228884,207318268,220723311,215448215,210398820,203041272,224582852,222442534,213112481,214355812,224582852
32768,16,4294962776,15,1,218875523,224770714,219835141,216210274,218264405,221268666,224673314,215493000,220055955,211875528,206562967,232539473,233770669,225268159,215365214,220830608,233770669
65536,16,4294758387,15,1,236063546,234444217,228545740,241414542,234255182,230752117,237235949,242112256,238408454,242129685,250202769,231034623,223858974,214845347,258317842,242289404,258317842
65536,16,4294839478,15,1,209222692,202003546,194962276,216446275,211754422,215503933,207221711,220312326,212241223,224096521,206907875,200075393,215275747,223171896,218793606,229540691,229540691
65536,16,4294851287,15,1,213528961,222792723,217145936,226040246,230714483,222737515,236093288,230193509,226813727,220959235,228909386,215333530,225659470,238967099,239202213,236090928,239202213
65536,16,4294873476,15,1,224722721,233333361,229071998,225218820,229632066,226225012,234686579,224155207,218583045,239961087,236379197,229741054,225755182,230076925,234881099,243225709,243225709
65536,16,4294873518,15,1,206304125,222898363,218596528,214997657,213160799,214413201,208787021,230235249,222104857,221848932,213250299,205919847,227259944,223901092,222488848,237551066,237551066
65536,16,4294886345,15,1,216689025,221973773,211776367,217381406,215966754,222074322,233577451,228732195,237152431,229364184,225790961,242417213,720413003,724907814,730942044,722682637,730942044
65536,16,4294896522,15,1,220273574,217044797,208525510,216667722,210900680,220980584,215247881,217009978,227506328,220400506,209065307,215960737,222055756,216285314,211291927,231651101,231651101
65536,16,4294919845,15,1,237851932,226632382,232296194,223983420,231816686,234708705,230676308,239047563,228034249,232075048,239708047,223971449,244871912,238900144,228914834,232863121,244871912
65536,16,4294951695,15,1,231849853,235485746,230113286,228993297,242668065,236577268,222161948,243530744,245150046,234119253,227714803,242761094,211759644,217434381,222476542,231073703,245150046
65536,16,4294961584,15,1,216563869,206706943,207193796,201839975,210557759,211449520,202676015,214933050,222492368,209636625,227266732,218031065,218069441,210736082,223564158,208371347,227266732
131072,16,4294840734,15,1,208356803,216699462,205425346,212033952,211973300,204676564,200455374,191262784,217996857,211931542,207271082,201124193,206089579,218122462,210701467,226849473,226849473
131072,16,4294856561,15,1,221771336,234533493,231527921,224798916,229734400,218083843,237102436,229016271,231966034,226067968,221987752,237021666,214884478,221064019,223832887,229793625,237102436
131072,16,4294881088,15,1,228830891,216405621,224615666,223130718,230440570,220134281,224295864,217134008,225496381,239690247,231314350,221102941,229307393,225652370,237052707,221048443,239690247
131072,16,4294891359,15,1,240050510,233773238,232436284,228798973,239529931,232466587,231332640,238665923,229227297,235411530,225401459,218524963,244702542,237206621,226811802,230802380,244702542
131072,16,4294919951,15,1,187382497,207593989,194463189,201728523,205619192,198216677,185937687,197479224,204733691,212347547,215990711,199128580,217829926,214405230,207234508,203289751,217829926
131072,16,4294927129,15,1,205870700,224704154,220695943,209971042,221465825,216152336,225875500,221943494,213279752,212492268,218848832,227146559,227390896,217681292,232227887,223932653,232227887
131072,16,4294932694,15,1,209112072,216468930,213506258,220714166,222976659,219421541,230058033,228711695,230287048,232634827,239269410,223149254,228426892,227047638,223096989,241730065,241730065
131072,16,4294951718,15,1,224349284,227750124,208945207,223523705,224735700,229152192,217692374,232432978,221818681,225544016,222235091,214417408,222180287,231632319,227002762,240188079,240188079
131072,16,4294955937,15,1,214537151,209290513,212666122,204351695,214956726,211182128,203900595,198654712,218146112,225781934,222279913,217439746,212651149,207976820,233919659,230732386,233919659
131072,16,4294965308,15,1,183168799,190407566,195171634,210453050,207260791,213584497,218920907,225957042,225083992,221633278,215388479,231845875,220611363,227140174,221880528,243308173,243308173
262144,16,4294938852,15,1,227173450,237933672,232643617,234455959,239401716,251041226,245389158,236565740,227109151,235402024,231714729,245383166,321257581,326284365,318000193,336535556,336535556
262144,16,4294953654,15,1,233980967,229737239,238220981,236557250,238850729,234259881,243846453,243870860,234529526,230452150,239601691,244171889,237181162,242822117,231950926,228329424,244171889
262144,16,4294956494,15,1,231334180,233235272,226533640,223132357,238500867,233743707,229701644,226288562,243522651,229730239,226809735,238292753,232389004,244010044,242097147,228003357,244010044
262144,16,4294956790,15,1,237012862,231980185,220606451,236648696,226451504,232215780,225942943,221211177,217429735,229868593,237242264,247203451,220145733,230722494,205156679,213909334,247203451
262144,16,4294958708,15,1,222951244,226289607,220331236,215804021,234008829,236099592,223968211,231628616,225150622,246952166,241067927,242738888,227014886,238343776,234469072,234205801,246952166
262144,16,4294959853,15,1,221542349,221838638,226404773,229846231,225286533,218309909,218341255,236344322,227706486,237488314,223784873,213494883,227029748,219978143,212541971,236428122,237488314
262144,16,4294960447,15,1,235194394,228782194,243560287,238521304,246268069,234707985,238633011,242591601,246483291,241323181,231268119,260085054,253323770,245740056,252473714,266104617,266104617
262144,16,4294962140,15,1,217056291,226894984,220783486,213971505,226134310,221163976,229374559,218361753,217299126,222814658,210192644,210331195,214186526,225034535,216376186,205838120,229374559
262144,16,4294962192,15,1,216698512,228154106,230970017,224807088,219983348,229143279,225216286,229893684,238928593,219707321,228707168,235875522,237692161,228684682,222295255,246619995,246619995
262144,16,4294966278,15,1,210714961,208543256,218155239,215072369,217960648,212206540,213602043,205827755,220903101,218462939,209540282,202077840,196343030,211153548,214923902,223804095,223804095
524288,16,4294935009,15,1,231509811,228750204,224201792,237155129,226207153,240053171,233754960,230523239,230017721,242260718,228255942,240663883,238149820,226338052,231868938,220276082,242260718
524288,16,4294943088,15,1,229443600,220104888,224218842,217925490,225388944,232840492,229402582,221945533,227990715,230934846,220121419,228966960,236707514,222643340,219138070,237125783,237125783
524288,16,4294954717,15,1,226398334,219785050,215015821,210621709,220756846,234309619,230017417,228255273,238827148,225305228,227351723,219811708,231508636,240392938,231735742,242879344,242879344
524288,16,4294958051,15,1,239127820,235141189,229799202,225100265,239722305,243043589,232154505,237386275,238710169,224625776,216474149,236141501,231484533,241580292,248673718,224767440,248673718
524288,16,4294958212,15,1,232384563,220025572,213192823,225839434,231368813,226921114,224294991,236395644,216697455,224647095,219555280,232100084,226906725,223404968,237366483,236540614,237366483
524288,16,4294958394,15,1,234228414,229859561,227941688,224515252,223188405,232312320,217926798,211464699,244554708,240282901,233691593,253744871,243233593,239671720,230043493,236032640,253744871
524288,16,4294959184,15,1,230222565,236921132,232653791,230295692,240304408,233995244,225678298,227422185,207394732,233399804,223728466,216650439,244028393,240096904,230389127,235502795,244028393
524288,16,4294964269,15,1,227030081,235857674,231558943,239775167,241217356,234428339,237297354,230547641,219056703,223974437,235479175,239489576,243111745,248736206,237631725,256546085,256546085
524288,16,4294964568,15,1,212486526,225426615,218925430,219618823,208191832,208610159,216054333,211769355,222923690,216180987,213028654,230382089,227734790,220747986,233249921,241594834,241594834
524288,16,4294966599,15,1,222457308,229623027,259170411,251439268,248806208,257903131,258003280,262764631,251664550,258717424,264139165,260046402,268494399,263159552,252468124,259445089,268494399
1048576,16,4294959430,15,1,255856733,243792757,247844406,244744337,254054164,255568100,249662527,243426900,257812029,252977342,263878043,248833143,263315585,257563126,253498951,273344595,273344595
1048576,16,4294961133,15,1,238719320,236246663,231263604,236559283,242353498,232962551,243171765,239124147,240719115,231353119,234262125,224107079,243389888,241291686,231906493,229563122,243389888
1048576,16,4294961303,15,1,226330701,214842676,225993519,235831142,241152758,230639641,237563584,233935154,250611144,242617850,247665637,229991757,256744834,241156851,237741089,250939039,256744834
1048576,16,4294961926,15,1,198189687,189331237,196283121,208493909,220319086,214320475,211482777,208211703,201767068,215307697,208061076,227305106,208676135,221141261,205356585,216445070,227305106
1048576,16,4294964243,15,1,218733905,214221837,234603901,221753369,214596991,225770239,218773226,230146594,232405315,220811099,224245460,232063639,238347910,220662311,234450046,223400975,238347910
1048576,16,4294964613,15,1,230904956,220104055,226724953,224038754,230136983,225297181,236784800,222860679,235783883,232566923,229195376,230649465,239177695,227541206,220867669,242802144,242802144
1048576,16,4294965924,15,1,218789810,215879266,224359250,226917211,223377740,220367891,215668075,230038971,229447286,221836025,217570067,218691305,228705341,213795658,226226065,240944076,240944076
1048576,16,4294965979,15,1,207428439,217056638,214537711,212146990,207435409,219121091,218819617,210889908,217479775,207469728,225074843,215389179,229837300,211992179,223984197,216171356,229837300
1048576,16,4294966063,15,1,248840083,244940058,252468178,252877820,245761760,258487061,258336246,250366465,269177449,258530025,264921103,253503274,256412903,269869352,263616055,252079465,269869352
1048576,16,4294966634,15,1,232754881,231310670,237539464,226530163,234451683,236823151,231882388,241578764,231590213,218026566,243383066,249007108,235007913,243418562,238768476,228324229,249007108
2097152,16,4294962219,15,1,226655208,215074372,226522592,226506733,235525496,253115998,258920661,251100774,247792625,254772269,261676374,250063659,258157005,264338181,248124377,263048294,264338181
2097152,16,4294962348,15,1,232927667,220601532,230874673,234593124,227049146,229379232,225757246,239653982,232774896,247182034,230597071,230820637,243293032,228045128,223262049,238597569,247182034
2097152,16,4294962403,15,1,248649940,241829134,245113449,239174431,236814054,241309375,250914362,246429332,246150908,263624243,256769530,252394419,243013643,250809740,239087723,257060620,263624243
2097152,16,4294963549,15,1,220152896,219313623,226346647,222094859,213889170,226023491,219021730,215599818,239051438,227456753,232331497,221460511,225249243,219711374,231766231,241635623,241635623
2097152,16,4294963738,15,1,222274921,230090925,226683993,232724701,226684005,225805003,221618641,239117804,239022129,224686016,219047628,232555522,223464222,207174033,218948082,212151278,239117804
2097152,16,4294966350,15,1,210567995,231859231,224718840,219643850,233835850,226456090,229994590,228275531,224448071,249196431,235295919,242227805,230391725,239140677,228764718,247398016,249196431
2097152,16,4294966491,15,1,238562550,235661291,229438713,227508178,236492116,242181064,228339869,231408683,243085915,238454259,234393626,228438610,226049622,230812062,216059778,245245538,245245538
2097152,16,4294966646,15,1,213420826,210372099,222818399,218866165,224792392,220988836,209435639,213608123,231359789,227859440,216323222,233210491,230812854,225491609,228882882,246179431,246179431
2097152,16,4294966656,15,1,214188806,206566861,217089900,221665431,213624118,209647997,221022023,211996897,210826016,217273088,204267019,213073456,219754542,225551677,231951223,226914225,231951223
2097152,16,4294967242,15,1,227087970,233575610,221810195,240559859,247673777,237300843,235684191,241535899,226961158,238394818,244813195,235449652,252463893,245483752,235282265,239362985,252463893
4194304,16,4294965188,15,1,221740353,224031359,216548728,253680054,246430550,247396447,251027607,255664085,252752164,248774059,239266637,231582528,238495551,254069319,262242651,246519735,262242651
4194304,16,4294965252,15,1,220718254,215854799,217019324,224838340,221167675,214885822,233147519,209964020,228584851,221471757,236589777,227583110,228367760,238835632,227622427,252320327,252320327
4194304,16,4294965884,15,1,227887808,233061377,220658651,225147265,225450871,238164836,230064414,234456762,214743007,226910096,218507552,234698222,218788495,236900604,230115590,226508292,238164836
4194304,16,4294966512,15,1,216250334,209468606,226886037,221218258,221651639,212885541,220278889,214309629,227454930,220804575,215846700,231961652,228863409,223622801,218015824,214751268,231961652
4194304,16,4294966711,15,1,238329085,248568672,235523437,243102572,224493468,228072164,232140804,234881999,250699501,239326876,247319218,235667623,231676866,237391351,248479900,244560715,250699501
4194304,16,4294966888,15,1,196779772,202739481,195501431,204554974,201322965,201553112,200398090,210423681,236122640,223343928,227377366,235437521,236023322,242392333,246975415,243185469,246975415
4194304,16,4294966946,15,1,253530892,263481939,259492152,257093969,251799371,252621099,262688263,266934181,234861868,252598200,245061700,275087248,262585513,270679735,260158733,265881496,275087248
4194304,16,4294966975,15,1,252839163,243172052,251437649,224016315,233261200,242570164,265615548,264163496,258321261,269842890,270554398,278516108,265320650,273273996,285663606,271694659,285663606
4194304,16,4294967030,15,1,240375496,232451007,221965567,228116914,217301528,240008545,255642674,245641051,253190710,241156218,250707831,248274639,236297905,255211927,274414388,260075401,274414388
4194304,16,4294967165,15,1,231166205,237522600,234242998,230488411,233459458,229758198,242270246,239498355,226521898,238085738,230215861,246648850,234310276,242662515,229650153,255533703,255533703
8388608,16,4294965968,15,1,243531941,233732787,239275335,242057207,244377034,235067764,239495566,237258734,239900515,233741262,234047225,217385252,227447570,232849335,240568379,228838963,244377034
8388608,16,4294966375,15,1,242701789,248027296,238323277,251788614,243284602,249012637,253346108,240911206,241676074,257296768,256094881,247211529,250606502,253438731,252119802,264991886,264991886
8388608,16,4294966535,15,1,223922940,210458709,230419949,225466420,221311606,247990425,257255176,258260626,247790796,253660938,243742128,252530570,251129309,257331894,244627286,267767378,267767378
8388608,16,4294966696,15,1,243792476,240065386,236828084,250432689,244083211,246883715,233271977,226153467,239948506,250439926,239545663,240363981,252181192,245843455,257588334,263268013,263268013
8388608,16,4294966783,15,1,273462704,270206867,265710955,260895494,276613777,264419757,272348634,268345386,263817394,256537334,250957137,272160802,264994835,272939928,278012931,261224303,278012931
8388608,16,4294966935,15,1,217308632,225419107,225973794,215902989,221592252,227916364,230602481,236903538,244546648,239544796,227429123,256181797,257309248,261807138,259422825,270342173,270342173
8388608,16,4294967012,15,1,229921674,227400487,234484113,230765109,238433444,243008844,244811602,236178195,241243399,245483650,241168348,254848365,268866110,277661413,280972199,278373078,280972199
8388608,16,4294967018,15,1,235605664,231828200,238796803,225542794,219004949,232196966,226799053,221979233,241322113,228529458,226007266,237063444,240048160,236544463,232608465,234763009,241322113
8388608,16,4294967218,15,1,270848516,265717809,261117916,256964321,269683665,259132478,264102707,271579186,278369185,274415336,267047336,278139159,390716507,385917326,384387841,402454550,402454550
8388608,16,4294967275,15,1,250766589,240312857,262445293,255918923,252092935,248621936,251634339,244073735,235806649,263691954,249807978,256685519,251676544,263175501,263078190,270735607,270735607
16777216,16,4294966463,15,1,267130810,257592969,259259921,265921242,267338005,279034414,263582769,275369220,264158701,271611670,257086045,250867652,244436181,265784928,262529830,277841508,279034414
16777216,16,4294966995,15,1,294378343,290168281,290855458,285145007,270502938,285538633,292477926,279550473,298996746,287903476,280374414,292958277,296081596,288325772,279154457,270659313,298996746
16777216,16,4294967007,15,1,262531067,260871196,267700120,274203613,272311333,266467467,269511506,261682781,281240945,266195048,277391655,274494268,407153511,395522505,401294150,390013446,407153511
16777216,16,4294967101,15,1,261419338,254070381,260366784,280791413,277815094,271278424,275072832,286441563,282356390,278518538,274709453,274376401,283054731,277268261,292547332,291504448,292547332
16777216,16,4294967182,15,1,242866415,233850254,239009510,251356327,260517739,251926774,268000854,274226063,272937599,263143620,268048572,269792735,263113118,270378314,287597529,276946616,287597529
16777216,16,4294967196,15,1,234667027,244260349,226440417,236429704,242544698,246423902,251965932,251123761,259244515,252744258,248127173,241142951,246718893,239872201,251299805,236026985,259244515
16777216,16,4294967229,15,1,254316049,247280024,249007640,240902108,263531222,253290622,257384051,250590432,255937517,251561188,244412210,239446839,262233094,244706202,256829853,251813970,263531222
16777216,16,4294967291,15,1,248510517,253266489,276013487,271960890,265529240,271382958,268425024,272792361,278244767,285374682,289601110,287676095,282368375,271529359,275273320,287910576,289601110
16777216,16,4294967292,15,1,249189159,258808813,255659382,261469345,259304934,266196306,273117393,258767085,276094589,269636084,264758441,275057580,266537825,277019229,263535011,275711131,277019229
16777216,16,4294967293,15,1,273121517,269417590,262173567,257573582,266306589,276548472,270458645,263496317,280821709,278302392,270633420,280329228,275086936,268030481,270624037,265353215,280821709
33554432,16,4294966369,15,1,283136341,295986501,289243804,289191467,298909532,293767362,315319672,306450292,319475401,311660174,312894955,307967154,323666849,317187130,325113642,332115660,332115660
33554432,16,4294967145,15,1,301318887,303008987,305420306,312610011,312100961,322901471,313931641,310423308,322767320,308377246,319121965,307926150,312337792,304506712,322840589,338695510,338695510
33554432,16,4294967150,15,1,322918148,335128275,323798493,331224955,330016137,339009632,335069812,331892758,323732073,339073094,335562706,327999467,322429388,341127170,336198821,322804591,341127170
33554432,16,4294967155,15,1,279094925,290763235,283733276,306410207,301779396,308647951,305463457,302937647,296081885,299706409,314733963,316257304,309511270,303836481,321207292,321495014,321495014
33554432,16,4294967170,15,1,331856756,319963204,332012588,338240182,326756843,326138928,349266188,357043136,361976112,353491786,350832959,347077108,339514771,358714763,370750720,366866442,370750720
33554432,16,4294967241,15,1,289915356,287179365,284424590,286641156,295023765,306081943,300253570,294896899,293219474,305376794,299444112,325347768,324374903,320096572,334620119,344874687,344874687
33554432,16,4294967266,15,1,312234493,312550778,317223331,306219572,310010184,322128682,313622878,321653930,312759246,312546151,319135053,333940746,326856241,323698882,307848013,300210765,333940746
33554432,16,4294967268,15,1,309124121,296288214,290318015,309290101,288746241,304627601,299757475,306037730,313329579,318643425,310992632,303624719,311404731,304414696,300114063,316796316,318643425
33554432,16,4294967271,15,1,282433462,282740812,281394864,293727373,288120508,287748204,280524677,292336894,284367301,291601529,282239886,300571505,288454666,296830947,282725612,298874149,300571505
33554432,16,4294967290,15,1,309097979,314768822,311717862,303715617,304903518,316214328,312029667,317489758,306392388,302916306,312811626,314714999,314277878,302908776,307342636,321502033,321502033
67108864,16,4294967182,15,1,402201415,399711370,396998183,399925077,395178499,393093754,411009516,422965053,421285937,431751511,434950318,435103473,598027396,641064969,645040491,648484794,648484794
67108864,16,4294967188,15,1,400996220,398442865,396306949,407468976,401235318,402435812,395640715,410125392,418317410,407939918,415880792,402837736,417193369,400057750,411299079,406121826,418317410
67108864,16,4294967192,15,1,380771161,408152212,406717788,420118162,413828242,405715430,413976811,410429345,403198072,402738745,419916967,418372773,411653522,411700034,417506432,425816963,425816963
67108864,16,4294967208,15,1,393608659,383206750,389528897,401384881,397936538,394473117,425055299,419195192,420882554,415276422,411243758,416959547,409886289,416600886,430979780,429396468,430979780
67108864,16,4294967262,15,1,404055563,408135339,401011885,410044907,412060912,401162939,398269717,409274961,411732730,419000403,413045626,443329372,433231071,442842653,443978821,443480129,443978821
67108864,16,4294967267,15,1,408515960,421903971,415394089,402373801,416485913,429238166,426992787,423003101,421858471,398547207,411576770,403870866,425663003,411497026,419007541,409599576,429238166
67108864,16,4294967276,15,1,381958499,375076845,370923022,377171648,396343844,386643484,401097448,393394501,399236523,389044770,402047449,394573320,407066250,411429852,396177651,415446976,415446976
67108864,16,4294967277,15,1,376894016,407784888,409626812,404860025,412799523,410570498,405970792,401745448,417835183,415602247,411786740,405648104,401067272,403594367,414663932,410928655,417835183
67108864,16,4294967288,15,1,377800951,389923341,384125101,376344911,367683727,383289755,406052200,397905586,415065050,407354372,412065393,404410690,419713286,410109978,419637849,417222911,419713286
67108864,16,4294967294,15,1,382152646,373129816,371952204,372447351,384793252,379862110,393299021,402566327,389671940,399389610,395331066,406391617,403307099,400840618,407125141,418997226,418997226
134217728,16,4294967212,15,1,568818615,546887829,559830790,555133401,559007448,555318248,568336417,574905044,562553840,582294016,586917969,592332812,590044580,580607219,585866822,594997847,594997847
134217728,16,4294967235,15,1,569633399,571084737,559876569,561305740,565866095,572430362,587945998,594203858,574485559,582816200,597157158,594085286,593087999,600985364,602803519,606602830,606602830
134217728,16,4294967239,15,1,554091208,557603876,545810206,549088735,543376560,555013844,567208054,579979128,571841772,575864602,584615900,580797439,578626083,572150485,588283755,592878908,592878908
134217728,16,4294967244,15,1,565757371,570937937,575442626,572243973,565928648,576560003,562815456,576930967,597491372,601111760,590439759,583338979,604093745,595402954,610068943,611590505,611590505
134217728,16,4294967266,15,1,591348323,569536204,581841869,564316984,583326693,584211250,612464791,615736382,605390956,613098548,611009836,617209022,608229957,608979986,619010473,614642186,619010473
134217728,16,4294967274,15,1,576301624,581350231,575614217,576552649,581691049,582389953,564408765,589501142,583795909,572130890,586708680,598129760,612896809,614801144,607900801,627741546,627741546
134217728,16,4294967277,15,1,571477441,561587407,558481759,606826781,604343286,598874726,609938610,608494821,604808487,600567366,599821291,604630659,583732535,590157258,591914952,599964710,609938610
134217728,16,4294967281,15,1,553903209,558899582,547983171,553875531,578936530,565255253,576816387,568680627,587081928,581690721,584236464,578500314,588313980,569759706,575225231,585730056,588313980
134217728,16,4294967281,15,1,568495080,563242565,574890790,571733081,578011283,570521484,588485569,601330398,594292397,596386384,589935341,616521911,585725609,577350209,594740996,606697993,616521911
134217728,16,4294967286,15,1,569437424,567999202,571970510,580896356,585465129,578148071,584102043,602317247,590334583,597480808,594251938,604732402,591933006,609685523,605782295,610860142,610860142
268435456,16,4294967230,15,1,947844094,934798718,942157158,951404736,954721226,942648018,948101500,941588217,948056820,958980318,984786704,970842242,961577823,965765274,974890243,983854998,984786704
268435456,16,4294967253,15,1,927619956,920416166,926168061,930588822,932347591,938137556,938871723,928663866,925832662,959495833,952812860,956600578,942981379,937937101,951367016,969679199,969679199
268435456,16,4294967267,15,1,908953810,923670154,931346114,924916282,918427718,916366462,940087403,934015319,939973935,958444510,950078035,946410697,957045284,953797780,949856372,957927916,958444510
268435456,16,4294967276,15,1,902945015,915215256,899554796,919513384,908247066,919246964,916014565,904504287,919266151,914362034,928536025,945009765,948290421,937782807,944245564,949523331,949523331
268435456,16,4294967276,15,1,918791031,921880591,926788338,925725510,918698245,914497184,926120694,913508713,920739243,934284296,941883731,953691966,942381851,946468375,955497008,955276495,955497008
268435456,16,4294967281,15,1,944376583,937593649,946344453,953518293,950454394,943607637,942368567,960920922,973036516,967308047,971336585,957985667,964674322,952597530,981658455,977344151,981658455
268435456,16,4294967285,15,1,950356627,946604463,958407763,946139871,951746736,947323678,962040653,969466185,962522072,965496363,977430467,990937526,990356149,984437816,980362783,995264312,995264312
268435456,16,4294967286,15,1,935095231,941443873,932722186,952610169,942010324,947755488,941059181,953505459,963401385,947925926,962895499,971087723,977827038,972202611,963550657,981920327,981920327
268435456,16,4294967289,15,1,907447991,914872418,904673073,920816309,916695770,911313506,934741325,922536652,928654665,915182207,942014154,931916018,928254414,935560114,950735506,944520015,950735506
268435456,16,4294967292,15,1,934715190,935645217,926130181,922055521,934685494,948953766,942186367,955098219,953870497,971366662,960621474,970043430,965316005,968322707,977131871,966372005,977131871
