n,k,u,m,r,t0,t1,t2,t3,t4,t5,t6,t7,t
1024,8,4280690352,7,1,207937917,207070909,192158812,199389293,206319709,203443992,195756033,191850295,207937917
1024,8,4284710836,7,1,214353614,214949808,203228149,207620973,202251727,206673392,219383313,214818322,219383313
1024,8,4288134437,7,1,205154264,210651446,225714618,216955990,218871611,215625479,209284991,225631420,225714618
1024,8,4290944470,7,1,213422385,208164992,199181145,202831922,215043488,212001611,205014484,200744116,215043488
1024,8,4291111681,7,1,214136634,209245847,209972408,206509898,203595350,207433433,202299178,219773675,219773675
1024,8,4292129749,7,1,243896659,234466246,228607440,220996808,244048608,230680074,239554501,236076692,244048608
1024,8,4292148509,7,1,203743661,190774473,211037222,199455982,211587812,206644491,200844094,197011251,211587812
1024,8,4293263734,7,1,195955813,204588659,220370252,216168093,212595738,214662781,207734304,202809796,220370252
1024,8,4293506473,7,1,219214067,212744993,202859095,207115952,224513216,211326875,213298065,220697501,224513216
1024,8,4294448817,7,1,226226228,230066171,215030613,219132152,227356278,222729422,216266137,212281753,230066171
2048,8,4287874174,7,1,219811067,227010885,213665724,233691744,230794853,222591693,207226746,214334698,233691744
2048,8,4289366171,7,1,232478926,217920434,213452789,225841990,212010016,196496629,218734615,204152486,232478926
2048,8,4291070182,7,1,202316066,219626450,214698034,206990527,224088217,218259419,213362084,207538721,224088217
2048,8,4291081306,7,1,236073484,222768867,218316267,216569563,224616212,235990476,232091846,232270633,236073484
2048,8,4291101101,7,1,209199973,215489410,220613289,206375779,212287324,218692503,206574890,223733413,223733413
2048,8,4292116316,7,1,217136708,214308637,205736642,204166864,207803647,215374059,199600159,192517018,217136708
2048,8,4293091978,7,1,230779561,241431526,245284450,221585079,240592750,247555866,236231829,220173745,247555866
2048,8,4294103680,7,1,217785703,234850366,232583616,225178973,224354737,218951076,233193484,210470639,234850366
2048,8,4294765218,7,1,237864157,248210447,232551131,234716655,244260613,247189124,232482879,226950564,248210447
2048,8,4294891627,7,1,210646210,206010586,198183958,215508552,214842630,209624410,202836159,206575394,215508552
4096,8,4293428819,7,1,245324971,225597533,239283802,233088517,230987158,218642546,227609082,222049834,245324971
4096,8,4293633956,7,1,203560304,196353992,191376121,212121409,214661043,205855552,191422158,198267308,214661043
4096,8,4293939494,7,1,219177048,215017796,208085260,204424387,205823443,212409787,215954643,200775084,219177048
4096,8,4294014234,7,1,215510965,199549596,226771983,210881398,192011438,223889639,212136456,217886763,226771983
4096,8,4294378341,7,1,229763945,218453876,226142612,221663470,217216450,213258554,238248230,232805358,238248230
4096,8,4294400288,7,1,204793828,199905584,193115079,188572204,206114997,199628241,188436022,192289820,206114997
4096,8,4294736231,7,1,208882009,198696032,206166364,197048894,208672883,204266474,198723237,195521053,208882009
4096,8,4294742706,7,1,218332540,196368375,208400719,213478904,201097790,211751734,200050463,206585897,218332540
4096,8,4294837595,7,1,236273552,229396176,217971134,213050749,222377972,225487213,223566557,247880549,247880549
4096,8,4294939971,7,1,190752453,208584836,205428319,206500098,200474233,202711973,195836015,210394547,210394547
8192,8,4293545204,7,1,198634990,214248208,227589616,206095062,218403138,216627261,226633036,208132682,227589616
8192,8,4293692480,7,1,217927761,225866631,228196245,220291574,212022968,224722824,218234985,234882646,234882646
8192,8,4293845790,7,1,205675646,211043385,193995277,201297303,194228263,205744120,202686500,190729064,211043385
8192,8,4294215708,7,1,207885877,205147462,193040166,200585904,188626760,199304801,187724978,192858886,207885877
8192,8,4294266544,7,1,210317827,214782312,226321180,223033808,225505855,225165118,215899161,212143967,226321180
8192,8,4294396789,7,1,223212021,212278939,208262029,211239982,205198453,219623728,198484613,222979706,223212021
8192,8,4294480377,7,1,241038110,250182101,237006043,232273233,235888323,244727529,227337207,230216505,250182101
8192,8,4294604245,7,1,219364253,214622898,207859711,201686443,223333976,208078972,212973386,220627567,223333976
8192,8,4294840671,7,1,229869279,236919588,224948648,231026169,217242869,236842817,226189628,222454137,236919588
8192,8,4294935680,7,1,235489845,229639254,224599444,220496923,237065422,234057414,224659179,226683992,237065422
16384,8,4294377729,7,1,213828357,205593517,221671064,218620314,215142054,208416523,226754132,231440188,231440188
16384,8,4294707655,7,1,210485601,214555899,222906400,203638952,214704282,200287752,205015469,214650594,222906400
16384,8,4294795741,7,1,204836844,199194451,193763273,190428308,204963384,202585546,191003530,194905024,204963384
16384,8,4294806405,7,1,231421571,214894813,242057847,227219767,235850392,221178835,213042265,228458491,242057847
16384,8,4294870394,7,1,211550906,210669191,228949386,222522157,221449359,219941999,214177464,228853771,228949386
16384,8,4294910988,7,1,193124142,211314041,206383247,201025173,211442079,216863378,204977799,200579689,216863378
16384,8,4294925282,7,1,201603536,206762422,218167081,204365227,200919668,214622462,212506044,215657103,218167081
16384,8,4294929826,7,1,217143558,226168475,214360473,206189912,221775229,209644555,204753765,217745347,226168475
16384,8,4294934415,7,1,210175587,213695312,202646794,199582904,206551105,212277934,201541774,198195830,213695312
16384,8,4294936455,7,1,205145235,212205438,200189440,193468134,198492064,203019436,192130741,211385424,212205438
32768,8,4294408729,7,1,216313091,229285978,213794586,214970510,226894777,219287369,229252677,216049148,229285978
32768,8,4294512651,7,1,232842438,220049793,210601555,227962970,218705730,230066877,224221328,222167366,232842438
32768,8,4294555884,7,1,246652723,239475934,229146594,232934700,230871715,229150936,222271440,236084095,246652723
32768,8,4294792347,7,1,200785984,197613728,203506171,194377812,199686692,196993690,190226078,215455107,215455107
32768,8,4294803089,7,1,218253514,209241924,203310176,220910749,218380613,222941059,213742999,207362516,222941059
32768,8,4294845563,7,1,234994346,225328202,218053002,228919470,233882388,216177803,221643479,228907737,234994346
32768,8,4294889663,7,1,201454081,189419210,184995297,203559682,203923143,199924871,212985839,220521814,220521814
32768,8,4294928080,7,1,239393179,248066876,234861508,237644304,241873729,245541574,232032738,237191588,248066876
32768,8,4294928155,7,1,218309197,226353492,233493602,213734165,206657410,218773805,223558398,212596529,233493602
32768,8,4294948335,7,1,227241175,225581915,235143420,222533537,215243984,223336746,211491518,217623546,235143420
65536,8,4294704679,7,1,199031892,205256994,211512743,194960769,216844657,221613593,206469390,210575565,221613593
65536,8,4294869003,7,1,237512065,221889526,218813294,231755863,222990681,231491950,220947058,237089872,237512065
65536,8,4294887869,7,1,228720197,210452975,219803171,205712291,230455148,204694064,221993696,213829777,230455148
65536,8,4294918231,7,1,232637715,240978318,236441341,220797472,215416140,209583918,227564561,230241385,240978318
65536,8,4294918772,7,1,230422275,242598277,247772885,238708280,244660785,244622210,235756209,233413022,247772885
65536,8,4294935730,7,1,245545369,229875936,237329627,231997225,223205235,232835124,229914226,239526934,245545369
65536,8,4294956444,7,1,218409499,210886587,207005482,213201283,200344127,206007639,202961229,221189832,221189832
65536,8,4294964205,7,1,209742669,219174430,227260774,219799546,202077679,232050679,228236520,218172648,232050679
65536,8,4294964473,7,1,203294798,214724963,218603024,207757420,206530473,201944933,192222578,218092620,218603024
65536,8,4294965113,7,1,229168647,238140226,217616529,226532476,239972733,229144607,233883204,227679961,239972733
131072,8,4294806038,7,1,202351011,218517045,210826151,222897288,215384345,219864126,209400962,206485431,222897288
131072,8,4294926950,7,1,214297073,204370363,210260208,219452299,224101105,215875569,226160282,212555397,226160282
131072,8,4294929616,7,1,221658260,218161705,212295537,230757211,230661296,225213151,221963531,217614151,230757211
131072,8,4294931100,7,1,228734379,235798286,224387562,239284376,228656163,214163920,218814198,225157406,239284376
131072,8,4294931353,7,1,204588111,220551652,211582549,222960509,228955457,230170514,222960224,215307493,230170514
131072,8,4294942413,7,1,223650147,217759152,207861153,227437558,232940487,235202730,223458600,239371774,239371774
131072,8,4294946637,7,1,239975433,226535458,230423728,237180597,236669289,245195954,230029676,234886179,245195954
131072,8,4294955962,7,1,213890389,219120295,212526193,207115679,227787438,216553047,222628587,213427007,227787438
131072,8,4294964257,7,1,232588537,247855609,253161085,236596794,242137091,232628191,245922469,251103569,253161085
131072,8,4294964284,7,1,221427855,227125728,234736162,218916997,232210579,224805789,233028001,212665409,234736162
262144,8,4294916480,7,1,222424558,227436059,215906095,210257906,221299135,214774709,226136697,230342253,230342253
262144,8,4294918201,7,1,231816829,239085742,229234947,225708735,275525590,269310198,262301920,259697848,275525590
262144,8,4294929865,7,1,214456669,215016179,207658448,203204520,217317572,208415018,203829092,218457467,218457467
262144,8,4294930317,7,1,217148365,212440729,209115598,224353435,232032686,214820702,218281898,226892133,232032686
262144,8,4294957634,7,1,231594490,230269846,215884475,225215021,227307681,235526685,221677322,225746737,235526685
262144,8,4294958558,7,1,207995136,205202116,210017089,215281390,214170795,218027810,221680248,203139555,221680248
262144,8,4294960473,7,1,230297007,222299525,210677830,218203219,205417478,217337074,209361805,220941025,230297007
262144,8,4294965732,7,1,217689548,208407262,228394977,224873784,216022358,212095714,226723155,217334127,228394977
262144,8,4294966906,7,1,211102931,199429360,216448172,205181366,215165004,211926644,228837820,224141667,228837820
262144,8,4294967116,7,1,220986224,217466157,229251703,234947445,221583734,228423305,234676602,216306124,234947445
524288,8,4294908086,7,1,219556009,205353457,219312673,208328022,213822557,204634566,212248283,219177435,219556009
524288,8,4294927945,7,1,221348589,235340951,217897362,229632885,222691389,214780150,207658203,234107079,235340951
524288,8,4294953226,7,1,228870780,210885896,222243651,219116153,223843030,218373079,234017397,216126155,234017397
524288,8,4294957863,7,1,218446320,225695262,206817310,222069881,211582025,215833648,217169469,229613201,229613201
524288,8,4294961357,7,1,251933060,230347670,235299507,258566910,248697864,248653193,243605143,244447241,258566910
524288,8,4294962335,7,1,206060062,198958314,195349278,191107597,264671567,284315644,260045833,278178677,284315644
524288,8,4294964370,7,1,207769758,222278816,230419475,209814640,217970687,222014385,233814036,224978879,233814036
524288,8,4294964531,7,1,225874016,232941582,213725301,220005585,215903335,224250435,212160667,229015512,232941582
524288,8,4294965073,7,1,213813628,220391203,209690646,203319068,214777562,212440192,201516831,210681506,220391203
524288,8,4294965903,7,1,226162979,232406536,222345795,241310808,229454818,244232356,235885066,227117992,244232356
1048576,8,4294953058,7,1,233775313,239970632,227395343,226960597,235154952,224837012,249318807,241208468,249318807
1048576,8,4294953283,7,1,218963627,213588380,208410798,215194029,226089867,223383607,233865710,226907390,233865710
1048576,8,4294953286,7,1,234278723,226103152,222380894,239363521,226225196,211651642,217829808,223986333,239363521
1048576,8,4294962735,7,1,207931588,223451814,229659390,212964687,219994214,213822545,224359968,222663579,229659390
1048576,8,4294964768,7,1,245682266,227357728,239534600,235404735,235622900,250278004,246212971,240011164,250278004
1048576,8,4294965049,7,1,232927949,251950178,251977828,248185669,249518776,240948970,242578580,266313102,266313102
1048576,8,4294966363,7,1,201978995,211760113,216763014,201293409,209382204,198070452,218314576,207709920,218314576
1048576,8,4294967048,7,1,227454164,233953678,223261134,228197965,227015684,236371927,246498802,243682024,246498802
1048576,8,4294967163,7,1,223017495,218243223,211168558,207032070,214828835,211524674,204526776,200135369,223017495
1048576,8,4294967187,7,1,218453536,228515150,212007316,227833142,239744139,238126432,244114303,232936857,244114303
2097152,8,4294962160,7,1,282699657,287999532,280337076,273270019,260199111,270763564,268717540,258662197,287999532
2097152,8,4294962833,7,1,230974347,208293468,224814183,216337590,244536877,235874318,230208959,226620020,244536877
2097152,8,4294964658,7,1,244949507,233935732,229701093,241659205,240656957,234240322,246024190,255190722,255190722
2097152,8,4294965312,7,1,216100535,225277576,245201948,242676364,235520913,233938166,236356308,225087551,245201948
2097152,8,4294965481,7,1,236873459,222770268,224423811,232704004,226458862,230347889,240728117,242116332,242116332
2097152,8,4294965506,7,1,238293726,244383720,235351934,228485241,238138002,241680653,230794587,226832716,244383720
2097152,8,4294965801,7,1,232925865,221428582,226662075,228483138,224123514,217433430,234627239,244559468,244559468
2097152,8,4294965862,7,1,233448568,225445649,229864596,220527619,236556705,231141460,226065156,251290093,251290093
2097152,8,4294967196,7,1,229476322,221703046,218392240,234493520,226105843,220322587,209336551,216663865,234493520
2097152,8,4294967281,7,1,230633767,234200805,223139396,220886691,218188278,228845083,218288340,232046102,234200805
4194304,8,4294963689,7,1,233909732,251718456,240972553,249075753,230752609,226111192,239158574,243269920,251718456
4194304,8,4294965256,7,1,223750089,244900634,240136677,232772904,244359442,230109308,237629835,234285112,244900634
4194304,8,4294965346,7,1,226987665,239099658,232704708,243272423,241603755,238603526,232286171,227973832,243272423
4194304,8,4294965466,7,1,229806010,233363983,245336506,239923282,251807897,215759342,226111311,241561889,251807897
4194304,8,4294966041,7,1,229397464,243367744,231689455,239247672,244653944,228961393,240959738,234592829,244653944
4194304,8,4294966805,7,1,228951808,222969183,217636120,237234104,236825651,224806505,220690923,232265138,237234104
4194304,8,4294966900,7,1,254380397,236632162,244895786,260102865,258267958,249885035,260349906,245746514,260349906
4194304,8,4294966971,7,1,231878316,238277911,220958743,227961265,232919833,240274603,230365555,249207439,249207439
4194304,8,4294967019,7,1,242584247,249975571,238588315,233243211,249138952,238926298,237946295,244591787,249975571
4194304,8,4294967241,7,1,243885065,255030996,251154306,240039900,245353470,241840772,234634033,257847023,257847023
8388608,8,4294966429,7,1,269220410,287697212,280909742,276263730,279186174,275511641,268374479,263843348,287697212
8388608,8,4294966644,7,1,234462924,242740941,221828777,230936797,243460055,232929628,227431013,239241244,243460055
8388608,8,4294966657,7,1,262581991,266003415,261534632,258960783,278549533,274429943,286770122,277049602,286770122
8388608,8,4294966884,7,1,243616317,252520573,228098278,259181085,243135774,254558284,247809897,238943056,259181085
8388608,8,4294966981,7,1,252612988,254114648,247552049,239290269,256765753,265045310,253050158,245130831,265045310
8388608,8,4294967040,7,1,273998679,259607724,271939837,264507390,275956244,272090514,265050636,260802279,275956244
8388608,8,4294967062,7,1,258845542,281938989,273574304,267298068,264104260,281849165,270215186,277679740,281938989
8388608,8,4294967145,7,1,281603673,273629011,272382706,279223433,268285290,269824595,266226996,281602439,281603673
8388608,8,4294967251,7,1,241164932,245186400,252441205,229598591,244090971,251420257,239831464,260673467,260673467
8388608,8,4294967283,7,1,237537110,243903550,251465316,233216655,237473382,242586647,250996179,258566456,258566456
16777216,8,4294966495,7,1,312701222,313247680,308625390,304770782,309433896,298889674,319858676,311595738,319858676
16777216,8,4294966858,7,1,266569582,286288577,279232228,274764929,266995224,286499121,282312278,276389678,286499121
16777216,8,4294966918,7,1,321761890,307566679,315203934,298903389,320719729,307253195,317401269,310852122,321761890
16777216,8,4294966990,7,1,291368976,303552582,299562147,292866755,287830232,302801550,284947025,279819712,303552582
16777216,8,4294967039,7,1,298739134,295159292,288353009,306060759,290344982,303332962,298449766,310208219,310208219
16777216,8,4294967062,7,1,284121655,292052247,290552269,281444886,277867835,294589101,304003440,289768652,304003440
16777216,8,4294967229,7,1,321326822,313972582,323410317,314112168,323780930,308606688,314954191,320878252,323780930
16777216,8,4294967247,7,1,309118004,304278454,298913987,317456338,310153527,323636554,321748259,316280097,323636554
16777216,8,4294967278,7,1,319346037,294389038,303704548,304081792,320115491,319346154,310958503,314037883,320115491
16777216,8,4294967287,7,1,322441818,314018204,314876224,319186807,309252057,304272397,336983395,332656791,336983395
33554432,8,4294966957,7,1,383255640,385221278,395592056,380405160,375089560,396395336,390898910,379691368,396395336
33554432,8,4294967106,7,1,419869783,416127852,407146758,403910689,417591501,412902325,409100327,421809384,421809384
33554432,8,4294967142,7,1,404914324,397311944,384251166,417805759,403400385,403939966,409749708,397404321,417805759
33554432,8,4294967183,7,1,385491733,366863221,371137948,360426212,369736004,359173718,376386496,367179774,385491733
33554432,8,4294967212,7,1,377395998,372429280,389037251,384543426,362354988,373541422,370206465,382051031,389037251
33554432,8,4294967229,7,1,375005612,379964083,363415531,372029179,365193309,361765236,369591724,380212930,380212930
33554432,8,4294967230,7,1,402368348,417018382,407774531,396559213,407372284,419127118,415068492,404907544,419127118
33554432,8,4294967245,7,1,352849825,362599314,356522429,371065040,373848385,382090502,363987751,372007557,382090502
33554432,8,4294967260,7,1,392007610,386034641,391031430,374572505,385497664,380859103,384520118,381992320,392007610
33554432,8,4294967292,7,1,366380011,383151613,374303059,391319149,387429010,380458535,375585605,380683646,391319149
67108864,8,4294967024,7,1,545517098,569418716,561497819,556331868,550666702,557995742,551335029,564937590,569418716
67108864,8,4294967123,7,1,578343533,567734386,554028610,559936186,574792757,571256540,563854989,581089460,581089460
67108864,8,4294967269,7,1,561772664,567600395,551038235,559314248,553078912,560061608,565859400,548949939,567600395
67108864,8,4294967271,7,1,539221765,544785516,551817802,533116171,541999554,538335447,530296213,527257440,551817802
67108864,8,4294967271,7,1,564747413,572584901,584089851,577915218,567289230,560649690,572647524,578641755,584089851
67108864,8,4294967272,7,1,557081978,568020790,562414853,575284046,568582593,564467610,561105827,555754846,575284046
67108864,8,4294967279,7,1,560424560,549244049,555092270,567503986,561364976,555257611,537526625,547850368,567503986
67108864,8,4294967279,7,1,589807951,584275190,578870044,572490289,580581952,579702955,575408383,587335936,589807951
67108864,8,4294967282,7,1,549686562,555690190,538251692,553554350,544624358,564765155,555864196,546932912,564765155
67108864,8,4294967284,7,1,573937774,581306121,585336313,572381434,577449029,568708034,572627959,586711071,586711071
134217728,8,4294967216,7,1,915613196,897152678,909774492,913665251,904656835,917352663,908164566,903907801,917352663
134217728,8,4294967220,7,1,921397675,911408038,922712029,915732323,913324306,916876837,907708278,927871886,927871886
134217728,8,4294967241,7,1,923278994,929079700,935111884,915975683,920478527,930639228,924803274,920297023,935111884
134217728,8,4294967250,7,1,920859840,906436649,917604853,902535990,924859183,910250569,909161192,917922668,924859183
134217728,8,4294967251,7,1,912586305,925229883,918112752,933678401,926105868,935660864,925116458,945902901,945902901
134217728,8,4294967257,7,1,924180735,908676449,914718703,910878466,903320784,922158200,923783184,915329726,924180735
134217728,8,4294967273,7,1,911741610,905743359,900293929,898831443,902637152,903493939,888180991,893786010,911741610
134217728,8,4294967275,7,1,907345454,912978245,919838123,923807263,910541765,920768657,896473758,903068712,923807263
134217728,8,4294967278,7,1,911794990,906096722,900987211,915055993,910089382,923544921,904111714,922031753,923544921
134217728,8,4294967295,7,1,891244295,898806330,887323346,880550741,892571441,887741525,876272279,883110216,898806330
268435456,8,4294967253,7,1,1610469835,1622563352,1615541236,1603846126,1624573848,1613054326,1618897854,1607522456,1624573848
268435456,8,4294967281,7,1,1610059509,1603951656,1599295965,1624083006,1611378583,1604979286,1619662944,1617562266,1624083006
268435456,8,4294967283,7,1,1589399287,1585853000,1578458370,1595784445,1580292978,1596869110,1588253561,1600358458,1600358458
268435456,8,4294967284,7,1,1591758871,1628585656,1618936663,1623652529,1623895223,1633901715,1629570099,1624164606,1633901715
268435456,8,4294967284,7,1,1591952843,1597234272,1604662634,1590933437,1611540519,1603729167,1598166597,1595283102,1611540519
268435456,8,4294967287,7,1,1586229353,1593095407,1602833465,1597665602,1595975659,1590006279,1580476990,1585202574,1602833465
268435456,8,4294967290,7,1,1590139562,1608204100,1583768124,1600522003,1598502016,1605962586,1609902668,1595395225,1609902668
268435456,8,4294967292,7,1,1607010224,1611349600,1596365416,1607587422,1611723204,1596111989,1600801790,1603974281,1611723204
268435456,8,4294967293,7,1,1624932510,1631231321,1619089784,1615198124,1629340317,1636052362,1624359163,1621410536,1636052362
268435456,8,4294967294,7,1,1603465447,1587253726,1599587047,1599615531,1591112317,1583578879,1595819344,1590398868,1603465447
