n,k,u,m,r,t0,t1,t
1024,2,4273339323,1,1,153334877,155232440,155232440
1024,2,4286975777,1,1,163053511,159272453,163053511
1024,2,4287370828,1,1,207317480,215645121,215645121
1024,2,4288810539,1,1,212068226,205421438,212068226
1024,2,4288998300,1,1,212093790,205892681,212093790
1024,2,4291298158,1,1,151366048,163895616,163895616
1024,2,4292230987,1,1,171245185,165080989,171245185
1024,2,4293329703,1,1,200079505,194585795,200079505
1024,2,4293976334,1,1,157578248,155121739,157578248
1024,2,4294774529,1,1,224475906,217777384,224475906
2048,2,4287172479,1,1,212172906,205545187,212172906
2048,2,4289908519,1,1,153102998,158267528,158267528
2048,2,4291731704,1,1,199821995,194943038,199821995
2048,2,4291896629,1,1,211645989,206509378,211645989
2048,2,4292283654,1,1,212716499,206981332,212716499
2048,2,4292633769,1,1,155728575,159078465,159078465
2048,2,4292933209,1,1,160265040,164127078,164127078
2048,2,4293751861,1,1,166218024,157793776,166218024
2048,2,4293999545,1,1,166279278,171107736,171107736
2048,2,4294443854,1,1,164165441,173255910,173255910
4096,2,4292183642,1,1,187495785,182571385,187495785
4096,2,4292342114,1,1,146747014,154076947,154076947
4096,2,4293604025,1,1,165167136,157194139,165167136
4096,2,4293681866,1,1,155171177,160091063,160091063
4096,2,4293786180,1,1,162972069,170683879,170683879
4096,2,4294245453,1,1,212272248,206458357,212272248
4096,2,4294489150,1,1,212293470,204691248,212293470
4096,2,4294643359,1,1,149125185,155532150,155532150
4096,2,4294788988,1,1,145320111,155892314,155892314
4096,2,4294875541,1,1,212148830,206646059,212148830
8192,2,4293900567,1,1,155135554,149672170,155135554
8192,2,4294134614,1,1,171176281,167987609,171176281
8192,2,4294257819,1,1,153508999,167692378,167692378
8192,2,4294375015,1,1,207255500,216753770,216753770
8192,2,4294428620,1,1,169041131,173688516,173688516
8192,2,4294648713,1,1,166970166,163569347,166970166
8192,2,4294761179,1,1,170096260,165972951,170096260
8192,2,4294812911,1,1,223918138,216881181,223918138
8192,2,4294859649,1,1,203081423,219376399,219376399
8192,2,4294887792,1,1,166890867,161375719,166890867
16384,2,4294245989,1,1,159743008,149126559,159743008
16384,2,4294266672,1,1,206122101,219424622,219424622
16384,2,4294297379,1,1,148220534,160476699,160476699
16384,2,4294710348,1,1,156888958,152347671,156888958
16384,2,4294779410,1,1,147689020,149364784,149364784
16384,2,4294829550,1,1,156650039,160858740,160858740
16384,2,4294832667,1,1,215707572,215801037,215801037
16384,2,4294848828,1,1,157560784,162963456,162963456
16384,2,4294929149,1,1,159744310,154193484,159744310
16384,2,4294945003,1,1,147555323,153709395,153709395
32768,2,4294649908,1,1,159453976,172532152,172532152
32768,2,4294757271,1,1,155434234,152001694,155434234
32768,2,4294762094,1,1,155732671,159493636,159493636
32768,2,4294817054,1,1,161068183,165068826,165068826
32768,2,4294822650,1,1,211433281,219889997,219889997
32768,2,4294857024,1,1,160687455,159147199,160687455
32768,2,4294908734,1,1,158416950,165887358,165887358
32768,2,4294915407,1,1,175248606,173490466,175248606
32768,2,4294920212,1,1,171851111,176070188,176070188
32768,2,4294956912,1,1,176270619,169538892,176270619
65536,2,4294835271,1,1,169297051,176852589,176852589
65536,2,4294852804,1,1,158315705,163095484,163095484
65536,2,4294891785,1,1,153462853,153406484,153462853
65536,2,4294891851,1,1,161289422,169956941,169956941
65536,2,4294907726,1,1,165197467,162228314,165197467
65536,2,4294924707,1,1,153855965,146345242,153855965
65536,2,4294953770,1,1,165712858,159632115,165712858
65536,2,4294963382,1,1,171523989,163927661,171523989
65536,2,4294966378,1,1,172143083,178698551,178698551
65536,2,4294966609,1,1,174332680,168917061,174332680
131072,2,4294898860,1,1,151532052,158040709,158040709
131072,2,4294910679,1,1,185993161,207597116,207597116
131072,2,4294912160,1,1,158816383,152322381,158816383
131072,2,4294919643,1,1,163546101,167416145,167416145
131072,2,4294926225,1,1,186260941,191463905,191463905
131072,2,4294933754,1,1,149259347,156373680,156373680
131072,2,4294951535,1,1,156273602,164921935,164921935
131072,2,4294956049,1,1,163967563,158700307,163967563
131072,2,4294957666,1,1,165054876,169461764,169461764
131072,2,4294966301,1,1,157733097,166113947,166113947
262144,2,4294936971,1,1,177635933,179521592,179521592
262144,2,4294938066,1,1,160777896,168603647,168603647
262144,2,4294951289,1,1,161072253,153400551,161072253
262144,2,4294953769,1,1,161120293,159692009,161120293
262144,2,4294956858,1,1,164737489,168718837,168718837
262144,2,4294960389,1,1,229827940,256400079,256400079
262144,2,4294961447,1,1,167435733,164904061,167435733
262144,2,4294963100,1,1,152407794,150779945,152407794
262144,2,4294965015,1,1,233643549,212006560,233643549
262144,2,4294967148,1,1,165693917,160011465,165693917
524288,2,4294946275,1,1,165036564,164445943,165036564
524288,2,4294948750,1,1,168742421,166510959,168742421
524288,2,4294951561,1,1,175985642,172120729,175985642
524288,2,4294959151,1,1,162290593,166914113,166914113
524288,2,4294960684,1,1,179168399,175766406,179168399
524288,2,4294961198,1,1,172199850,167853092,172199850
524288,2,4294961457,1,1,173106630,178931586,178931586
524288,2,4294964717,1,1,175020263,170737771,175020263
524288,2,4294965912,1,1,180233203,183939435,183939435
524288,2,4294965946,1,1,265410138,281545480,281545480
1048576,2,4294956672,1,1,219637280,196296594,219637280
1048576,2,4294958431,1,1,170682206,173400924,173400924
1048576,2,4294960802,1,1,173972298,182002873,182002873
1048576,2,4294962921,1,1,185388578,180219795,185388578
1048576,2,4294964039,1,1,175576939,179484393,179484393
1048576,2,4294964101,1,1,174725817,185163996,185163996
1048576,2,4294964564,1,1,186820473,192764708,192764708
1048576,2,4294966070,1,1,182965454,187840485,187840485
1048576,2,4294966341,1,1,227200850,243481107,243481107
1048576,2,4294967291,1,1,179025636,188753798,188753798
2097152,2,4294961709,1,1,204601725,211606366,211606366
2097152,2,4294963525,1,1,340151352,316598428,340151352
2097152,2,4294963723,1,1,203708633,200790596,203708633
2097152,2,4294964041,1,1,322847139,318168633,322847139
2097152,2,4294965540,1,1,271060620,304475600,304475600
2097152,2,4294966140,1,1,211404910,223265883,223265883
2097152,2,4294966200,1,1,232104865,233108157,233108157
2097152,2,4294966638,1,1,207256468,201902068,207256468
2097152,2,4294966681,1,1,316263215,340435365,340435365
2097152,2,4294966804,1,1,197478887,201769894,201769894
4194304,2,4294964200,1,1,286416910,291180740,291180740
4194304,2,4294964603,1,1,250518338,245670893,250518338
4194304,2,4294965362,1,1,361640961,391927299,391927299
4194304,2,4294965590,1,1,276753378,277588707,277588707
4194304,2,4294966009,1,1,275090649,269354804,275090649
4194304,2,4294966230,1,1,404384913,428605235,428605235
4194304,2,4294966522,1,1,314088257,320986721,320986721
4194304,2,4294966561,1,1,238933482,238954899,238954899
4194304,2,4294967027,1,1,240186760,243467621,243467621
4194304,2,4294967120,1,1,240426040,236518664,240426040
8388608,2,4294965517,1,1,328499014,334311148,334311148
8388608,2,4294965932,1,1,335387366,330435289,335387366
8388608,2,4294966062,1,1,568610965,592664891,592664891
8388608,2,4294966118,1,1,333031326,331141556,333031326
8388608,2,4294966817,1,1,439016202,432846797,439016202
8388608,2,4294966842,1,1,511366300,568228830,568228830
8388608,2,4294967248,1,1,604323216,580524627,604323216
8388608,2,4294967270,1,1,331413029,338845291,338845291
8388608,2,4294967290,1,1,382420534,395525590,395525590
8388608,2,4294967294,1,1,327355550,335630997,335630997
16777216,2,4294966267,1,1,964097161,940589528,964097161
16777216,2,4294966709,1,1,525432718,528942036,528942036
16777216,2,4294966840,1,1,603441318,612719209,612719209
16777216,2,4294966911,1,1,498873802,500021636,500021636
16777216,2,4294967041,1,1,532349346,516323356,532349346
16777216,2,4294967107,1,1,538735546,562879386,562879386
16777216,2,4294967123,1,1,522491001,515873579,522491001
16777216,2,4294967168,1,1,564815777,572998823,572998823
16777216,2,4294967207,1,1,688868993,731057680,731057680
16777216,2,4294967280,1,1,546868061,545599452,546868061
33554432,2,4294967007,1,1,967644193,966191972,967644193
33554432,2,4294967051,1,1,1566666218,1599724316,1599724316
33554432,2,4294967068,1,1,1026034998,1026342491,1026342491
33554432,2,4294967101,1,1,895186839,892426618,895186839
33554432,2,4294967161,1,1,1588236440,1623678943,1623678943
33554432,2,4294967170,1,1,1611825873,1647865578,1647865578
33554432,2,4294967196,1,1,1648178875,1624713295,1648178875
33554432,2,4294967213,1,1,861585585,869771552,869771552
33554432,2,4294967227,1,1,1231672270,1234944369,1234944369
33554432,2,4294967251,1,1,962154412,959301661,962154412
67108864,2,4294967169,1,1,3016028058,2992355848,3016028058
67108864,2,4294967170,1,1,2182696264,2248264385,2248264385
67108864,2,4294967176,1,1,1820192929,1845313189,1845313189
67108864,2,4294967241,1,1,2284177837,2319617319,2319617319
67108864,2,4294967255,1,1,2169208759,2210585404,2210585404
67108864,2,4294967263,1,1,2797758263,2793697363,2797758263
67108864,2,4294967273,1,1,1546156152,1547443450,1547443450
67108864,2,4294967274,1,1,1860758536,1865476281,1865476281
67108864,2,4294967281,1,1,1990577954,1987505049,1990577954
67108864,2,4294967293,1,1,2316627830,2323780604,2323780604
134217728,2,4294967170,1,1,5405396105,5434981720,5434981720
134217728,2,4294967233,1,1,4978808479,5019998871,5019998871
134217728,2,4294967236,1,1,5849765581,5878424087,5878424087
134217728,2,4294967266,1,1,4440877382,4439103027,4440877382
134217728,2,4294967266,1,1,5593029213,5604644986,5604644986
134217728,2,4294967280,1,1,4944232826,4983758605,4983758605
134217728,2,4294967284,1,1,5771737852,5811666885,5811666885
134217728,2,4294967287,1,1,2931494767,2937029910,2937029910
134217728,2,4294967288,1,1,4162919031,4228430080,4228430080
134217728,2,4294967291,1,1,4787018223,4763454010,4787018223
268435456,2,4294967247,1,1,9585724191,9604231012,9604231012
268435456,2,4294967250,1,1,6784986127,6809167589,6809167589
268435456,2,4294967254,1,1,7877073681,7914378515,7914378515
268435456,2,4294967265,1,1,9173784677,9226848460,9226848460
268435456,2,4294967265,1,1,9682878768,9739911091,9739911091
268435456,2,4294967271,1,1,11245762435,11283840030,11283840030
268435456,2,4294967275,1,1,10498388274,10539760137,10539760137
268435456,2,4294967281,1,1,10438583443,10484186585,10484186585
268435456,2,4294967291,1,1,5711904101,5715842130,5715842130
268435456,2,4294967291,1,1,6630071339,6679864302,6679864302
