n,k,u,m,r,t0,t1,t2,t3,t
1024,4,4282043441,3,1,171246717,163302317,159204904,176016831,176016831
1024,4,4287481736,3,1,170570840,180961688,172468780,188023942,188023942
1024,4,4287760851,3,1,175269167,181004720,188238013,193340645,193340645
1024,4,4288073878,3,1,183168554,188929214,195796100,181223706,195796100
1024,4,4290034778,3,1,180959691,187743061,176057294,169225723,187743061
1024,4,4290221768,3,1,188866804,178542832,186223737,174061926,188866804
1024,4,4290971922,3,1,191773989,177827821,201576413,188859083,201576413
1024,4,4291678575,3,1,180539716,171425872,189155166,163797566,189155166
1024,4,4292422034,3,1,170629861,176517337,182577237,189058224,189058224
1024,4,4292991519,3,1,167379083,179446060,182832005,176222921,182832005
2048,4,4289803645,3,1,173733182,186275886,178619590,166694446,186275886
2048,4,4291375042,3,1,170227517,163292475,179714390,191286194,191286194
2048,4,4293080578,3,1,163121808,174840191,169313912,161935455,174840191
2048,4,4293164719,3,1,188123355,182035141,196420969,179666024,196420969
2048,4,4294031825,3,1,192859755,199389940,204691657,182877056,204691657
2048,4,4294059875,3,1,183084759,177926844,172450929,168585575,183084759
2048,4,4294368686,3,1,190283155,179129393,183580280,172447357,190283155
2048,4,4294441708,3,1,192810832,180860703,199166856,187578381,199166856
2048,4,4294452496,3,1,178119297,169706684,166350578,180213819,180213819
2048,4,4294494042,3,1,168822120,178139891,181586754,171343352,181586754
4096,4,4293065028,3,1,166139575,179321056,172408615,184062181,184062181
4096,4,4293339184,3,1,211444900,197819956,203037505,206651145,211444900
4096,4,4293433854,3,1,185290597,182320982,174963039,171137075,185290597
4096,4,4293844808,3,1,180277383,190433732,176381257,170433703,190433732
4096,4,4294092302,3,1,169575749,181948291,188216602,176868017,188216602
4096,4,4294179794,3,1,176861199,165584885,183798624,171858978,183798624
4096,4,4294342606,3,1,184410135,192255046,183587550,198349575,198349575
4096,4,4294731343,3,1,170888574,178687573,162656363,187219367,187219367
4096,4,4294763723,3,1,172282795,190664743,182180275,183733596,190664743
4096,4,4294927160,3,1,169138181,178195505,183702401,166672104,183702401
8192,4,4293556967,3,1,195641951,209759085,204279770,194017292,209759085
8192,4,4293768426,3,1,206376241,194957373,189237807,201986045,206376241
8192,4,4294096827,3,1,193845984,185521253,180695569,174001962,193845984
8192,4,4294136818,3,1,174786479,185294575,179443602,167759440,185294575
8192,4,4294403522,3,1,175130723,179351507,168401686,163952361,179351507
8192,4,4294615935,3,1,171517387,178917859,192303730,188751707,192303730
8192,4,4294791254,3,1,185807947,204973427,198184939,192844859,204973427
8192,4,4294848536,3,1,183262698,175022206,166787941,178642231,183262698
8192,4,4294900621,3,1,186725371,192159187,180275567,173927250,192159187
8192,4,4294955804,3,1,182669630,194160638,188830009,177312356,194160638
16384,4,4293879590,3,1,177087377,169654081,159311790,166743353,177087377
16384,4,4294031864,3,1,181448343,169877832,181283960,167477014,181448343
16384,4,4294496424,3,1,195494608,213468699,206707865,206390363,213468699
16384,4,4294513140,3,1,187177529,193617355,202642362,184117211,202642362
16384,4,4294788108,3,1,167892162,174367863,165194709,181195473,181195473
16384,4,4294808815,3,1,189977221,195816808,207878335,201559076,207878335
16384,4,4294843933,3,1,193695709,203450584,183075250,191184945,203450584
16384,4,4294861697,3,1,189253678,195254591,183536030,178083730,195254591
16384,4,4294862677,3,1,168411880,172971634,166046409,156997118,172971634
16384,4,4294890946,3,1,190199240,171205249,183998578,181222847,190199240
32768,4,4294654595,3,1,167326045,173597188,180595856,162582489,180595856
32768,4,4294794659,3,1,181787617,197430453,192421855,187570425,197430453
32768,4,4294795410,3,1,181783434,170297234,188001434,178938311,188001434
32768,4,4294820783,3,1,193953288,198676701,206225879,211053885,211053885
32768,4,4294832008,3,1,185588798,200791571,205110544,194607323,205110544
32768,4,4294843122,3,1,172072207,181626869,173809778,185484875,185484875
32768,4,4294843753,3,1,173397182,182615672,166926872,191377693,191377693
32768,4,4294937571,3,1,193191564,205372103,189078189,200870880,205372103
32768,4,4294940620,3,1,186990518,198055386,178296861,184510960,198055386
32768,4,4294941568,3,1,195387126,203136338,184927198,191863812,203136338
65536,4,4294795639,3,1,176383593,180509731,171003228,164249789,180509731
65536,4,4294846640,3,1,220202452,208920381,215968721,204409902,220202452
65536,4,4294848323,3,1,182751472,190031947,195005350,178493408,195005350
65536,4,4294904027,3,1,181452819,173253702,187199788,168677852,187199788
65536,4,4294911708,3,1,207258689,203846223,199783337,193908486,207258689
65536,4,4294921247,3,1,183574465,171834593,179466969,194044325,194044325
65536,4,4294922467,3,1,195634336,179491927,189672553,186140280,195634336
65536,4,4294941410,3,1,175842184,168284055,180299082,188434710,188434710
65536,4,4294942882,3,1,199415607,193095564,181838191,188830669,199415607
65536,4,4294964765,3,1,181840185,170596365,176413819,190847289,190847289
131072,4,4294918121,3,1,197251218,203442340,192295841,210922459,210922459
131072,4,4294928431,3,1,196706779,181044387,190194436,192859381,196706779
131072,4,4294931663,3,1,199610778,191258375,199783379,191776163,199783379
131072,4,4294944032,3,1,183856710,163416810,179174720,171377292,183856710
131072,4,4294945637,3,1,196402419,185093997,191390145,182451269,196402419
131072,4,4294952596,3,1,187884248,180879868,174021111,168238364,187884248
131072,4,4294953709,3,1,182770728,191435894,175554612,172251349,191435894
131072,4,4294960802,3,1,183551594,172137903,177419676,189617722,189617722
131072,4,4294960889,3,1,193897643,182720997,196249030,185731899,196249030
131072,4,4294965812,3,1,189170388,198844867,193588261,182686970,198844867
262144,4,4294924248,3,1,194176355,182418750,187939240,200340999,200340999
262144,4,4294926643,3,1,196158065,201847843,191077721,187642873,201847843
262144,4,4294947303,3,1,178421006,182330708,188932133,170501929,188932133
262144,4,4294953790,3,1,198821155,195510833,207128960,211557947,211557947
262144,4,4294955293,3,1,179829100,195353305,191211308,183687884,195353305
262144,4,4294956412,3,1,188252551,173060274,188037438,178572172,188252551
262144,4,4294956725,3,1,211345058,207349209,195344906,202836873,211345058
262144,4,4294963696,3,1,172925683,167734978,180349279,187964537,187964537
262144,4,4294964440,3,1,193982338,183023557,179058540,191907044,193982338
262144,4,4294966308,3,1,192336337,203133610,208460379,184026146,208460379
524288,4,4294951281,3,1,187295107,209409779,203816684,193808253,209409779
524288,4,4294953462,3,1,183409212,192843887,192772741,178427792,192843887
524288,4,4294956759,3,1,198363746,195206122,183508342,189581672,198363746
524288,4,4294956970,3,1,199507648,192947984,187895694,185504927,199507648
524288,4,4294962199,3,1,182843717,189791900,173353292,179368772,189791900
524288,4,4294962391,3,1,182312154,191311994,179374981,171815921,191311994
524288,4,4294964024,3,1,199265042,192337656,187930202,184443447,199265042
524288,4,4294964795,3,1,220560363,215794474,209065807,204428583,220560363
524288,4,4294965659,3,1,182969347,186339174,192016833,175829627,192016833
524288,4,4294965986,3,1,184515248,193519737,188589388,177343358,193519737
1048576,4,4294958497,3,1,194920899,204011101,191237374,183369970,204011101
1048576,4,4294958888,3,1,191556729,187219517,199784092,180702747,199784092
1048576,4,4294959432,3,1,191458120,208116070,205200248,198878007,208116070
1048576,4,4294962917,3,1,220674682,207453415,222781987,214702928,222781987
1048576,4,4294963170,3,1,197430492,192161313,187469121,203885241,203885241
1048576,4,4294963749,3,1,206794842,196057929,192599810,203937400,206794842
1048576,4,4294964754,3,1,213766887,196769283,207557935,203085248,213766887
1048576,4,4294965295,3,1,190619169,175261944,190816803,183785928,190816803
1048576,4,4294967108,3,1,219400100,210422457,203691511,196086973,219400100
1048576,4,4294967176,3,1,204256251,211581996,195432813,201583451,211581996
2097152,4,4294964503,3,1,210579229,223348258,220809409,212763003,223348258
2097152,4,4294965031,3,1,202719648,214836207,206604084,196651360,214836207
2097152,4,4294965620,3,1,203597497,196681081,218247218,211318900,218247218
2097152,4,4294965701,3,1,210934197,194459907,204438262,200153305,210934197
2097152,4,4294965811,3,1,202683787,193303933,187989060,202209865,202683787
2097152,4,4294965925,3,1,204882264,210678619,199416825,194401149,210678619
2097152,4,4294966294,3,1,222738148,215694346,204059528,211870981,222738148
2097152,4,4294966432,3,1,231991756,217561120,213056444,225460998,231991756
2097152,4,4294966451,3,1,207444851,202220825,194367196,189953779,207444851
2097152,4,4294966686,3,1,220263485,198309263,212428473,206653471,220263485
4194304,4,4294963932,3,1,207832677,214443516,226380528,221621984,226380528
4194304,4,4294965047,3,1,233009322,242005205,227746950,237503547,242005205
4194304,4,4294966286,3,1,240176212,245137099,227055852,233880134,245137099
4194304,4,4294966390,3,1,234601102,227334454,217104138,224300711,234601102
4194304,4,4294966630,3,1,243677382,249839416,237771058,236629104,249839416
4194304,4,4294966646,3,1,246437071,229161361,238842025,224751296,246437071
4194304,4,4294966743,3,1,216887548,224193552,212249257,205358170,224193552
4194304,4,4294967116,3,1,242027016,231806622,239096836,227899259,242027016
4194304,4,4294967190,3,1,218460610,210938328,203608281,214146106,218460610
4194304,4,4294967280,3,1,233545301,229374499,217371724,224558592,233545301
8388608,4,4294965977,3,1,247848477,256003788,266785257,274529880,274529880
8388608,4,4294966367,3,1,277618370,283465362,268059344,274456579,283465362
8388608,4,4294966562,3,1,263287571,271674150,277066400,254226742,277066400
8388608,4,4294966591,3,1,268439168,264069818,255276821,253604243,268439168
8388608,4,4294966659,3,1,274718866,288096141,292340070,280927185,292340070
8388608,4,4294966792,3,1,265176473,279798147,283812965,272766398,283812965
8388608,4,4294966859,3,1,260469568,265579507,274146135,279285335,279285335
8388608,4,4294967042,3,1,257895709,286237175,276261638,267808636,286237175
8388608,4,4294967194,3,1,282433614,277038997,271659012,288868861,288868861
8388608,4,4294967213,3,1,267001148,262507838,274609670,256283264,274609670
16777216,4,4294966681,3,1,355151479,346978995,344273392,336780204,355151479
16777216,4,4294966898,3,1,356273765,349363221,363891652,371082787,371082787
16777216,4,4294966930,3,1,352073404,361301706,371383406,346758982,371383406
16777216,4,4294967058,3,1,363878923,382048769,376077869,370382927,382048769
16777216,4,4294967117,3,1,352905044,346778802,341232168,363306188,363306188
16777216,4,4294967200,3,1,360171007,353701172,352527463,368375963,368375963
16777216,4,4294967215,3,1,373716331,358985084,353316095,365468617,373716331
16777216,4,4294967264,3,1,364154298,358947397,372259234,352179172,372259234
16777216,4,4294967279,3,1,362661315,350872561,358104194,344209783,362661315
16777216,4,4294967295,3,1,355933384,362424369,350305869,349458691,362424369
33554432,4,4294966930,3,1,558113840,560355016,555167700,546491707,560355016
33554432,4,4294966941,3,1,547490109,533911013,538408571,527087282,547490109
33554432,4,4294967078,3,1,526439726,506040465,517977703,514411301,526439726
33554432,4,4294967088,3,1,531742796,527357925,520520684,516242849,531742796
33554432,4,4294967152,3,1,510228357,522648374,515978239,527927513,527927513
33554432,4,4294967218,3,1,531044164,538782972,525171367,520441875,538782972
33554432,4,4294967260,3,1,537921065,544908485,557251940,550918215,557251940
33554432,4,4294967270,3,1,543440498,527947186,537559469,520436677,543440498
33554432,4,4294967288,3,1,584046181,589742228,580670747,687715131,687715131
33554432,4,4294967294,3,1,544723445,533487746,537028078,527000480,544723445
67108864,4,4294967159,3,1,879419666,862107200,855145745,870757398,879419666
67108864,4,4294967183,3,1,868555075,865052476,854312611,857888085,868555075
67108864,4,4294967196,3,1,893282253,873199853,878709637,885088785,893282253
67108864,4,4294967213,3,1,905963685,902912585,894760498,893719240,905963685
67108864,4,4294967242,3,1,875162428,880719600,887576238,869691417,887576238
67108864,4,4294967279,3,1,876345123,891916111,887745907,882233545,891916111
67108864,4,4294967283,3,1,875328392,895316501,903452654,889192168,903452654
67108864,4,4294967284,3,1,890686379,885140501,879096974,873448588,890686379
67108864,4,4294967286,3,1,888035517,896421984,901100943,885576503,901100943
67108864,4,4294967294,3,1,859913058,852626738,861782125,871728134,871728134
134217728,4,4294967201,3,1,1559821403,1576883152,1572233552,1565109516,1576883152
134217728,4,4294967227,3,1,1574612130,1554592715,1562447450,1566400484,1574612130
134217728,4,4294967234,3,1,1572688387,1586343109,1569057695,1580625768,1586343109
134217728,4,4294967264,3,1,1576346049,1564805298,1558767866,1570676486,1576346049
134217728,4,4294967274,3,1,1563081234,1551282905,1579067243,1561454517,1579067243
134217728,4,4294967277,3,1,1584275409,1605256338,1591448551,1598821302,1605256338
134217728,4,4294967277,3,1,1602275996,1599301784,1581199794,1589995731,1602275996
134217728,4,4294967284,3,1,1592089135,1616870728,1612131708,1603721098,1616870728
134217728,4,4294967288,3,1,1555403890,1567715696,1560313383,1572557282,1572557282
134217728,4,4294967291,3,1,1601117981,1583112872,1594489881,1589834827,1601117981
268435456,4,4294967239,3,1,2951946596,2961057959,2968410283,2952105020,2968410283
268435456,4,4294967241,3,1,3023753822,3016933813,3012747724,3010214281,3023753822
268435456,4,4294967256,3,1,2963806110,2971676982,2955589903,2950540651,2971676982
268435456,4,4294967260,3,1,2975001169,2964946489,2956477810,2981128330,2981128330
268435456,4,4294967270,3,1,2978197941,2985991309,2971057773,2967283069,2985991309
268435456,4,4294967270,3,1,2995010997,2988944725,2982612159,2977136969,2995010997
268435456,4,4294967274,3,1,3004390610,3011822719,3016928604,3021284605,3021284605
268435456,4,4294967277,3,1,2970612557,2962582912,2966450937,2957042853,2970612557
268435456,4,4294967281,3,1,2988051306,2982456446,2970644307,2976943645,2988051306
268435456,4,4294967292,3,1,2962829231,2970945260,2975157859,2958220464,2975157859
